Copyright 1986-2022 Xilinx, Inc. All Rights Reserved. Copyright 2022-2024 Advanced Micro Devices, Inc. All Rights Reserved.
--------------------------------------------------------------------------------------------------------------------------------------------------
| Tool Version      : Vivado v.2024.1 (lin64) Build 5076996 Wed May 22 18:36:09 MDT 2024
| Date              : Sat Jul 19 16:54:36 2025
| Host              : jam-Precision-5510 running 64-bit Ubuntu 20.04.6 LTS
| Command           : report_timing -max_paths 10 -file ./report/matrixmul_timing_paths_routed.rpt
| Design            : bd_0_wrapper
| Device            : xczu7ev-ffvc1156
| Speed File        : -2  PRODUCTION 1.30 05-15-2022
| Design State      : Routed
| Temperature Grade : E
--------------------------------------------------------------------------------------------------------------------------------------------------

Timing Report

Slack (MET) :             8.887ns  (required time - arrival time)
  Source:                 bd_0_i/hls_inst/inst/mac_muladd_8s_8s_16ns_16_4_1_U1/matrixmul_mac_muladd_8s_8s_16ns_16_4_1_DSP48_0_U/p_reg_reg/DSP_OUTPUT_INST/CLK
                            (rising edge-triggered cell DSP_OUTPUT clocked by ap_clk  {rise@0.000ns fall@5.000ns period=10.000ns})
  Destination:            bd_0_i/hls_inst/inst/mac_muladd_8s_8s_16ns_16_4_1_U1/matrixmul_mac_muladd_8s_8s_16ns_16_4_1_DSP48_0_U/p_reg_reg/DSP_C_DATA_INST/C[1]
                            (rising edge-triggered cell DSP_C_DATA clocked by ap_clk  {rise@0.000ns fall@5.000ns period=10.000ns})
  Path Group:             ap_clk
  Path Type:              Setup (Max at Slow Process Corner)
  Requirement:            10.000ns  (ap_clk rise@10.000ns - ap_clk rise@0.000ns)
  Data Path Delay:        0.841ns  (logic 0.314ns (37.346%)  route 0.527ns (62.654%))
  Logic Levels:           1  (LUT2=1)
  Clock Path Skew:        -0.017ns (DCD - SCD + CPR)
    Destination Clock Delay (DCD):    0.043ns = ( 10.043 - 10.000 ) 
    Source Clock Delay      (SCD):    0.060ns
    Clock Pessimism Removal (CPR):    0.000ns
  Clock Uncertainty:      0.035ns  ((TSJ^2 + TIJ^2)^1/2 + DJ) / 2 + PE
    Total System Jitter     (TSJ):    0.071ns
    Total Input Jitter      (TIJ):    0.000ns
    Discrete Jitter          (DJ):    0.000ns
    Phase Error              (PE):    0.000ns

    Location             Delay type                Incr(ns)  Path(ns)    Netlist Resource(s)
  -------------------------------------------------------------------    -------------------
                         (clock ap_clk rise edge)     0.000     0.000 r  
                                                      0.000     0.000 r  ap_clk (IN)
                         net (fo=50, unset)           0.060     0.060    bd_0_i/hls_inst/inst/mac_muladd_8s_8s_16ns_16_4_1_U1/matrixmul_mac_muladd_8s_8s_16ns_16_4_1_DSP48_0_U/p_reg_reg/CLK
    DSP48E2_X5Y72        DSP_OUTPUT                                   r  bd_0_i/hls_inst/inst/mac_muladd_8s_8s_16ns_16_4_1_U1/matrixmul_mac_muladd_8s_8s_16ns_16_4_1_DSP48_0_U/p_reg_reg/DSP_OUTPUT_INST/CLK
  -------------------------------------------------------------------    -------------------
    DSP48E2_X5Y72        DSP_OUTPUT (Prop_DSP_OUTPUT_DSP48E2_CLK_P[1])
                                                      0.214     0.274 r  bd_0_i/hls_inst/inst/mac_muladd_8s_8s_16ns_16_4_1_U1/matrixmul_mac_muladd_8s_8s_16ns_16_4_1_DSP48_0_U/p_reg_reg/DSP_OUTPUT_INST/P[1]
                         net (fo=2, routed)           0.251     0.525    bd_0_i/hls_inst/inst/mac_muladd_8s_8s_16ns_16_4_1_U1/matrixmul_mac_muladd_8s_8s_16ns_16_4_1_DSP48_0_U/P[1]
    SLICE_X56Y179        LUT2 (Prop_A5LUT_SLICEM_I1_O)
                                                      0.100     0.625 r  bd_0_i/hls_inst/inst/mac_muladd_8s_8s_16ns_16_4_1_U1/matrixmul_mac_muladd_8s_8s_16ns_16_4_1_DSP48_0_U/p_reg_reg_i_15/O
                         net (fo=1, routed)           0.276     0.901    bd_0_i/hls_inst/inst/mac_muladd_8s_8s_16ns_16_4_1_U1/matrixmul_mac_muladd_8s_8s_16ns_16_4_1_DSP48_0_U/p_reg_reg/C[1]
    DSP48E2_X5Y72        DSP_C_DATA                                   r  bd_0_i/hls_inst/inst/mac_muladd_8s_8s_16ns_16_4_1_U1/matrixmul_mac_muladd_8s_8s_16ns_16_4_1_DSP48_0_U/p_reg_reg/DSP_C_DATA_INST/C[1]
  -------------------------------------------------------------------    -------------------

                         (clock ap_clk rise edge)    10.000    10.000 r  
                                                      0.000    10.000 r  ap_clk (IN)
                         net (fo=50, unset)           0.043    10.043    bd_0_i/hls_inst/inst/mac_muladd_8s_8s_16ns_16_4_1_U1/matrixmul_mac_muladd_8s_8s_16ns_16_4_1_DSP48_0_U/p_reg_reg/CLK
    DSP48E2_X5Y72        DSP_C_DATA                                   r  bd_0_i/hls_inst/inst/mac_muladd_8s_8s_16ns_16_4_1_U1/matrixmul_mac_muladd_8s_8s_16ns_16_4_1_DSP48_0_U/p_reg_reg/DSP_C_DATA_INST/CLK
                         clock pessimism              0.000    10.043    
                         clock uncertainty           -0.035    10.008    
    DSP48E2_X5Y72        DSP_C_DATA (Setup_DSP_C_DATA_DSP48E2_CLK_C[1])
                                                     -0.220     9.788    bd_0_i/hls_inst/inst/mac_muladd_8s_8s_16ns_16_4_1_U1/matrixmul_mac_muladd_8s_8s_16ns_16_4_1_DSP48_0_U/p_reg_reg/DSP_C_DATA_INST
  -------------------------------------------------------------------
                         required time                          9.788    
                         arrival time                          -0.901    
  -------------------------------------------------------------------
                         slack                                  8.887    

Slack (MET) :             8.899ns  (required time - arrival time)
  Source:                 bd_0_i/hls_inst/inst/mac_muladd_8s_8s_16ns_16_4_1_U1/matrixmul_mac_muladd_8s_8s_16ns_16_4_1_DSP48_0_U/p_reg_reg/DSP_OUTPUT_INST/CLK
                            (rising edge-triggered cell DSP_OUTPUT clocked by ap_clk  {rise@0.000ns fall@5.000ns period=10.000ns})
  Destination:            bd_0_i/hls_inst/inst/mac_muladd_8s_8s_16ns_16_4_1_U1/matrixmul_mac_muladd_8s_8s_16ns_16_4_1_DSP48_0_U/p_reg_reg/DSP_C_DATA_INST/C[3]
                            (rising edge-triggered cell DSP_C_DATA clocked by ap_clk  {rise@0.000ns fall@5.000ns period=10.000ns})
  Path Group:             ap_clk
  Path Type:              Setup (Max at Slow Process Corner)
  Requirement:            10.000ns  (ap_clk rise@10.000ns - ap_clk rise@0.000ns)
  Data Path Delay:        0.827ns  (logic 0.384ns (46.420%)  route 0.443ns (53.580%))
  Logic Levels:           1  (LUT2=1)
  Clock Path Skew:        -0.017ns (DCD - SCD + CPR)
    Destination Clock Delay (DCD):    0.043ns = ( 10.043 - 10.000 ) 
    Source Clock Delay      (SCD):    0.060ns
    Clock Pessimism Removal (CPR):    0.000ns
  Clock Uncertainty:      0.035ns  ((TSJ^2 + TIJ^2)^1/2 + DJ) / 2 + PE
    Total System Jitter     (TSJ):    0.071ns
    Total Input Jitter      (TIJ):    0.000ns
    Discrete Jitter          (DJ):    0.000ns
    Phase Error              (PE):    0.000ns

    Location             Delay type                Incr(ns)  Path(ns)    Netlist Resource(s)
  -------------------------------------------------------------------    -------------------
                         (clock ap_clk rise edge)     0.000     0.000 r  
                                                      0.000     0.000 r  ap_clk (IN)
                         net (fo=50, unset)           0.060     0.060    bd_0_i/hls_inst/inst/mac_muladd_8s_8s_16ns_16_4_1_U1/matrixmul_mac_muladd_8s_8s_16ns_16_4_1_DSP48_0_U/p_reg_reg/CLK
    DSP48E2_X5Y72        DSP_OUTPUT                                   r  bd_0_i/hls_inst/inst/mac_muladd_8s_8s_16ns_16_4_1_U1/matrixmul_mac_muladd_8s_8s_16ns_16_4_1_DSP48_0_U/p_reg_reg/DSP_OUTPUT_INST/CLK
  -------------------------------------------------------------------    -------------------
    DSP48E2_X5Y72        DSP_OUTPUT (Prop_DSP_OUTPUT_DSP48E2_CLK_P[3])
                                                      0.223     0.283 r  bd_0_i/hls_inst/inst/mac_muladd_8s_8s_16ns_16_4_1_U1/matrixmul_mac_muladd_8s_8s_16ns_16_4_1_DSP48_0_U/p_reg_reg/DSP_OUTPUT_INST/P[3]
                         net (fo=2, routed)           0.174     0.457    bd_0_i/hls_inst/inst/mac_muladd_8s_8s_16ns_16_4_1_U1/matrixmul_mac_muladd_8s_8s_16ns_16_4_1_DSP48_0_U/P[3]
    SLICE_X56Y180        LUT2 (Prop_H5LUT_SLICEM_I1_O)
                                                      0.161     0.618 r  bd_0_i/hls_inst/inst/mac_muladd_8s_8s_16ns_16_4_1_U1/matrixmul_mac_muladd_8s_8s_16ns_16_4_1_DSP48_0_U/p_reg_reg_i_13/O
                         net (fo=1, routed)           0.269     0.887    bd_0_i/hls_inst/inst/mac_muladd_8s_8s_16ns_16_4_1_U1/matrixmul_mac_muladd_8s_8s_16ns_16_4_1_DSP48_0_U/p_reg_reg/C[3]
    DSP48E2_X5Y72        DSP_C_DATA                                   r  bd_0_i/hls_inst/inst/mac_muladd_8s_8s_16ns_16_4_1_U1/matrixmul_mac_muladd_8s_8s_16ns_16_4_1_DSP48_0_U/p_reg_reg/DSP_C_DATA_INST/C[3]
  -------------------------------------------------------------------    -------------------

                         (clock ap_clk rise edge)    10.000    10.000 r  
                                                      0.000    10.000 r  ap_clk (IN)
                         net (fo=50, unset)           0.043    10.043    bd_0_i/hls_inst/inst/mac_muladd_8s_8s_16ns_16_4_1_U1/matrixmul_mac_muladd_8s_8s_16ns_16_4_1_DSP48_0_U/p_reg_reg/CLK
    DSP48E2_X5Y72        DSP_C_DATA                                   r  bd_0_i/hls_inst/inst/mac_muladd_8s_8s_16ns_16_4_1_U1/matrixmul_mac_muladd_8s_8s_16ns_16_4_1_DSP48_0_U/p_reg_reg/DSP_C_DATA_INST/CLK
                         clock pessimism              0.000    10.043    
                         clock uncertainty           -0.035    10.008    
    DSP48E2_X5Y72        DSP_C_DATA (Setup_DSP_C_DATA_DSP48E2_CLK_C[3])
                                                     -0.221     9.787    bd_0_i/hls_inst/inst/mac_muladd_8s_8s_16ns_16_4_1_U1/matrixmul_mac_muladd_8s_8s_16ns_16_4_1_DSP48_0_U/p_reg_reg/DSP_C_DATA_INST
  -------------------------------------------------------------------
                         required time                          9.787    
                         arrival time                          -0.887    
  -------------------------------------------------------------------
                         slack                                  8.899    

Slack (MET) :             8.918ns  (required time - arrival time)
  Source:                 bd_0_i/hls_inst/inst/mac_muladd_8s_8s_16ns_16_4_1_U1/matrixmul_mac_muladd_8s_8s_16ns_16_4_1_DSP48_0_U/p_reg_reg/DSP_OUTPUT_INST/CLK
                            (rising edge-triggered cell DSP_OUTPUT clocked by ap_clk  {rise@0.000ns fall@5.000ns period=10.000ns})
  Destination:            bd_0_i/hls_inst/inst/mac_muladd_8s_8s_16ns_16_4_1_U1/matrixmul_mac_muladd_8s_8s_16ns_16_4_1_DSP48_0_U/p_reg_reg/DSP_C_DATA_INST/C[2]
                            (rising edge-triggered cell DSP_C_DATA clocked by ap_clk  {rise@0.000ns fall@5.000ns period=10.000ns})
  Path Group:             ap_clk
  Path Type:              Setup (Max at Slow Process Corner)
  Requirement:            10.000ns  (ap_clk rise@10.000ns - ap_clk rise@0.000ns)
  Data Path Delay:        0.813ns  (logic 0.308ns (37.884%)  route 0.505ns (62.116%))
  Logic Levels:           1  (LUT2=1)
  Clock Path Skew:        -0.017ns (DCD - SCD + CPR)
    Destination Clock Delay (DCD):    0.043ns = ( 10.043 - 10.000 ) 
    Source Clock Delay      (SCD):    0.060ns
    Clock Pessimism Removal (CPR):    0.000ns
  Clock Uncertainty:      0.035ns  ((TSJ^2 + TIJ^2)^1/2 + DJ) / 2 + PE
    Total System Jitter     (TSJ):    0.071ns
    Total Input Jitter      (TIJ):    0.000ns
    Discrete Jitter          (DJ):    0.000ns
    Phase Error              (PE):    0.000ns

    Location             Delay type                Incr(ns)  Path(ns)    Netlist Resource(s)
  -------------------------------------------------------------------    -------------------
                         (clock ap_clk rise edge)     0.000     0.000 r  
                                                      0.000     0.000 r  ap_clk (IN)
                         net (fo=50, unset)           0.060     0.060    bd_0_i/hls_inst/inst/mac_muladd_8s_8s_16ns_16_4_1_U1/matrixmul_mac_muladd_8s_8s_16ns_16_4_1_DSP48_0_U/p_reg_reg/CLK
    DSP48E2_X5Y72        DSP_OUTPUT                                   r  bd_0_i/hls_inst/inst/mac_muladd_8s_8s_16ns_16_4_1_U1/matrixmul_mac_muladd_8s_8s_16ns_16_4_1_DSP48_0_U/p_reg_reg/DSP_OUTPUT_INST/CLK
  -------------------------------------------------------------------    -------------------
    DSP48E2_X5Y72        DSP_OUTPUT (Prop_DSP_OUTPUT_DSP48E2_CLK_P[2])
                                                      0.218     0.278 r  bd_0_i/hls_inst/inst/mac_muladd_8s_8s_16ns_16_4_1_U1/matrixmul_mac_muladd_8s_8s_16ns_16_4_1_DSP48_0_U/p_reg_reg/DSP_OUTPUT_INST/P[2]
                         net (fo=2, routed)           0.314     0.592    bd_0_i/hls_inst/inst/mac_muladd_8s_8s_16ns_16_4_1_U1/matrixmul_mac_muladd_8s_8s_16ns_16_4_1_DSP48_0_U/P[2]
    SLICE_X56Y180        LUT2 (Prop_G6LUT_SLICEM_I1_O)
                                                      0.090     0.682 r  bd_0_i/hls_inst/inst/mac_muladd_8s_8s_16ns_16_4_1_U1/matrixmul_mac_muladd_8s_8s_16ns_16_4_1_DSP48_0_U/p_reg_reg_i_14/O
                         net (fo=1, routed)           0.191     0.873    bd_0_i/hls_inst/inst/mac_muladd_8s_8s_16ns_16_4_1_U1/matrixmul_mac_muladd_8s_8s_16ns_16_4_1_DSP48_0_U/p_reg_reg/C[2]
    DSP48E2_X5Y72        DSP_C_DATA                                   r  bd_0_i/hls_inst/inst/mac_muladd_8s_8s_16ns_16_4_1_U1/matrixmul_mac_muladd_8s_8s_16ns_16_4_1_DSP48_0_U/p_reg_reg/DSP_C_DATA_INST/C[2]
  -------------------------------------------------------------------    -------------------

                         (clock ap_clk rise edge)    10.000    10.000 r  
                                                      0.000    10.000 r  ap_clk (IN)
                         net (fo=50, unset)           0.043    10.043    bd_0_i/hls_inst/inst/mac_muladd_8s_8s_16ns_16_4_1_U1/matrixmul_mac_muladd_8s_8s_16ns_16_4_1_DSP48_0_U/p_reg_reg/CLK
    DSP48E2_X5Y72        DSP_C_DATA                                   r  bd_0_i/hls_inst/inst/mac_muladd_8s_8s_16ns_16_4_1_U1/matrixmul_mac_muladd_8s_8s_16ns_16_4_1_DSP48_0_U/p_reg_reg/DSP_C_DATA_INST/CLK
                         clock pessimism              0.000    10.043    
                         clock uncertainty           -0.035    10.008    
    DSP48E2_X5Y72        DSP_C_DATA (Setup_DSP_C_DATA_DSP48E2_CLK_C[2])
                                                     -0.217     9.791    bd_0_i/hls_inst/inst/mac_muladd_8s_8s_16ns_16_4_1_U1/matrixmul_mac_muladd_8s_8s_16ns_16_4_1_DSP48_0_U/p_reg_reg/DSP_C_DATA_INST
  -------------------------------------------------------------------
                         required time                          9.791    
                         arrival time                          -0.873    
  -------------------------------------------------------------------
                         slack                                  8.918    

Slack (MET) :             8.921ns  (required time - arrival time)
  Source:                 bd_0_i/hls_inst/inst/mac_muladd_8s_8s_16ns_16_4_1_U1/matrixmul_mac_muladd_8s_8s_16ns_16_4_1_DSP48_0_U/p_reg_reg/DSP_OUTPUT_INST/CLK
                            (rising edge-triggered cell DSP_OUTPUT clocked by ap_clk  {rise@0.000ns fall@5.000ns period=10.000ns})
  Destination:            bd_0_i/hls_inst/inst/mac_muladd_8s_8s_16ns_16_4_1_U1/matrixmul_mac_muladd_8s_8s_16ns_16_4_1_DSP48_0_U/p_reg_reg/DSP_C_DATA_INST/C[6]
                            (rising edge-triggered cell DSP_C_DATA clocked by ap_clk  {rise@0.000ns fall@5.000ns period=10.000ns})
  Path Group:             ap_clk
  Path Type:              Setup (Max at Slow Process Corner)
  Requirement:            10.000ns  (ap_clk rise@10.000ns - ap_clk rise@0.000ns)
  Data Path Delay:        0.810ns  (logic 0.352ns (43.433%)  route 0.458ns (56.567%))
  Logic Levels:           1  (LUT2=1)
  Clock Path Skew:        -0.017ns (DCD - SCD + CPR)
    Destination Clock Delay (DCD):    0.043ns = ( 10.043 - 10.000 ) 
    Source Clock Delay      (SCD):    0.060ns
    Clock Pessimism Removal (CPR):    0.000ns
  Clock Uncertainty:      0.035ns  ((TSJ^2 + TIJ^2)^1/2 + DJ) / 2 + PE
    Total System Jitter     (TSJ):    0.071ns
    Total Input Jitter      (TIJ):    0.000ns
    Discrete Jitter          (DJ):    0.000ns
    Phase Error              (PE):    0.000ns

    Location             Delay type                Incr(ns)  Path(ns)    Netlist Resource(s)
  -------------------------------------------------------------------    -------------------
                         (clock ap_clk rise edge)     0.000     0.000 r  
                                                      0.000     0.000 r  ap_clk (IN)
                         net (fo=50, unset)           0.060     0.060    bd_0_i/hls_inst/inst/mac_muladd_8s_8s_16ns_16_4_1_U1/matrixmul_mac_muladd_8s_8s_16ns_16_4_1_DSP48_0_U/p_reg_reg/CLK
    DSP48E2_X5Y72        DSP_OUTPUT                                   r  bd_0_i/hls_inst/inst/mac_muladd_8s_8s_16ns_16_4_1_U1/matrixmul_mac_muladd_8s_8s_16ns_16_4_1_DSP48_0_U/p_reg_reg/DSP_OUTPUT_INST/CLK
  -------------------------------------------------------------------    -------------------
    DSP48E2_X5Y72        DSP_OUTPUT (Prop_DSP_OUTPUT_DSP48E2_CLK_P[6])
                                                      0.203     0.263 r  bd_0_i/hls_inst/inst/mac_muladd_8s_8s_16ns_16_4_1_U1/matrixmul_mac_muladd_8s_8s_16ns_16_4_1_DSP48_0_U/p_reg_reg/DSP_OUTPUT_INST/P[6]
                         net (fo=2, routed)           0.204     0.467    bd_0_i/hls_inst/inst/mac_muladd_8s_8s_16ns_16_4_1_U1/matrixmul_mac_muladd_8s_8s_16ns_16_4_1_DSP48_0_U/P[6]
    SLICE_X56Y179        LUT2 (Prop_B6LUT_SLICEM_I1_O)
                                                      0.149     0.616 r  bd_0_i/hls_inst/inst/mac_muladd_8s_8s_16ns_16_4_1_U1/matrixmul_mac_muladd_8s_8s_16ns_16_4_1_DSP48_0_U/p_reg_reg_i_10/O
                         net (fo=1, routed)           0.254     0.870    bd_0_i/hls_inst/inst/mac_muladd_8s_8s_16ns_16_4_1_U1/matrixmul_mac_muladd_8s_8s_16ns_16_4_1_DSP48_0_U/p_reg_reg/C[6]
    DSP48E2_X5Y72        DSP_C_DATA                                   r  bd_0_i/hls_inst/inst/mac_muladd_8s_8s_16ns_16_4_1_U1/matrixmul_mac_muladd_8s_8s_16ns_16_4_1_DSP48_0_U/p_reg_reg/DSP_C_DATA_INST/C[6]
  -------------------------------------------------------------------    -------------------

                         (clock ap_clk rise edge)    10.000    10.000 r  
                                                      0.000    10.000 r  ap_clk (IN)
                         net (fo=50, unset)           0.043    10.043    bd_0_i/hls_inst/inst/mac_muladd_8s_8s_16ns_16_4_1_U1/matrixmul_mac_muladd_8s_8s_16ns_16_4_1_DSP48_0_U/p_reg_reg/CLK
    DSP48E2_X5Y72        DSP_C_DATA                                   r  bd_0_i/hls_inst/inst/mac_muladd_8s_8s_16ns_16_4_1_U1/matrixmul_mac_muladd_8s_8s_16ns_16_4_1_DSP48_0_U/p_reg_reg/DSP_C_DATA_INST/CLK
                         clock pessimism              0.000    10.043    
                         clock uncertainty           -0.035    10.008    
    DSP48E2_X5Y72        DSP_C_DATA (Setup_DSP_C_DATA_DSP48E2_CLK_C[6])
                                                     -0.216     9.792    bd_0_i/hls_inst/inst/mac_muladd_8s_8s_16ns_16_4_1_U1/matrixmul_mac_muladd_8s_8s_16ns_16_4_1_DSP48_0_U/p_reg_reg/DSP_C_DATA_INST
  -------------------------------------------------------------------
                         required time                          9.792    
                         arrival time                          -0.870    
  -------------------------------------------------------------------
                         slack                                  8.921    

Slack (MET) :             8.932ns  (required time - arrival time)
  Source:                 bd_0_i/hls_inst/inst/mac_muladd_8s_8s_16ns_16_4_1_U1/matrixmul_mac_muladd_8s_8s_16ns_16_4_1_DSP48_0_U/p_reg_reg/DSP_OUTPUT_INST/CLK
                            (rising edge-triggered cell DSP_OUTPUT clocked by ap_clk  {rise@0.000ns fall@5.000ns period=10.000ns})
  Destination:            bd_0_i/hls_inst/inst/mac_muladd_8s_8s_16ns_16_4_1_U1/matrixmul_mac_muladd_8s_8s_16ns_16_4_1_DSP48_0_U/p_reg_reg/DSP_C_DATA_INST/C[5]
                            (rising edge-triggered cell DSP_C_DATA clocked by ap_clk  {rise@0.000ns fall@5.000ns period=10.000ns})
  Path Group:             ap_clk
  Path Type:              Setup (Max at Slow Process Corner)
  Requirement:            10.000ns  (ap_clk rise@10.000ns - ap_clk rise@0.000ns)
  Data Path Delay:        0.799ns  (logic 0.366ns (45.798%)  route 0.433ns (54.202%))
  Logic Levels:           1  (LUT2=1)
  Clock Path Skew:        -0.017ns (DCD - SCD + CPR)
    Destination Clock Delay (DCD):    0.043ns = ( 10.043 - 10.000 ) 
    Source Clock Delay      (SCD):    0.060ns
    Clock Pessimism Removal (CPR):    0.000ns
  Clock Uncertainty:      0.035ns  ((TSJ^2 + TIJ^2)^1/2 + DJ) / 2 + PE
    Total System Jitter     (TSJ):    0.071ns
    Total Input Jitter      (TIJ):    0.000ns
    Discrete Jitter          (DJ):    0.000ns
    Phase Error              (PE):    0.000ns

    Location             Delay type                Incr(ns)  Path(ns)    Netlist Resource(s)
  -------------------------------------------------------------------    -------------------
                         (clock ap_clk rise edge)     0.000     0.000 r  
                                                      0.000     0.000 r  ap_clk (IN)
                         net (fo=50, unset)           0.060     0.060    bd_0_i/hls_inst/inst/mac_muladd_8s_8s_16ns_16_4_1_U1/matrixmul_mac_muladd_8s_8s_16ns_16_4_1_DSP48_0_U/p_reg_reg/CLK
    DSP48E2_X5Y72        DSP_OUTPUT                                   r  bd_0_i/hls_inst/inst/mac_muladd_8s_8s_16ns_16_4_1_U1/matrixmul_mac_muladd_8s_8s_16ns_16_4_1_DSP48_0_U/p_reg_reg/DSP_OUTPUT_INST/CLK
  -------------------------------------------------------------------    -------------------
    DSP48E2_X5Y72        DSP_OUTPUT (Prop_DSP_OUTPUT_DSP48E2_CLK_P[5])
                                                      0.216     0.276 r  bd_0_i/hls_inst/inst/mac_muladd_8s_8s_16ns_16_4_1_U1/matrixmul_mac_muladd_8s_8s_16ns_16_4_1_DSP48_0_U/p_reg_reg/DSP_OUTPUT_INST/P[5]
                         net (fo=2, routed)           0.213     0.489    bd_0_i/hls_inst/inst/mac_muladd_8s_8s_16ns_16_4_1_U1/matrixmul_mac_muladd_8s_8s_16ns_16_4_1_DSP48_0_U/P[5]
    SLICE_X56Y179        LUT2 (Prop_A6LUT_SLICEM_I1_O)
                                                      0.150     0.639 r  bd_0_i/hls_inst/inst/mac_muladd_8s_8s_16ns_16_4_1_U1/matrixmul_mac_muladd_8s_8s_16ns_16_4_1_DSP48_0_U/p_reg_reg_i_11/O
                         net (fo=1, routed)           0.220     0.859    bd_0_i/hls_inst/inst/mac_muladd_8s_8s_16ns_16_4_1_U1/matrixmul_mac_muladd_8s_8s_16ns_16_4_1_DSP48_0_U/p_reg_reg/C[5]
    DSP48E2_X5Y72        DSP_C_DATA                                   r  bd_0_i/hls_inst/inst/mac_muladd_8s_8s_16ns_16_4_1_U1/matrixmul_mac_muladd_8s_8s_16ns_16_4_1_DSP48_0_U/p_reg_reg/DSP_C_DATA_INST/C[5]
  -------------------------------------------------------------------    -------------------

                         (clock ap_clk rise edge)    10.000    10.000 r  
                                                      0.000    10.000 r  ap_clk (IN)
                         net (fo=50, unset)           0.043    10.043    bd_0_i/hls_inst/inst/mac_muladd_8s_8s_16ns_16_4_1_U1/matrixmul_mac_muladd_8s_8s_16ns_16_4_1_DSP48_0_U/p_reg_reg/CLK
    DSP48E2_X5Y72        DSP_C_DATA                                   r  bd_0_i/hls_inst/inst/mac_muladd_8s_8s_16ns_16_4_1_U1/matrixmul_mac_muladd_8s_8s_16ns_16_4_1_DSP48_0_U/p_reg_reg/DSP_C_DATA_INST/CLK
                         clock pessimism              0.000    10.043    
                         clock uncertainty           -0.035    10.008    
    DSP48E2_X5Y72        DSP_C_DATA (Setup_DSP_C_DATA_DSP48E2_CLK_C[5])
                                                     -0.216     9.792    bd_0_i/hls_inst/inst/mac_muladd_8s_8s_16ns_16_4_1_U1/matrixmul_mac_muladd_8s_8s_16ns_16_4_1_DSP48_0_U/p_reg_reg/DSP_C_DATA_INST
  -------------------------------------------------------------------
                         required time                          9.792    
                         arrival time                          -0.859    
  -------------------------------------------------------------------
                         slack                                  8.932    

Slack (MET) :             8.950ns  (required time - arrival time)
  Source:                 bd_0_i/hls_inst/inst/mac_muladd_8s_8s_16ns_16_4_1_U1/matrixmul_mac_muladd_8s_8s_16ns_16_4_1_DSP48_0_U/p_reg_reg/DSP_OUTPUT_INST/CLK
                            (rising edge-triggered cell DSP_OUTPUT clocked by ap_clk  {rise@0.000ns fall@5.000ns period=10.000ns})
  Destination:            bd_0_i/hls_inst/inst/mac_muladd_8s_8s_16ns_16_4_1_U1/matrixmul_mac_muladd_8s_8s_16ns_16_4_1_DSP48_0_U/p_reg_reg/DSP_C_DATA_INST/C[15]
                            (rising edge-triggered cell DSP_C_DATA clocked by ap_clk  {rise@0.000ns fall@5.000ns period=10.000ns})
  Path Group:             ap_clk
  Path Type:              Setup (Max at Slow Process Corner)
  Requirement:            10.000ns  (ap_clk rise@10.000ns - ap_clk rise@0.000ns)
  Data Path Delay:        0.784ns  (logic 0.281ns (35.841%)  route 0.503ns (64.159%))
  Logic Levels:           1  (LUT2=1)
  Clock Path Skew:        -0.017ns (DCD - SCD + CPR)
    Destination Clock Delay (DCD):    0.043ns = ( 10.043 - 10.000 ) 
    Source Clock Delay      (SCD):    0.060ns
    Clock Pessimism Removal (CPR):    0.000ns
  Clock Uncertainty:      0.035ns  ((TSJ^2 + TIJ^2)^1/2 + DJ) / 2 + PE
    Total System Jitter     (TSJ):    0.071ns
    Total Input Jitter      (TIJ):    0.000ns
    Discrete Jitter          (DJ):    0.000ns
    Phase Error              (PE):    0.000ns

    Location             Delay type                Incr(ns)  Path(ns)    Netlist Resource(s)
  -------------------------------------------------------------------    -------------------
                         (clock ap_clk rise edge)     0.000     0.000 r  
                                                      0.000     0.000 r  ap_clk (IN)
                         net (fo=50, unset)           0.060     0.060    bd_0_i/hls_inst/inst/mac_muladd_8s_8s_16ns_16_4_1_U1/matrixmul_mac_muladd_8s_8s_16ns_16_4_1_DSP48_0_U/p_reg_reg/CLK
    DSP48E2_X5Y72        DSP_OUTPUT                                   r  bd_0_i/hls_inst/inst/mac_muladd_8s_8s_16ns_16_4_1_U1/matrixmul_mac_muladd_8s_8s_16ns_16_4_1_DSP48_0_U/p_reg_reg/DSP_OUTPUT_INST/CLK
  -------------------------------------------------------------------    -------------------
    DSP48E2_X5Y72        DSP_OUTPUT (Prop_DSP_OUTPUT_DSP48E2_CLK_P[15])
                                                      0.193     0.253 r  bd_0_i/hls_inst/inst/mac_muladd_8s_8s_16ns_16_4_1_U1/matrixmul_mac_muladd_8s_8s_16ns_16_4_1_DSP48_0_U/p_reg_reg/DSP_OUTPUT_INST/P[15]
                         net (fo=2, routed)           0.302     0.555    bd_0_i/hls_inst/inst/mac_muladd_8s_8s_16ns_16_4_1_U1/matrixmul_mac_muladd_8s_8s_16ns_16_4_1_DSP48_0_U/P[15]
    SLICE_X56Y179        LUT2 (Prop_C6LUT_SLICEM_I1_O)
                                                      0.088     0.643 r  bd_0_i/hls_inst/inst/mac_muladd_8s_8s_16ns_16_4_1_U1/matrixmul_mac_muladd_8s_8s_16ns_16_4_1_DSP48_0_U/p_reg_reg_i_1/O
                         net (fo=1, routed)           0.201     0.844    bd_0_i/hls_inst/inst/mac_muladd_8s_8s_16ns_16_4_1_U1/matrixmul_mac_muladd_8s_8s_16ns_16_4_1_DSP48_0_U/p_reg_reg/C[15]
    DSP48E2_X5Y72        DSP_C_DATA                                   r  bd_0_i/hls_inst/inst/mac_muladd_8s_8s_16ns_16_4_1_U1/matrixmul_mac_muladd_8s_8s_16ns_16_4_1_DSP48_0_U/p_reg_reg/DSP_C_DATA_INST/C[15]
  -------------------------------------------------------------------    -------------------

                         (clock ap_clk rise edge)    10.000    10.000 r  
                                                      0.000    10.000 r  ap_clk (IN)
                         net (fo=50, unset)           0.043    10.043    bd_0_i/hls_inst/inst/mac_muladd_8s_8s_16ns_16_4_1_U1/matrixmul_mac_muladd_8s_8s_16ns_16_4_1_DSP48_0_U/p_reg_reg/CLK
    DSP48E2_X5Y72        DSP_C_DATA                                   r  bd_0_i/hls_inst/inst/mac_muladd_8s_8s_16ns_16_4_1_U1/matrixmul_mac_muladd_8s_8s_16ns_16_4_1_DSP48_0_U/p_reg_reg/DSP_C_DATA_INST/CLK
                         clock pessimism              0.000    10.043    
                         clock uncertainty           -0.035    10.008    
    DSP48E2_X5Y72        DSP_C_DATA (Setup_DSP_C_DATA_DSP48E2_CLK_C[15])
                                                     -0.214     9.794    bd_0_i/hls_inst/inst/mac_muladd_8s_8s_16ns_16_4_1_U1/matrixmul_mac_muladd_8s_8s_16ns_16_4_1_DSP48_0_U/p_reg_reg/DSP_C_DATA_INST
  -------------------------------------------------------------------
                         required time                          9.794    
                         arrival time                          -0.844    
  -------------------------------------------------------------------
                         slack                                  8.950    

Slack (MET) :             8.951ns  (required time - arrival time)
  Source:                 bd_0_i/hls_inst/inst/mac_muladd_8s_8s_16ns_16_4_1_U1/matrixmul_mac_muladd_8s_8s_16ns_16_4_1_DSP48_0_U/p_reg_reg/DSP_OUTPUT_INST/CLK
                            (rising edge-triggered cell DSP_OUTPUT clocked by ap_clk  {rise@0.000ns fall@5.000ns period=10.000ns})
  Destination:            bd_0_i/hls_inst/inst/mac_muladd_8s_8s_16ns_16_4_1_U1/matrixmul_mac_muladd_8s_8s_16ns_16_4_1_DSP48_0_U/p_reg_reg/DSP_C_DATA_INST/C[10]
                            (rising edge-triggered cell DSP_C_DATA clocked by ap_clk  {rise@0.000ns fall@5.000ns period=10.000ns})
  Path Group:             ap_clk
  Path Type:              Setup (Max at Slow Process Corner)
  Requirement:            10.000ns  (ap_clk rise@10.000ns - ap_clk rise@0.000ns)
  Data Path Delay:        0.784ns  (logic 0.281ns (35.842%)  route 0.503ns (64.158%))
  Logic Levels:           1  (LUT2=1)
  Clock Path Skew:        -0.017ns (DCD - SCD + CPR)
    Destination Clock Delay (DCD):    0.043ns = ( 10.043 - 10.000 ) 
    Source Clock Delay      (SCD):    0.060ns
    Clock Pessimism Removal (CPR):    0.000ns
  Clock Uncertainty:      0.035ns  ((TSJ^2 + TIJ^2)^1/2 + DJ) / 2 + PE
    Total System Jitter     (TSJ):    0.071ns
    Total Input Jitter      (TIJ):    0.000ns
    Discrete Jitter          (DJ):    0.000ns
    Phase Error              (PE):    0.000ns

    Location             Delay type                Incr(ns)  Path(ns)    Netlist Resource(s)
  -------------------------------------------------------------------    -------------------
                         (clock ap_clk rise edge)     0.000     0.000 r  
                                                      0.000     0.000 r  ap_clk (IN)
                         net (fo=50, unset)           0.060     0.060    bd_0_i/hls_inst/inst/mac_muladd_8s_8s_16ns_16_4_1_U1/matrixmul_mac_muladd_8s_8s_16ns_16_4_1_DSP48_0_U/p_reg_reg/CLK
    DSP48E2_X5Y72        DSP_OUTPUT                                   r  bd_0_i/hls_inst/inst/mac_muladd_8s_8s_16ns_16_4_1_U1/matrixmul_mac_muladd_8s_8s_16ns_16_4_1_DSP48_0_U/p_reg_reg/DSP_OUTPUT_INST/CLK
  -------------------------------------------------------------------    -------------------
    DSP48E2_X5Y72        DSP_OUTPUT (Prop_DSP_OUTPUT_DSP48E2_CLK_P[10])
                                                      0.193     0.253 r  bd_0_i/hls_inst/inst/mac_muladd_8s_8s_16ns_16_4_1_U1/matrixmul_mac_muladd_8s_8s_16ns_16_4_1_DSP48_0_U/p_reg_reg/DSP_OUTPUT_INST/P[10]
                         net (fo=2, routed)           0.302     0.555    bd_0_i/hls_inst/inst/mac_muladd_8s_8s_16ns_16_4_1_U1/matrixmul_mac_muladd_8s_8s_16ns_16_4_1_DSP48_0_U/P[10]
    SLICE_X55Y180        LUT2 (Prop_C6LUT_SLICEL_I1_O)
                                                      0.088     0.643 r  bd_0_i/hls_inst/inst/mac_muladd_8s_8s_16ns_16_4_1_U1/matrixmul_mac_muladd_8s_8s_16ns_16_4_1_DSP48_0_U/p_reg_reg_i_6/O
                         net (fo=1, routed)           0.201     0.844    bd_0_i/hls_inst/inst/mac_muladd_8s_8s_16ns_16_4_1_U1/matrixmul_mac_muladd_8s_8s_16ns_16_4_1_DSP48_0_U/p_reg_reg/C[10]
    DSP48E2_X5Y72        DSP_C_DATA                                   r  bd_0_i/hls_inst/inst/mac_muladd_8s_8s_16ns_16_4_1_U1/matrixmul_mac_muladd_8s_8s_16ns_16_4_1_DSP48_0_U/p_reg_reg/DSP_C_DATA_INST/C[10]
  -------------------------------------------------------------------    -------------------

                         (clock ap_clk rise edge)    10.000    10.000 r  
                                                      0.000    10.000 r  ap_clk (IN)
                         net (fo=50, unset)           0.043    10.043    bd_0_i/hls_inst/inst/mac_muladd_8s_8s_16ns_16_4_1_U1/matrixmul_mac_muladd_8s_8s_16ns_16_4_1_DSP48_0_U/p_reg_reg/CLK
    DSP48E2_X5Y72        DSP_C_DATA                                   r  bd_0_i/hls_inst/inst/mac_muladd_8s_8s_16ns_16_4_1_U1/matrixmul_mac_muladd_8s_8s_16ns_16_4_1_DSP48_0_U/p_reg_reg/DSP_C_DATA_INST/CLK
                         clock pessimism              0.000    10.043    
                         clock uncertainty           -0.035    10.008    
    DSP48E2_X5Y72        DSP_C_DATA (Setup_DSP_C_DATA_DSP48E2_CLK_C[10])
                                                     -0.213     9.795    bd_0_i/hls_inst/inst/mac_muladd_8s_8s_16ns_16_4_1_U1/matrixmul_mac_muladd_8s_8s_16ns_16_4_1_DSP48_0_U/p_reg_reg/DSP_C_DATA_INST
  -------------------------------------------------------------------
                         required time                          9.795    
                         arrival time                          -0.844    
  -------------------------------------------------------------------
                         slack                                  8.951    

Slack (MET) :             8.967ns  (required time - arrival time)
  Source:                 bd_0_i/hls_inst/inst/mac_muladd_8s_8s_16ns_16_4_1_U1/matrixmul_mac_muladd_8s_8s_16ns_16_4_1_DSP48_0_U/p_reg_reg/DSP_OUTPUT_INST/CLK
                            (rising edge-triggered cell DSP_OUTPUT clocked by ap_clk  {rise@0.000ns fall@5.000ns period=10.000ns})
  Destination:            bd_0_i/hls_inst/inst/mac_muladd_8s_8s_16ns_16_4_1_U1/matrixmul_mac_muladd_8s_8s_16ns_16_4_1_DSP48_0_U/p_reg_reg/DSP_C_DATA_INST/C[12]
                            (rising edge-triggered cell DSP_C_DATA clocked by ap_clk  {rise@0.000ns fall@5.000ns period=10.000ns})
  Path Group:             ap_clk
  Path Type:              Setup (Max at Slow Process Corner)
  Requirement:            10.000ns  (ap_clk rise@10.000ns - ap_clk rise@0.000ns)
  Data Path Delay:        0.751ns  (logic 0.319ns (42.464%)  route 0.432ns (57.536%))
  Logic Levels:           1  (LUT2=1)
  Clock Path Skew:        -0.017ns (DCD - SCD + CPR)
    Destination Clock Delay (DCD):    0.043ns = ( 10.043 - 10.000 ) 
    Source Clock Delay      (SCD):    0.060ns
    Clock Pessimism Removal (CPR):    0.000ns
  Clock Uncertainty:      0.035ns  ((TSJ^2 + TIJ^2)^1/2 + DJ) / 2 + PE
    Total System Jitter     (TSJ):    0.071ns
    Total Input Jitter      (TIJ):    0.000ns
    Discrete Jitter          (DJ):    0.000ns
    Phase Error              (PE):    0.000ns

    Location             Delay type                Incr(ns)  Path(ns)    Netlist Resource(s)
  -------------------------------------------------------------------    -------------------
                         (clock ap_clk rise edge)     0.000     0.000 r  
                                                      0.000     0.000 r  ap_clk (IN)
                         net (fo=50, unset)           0.060     0.060    bd_0_i/hls_inst/inst/mac_muladd_8s_8s_16ns_16_4_1_U1/matrixmul_mac_muladd_8s_8s_16ns_16_4_1_DSP48_0_U/p_reg_reg/CLK
    DSP48E2_X5Y72        DSP_OUTPUT                                   r  bd_0_i/hls_inst/inst/mac_muladd_8s_8s_16ns_16_4_1_U1/matrixmul_mac_muladd_8s_8s_16ns_16_4_1_DSP48_0_U/p_reg_reg/DSP_OUTPUT_INST/CLK
  -------------------------------------------------------------------    -------------------
    DSP48E2_X5Y72        DSP_OUTPUT (Prop_DSP_OUTPUT_DSP48E2_CLK_P[12])
                                                      0.207     0.267 r  bd_0_i/hls_inst/inst/mac_muladd_8s_8s_16ns_16_4_1_U1/matrixmul_mac_muladd_8s_8s_16ns_16_4_1_DSP48_0_U/p_reg_reg/DSP_OUTPUT_INST/P[12]
                         net (fo=2, routed)           0.200     0.467    bd_0_i/hls_inst/inst/mac_muladd_8s_8s_16ns_16_4_1_U1/matrixmul_mac_muladd_8s_8s_16ns_16_4_1_DSP48_0_U/P[12]
    SLICE_X56Y180        LUT2 (Prop_G5LUT_SLICEM_I1_O)
                                                      0.112     0.579 r  bd_0_i/hls_inst/inst/mac_muladd_8s_8s_16ns_16_4_1_U1/matrixmul_mac_muladd_8s_8s_16ns_16_4_1_DSP48_0_U/p_reg_reg_i_4/O
                         net (fo=1, routed)           0.232     0.811    bd_0_i/hls_inst/inst/mac_muladd_8s_8s_16ns_16_4_1_U1/matrixmul_mac_muladd_8s_8s_16ns_16_4_1_DSP48_0_U/p_reg_reg/C[12]
    DSP48E2_X5Y72        DSP_C_DATA                                   r  bd_0_i/hls_inst/inst/mac_muladd_8s_8s_16ns_16_4_1_U1/matrixmul_mac_muladd_8s_8s_16ns_16_4_1_DSP48_0_U/p_reg_reg/DSP_C_DATA_INST/C[12]
  -------------------------------------------------------------------    -------------------

                         (clock ap_clk rise edge)    10.000    10.000 r  
                                                      0.000    10.000 r  ap_clk (IN)
                         net (fo=50, unset)           0.043    10.043    bd_0_i/hls_inst/inst/mac_muladd_8s_8s_16ns_16_4_1_U1/matrixmul_mac_muladd_8s_8s_16ns_16_4_1_DSP48_0_U/p_reg_reg/CLK
    DSP48E2_X5Y72        DSP_C_DATA                                   r  bd_0_i/hls_inst/inst/mac_muladd_8s_8s_16ns_16_4_1_U1/matrixmul_mac_muladd_8s_8s_16ns_16_4_1_DSP48_0_U/p_reg_reg/DSP_C_DATA_INST/CLK
                         clock pessimism              0.000    10.043    
                         clock uncertainty           -0.035    10.008    
    DSP48E2_X5Y72        DSP_C_DATA (Setup_DSP_C_DATA_DSP48E2_CLK_C[12])
                                                     -0.229     9.779    bd_0_i/hls_inst/inst/mac_muladd_8s_8s_16ns_16_4_1_U1/matrixmul_mac_muladd_8s_8s_16ns_16_4_1_DSP48_0_U/p_reg_reg/DSP_C_DATA_INST
  -------------------------------------------------------------------
                         required time                          9.779    
                         arrival time                          -0.811    
  -------------------------------------------------------------------
                         slack                                  8.967    

Slack (MET) :             8.982ns  (required time - arrival time)
  Source:                 bd_0_i/hls_inst/inst/mac_muladd_8s_8s_16ns_16_4_1_U1/matrixmul_mac_muladd_8s_8s_16ns_16_4_1_DSP48_0_U/p_reg_reg/DSP_OUTPUT_INST/CLK
                            (rising edge-triggered cell DSP_OUTPUT clocked by ap_clk  {rise@0.000ns fall@5.000ns period=10.000ns})
  Destination:            bd_0_i/hls_inst/inst/mac_muladd_8s_8s_16ns_16_4_1_U1/matrixmul_mac_muladd_8s_8s_16ns_16_4_1_DSP48_0_U/p_reg_reg/DSP_C_DATA_INST/C[14]
                            (rising edge-triggered cell DSP_C_DATA clocked by ap_clk  {rise@0.000ns fall@5.000ns period=10.000ns})
  Path Group:             ap_clk
  Path Type:              Setup (Max at Slow Process Corner)
  Requirement:            10.000ns  (ap_clk rise@10.000ns - ap_clk rise@0.000ns)
  Data Path Delay:        0.746ns  (logic 0.268ns (35.944%)  route 0.478ns (64.056%))
  Logic Levels:           1  (LUT2=1)
  Clock Path Skew:        -0.017ns (DCD - SCD + CPR)
    Destination Clock Delay (DCD):    0.043ns = ( 10.043 - 10.000 ) 
    Source Clock Delay      (SCD):    0.060ns
    Clock Pessimism Removal (CPR):    0.000ns
  Clock Uncertainty:      0.035ns  ((TSJ^2 + TIJ^2)^1/2 + DJ) / 2 + PE
    Total System Jitter     (TSJ):    0.071ns
    Total Input Jitter      (TIJ):    0.000ns
    Discrete Jitter          (DJ):    0.000ns
    Phase Error              (PE):    0.000ns

    Location             Delay type                Incr(ns)  Path(ns)    Netlist Resource(s)
  -------------------------------------------------------------------    -------------------
                         (clock ap_clk rise edge)     0.000     0.000 r  
                                                      0.000     0.000 r  ap_clk (IN)
                         net (fo=50, unset)           0.060     0.060    bd_0_i/hls_inst/inst/mac_muladd_8s_8s_16ns_16_4_1_U1/matrixmul_mac_muladd_8s_8s_16ns_16_4_1_DSP48_0_U/p_reg_reg/CLK
    DSP48E2_X5Y72        DSP_OUTPUT                                   r  bd_0_i/hls_inst/inst/mac_muladd_8s_8s_16ns_16_4_1_U1/matrixmul_mac_muladd_8s_8s_16ns_16_4_1_DSP48_0_U/p_reg_reg/DSP_OUTPUT_INST/CLK
  -------------------------------------------------------------------    -------------------
    DSP48E2_X5Y72        DSP_OUTPUT (Prop_DSP_OUTPUT_DSP48E2_CLK_P[14])
                                                      0.196     0.256 r  bd_0_i/hls_inst/inst/mac_muladd_8s_8s_16ns_16_4_1_U1/matrixmul_mac_muladd_8s_8s_16ns_16_4_1_DSP48_0_U/p_reg_reg/DSP_OUTPUT_INST/P[14]
                         net (fo=2, routed)           0.290     0.546    bd_0_i/hls_inst/inst/mac_muladd_8s_8s_16ns_16_4_1_U1/matrixmul_mac_muladd_8s_8s_16ns_16_4_1_DSP48_0_U/P[14]
    SLICE_X56Y179        LUT2 (Prop_B5LUT_SLICEM_I1_O)
                                                      0.072     0.618 r  bd_0_i/hls_inst/inst/mac_muladd_8s_8s_16ns_16_4_1_U1/matrixmul_mac_muladd_8s_8s_16ns_16_4_1_DSP48_0_U/p_reg_reg_i_2/O
                         net (fo=1, routed)           0.188     0.806    bd_0_i/hls_inst/inst/mac_muladd_8s_8s_16ns_16_4_1_U1/matrixmul_mac_muladd_8s_8s_16ns_16_4_1_DSP48_0_U/p_reg_reg/C[14]
    DSP48E2_X5Y72        DSP_C_DATA                                   r  bd_0_i/hls_inst/inst/mac_muladd_8s_8s_16ns_16_4_1_U1/matrixmul_mac_muladd_8s_8s_16ns_16_4_1_DSP48_0_U/p_reg_reg/DSP_C_DATA_INST/C[14]
  -------------------------------------------------------------------    -------------------

                         (clock ap_clk rise edge)    10.000    10.000 r  
                                                      0.000    10.000 r  ap_clk (IN)
                         net (fo=50, unset)           0.043    10.043    bd_0_i/hls_inst/inst/mac_muladd_8s_8s_16ns_16_4_1_U1/matrixmul_mac_muladd_8s_8s_16ns_16_4_1_DSP48_0_U/p_reg_reg/CLK
    DSP48E2_X5Y72        DSP_C_DATA                                   r  bd_0_i/hls_inst/inst/mac_muladd_8s_8s_16ns_16_4_1_U1/matrixmul_mac_muladd_8s_8s_16ns_16_4_1_DSP48_0_U/p_reg_reg/DSP_C_DATA_INST/CLK
                         clock pessimism              0.000    10.043    
                         clock uncertainty           -0.035    10.008    
    DSP48E2_X5Y72        DSP_C_DATA (Setup_DSP_C_DATA_DSP48E2_CLK_C[14])
                                                     -0.220     9.788    bd_0_i/hls_inst/inst/mac_muladd_8s_8s_16ns_16_4_1_U1/matrixmul_mac_muladd_8s_8s_16ns_16_4_1_DSP48_0_U/p_reg_reg/DSP_C_DATA_INST
  -------------------------------------------------------------------
                         required time                          9.788    
                         arrival time                          -0.806    
  -------------------------------------------------------------------
                         slack                                  8.982    

Slack (MET) :             8.987ns  (required time - arrival time)
  Source:                 bd_0_i/hls_inst/inst/mac_muladd_8s_8s_16ns_16_4_1_U1/matrixmul_mac_muladd_8s_8s_16ns_16_4_1_DSP48_0_U/p_reg_reg/DSP_OUTPUT_INST/CLK
                            (rising edge-triggered cell DSP_OUTPUT clocked by ap_clk  {rise@0.000ns fall@5.000ns period=10.000ns})
  Destination:            bd_0_i/hls_inst/inst/mac_muladd_8s_8s_16ns_16_4_1_U1/matrixmul_mac_muladd_8s_8s_16ns_16_4_1_DSP48_0_U/p_reg_reg/DSP_C_DATA_INST/C[7]
                            (rising edge-triggered cell DSP_C_DATA clocked by ap_clk  {rise@0.000ns fall@5.000ns period=10.000ns})
  Path Group:             ap_clk
  Path Type:              Setup (Max at Slow Process Corner)
  Requirement:            10.000ns  (ap_clk rise@10.000ns - ap_clk rise@0.000ns)
  Data Path Delay:        0.746ns  (logic 0.304ns (40.738%)  route 0.442ns (59.262%))
  Logic Levels:           1  (LUT2=1)
  Clock Path Skew:        -0.017ns (DCD - SCD + CPR)
    Destination Clock Delay (DCD):    0.043ns = ( 10.043 - 10.000 ) 
    Source Clock Delay      (SCD):    0.060ns
    Clock Pessimism Removal (CPR):    0.000ns
  Clock Uncertainty:      0.035ns  ((TSJ^2 + TIJ^2)^1/2 + DJ) / 2 + PE
    Total System Jitter     (TSJ):    0.071ns
    Total Input Jitter      (TIJ):    0.000ns
    Discrete Jitter          (DJ):    0.000ns
    Phase Error              (PE):    0.000ns

    Location             Delay type                Incr(ns)  Path(ns)    Netlist Resource(s)
  -------------------------------------------------------------------    -------------------
                         (clock ap_clk rise edge)     0.000     0.000 r  
                                                      0.000     0.000 r  ap_clk (IN)
                         net (fo=50, unset)           0.060     0.060    bd_0_i/hls_inst/inst/mac_muladd_8s_8s_16ns_16_4_1_U1/matrixmul_mac_muladd_8s_8s_16ns_16_4_1_DSP48_0_U/p_reg_reg/CLK
    DSP48E2_X5Y72        DSP_OUTPUT                                   r  bd_0_i/hls_inst/inst/mac_muladd_8s_8s_16ns_16_4_1_U1/matrixmul_mac_muladd_8s_8s_16ns_16_4_1_DSP48_0_U/p_reg_reg/DSP_OUTPUT_INST/CLK
  -------------------------------------------------------------------    -------------------
    DSP48E2_X5Y72        DSP_OUTPUT (Prop_DSP_OUTPUT_DSP48E2_CLK_P[7])
                                                      0.199     0.259 r  bd_0_i/hls_inst/inst/mac_muladd_8s_8s_16ns_16_4_1_U1/matrixmul_mac_muladd_8s_8s_16ns_16_4_1_DSP48_0_U/p_reg_reg/DSP_OUTPUT_INST/P[7]
                         net (fo=2, routed)           0.149     0.408    bd_0_i/hls_inst/inst/mac_muladd_8s_8s_16ns_16_4_1_U1/matrixmul_mac_muladd_8s_8s_16ns_16_4_1_DSP48_0_U/P[7]
    SLICE_X56Y180        LUT2 (Prop_F5LUT_SLICEM_I1_O)
                                                      0.105     0.513 r  bd_0_i/hls_inst/inst/mac_muladd_8s_8s_16ns_16_4_1_U1/matrixmul_mac_muladd_8s_8s_16ns_16_4_1_DSP48_0_U/p_reg_reg_i_9/O
                         net (fo=1, routed)           0.293     0.806    bd_0_i/hls_inst/inst/mac_muladd_8s_8s_16ns_16_4_1_U1/matrixmul_mac_muladd_8s_8s_16ns_16_4_1_DSP48_0_U/p_reg_reg/C[7]
    DSP48E2_X5Y72        DSP_C_DATA                                   r  bd_0_i/hls_inst/inst/mac_muladd_8s_8s_16ns_16_4_1_U1/matrixmul_mac_muladd_8s_8s_16ns_16_4_1_DSP48_0_U/p_reg_reg/DSP_C_DATA_INST/C[7]
  -------------------------------------------------------------------    -------------------

                         (clock ap_clk rise edge)    10.000    10.000 r  
                                                      0.000    10.000 r  ap_clk (IN)
                         net (fo=50, unset)           0.043    10.043    bd_0_i/hls_inst/inst/mac_muladd_8s_8s_16ns_16_4_1_U1/matrixmul_mac_muladd_8s_8s_16ns_16_4_1_DSP48_0_U/p_reg_reg/CLK
    DSP48E2_X5Y72        DSP_C_DATA                                   r  bd_0_i/hls_inst/inst/mac_muladd_8s_8s_16ns_16_4_1_U1/matrixmul_mac_muladd_8s_8s_16ns_16_4_1_DSP48_0_U/p_reg_reg/DSP_C_DATA_INST/CLK
                         clock pessimism              0.000    10.043    
                         clock uncertainty           -0.035    10.008    
    DSP48E2_X5Y72        DSP_C_DATA (Setup_DSP_C_DATA_DSP48E2_CLK_C[7])
                                                     -0.214     9.794    bd_0_i/hls_inst/inst/mac_muladd_8s_8s_16ns_16_4_1_U1/matrixmul_mac_muladd_8s_8s_16ns_16_4_1_DSP48_0_U/p_reg_reg/DSP_C_DATA_INST
  -------------------------------------------------------------------
                         required time                          9.794    
                         arrival time                          -0.806    
  -------------------------------------------------------------------
                         slack                                  8.987    




