Sat Jul 19 17:29:01 2025: Running xcd server. This server was built by gradle.
Sat Jul 19 17:29:01 2025: Server was asked to start on port: '43007'
Sat Jul 19 17:29:01 2025: Server is using token UUID: '5357915d-9801-4f77-870c-ac9be0a82324'
Sat Jul 19 17:29:01 2025: SESSION_MGR: creating session with session uuid: '6d04a3e9-ade5-4ab9-8d63-1f78fcd2ec76' and name 'default'
Sat Jul 19 17:29:01 2025: Attempting to start server on port '43007'
Sat Jul 19 17:29:01 2025: XCD main fifo: created main fifo '/tmp/xcdmain5357915d-9801-4f77-870c-ac9be0a82324', fd read = 13
Sat Jul 19 17:29:01 2025: Running Dispatch Server
Sat Jul 19 17:29:01 2025: Version 2.2.0
Sat Jul 19 17:29:02 2025: Dispatch Server: Accepted socket connection from client
Sat Jul 19 17:29:02 2025: Starting Socket connection
Sat Jul 19 17:29:02 2025: EXCHANGE_TOKEN received, server token: 5357915d-9801-4f77-870c-ac9be0a82324, passed token: 5357915d-9801-4f77-870c-ac9be0a82324
Sat Jul 19 17:29:02 2025: DISPATCH_HANDLER: Adding handler from function makeHandler in library libxv_system_diagram
Sat Jul 19 17:29:02 2025: SESSION_MGR: creating session with session uuid: 'a0345db3-7baf-43b8-a524-6fff6834b610' and name 'v++_compile_MM_ArrayPartition'
Sat Jul 19 17:29:02 2025: KERNEL_SVC: creating session with uuid: 'a0345db3-7baf-43b8-a524-6fff6834b610' and name 'v++_compile_MM_ArrayPartition'
Sat Jul 19 17:29:02 2025: GUIDANCE_SMGR: creating guidance session with uuid: 'a0345db3-7baf-43b8-a524-6fff6834b610' and name 'v++_compile_MM_ArrayPartition'
Sat Jul 19 17:29:02 2025: SYSTEM_DIAGRAM: creating session with uuid: 'a0345db3-7baf-43b8-a524-6fff6834b610' and name 'v++_compile_MM_ArrayPartition'
Sat Jul 19 17:29:08 2025: Dispatch Server: Accepted socket connection from client
Sat Jul 19 17:29:08 2025: Starting Socket connection
Sat Jul 19 17:29:19 2025: SESSION_MGR: closing session for UUID 'a0345db3-7baf-43b8-a524-6fff6834b610' with name 'v++_compile_MM_ArrayPartition'
Sat Jul 19 17:29:19 2025: KERNEL_SVC: closing session for UUID 'a0345db3-7baf-43b8-a524-6fff6834b610' with name 'v++_compile_MM_ArrayPartition'
Sat Jul 19 17:29:19 2025: GUIDANCE_SMGR: closing session for UUID 'a0345db3-7baf-43b8-a524-6fff6834b610' with name 'v++_compile_MM_ArrayPartition'
Sat Jul 19 17:29:19 2025: SYSTEM_DIAGRAM: closing session for UUID 'a0345db3-7baf-43b8-a524-6fff6834b610' with name 'v++_compile_MM_ArrayPartition'
Sat Jul 19 17:29:19 2025: STOP_SERVER received, server token: 5357915d-9801-4f77-870c-ac9be0a82324, passed token: 5357915d-9801-4f77-870c-ac9be0a82324
Sat Jul 19 17:29:19 2025: Socket received request to stop server.
Sat Jul 19 17:29:19 2025: Dispatch Server: do_await_stop
Sat Jul 19 17:29:19 2025: Dispatch Server: stopping mainFifo_
Sat Jul 19 17:29:19 2025: XCD main fifo: Stopping
Sat Jul 19 17:29:19 2025: XCD main fifo: do_read error code: Operation canceled
Sat Jul 19 17:29:19 2025: XCD main fifo: bytes_transferred: 0
Sat Jul 19 17:29:19 2025: SERVER: destructor for server bound to port 43007
Sat Jul 19 17:29:19 2025: XCD main fifo: Good unlink of /tmp/xcdmain5357915d-9801-4f77-870c-ac9be0a82324
Sat Jul 19 17:29:19 2025: Server exiting with status 0.
Sat Jul 19 17:29:19 2025: Closing log file.
Sat Jul 19 17:32:04 2025: Running xcd server. This server was built by gradle.
Sat Jul 19 17:32:04 2025: Server was asked to start on port: '43569'
Sat Jul 19 17:32:04 2025: Server is using token UUID: 'c6465aca-22dc-42f4-a0a7-865c10b7d061'
Sat Jul 19 17:32:04 2025: SESSION_MGR: creating session with session uuid: '6d04a3e9-ade5-4ab9-8d63-1f78fcd2ec76' and name 'default'
Sat Jul 19 17:32:04 2025: Attempting to start server on port '43569'
Sat Jul 19 17:32:04 2025: XCD main fifo: created main fifo '/tmp/xcdmainc6465aca-22dc-42f4-a0a7-865c10b7d061', fd read = 13
Sat Jul 19 17:32:04 2025: Running Dispatch Server
Sat Jul 19 17:32:04 2025: Version 2.2.0
Sat Jul 19 17:32:05 2025: Dispatch Server: Accepted socket connection from client
Sat Jul 19 17:32:05 2025: Starting Socket connection
Sat Jul 19 17:32:05 2025: EXCHANGE_TOKEN received, server token: c6465aca-22dc-42f4-a0a7-865c10b7d061, passed token: c6465aca-22dc-42f4-a0a7-865c10b7d061
Sat Jul 19 17:32:05 2025: DISPATCH_HANDLER: Adding handler from function makeHandler in library libxv_system_diagram
Sat Jul 19 17:32:05 2025: SESSION_MGR: creating session with session uuid: 'e2a5ae75-00cc-4e3c-893e-e2b49c655e38' and name 'v++_compile_MM_ArrayPartition'
Sat Jul 19 17:32:05 2025: KERNEL_SVC: creating session with uuid: 'e2a5ae75-00cc-4e3c-893e-e2b49c655e38' and name 'v++_compile_MM_ArrayPartition'
Sat Jul 19 17:32:05 2025: GUIDANCE_SMGR: creating guidance session with uuid: 'e2a5ae75-00cc-4e3c-893e-e2b49c655e38' and name 'v++_compile_MM_ArrayPartition'
Sat Jul 19 17:32:05 2025: SYSTEM_DIAGRAM: creating session with uuid: 'e2a5ae75-00cc-4e3c-893e-e2b49c655e38' and name 'v++_compile_MM_ArrayPartition'
Sat Jul 19 17:32:11 2025: Dispatch Server: Accepted socket connection from client
Sat Jul 19 17:32:11 2025: Starting Socket connection
Sat Jul 19 17:32:22 2025: SESSION_MGR: closing session for UUID 'e2a5ae75-00cc-4e3c-893e-e2b49c655e38' with name 'v++_compile_MM_ArrayPartition'
Sat Jul 19 17:32:22 2025: KERNEL_SVC: closing session for UUID 'e2a5ae75-00cc-4e3c-893e-e2b49c655e38' with name 'v++_compile_MM_ArrayPartition'
Sat Jul 19 17:32:22 2025: GUIDANCE_SMGR: closing session for UUID 'e2a5ae75-00cc-4e3c-893e-e2b49c655e38' with name 'v++_compile_MM_ArrayPartition'
Sat Jul 19 17:32:22 2025: SYSTEM_DIAGRAM: closing session for UUID 'e2a5ae75-00cc-4e3c-893e-e2b49c655e38' with name 'v++_compile_MM_ArrayPartition'
Sat Jul 19 17:32:22 2025: STOP_SERVER received, server token: c6465aca-22dc-42f4-a0a7-865c10b7d061, passed token: c6465aca-22dc-42f4-a0a7-865c10b7d061
Sat Jul 19 17:32:22 2025: Socket received request to stop server.
Sat Jul 19 17:32:22 2025: Dispatch Server: do_await_stop
Sat Jul 19 17:32:22 2025: Dispatch Server: stopping mainFifo_
Sat Jul 19 17:32:22 2025: XCD main fifo: Stopping
Sat Jul 19 17:32:22 2025: XCD main fifo: do_read error code: Operation canceled
Sat Jul 19 17:32:22 2025: XCD main fifo: bytes_transferred: 0
Sat Jul 19 17:32:22 2025: SERVER: destructor for server bound to port 43569
Sat Jul 19 17:32:22 2025: XCD main fifo: Good unlink of /tmp/xcdmainc6465aca-22dc-42f4-a0a7-865c10b7d061
Sat Jul 19 17:32:22 2025: Server exiting with status 0.
Sat Jul 19 17:32:22 2025: Closing log file.
