/home/jam/Downloads/HLS_Erosion_dilation/vitis_workspace/MM_FunctionPipeline/hls_config.cfg:15:9: warning: HLS pragma dump _XLX_SEP_ PragmaIsValid=1_XLX_SEP_ PragmaType=pipeline_XLX_SEP_ PragmaContext=directive_XLX_SEP_ PragmaFunction=matrixmul_XLX_SEP_ PragmaOptions=_XLX_SEP_ [-Wdump-hls-pragmas]
#pragma HLSDIRECTIVE PIPELINE
        ^
/home/jam/Downloads/HLS_Erosion_dilation/vitis_workspace/MM_FunctionPipeline/hls_config.cfg:17:9: warning: HLS pragma dump _XLX_SEP_ PragmaIsValid=1_XLX_SEP_ PragmaType=interface_XLX_SEP_ PragmaContext=directive_XLX_SEP_ PragmaFunction=matrixmul_XLX_SEP_ PragmaOptions=bram port=a storage_type=ram_1p_XLX_SEP_ [-Wdump-hls-pragmas]
#pragma HLSDIRECTIVE INTERFACE bram port=a storage_type=ram_1p
        ^
/home/jam/Downloads/HLS_Erosion_dilation/vitis_workspace/MM_FunctionPipeline/hls_config.cfg:18:9: warning: HLS pragma dump _XLX_SEP_ PragmaIsValid=1_XLX_SEP_ PragmaType=interface_XLX_SEP_ PragmaContext=directive_XLX_SEP_ PragmaFunction=matrixmul_XLX_SEP_ PragmaOptions=bram port=b storage_type=ram_1p_XLX_SEP_ [-Wdump-hls-pragmas]
#pragma HLSDIRECTIVE INTERFACE bram port=b storage_type=ram_1p
        ^
/home/jam/Downloads/HLS_Erosion_dilation/vitis_workspace/MM_FunctionPipeline/hls_config.cfg:19:9: warning: HLS pragma dump _XLX_SEP_ PragmaIsValid=1_XLX_SEP_ PragmaType=array_partition_XLX_SEP_ PragmaContext=directive_XLX_SEP_ PragmaFunction=matrixmul_XLX_SEP_ PragmaOptions=complete dim=2 variable=b_XLX_SEP_ [-Wdump-hls-pragmas]
#pragma HLSDIRECTIVE ARRAY_PARTITION complete dim=2 variable=b
        ^
directive:2:9: warning: HLS pragma dump _XLX_SEP_ PragmaIsValid=1_XLX_SEP_ PragmaType=top_XLX_SEP_ PragmaContext=directive_XLX_SEP_ PragmaFunction=matrixmul_XLX_SEP_ PragmaOptions=name=matrixmul_XLX_SEP_ [-Wdump-hls-pragmas]
#pragma HLSDIRECTIVE TOP name=matrixmul
        ^
/home/jam/Downloads/HLS_Erosion_dilation/vitis_workspace/MM_FunctionPipeline/hls_config.cfg:20:9: warning: HLS pragma dump _XLX_SEP_ PragmaIsValid=1_XLX_SEP_ PragmaType=array_partition_XLX_SEP_ PragmaContext=directive_XLX_SEP_ PragmaFunction=matrixmul_XLX_SEP_ PragmaOptions=complete dim=2 variable=a_XLX_SEP_ [-Wdump-hls-pragmas]
#pragma HLSDIRECTIVE ARRAY_PARTITION complete dim=2 variable=a
        ^
/home/jam/Downloads/HLS_Erosion_dilation/vitis_workspace/MM_FunctionPipeline/hls_config.cfg:16:9: warning: HLS pragma dump _XLX_SEP_ PragmaIsValid=1_XLX_SEP_ PragmaType=pipeline_XLX_SEP_ PragmaContext=directive_XLX_SEP_ PragmaFunction=matrixmul_XLX_SEP_ PragmaOptions=off=true_XLX_SEP_ [-Wdump-hls-pragmas]
#pragma HLSDIRECTIVE PIPELINE off=true
        ^
7 warnings generated.
