Sat Jul 19 17:49:37 2025: Running xcd server. This server was built by gradle.
Sat Jul 19 17:49:37 2025: Server was asked to start on port: '42505'
Sat Jul 19 17:49:37 2025: Server is using token UUID: '51cd2fda-5c89-4f5f-89e5-ea4e892fa568'
Sat Jul 19 17:49:37 2025: SESSION_MGR: creating session with session uuid: '6d04a3e9-ade5-4ab9-8d63-1f78fcd2ec76' and name 'default'
Sat Jul 19 17:49:37 2025: Attempting to start server on port '42505'
Sat Jul 19 17:49:37 2025: XCD main fifo: created main fifo '/tmp/xcdmain51cd2fda-5c89-4f5f-89e5-ea4e892fa568', fd read = 13
Sat Jul 19 17:49:37 2025: Running Dispatch Server
Sat Jul 19 17:49:37 2025: Version 2.2.0
Sat Jul 19 17:49:38 2025: Dispatch Server: Accepted socket connection from client
Sat Jul 19 17:49:38 2025: Starting Socket connection
Sat Jul 19 17:49:38 2025: EXCHANGE_TOKEN received, server token: 51cd2fda-5c89-4f5f-89e5-ea4e892fa568, passed token: 51cd2fda-5c89-4f5f-89e5-ea4e892fa568
Sat Jul 19 17:49:39 2025: DISPATCH_HANDLER: Adding handler from function makeHandler in library libxv_system_diagram
Sat Jul 19 17:49:39 2025: SESSION_MGR: creating session with session uuid: 'a64f716e-6cb8-4fbf-89fe-25c7010a6dc4' and name 'v++_compile_MM_FifoInterface'
Sat Jul 19 17:49:39 2025: KERNEL_SVC: creating session with uuid: 'a64f716e-6cb8-4fbf-89fe-25c7010a6dc4' and name 'v++_compile_MM_FifoInterface'
Sat Jul 19 17:49:39 2025: GUIDANCE_SMGR: creating guidance session with uuid: 'a64f716e-6cb8-4fbf-89fe-25c7010a6dc4' and name 'v++_compile_MM_FifoInterface'
Sat Jul 19 17:49:39 2025: SYSTEM_DIAGRAM: creating session with uuid: 'a64f716e-6cb8-4fbf-89fe-25c7010a6dc4' and name 'v++_compile_MM_FifoInterface'
Sat Jul 19 17:49:45 2025: Dispatch Server: Accepted socket connection from client
Sat Jul 19 17:49:45 2025: Starting Socket connection
Sat Jul 19 17:49:56 2025: SESSION_MGR: closing session for UUID 'a64f716e-6cb8-4fbf-89fe-25c7010a6dc4' with name 'v++_compile_MM_FifoInterface'
Sat Jul 19 17:49:56 2025: KERNEL_SVC: closing session for UUID 'a64f716e-6cb8-4fbf-89fe-25c7010a6dc4' with name 'v++_compile_MM_FifoInterface'
Sat Jul 19 17:49:56 2025: GUIDANCE_SMGR: closing session for UUID 'a64f716e-6cb8-4fbf-89fe-25c7010a6dc4' with name 'v++_compile_MM_FifoInterface'
Sat Jul 19 17:49:56 2025: SYSTEM_DIAGRAM: closing session for UUID 'a64f716e-6cb8-4fbf-89fe-25c7010a6dc4' with name 'v++_compile_MM_FifoInterface'
Sat Jul 19 17:49:56 2025: STOP_SERVER received, server token: 51cd2fda-5c89-4f5f-89e5-ea4e892fa568, passed token: 51cd2fda-5c89-4f5f-89e5-ea4e892fa568
Sat Jul 19 17:49:56 2025: Socket received request to stop server.
Sat Jul 19 17:49:56 2025: Dispatch Server: do_await_stop
Sat Jul 19 17:49:56 2025: Dispatch Server: stopping mainFifo_
Sat Jul 19 17:49:56 2025: XCD main fifo: Stopping
Sat Jul 19 17:49:56 2025: XCD main fifo: do_read error code: Operation canceled
Sat Jul 19 17:49:56 2025: XCD main fifo: bytes_transferred: 0
Sat Jul 19 17:49:56 2025: SERVER: destructor for server bound to port 42505
Sat Jul 19 17:49:56 2025: XCD main fifo: Good unlink of /tmp/xcdmain51cd2fda-5c89-4f5f-89e5-ea4e892fa568
Sat Jul 19 17:49:56 2025: Server exiting with status 0.
Sat Jul 19 17:49:56 2025: Closing log file.
