================================================================
== Vivado Place & Route Results
================================================================
+ General Information:
    * Date:            Sat Jul 19 16:54:50 PKT 2025
    * Version:         2024.1 (Build 5069499 on May 21 2024)
    * Project:         matrixmul
    * Solution:        hls (Vivado IP Flow Target)
    * Product family:  zynquplus
    * Target device:   xczu7ev-ffvc1156-2-e


================================================================
== Run Constraints & Options
================================================================
+ Design Constraints & Options:
    * Place & Route target clock:  10 ns
    * C-Synthesis target clock:    10 ns
    * C-Synthesis uncertainty:     27%

+ RTL Synthesis Options:
    * config_export -vivado_synth_strategy:     default
    * config_export -vivado_synth_design_args:  -directive sdx_optimization_effort_high

+ Place & Route Options:
    * config_export -vivado_impl_strategy:  default
    * config_export -vivado_phys_opt:       auto

+ Reporting Options:
    * config_export -vivado_report_level:      2
    * config_export -vivado_max_timing_paths:  10


================================================================
== Place & Route Resource Summary
================================================================
LUT:              29
FF:               45
DSP:              1
BRAM:             0
URAM:             0
SRL:              0


================================================================
== Place & Route Timing Summary
================================================================
* Timing was met
+----------------+-------------+
| Timing         | Period (ns) |
+----------------+-------------+
| Target         | 10.000      |
| Post-Synthesis | 0.967       |
| Post-Route     | 1.113       |
+----------------+-------------+


================================================================
== Place & Route Resources
================================================================
+-----------------------------------+-----+----+-----+------+------+-----+--------+------+---------+----------+--------+
| Name                              | LUT | FF | DSP | BRAM | URAM | SRL | Pragma | Impl | Latency | Variable | Source |
+-----------------------------------+-----+----+-----+------+------+-----+--------+------+---------+----------+--------+
| inst                              | 29  | 45 | 1   |      |      |     |        |      |         |          |        |
|   (inst)                          | 21  | 45 |     |      |      |     |        |      |         |          |        |
|   mac_muladd_8s_8s_16ns_16_4_1_U1 | 9   |    | 1   |      |      |     |        |      |         |          |        |
+-----------------------------------+-----+----+-----+------+------+-----+--------+------+---------+----------+--------+


================================================================
== Place & Route Fail Fast
================================================================
+-----------------------------------------------------------+-----------+--------+--------+
| Criteria                                                  | Guideline | Actual | Status |
+-----------------------------------------------------------+-----------+--------+--------+
| LUT                                                       | 70%       | 0.01%  | OK     |
| FD                                                        | 50%       | 0.01%  | OK     |
| LUTRAM+SRL                                                | 25%       | 0.00%  | OK     |
| CARRY8                                                    | 25%       | 0.00%  | OK     |
| MUXF7                                                     | 15%       | 0.00%  | OK     |
| DSP                                                       | 80%       | 0.06%  | OK     |
| RAMB/FIFO                                                 | 80%       | 0.00%  | OK     |
| URAM                                                      | 80%       | 0.00%  | OK     |
| DSP+RAMB+URAM (Avg)                                       | 70%       | 0.06%  | OK     |
| BUFGCE* + BUFGCTRL                                        | 24        | 0      | OK     |
| DONT_TOUCH (cells/nets)                                   | 0         | 0      | OK     |
| MARK_DEBUG (nets)                                         | 0         | 0      | OK     |
| Control Sets                                              | 4320      | 8      | OK     |
| Average Fanout for modules > 100k cells                   | 4         | 0.83   | OK     |
| Max Average Fanout for modules > 100k cells               | 4         | 0      | OK     |
| Non-FD high fanout nets > 10k loads                       | 0         | 0      | OK     |
+-----------------------------------------------------------+-----------+--------+--------+
| TIMING-6 (No common primary clock between related clocks) | 0         | 0      | OK     |
| TIMING-7 (No common node between related clocks)          | 0         | 0      | OK     |
| TIMING-8 (No common period between related clocks)        | 0         | 0      | OK     |
| TIMING-14 (LUT on the clock tree)                         | 0         | 0      | OK     |
| TIMING-35 (No common node in paths with the same clock)   | 0         | 0      | OK     |
+-----------------------------------------------------------+-----------+--------+--------+
| Number of paths above max LUT budgeting (0.300ns)         | 0         | 0      | OK     |
| Number of paths above max Net budgeting (0.208ns)         | 0         | 0      | OK     |
+-----------------------------------------------------------+-----------+--------+--------+


================================================================
== Place & Route Timing Paths
================================================================
* Timing was met
+-------+-------+----------------------------------------------------------------------------------------------------------------+-----------------------------------------------------------------------------------------------------------------+--------------+------------+----------------+----------------+--------------+
| Path  | SLACK | STARTPOINT PIN                                                                                                 | ENDPOINT PIN                                                                                                    | LOGIC LEVELS | MAX FANOUT | DATAPATH DELAY | DATAPATH LOGIC | DATAPATH NET |
|       |       |                                                                                                                |                                                                                                                 |              |            |                |          DELAY |        DELAY |
+-------+-------+----------------------------------------------------------------------------------------------------------------+-----------------------------------------------------------------------------------------------------------------+--------------+------------+----------------+----------------+--------------+
| Path1 | 8.887 | mac_muladd_8s_8s_16ns_16_4_1_U1/matrixmul_mac_muladd_8s_8s_16ns_16_4_1_DSP48_0_U/p_reg_reg/DSP_OUTPUT_INST/CLK | mac_muladd_8s_8s_16ns_16_4_1_U1/matrixmul_mac_muladd_8s_8s_16ns_16_4_1_DSP48_0_U/p_reg_reg/DSP_C_DATA_INST/C[1] |            1 |          2 |          0.841 |          0.314 |        0.527 |
| Path2 | 8.899 | mac_muladd_8s_8s_16ns_16_4_1_U1/matrixmul_mac_muladd_8s_8s_16ns_16_4_1_DSP48_0_U/p_reg_reg/DSP_OUTPUT_INST/CLK | mac_muladd_8s_8s_16ns_16_4_1_U1/matrixmul_mac_muladd_8s_8s_16ns_16_4_1_DSP48_0_U/p_reg_reg/DSP_C_DATA_INST/C[3] |            1 |          2 |          0.827 |          0.384 |        0.443 |
| Path3 | 8.918 | mac_muladd_8s_8s_16ns_16_4_1_U1/matrixmul_mac_muladd_8s_8s_16ns_16_4_1_DSP48_0_U/p_reg_reg/DSP_OUTPUT_INST/CLK | mac_muladd_8s_8s_16ns_16_4_1_U1/matrixmul_mac_muladd_8s_8s_16ns_16_4_1_DSP48_0_U/p_reg_reg/DSP_C_DATA_INST/C[2] |            1 |          2 |          0.813 |          0.308 |        0.505 |
| Path4 | 8.921 | mac_muladd_8s_8s_16ns_16_4_1_U1/matrixmul_mac_muladd_8s_8s_16ns_16_4_1_DSP48_0_U/p_reg_reg/DSP_OUTPUT_INST/CLK | mac_muladd_8s_8s_16ns_16_4_1_U1/matrixmul_mac_muladd_8s_8s_16ns_16_4_1_DSP48_0_U/p_reg_reg/DSP_C_DATA_INST/C[6] |            1 |          2 |          0.810 |          0.352 |        0.458 |
| Path5 | 8.932 | mac_muladd_8s_8s_16ns_16_4_1_U1/matrixmul_mac_muladd_8s_8s_16ns_16_4_1_DSP48_0_U/p_reg_reg/DSP_OUTPUT_INST/CLK | mac_muladd_8s_8s_16ns_16_4_1_U1/matrixmul_mac_muladd_8s_8s_16ns_16_4_1_DSP48_0_U/p_reg_reg/DSP_C_DATA_INST/C[5] |            1 |          2 |          0.799 |          0.366 |        0.433 |
+-------+-------+----------------------------------------------------------------------------------------------------------------+-----------------------------------------------------------------------------------------------------------------+--------------+------------+----------------+----------------+--------------+

    +------------------------------------------------------------------------------------------------------------+------------------------+
    | Path1 Cells                                                                                                | Primitive Type         |
    +------------------------------------------------------------------------------------------------------------+------------------------+
    | mac_muladd_8s_8s_16ns_16_4_1_U1/matrixmul_mac_muladd_8s_8s_16ns_16_4_1_DSP48_0_U/p_reg_reg/DSP_OUTPUT_INST | ARITHMETIC.DSP.DSP48E2 |
    | mac_muladd_8s_8s_16ns_16_4_1_U1/matrixmul_mac_muladd_8s_8s_16ns_16_4_1_DSP48_0_U/p_reg_reg_i_15            | CLB.LUT.LUT2           |
    | mac_muladd_8s_8s_16ns_16_4_1_U1/matrixmul_mac_muladd_8s_8s_16ns_16_4_1_DSP48_0_U/p_reg_reg/DSP_C_DATA_INST | ARITHMETIC.DSP.DSP48E2 |
    | mac_muladd_8s_8s_16ns_16_4_1_U1/matrixmul_mac_muladd_8s_8s_16ns_16_4_1_DSP48_0_U/p_reg_reg/DSP_OUTPUT_INST | ARITHMETIC.DSP.DSP48E2 |
    | mac_muladd_8s_8s_16ns_16_4_1_U1/matrixmul_mac_muladd_8s_8s_16ns_16_4_1_DSP48_0_U/p_reg_reg_i_13            | CLB.LUT.LUT2           |
    | mac_muladd_8s_8s_16ns_16_4_1_U1/matrixmul_mac_muladd_8s_8s_16ns_16_4_1_DSP48_0_U/p_reg_reg/DSP_C_DATA_INST | ARITHMETIC.DSP.DSP48E2 |
    | mac_muladd_8s_8s_16ns_16_4_1_U1/matrixmul_mac_muladd_8s_8s_16ns_16_4_1_DSP48_0_U/p_reg_reg/DSP_OUTPUT_INST | ARITHMETIC.DSP.DSP48E2 |
    | mac_muladd_8s_8s_16ns_16_4_1_U1/matrixmul_mac_muladd_8s_8s_16ns_16_4_1_DSP48_0_U/p_reg_reg_i_14            | CLB.LUT.LUT2           |
    | mac_muladd_8s_8s_16ns_16_4_1_U1/matrixmul_mac_muladd_8s_8s_16ns_16_4_1_DSP48_0_U/p_reg_reg/DSP_C_DATA_INST | ARITHMETIC.DSP.DSP48E2 |
    | mac_muladd_8s_8s_16ns_16_4_1_U1/matrixmul_mac_muladd_8s_8s_16ns_16_4_1_DSP48_0_U/p_reg_reg/DSP_OUTPUT_INST | ARITHMETIC.DSP.DSP48E2 |
    | mac_muladd_8s_8s_16ns_16_4_1_U1/matrixmul_mac_muladd_8s_8s_16ns_16_4_1_DSP48_0_U/p_reg_reg_i_10            | CLB.LUT.LUT2           |
    | mac_muladd_8s_8s_16ns_16_4_1_U1/matrixmul_mac_muladd_8s_8s_16ns_16_4_1_DSP48_0_U/p_reg_reg/DSP_C_DATA_INST | ARITHMETIC.DSP.DSP48E2 |
    | mac_muladd_8s_8s_16ns_16_4_1_U1/matrixmul_mac_muladd_8s_8s_16ns_16_4_1_DSP48_0_U/p_reg_reg/DSP_OUTPUT_INST | ARITHMETIC.DSP.DSP48E2 |
    | mac_muladd_8s_8s_16ns_16_4_1_U1/matrixmul_mac_muladd_8s_8s_16ns_16_4_1_DSP48_0_U/p_reg_reg_i_11            | CLB.LUT.LUT2           |
    | mac_muladd_8s_8s_16ns_16_4_1_U1/matrixmul_mac_muladd_8s_8s_16ns_16_4_1_DSP48_0_U/p_reg_reg/DSP_C_DATA_INST | ARITHMETIC.DSP.DSP48E2 |
    +------------------------------------------------------------------------------------------------------------+------------------------+

    +------------------------------------------------------------------------------------------------------------+------------------------+
    | Path2 Cells                                                                                                | Primitive Type         |
    +------------------------------------------------------------------------------------------------------------+------------------------+
    | mac_muladd_8s_8s_16ns_16_4_1_U1/matrixmul_mac_muladd_8s_8s_16ns_16_4_1_DSP48_0_U/p_reg_reg/DSP_OUTPUT_INST | ARITHMETIC.DSP.DSP48E2 |
    | mac_muladd_8s_8s_16ns_16_4_1_U1/matrixmul_mac_muladd_8s_8s_16ns_16_4_1_DSP48_0_U/p_reg_reg_i_15            | CLB.LUT.LUT2           |
    | mac_muladd_8s_8s_16ns_16_4_1_U1/matrixmul_mac_muladd_8s_8s_16ns_16_4_1_DSP48_0_U/p_reg_reg/DSP_C_DATA_INST | ARITHMETIC.DSP.DSP48E2 |
    | mac_muladd_8s_8s_16ns_16_4_1_U1/matrixmul_mac_muladd_8s_8s_16ns_16_4_1_DSP48_0_U/p_reg_reg/DSP_OUTPUT_INST | ARITHMETIC.DSP.DSP48E2 |
    | mac_muladd_8s_8s_16ns_16_4_1_U1/matrixmul_mac_muladd_8s_8s_16ns_16_4_1_DSP48_0_U/p_reg_reg_i_13            | CLB.LUT.LUT2           |
    | mac_muladd_8s_8s_16ns_16_4_1_U1/matrixmul_mac_muladd_8s_8s_16ns_16_4_1_DSP48_0_U/p_reg_reg/DSP_C_DATA_INST | ARITHMETIC.DSP.DSP48E2 |
    | mac_muladd_8s_8s_16ns_16_4_1_U1/matrixmul_mac_muladd_8s_8s_16ns_16_4_1_DSP48_0_U/p_reg_reg/DSP_OUTPUT_INST | ARITHMETIC.DSP.DSP48E2 |
    | mac_muladd_8s_8s_16ns_16_4_1_U1/matrixmul_mac_muladd_8s_8s_16ns_16_4_1_DSP48_0_U/p_reg_reg_i_14            | CLB.LUT.LUT2           |
    | mac_muladd_8s_8s_16ns_16_4_1_U1/matrixmul_mac_muladd_8s_8s_16ns_16_4_1_DSP48_0_U/p_reg_reg/DSP_C_DATA_INST | ARITHMETIC.DSP.DSP48E2 |
    | mac_muladd_8s_8s_16ns_16_4_1_U1/matrixmul_mac_muladd_8s_8s_16ns_16_4_1_DSP48_0_U/p_reg_reg/DSP_OUTPUT_INST | ARITHMETIC.DSP.DSP48E2 |
    | mac_muladd_8s_8s_16ns_16_4_1_U1/matrixmul_mac_muladd_8s_8s_16ns_16_4_1_DSP48_0_U/p_reg_reg_i_10            | CLB.LUT.LUT2           |
    | mac_muladd_8s_8s_16ns_16_4_1_U1/matrixmul_mac_muladd_8s_8s_16ns_16_4_1_DSP48_0_U/p_reg_reg/DSP_C_DATA_INST | ARITHMETIC.DSP.DSP48E2 |
    | mac_muladd_8s_8s_16ns_16_4_1_U1/matrixmul_mac_muladd_8s_8s_16ns_16_4_1_DSP48_0_U/p_reg_reg/DSP_OUTPUT_INST | ARITHMETIC.DSP.DSP48E2 |
    | mac_muladd_8s_8s_16ns_16_4_1_U1/matrixmul_mac_muladd_8s_8s_16ns_16_4_1_DSP48_0_U/p_reg_reg_i_11            | CLB.LUT.LUT2           |
    | mac_muladd_8s_8s_16ns_16_4_1_U1/matrixmul_mac_muladd_8s_8s_16ns_16_4_1_DSP48_0_U/p_reg_reg/DSP_C_DATA_INST | ARITHMETIC.DSP.DSP48E2 |
    +------------------------------------------------------------------------------------------------------------+------------------------+

    +------------------------------------------------------------------------------------------------------------+------------------------+
    | Path3 Cells                                                                                                | Primitive Type         |
    +------------------------------------------------------------------------------------------------------------+------------------------+
    | mac_muladd_8s_8s_16ns_16_4_1_U1/matrixmul_mac_muladd_8s_8s_16ns_16_4_1_DSP48_0_U/p_reg_reg/DSP_OUTPUT_INST | ARITHMETIC.DSP.DSP48E2 |
    | mac_muladd_8s_8s_16ns_16_4_1_U1/matrixmul_mac_muladd_8s_8s_16ns_16_4_1_DSP48_0_U/p_reg_reg_i_15            | CLB.LUT.LUT2           |
    | mac_muladd_8s_8s_16ns_16_4_1_U1/matrixmul_mac_muladd_8s_8s_16ns_16_4_1_DSP48_0_U/p_reg_reg/DSP_C_DATA_INST | ARITHMETIC.DSP.DSP48E2 |
    | mac_muladd_8s_8s_16ns_16_4_1_U1/matrixmul_mac_muladd_8s_8s_16ns_16_4_1_DSP48_0_U/p_reg_reg/DSP_OUTPUT_INST | ARITHMETIC.DSP.DSP48E2 |
    | mac_muladd_8s_8s_16ns_16_4_1_U1/matrixmul_mac_muladd_8s_8s_16ns_16_4_1_DSP48_0_U/p_reg_reg_i_13            | CLB.LUT.LUT2           |
    | mac_muladd_8s_8s_16ns_16_4_1_U1/matrixmul_mac_muladd_8s_8s_16ns_16_4_1_DSP48_0_U/p_reg_reg/DSP_C_DATA_INST | ARITHMETIC.DSP.DSP48E2 |
    | mac_muladd_8s_8s_16ns_16_4_1_U1/matrixmul_mac_muladd_8s_8s_16ns_16_4_1_DSP48_0_U/p_reg_reg/DSP_OUTPUT_INST | ARITHMETIC.DSP.DSP48E2 |
    | mac_muladd_8s_8s_16ns_16_4_1_U1/matrixmul_mac_muladd_8s_8s_16ns_16_4_1_DSP48_0_U/p_reg_reg_i_14            | CLB.LUT.LUT2           |
    | mac_muladd_8s_8s_16ns_16_4_1_U1/matrixmul_mac_muladd_8s_8s_16ns_16_4_1_DSP48_0_U/p_reg_reg/DSP_C_DATA_INST | ARITHMETIC.DSP.DSP48E2 |
    | mac_muladd_8s_8s_16ns_16_4_1_U1/matrixmul_mac_muladd_8s_8s_16ns_16_4_1_DSP48_0_U/p_reg_reg/DSP_OUTPUT_INST | ARITHMETIC.DSP.DSP48E2 |
    | mac_muladd_8s_8s_16ns_16_4_1_U1/matrixmul_mac_muladd_8s_8s_16ns_16_4_1_DSP48_0_U/p_reg_reg_i_10            | CLB.LUT.LUT2           |
    | mac_muladd_8s_8s_16ns_16_4_1_U1/matrixmul_mac_muladd_8s_8s_16ns_16_4_1_DSP48_0_U/p_reg_reg/DSP_C_DATA_INST | ARITHMETIC.DSP.DSP48E2 |
    | mac_muladd_8s_8s_16ns_16_4_1_U1/matrixmul_mac_muladd_8s_8s_16ns_16_4_1_DSP48_0_U/p_reg_reg/DSP_OUTPUT_INST | ARITHMETIC.DSP.DSP48E2 |
    | mac_muladd_8s_8s_16ns_16_4_1_U1/matrixmul_mac_muladd_8s_8s_16ns_16_4_1_DSP48_0_U/p_reg_reg_i_11            | CLB.LUT.LUT2           |
    | mac_muladd_8s_8s_16ns_16_4_1_U1/matrixmul_mac_muladd_8s_8s_16ns_16_4_1_DSP48_0_U/p_reg_reg/DSP_C_DATA_INST | ARITHMETIC.DSP.DSP48E2 |
    +------------------------------------------------------------------------------------------------------------+------------------------+

    +------------------------------------------------------------------------------------------------------------+------------------------+
    | Path4 Cells                                                                                                | Primitive Type         |
    +------------------------------------------------------------------------------------------------------------+------------------------+
    | mac_muladd_8s_8s_16ns_16_4_1_U1/matrixmul_mac_muladd_8s_8s_16ns_16_4_1_DSP48_0_U/p_reg_reg/DSP_OUTPUT_INST | ARITHMETIC.DSP.DSP48E2 |
    | mac_muladd_8s_8s_16ns_16_4_1_U1/matrixmul_mac_muladd_8s_8s_16ns_16_4_1_DSP48_0_U/p_reg_reg_i_15            | CLB.LUT.LUT2           |
    | mac_muladd_8s_8s_16ns_16_4_1_U1/matrixmul_mac_muladd_8s_8s_16ns_16_4_1_DSP48_0_U/p_reg_reg/DSP_C_DATA_INST | ARITHMETIC.DSP.DSP48E2 |
    | mac_muladd_8s_8s_16ns_16_4_1_U1/matrixmul_mac_muladd_8s_8s_16ns_16_4_1_DSP48_0_U/p_reg_reg/DSP_OUTPUT_INST | ARITHMETIC.DSP.DSP48E2 |
    | mac_muladd_8s_8s_16ns_16_4_1_U1/matrixmul_mac_muladd_8s_8s_16ns_16_4_1_DSP48_0_U/p_reg_reg_i_13            | CLB.LUT.LUT2           |
    | mac_muladd_8s_8s_16ns_16_4_1_U1/matrixmul_mac_muladd_8s_8s_16ns_16_4_1_DSP48_0_U/p_reg_reg/DSP_C_DATA_INST | ARITHMETIC.DSP.DSP48E2 |
    | mac_muladd_8s_8s_16ns_16_4_1_U1/matrixmul_mac_muladd_8s_8s_16ns_16_4_1_DSP48_0_U/p_reg_reg/DSP_OUTPUT_INST | ARITHMETIC.DSP.DSP48E2 |
    | mac_muladd_8s_8s_16ns_16_4_1_U1/matrixmul_mac_muladd_8s_8s_16ns_16_4_1_DSP48_0_U/p_reg_reg_i_14            | CLB.LUT.LUT2           |
    | mac_muladd_8s_8s_16ns_16_4_1_U1/matrixmul_mac_muladd_8s_8s_16ns_16_4_1_DSP48_0_U/p_reg_reg/DSP_C_DATA_INST | ARITHMETIC.DSP.DSP48E2 |
    | mac_muladd_8s_8s_16ns_16_4_1_U1/matrixmul_mac_muladd_8s_8s_16ns_16_4_1_DSP48_0_U/p_reg_reg/DSP_OUTPUT_INST | ARITHMETIC.DSP.DSP48E2 |
    | mac_muladd_8s_8s_16ns_16_4_1_U1/matrixmul_mac_muladd_8s_8s_16ns_16_4_1_DSP48_0_U/p_reg_reg_i_10            | CLB.LUT.LUT2           |
    | mac_muladd_8s_8s_16ns_16_4_1_U1/matrixmul_mac_muladd_8s_8s_16ns_16_4_1_DSP48_0_U/p_reg_reg/DSP_C_DATA_INST | ARITHMETIC.DSP.DSP48E2 |
    | mac_muladd_8s_8s_16ns_16_4_1_U1/matrixmul_mac_muladd_8s_8s_16ns_16_4_1_DSP48_0_U/p_reg_reg/DSP_OUTPUT_INST | ARITHMETIC.DSP.DSP48E2 |
    | mac_muladd_8s_8s_16ns_16_4_1_U1/matrixmul_mac_muladd_8s_8s_16ns_16_4_1_DSP48_0_U/p_reg_reg_i_11            | CLB.LUT.LUT2           |
    | mac_muladd_8s_8s_16ns_16_4_1_U1/matrixmul_mac_muladd_8s_8s_16ns_16_4_1_DSP48_0_U/p_reg_reg/DSP_C_DATA_INST | ARITHMETIC.DSP.DSP48E2 |
    +------------------------------------------------------------------------------------------------------------+------------------------+

    +------------------------------------------------------------------------------------------------------------+------------------------+
    | Path5 Cells                                                                                                | Primitive Type         |
    +------------------------------------------------------------------------------------------------------------+------------------------+
    | mac_muladd_8s_8s_16ns_16_4_1_U1/matrixmul_mac_muladd_8s_8s_16ns_16_4_1_DSP48_0_U/p_reg_reg/DSP_OUTPUT_INST | ARITHMETIC.DSP.DSP48E2 |
    | mac_muladd_8s_8s_16ns_16_4_1_U1/matrixmul_mac_muladd_8s_8s_16ns_16_4_1_DSP48_0_U/p_reg_reg_i_15            | CLB.LUT.LUT2           |
    | mac_muladd_8s_8s_16ns_16_4_1_U1/matrixmul_mac_muladd_8s_8s_16ns_16_4_1_DSP48_0_U/p_reg_reg/DSP_C_DATA_INST | ARITHMETIC.DSP.DSP48E2 |
    | mac_muladd_8s_8s_16ns_16_4_1_U1/matrixmul_mac_muladd_8s_8s_16ns_16_4_1_DSP48_0_U/p_reg_reg/DSP_OUTPUT_INST | ARITHMETIC.DSP.DSP48E2 |
    | mac_muladd_8s_8s_16ns_16_4_1_U1/matrixmul_mac_muladd_8s_8s_16ns_16_4_1_DSP48_0_U/p_reg_reg_i_13            | CLB.LUT.LUT2           |
    | mac_muladd_8s_8s_16ns_16_4_1_U1/matrixmul_mac_muladd_8s_8s_16ns_16_4_1_DSP48_0_U/p_reg_reg/DSP_C_DATA_INST | ARITHMETIC.DSP.DSP48E2 |
    | mac_muladd_8s_8s_16ns_16_4_1_U1/matrixmul_mac_muladd_8s_8s_16ns_16_4_1_DSP48_0_U/p_reg_reg/DSP_OUTPUT_INST | ARITHMETIC.DSP.DSP48E2 |
    | mac_muladd_8s_8s_16ns_16_4_1_U1/matrixmul_mac_muladd_8s_8s_16ns_16_4_1_DSP48_0_U/p_reg_reg_i_14            | CLB.LUT.LUT2           |
    | mac_muladd_8s_8s_16ns_16_4_1_U1/matrixmul_mac_muladd_8s_8s_16ns_16_4_1_DSP48_0_U/p_reg_reg/DSP_C_DATA_INST | ARITHMETIC.DSP.DSP48E2 |
    | mac_muladd_8s_8s_16ns_16_4_1_U1/matrixmul_mac_muladd_8s_8s_16ns_16_4_1_DSP48_0_U/p_reg_reg/DSP_OUTPUT_INST | ARITHMETIC.DSP.DSP48E2 |
    | mac_muladd_8s_8s_16ns_16_4_1_U1/matrixmul_mac_muladd_8s_8s_16ns_16_4_1_DSP48_0_U/p_reg_reg_i_10            | CLB.LUT.LUT2           |
    | mac_muladd_8s_8s_16ns_16_4_1_U1/matrixmul_mac_muladd_8s_8s_16ns_16_4_1_DSP48_0_U/p_reg_reg/DSP_C_DATA_INST | ARITHMETIC.DSP.DSP48E2 |
    | mac_muladd_8s_8s_16ns_16_4_1_U1/matrixmul_mac_muladd_8s_8s_16ns_16_4_1_DSP48_0_U/p_reg_reg/DSP_OUTPUT_INST | ARITHMETIC.DSP.DSP48E2 |
    | mac_muladd_8s_8s_16ns_16_4_1_U1/matrixmul_mac_muladd_8s_8s_16ns_16_4_1_DSP48_0_U/p_reg_reg_i_11            | CLB.LUT.LUT2           |
    | mac_muladd_8s_8s_16ns_16_4_1_U1/matrixmul_mac_muladd_8s_8s_16ns_16_4_1_DSP48_0_U/p_reg_reg/DSP_C_DATA_INST | ARITHMETIC.DSP.DSP48E2 |
    +------------------------------------------------------------------------------------------------------------+------------------------+


================================================================
== Place & Route Vivado Reports
================================================================
+--------------------------+-------------------------------------------------------------------+
| Report Type              | Report Location                                                   |
+--------------------------+-------------------------------------------------------------------+
| design_analysis          | impl/verilog/report/matrixmul_design_analysis_routed.rpt          |
| failfast                 | impl/verilog/report/matrixmul_failfast_routed.rpt                 |
| status                   | impl/verilog/report/matrixmul_status_routed.rpt                   |
| timing                   | impl/verilog/report/matrixmul_timing_routed.rpt                   |
| timing_paths             | impl/verilog/report/matrixmul_timing_paths_routed.rpt             |
| utilization              | impl/verilog/report/matrixmul_utilization_routed.rpt              |
| utilization_hierarchical | impl/verilog/report/matrixmul_utilization_hierarchical_routed.rpt |
+--------------------------+-------------------------------------------------------------------+


