INFO: [vitis-run 60-1548] Creating build summary session with primary output /home/jam/Downloads/HLS_Erosion_dilation/vitis_workspace/v1_MM_no_opt/matrixmul/matrixmul.hlsrun_csim_summary, at Sat Jul 19 15:43:11 2025
INFO: [vitis-run 82-31] Launching vitis_hls: vitis_hls -nolog -run csim -work_dir /home/jam/Downloads/HLS_Erosion_dilation/vitis_workspace/v1_MM_no_opt/matrixmul -config /home/jam/Downloads/HLS_Erosion_dilation/vitis_workspace/v1_MM_no_opt/hls_config.cfg -cmdlineconfig /home/jam/Downloads/HLS_Erosion_dilation/vitis_workspace/v1_MM_no_opt/matrixmul/hls/config.cmdline

****** Vitis HLS - High-Level Synthesis from C, C++ and OpenCL v2024.1 (64-bit)
  **** SW Build 5069499 on May 21 2024
  **** IP Build 5075265 on Wed May 22 21:45:21 MDT 2024
  **** SharedData Build 5076995 on Wed May 22 18:29:18 MDT 2024
  **** Start of session at: Sat Jul 19 15:43:12 2025
    ** Copyright 1986-2022 Xilinx, Inc. All Rights Reserved.
    ** Copyright 2022-2024 Advanced Micro Devices, Inc. All Rights Reserved.

source /home/jam/xilinx/Vitis_HLS/2024.1/scripts/vitis_hls/hls.tcl -notrace
INFO: [HLS 200-10] For user 'jam' on host 'jam-Precision-5510' (Linux_x86_64 version 5.15.0-139-generic) on Sat Jul 19 15:43:15 PKT 2025
INFO: [HLS 200-10] On os Ubuntu 20.04.6 LTS
INFO: [HLS 200-10] In directory '/home/jam/Downloads/HLS_Erosion_dilation/vitis_workspace/v1_MM_no_opt'
INFO: [HLS 200-2005] Using work_dir /home/jam/Downloads/HLS_Erosion_dilation/vitis_workspace/v1_MM_no_opt/matrixmul 
INFO: [HLS 200-1505] Using default flow_target 'vivado'
Resolution: For help on HLS 200-1505 see docs.xilinx.com/access/sources/dita/topic?Doc_Version=2024.1%20English&url=ug1448-hls-guidance&resourceid=200-1505.html
INFO: [HLS 200-1465] Applying ini 'syn.file=/home/jam/Downloads/HLS_Erosion_dilation/vitis_workspace/files/matrixmul.cpp' from /home/jam/Downloads/HLS_Erosion_dilation/vitis_workspace/v1_MM_no_opt/hls_config.cfg(8)
INFO: [HLS 200-10] Adding design file '/home/jam/Downloads/HLS_Erosion_dilation/vitis_workspace/files/matrixmul.cpp' to the project
INFO: [HLS 200-1465] Applying ini 'tb.file=/home/jam/Downloads/HLS_Erosion_dilation/vitis_workspace/files/matrixmul_test.cpp' from /home/jam/Downloads/HLS_Erosion_dilation/vitis_workspace/v1_MM_no_opt/hls_config.cfg(9)
INFO: [HLS 200-10] Adding test bench file '/home/jam/Downloads/HLS_Erosion_dilation/vitis_workspace/files/matrixmul_test.cpp' to the project
INFO: [HLS 200-1465] Applying ini 'tb.file_cflags=/home/jam/Downloads/HLS_Erosion_dilation/vitis_workspace/files/matrixmul_test.cpp,-DHW_COSIM' from /home/jam/Downloads/HLS_Erosion_dilation/vitis_workspace/v1_MM_no_opt/hls_config.cfg(10)
INFO: [HLS 200-1465] Applying ini 'syn.top=matrixmul' from /home/jam/Downloads/HLS_Erosion_dilation/vitis_workspace/v1_MM_no_opt/hls_config.cfg(7)
INFO: [HLS 200-1465] Applying ini 'flow_target=vivado' from /home/jam/Downloads/HLS_Erosion_dilation/vitis_workspace/v1_MM_no_opt/hls_config.cfg(4)
INFO: [HLS 200-1505] Using flow_target 'vivado'
Resolution: For help on HLS 200-1505 see docs.xilinx.com/access/sources/dita/topic?Doc_Version=2024.1%20English&url=ug1448-hls-guidance&resourceid=200-1505.html
INFO: [HLS 200-1465] Applying ini 'part=xczu7ev-ffvc1156-2-e' from /home/jam/Downloads/HLS_Erosion_dilation/vitis_workspace/v1_MM_no_opt/hls_config.cfg(1)
INFO: [HLS 200-1611] Setting target device to 'xczu7ev-ffvc1156-2-e'
INFO: [HLS 200-1465] Applying ini 'clock=10' from /home/jam/Downloads/HLS_Erosion_dilation/vitis_workspace/v1_MM_no_opt/hls_config.cfg(11)
INFO: [SYN 201-201] Setting up clock 'default' with a period of 10ns.
INFO: [HLS 200-1465] Applying ini 'csim.code_analyzer=1' from /home/jam/Downloads/HLS_Erosion_dilation/vitis_workspace/v1_MM_no_opt/hls_config.cfg(12)
INFO: [HLS 200-1465] Applying ini 'package.output.format=ip_catalog' from /home/jam/Downloads/HLS_Erosion_dilation/vitis_workspace/v1_MM_no_opt/hls_config.cfg(5)
INFO: [SIM 211-200] Executing Code Analyzer instead of classic HLS C simulation
INFO: [SIM 211-210] Code Analyzer finished
INFO: [HLS 200-112] Total CPU user time: 6.22 seconds. Total CPU system time: 0.58 seconds. Total elapsed time: 8.16 seconds; peak allocated memory: 339.691 MB.
INFO: [vitis-run 60-791] Total elapsed time: 0h 0m 12s
