# 
# Steps log generated by v++
# This log file contains a collection of steps that describe the kernel compilation flow
# Note: Some steps are tagged as internal, these steps are for debugging purposes and 
#       are not expected to be able to run independently.
# 

# The following environment variables are set when running vitis-run
Environment variables :
------------------------------------------
SHELL=/bin/bash
SESSION_MANAGER=local/jam-Precision-5510:@/tmp/.ICE-unix/1824,unix/jam-Precision-5510:/tmp/.ICE-unix/1824
QT_ACCESSIBILITY=1
XDG_CONFIG_DIRS=/etc/xdg/xdg-mate:/etc/xdg
XDG_SESSION_PATH=/org/freedesktop/DisplayManager/Session0
RDI_APPROOT=/home/jam/xilinx/Vitis/2024.1
RDI_JAVA_PLATFORM=
SHARED_DATA_HOME=/home/jam/xilinx/SharedData/2024.1
TK_LIBRARY=/home/jam/xilinx/Vitis/2024.1/tps/tk/tk8.5
LANGUAGE=en_US:en
FREETYPE_PROPERTIES=truetype:interpreter-version=35
XIL_SUPPRESS_OVERRIDE_WARNINGS=1
RDI_BINROOT=/home/jam/xilinx/Vitis/2024.1/bin
LC_ADDRESS=ur_PK
XILINX_VIVADO=/home/jam/xilinx/Vivado/2024.1
JAVA_HOME=/home/jam/xilinx/Vitis/2024.1/tps/lnx64/jre11.0.16_1/
LC_NAME=ur_PK
SSH_AUTH_SOCK=/run/user/1000/keyring/ssh
RDI_OPT_EXT=.o
RDI_INSTALLVER=2024.1
RDI_INSTALLROOT=/home/jam/xilinx
THEIA_DEFAULT_PLUGINS=local-dir:/home/jam/xilinx/Vitis/2024.1/ide/electron-app/lnx64/resources/app/plugins
RDI_PATCHROOT=
DESKTOP_SESSION=mate
LC_MONETARY=ur_PK
SSH_AGENT_PID=2008
XILINX_VITIS_AIETOOLS=/home/jam/xilinx/Vitis/2024.1/aietools
GTK_MODULES=appmenu-gtk-module:gail:atk-bridge:canberra-gtk-module
XDG_SEAT=seat0
XIL_NO_OVERRIDE=0
MATE_DESKTOP_SESSION_ID=this-is-deprecated
RDI_LIBDIR=/home/jam/xilinx/Vitis/2024.1/lib/lnx64.o/Ubuntu/20:/home/jam/xilinx/Vitis/2024.1/lib/lnx64.o/Ubuntu:/home/jam/xilinx/Vitis/2024.1/lib/lnx64.o
PWD=/home/jam/Downloads/HLS_Erosion_dilation/vitis_workspace/v1_MM_no_opt
LOGNAME=jam
XDG_SESSION_DESKTOP=mate
QSYS_ROOTDIR=/home/jam/altera/23.1std/quartus/sopc_builder/bin
QT_QPA_PLATFORMTHEME=gtk2
THEIA_ELECTRON_VERSION=15.5.7
XDG_SESSION_TYPE=x11
_RDI_DONT_SET_XILINX_AS_PATH=True
GPG_AGENT_INFO=/run/user/1000/gnupg/S.gpg-agent:0:1
XAUTHORITY=/home/jam/.Xauthority
RDI_PREPEND_PATH=/home/jam/xilinx/Vitis/2024.1/bin
XDG_GREETER_DATA_DIR=/var/lib/lightdm-data/jam
XILINX_DSP=
THEIA_PLUGINS=local-dir:/home/jam/.theia/plugins
GDM_LANG=en_US
HOME=/home/jam
SYNTH_COMMON=/home/jam/xilinx/Vitis/2024.1/scripts/rt/data
LANG=en_US.UTF-8
LC_PAPER=ur_PK
XDG_CURRENT_DESKTOP=MATE
XILINX_HLS=/home/jam/xilinx/Vitis_HLS/2024.1
XDG_SEAT_PATH=/org/freedesktop/DisplayManager/Seat0
RDI_BUILD=yes
RDI_PROG=/home/jam/xilinx/Vitis/2024.1/bin/unwrapped/lnx64.o/vitis-run
RDI_SESSION_INFO=/home/jam:jam-Precision-5510_1752920350_227220
CHROME_DESKTOP=Vitis Unified IDE.desktop
RT_TCL_PATH=/home/jam/xilinx/Vitis/2024.1/scripts/rt/base_tcl/tcl
XILINX_SDK=/home/jam/xilinx/Vitis/2024.1
RDI_SHARED_DATA=/home/jam/xilinx/SharedData/2024.1/data
VSCODE_API_VERSION=1.53.2
XDG_SESSION_CLASS=user
PYTHONPATH=/home/jam/xilinx/Vitis/2024.1/cli/:/home/jam/xilinx/Vitis/2024.1/cli/python-packages/site-packages:/home/jam/xilinx/Vitis/2024.1/cli/proto:/home/jam/xilinx/Vitis/2024.1/tps/lnx64/python-3.8.3/lib/python3.8/lib-dynload/:/home/jam/xilinx/Vitis/2024.1/tps/lnx64/python-3.8.3/lib/python3.8/:/home/jam/xilinx/Vitis/2024.1/tps/lnx64/python-3.8.3/lib/python3.8/lib-dynload/:/home/jam/xilinx/Vitis/2024.1/tps/lnx64/python-3.8.3/lib/python3.8:/home/jam/xilinx/Vitis/2024.1/cli/:/home/jam/xilinx/Vitis/2024.1/cli/python-packages/site-packages:/home/jam/xilinx/Vitis/2024.1/cli/python-packages/lnx64:/home/jam/xilinx/Vitis/2024.1/cli/proto:/home/jam/xilinx/Vitis/2024.1/scripts/python_pkg
LC_IDENTIFICATION=ur_PK
GTK_OVERLAY_SCROLLING=0
PYTHONHOME=/home/jam/xilinx/Vitis/2024.1/tps/lnx64/python-3.8.3/
USER=jam
XILINX_PLANAHEAD=/home/jam/xilinx/Vitis/2024.1
RDI_BASEROOT=/home/jam/xilinx/Vitis
LOPPER_DTC_FLAGS=-b 0 -@
RDI_TPS_ROOT=/home/jam/xilinx/Vivado/2024.1/tps/lnx64
RDI_JAVA_VERSION=11.0.16_1
IDE_SKIP_SERVER_LICENSE=1
RDI_DATADIR=/home/jam/xilinx/SharedData/2024.1/data:/home/jam/xilinx/Vitis/2024.1/data
THEIA_ELECTRON_TOKEN={"value":"253f17b1-644c-4115-926b-1e0f5cf9bd22"}
DISPLAY=:0
SHLVL=3
LC_TELEPHONE=ur_PK
RDI_USE_JDK11=1
LC_MEASUREMENT=ur_PK
XDG_VTNR=7
UBUNTU_MENUPROXY=1
XILINX_VIVADO_HLS=/home/jam/xilinx/Vivado/2024.1
XIL_CHECK_TCL_DEBUG=False
XDG_SESSION_ID=c2
LD_LIBRARY_PATH=/home/jam/xilinx/Vitis/2024.1/tps/lnx64/java-cef-95.0.4638.69/bin/lib/linux64:/home/jam/xilinx/Vitis/2024.1/tps/lnx64/javafx-sdk-11.0.2/lib:/home/jam/xilinx/Vitis/2024.1/lib/lnx64.o/Ubuntu/20:/home/jam/xilinx/Vitis/2024.1/lib/lnx64.o/Ubuntu:/home/jam/xilinx/Vitis/2024.1/lib/lnx64.o:/home/jam/xilinx/Vitis/2024.1/tps/lnx64/jre11.0.16_1/lib/:/home/jam/xilinx/Vitis/2024.1/tps/lnx64/jre11.0.16_1/lib//server:/home/jam/xilinx/Vitis/2024.1/lib/lnx64.o/Ubuntu/20:/home/jam/xilinx/Vitis/2024.1/lib/lnx64.o/Ubuntu:/home/jam/xilinx/Vitis/2024.1/lib/lnx64.o:/home/jam/xilinx/Vitis/2024.1/tps/lnx64/cmake-3.24.2/libs/Ubuntu/20:/home/jam/xilinx/Vitis/2024.1/tps/lnx64/cmake-3.24.2/libs/Ubuntu:/home/jam/xilinx/Vitis/2024.1/tps/lnx64/cmake-3.24.2/libs:/home/jam/xilinx/Vitis/2024.1/lib/lnx64.o/Ubuntu/20:/home/jam/xilinx/Vitis/2024.1/lib/lnx64.o/Ubuntu:/home/jam/xilinx/Vitis/2024.1/lib/lnx64.o:/home/jam/xilinx/Vitis/2024.1/tps/lnx64/python-3.8.3/lib:/home/jam/xilinx/Vitis/2024.1/tps/lnx64/cmake-3.24.2/libs/Ubuntu/20:/home/jam/xilinx/Vitis/2024.1/tps/lnx64/cmake-3.24.2/libs/Ubuntu:/home/jam/xilinx/Vitis/2024.1/tps/lnx64/cmake-3.24.2/libs:/home/jam/xilinx/Vitis/2024.1/lib/lnx64.o:/home/jam/xilinx/Vitis/2024.1/lib/lnx64.o/Ubuntu/20:/home/jam/xilinx/Vitis/2024.1/lib/lnx64.o/Ubuntu:/home/jam/xilinx/Vitis/2024.1/lib/lnx64.o:/home/jam/xilinx/Vitis/2024.1/tps/lnx64/python-3.8.3/lib:/home/jam/xilinx/Vitis/2024.1/aietools/lib/lnx64.o:/home/jam/xilinx/Vitis_HLS/2024.1/lib/lnx64.o/Ubuntu/20:/home/jam/xilinx/Vitis_HLS/2024.1/lib/lnx64.o/Ubuntu:/home/jam/xilinx/Vitis_HLS/2024.1/lib/lnx64.o:/home/jam/xilinx/Vitis_HLS/2024.1/lib/lnx64.o:/home/jam/xilinx/Vitis/2024.1/bin/../lnx64/tools/dot/lib
HDIPRELDPATH=/home/jam/xilinx/Vitis/2024.1/lib/lnx64.o/Ubuntu/20:/home/jam/xilinx/Vitis/2024.1/lib/lnx64.o/Ubuntu:/home/jam/xilinx/Vitis/2024.1/lib/lnx64.o:/home/jam/xilinx/Vitis/2024.1/tps/lnx64/cmake-3.24.2/libs/Ubuntu/20:/home/jam/xilinx/Vitis/2024.1/tps/lnx64/cmake-3.24.2/libs/Ubuntu:/home/jam/xilinx/Vitis/2024.1/tps/lnx64/cmake-3.24.2/libs:/home/jam/xilinx/Vitis/2024.1/lib/lnx64.o/Ubuntu/20:/home/jam/xilinx/Vitis/2024.1/lib/lnx64.o/Ubuntu:/home/jam/xilinx/Vitis/2024.1/lib/lnx64.o:/home/jam/xilinx/Vitis/2024.1/tps/lnx64/python-3.8.3/lib:/home/jam/xilinx/Vitis/2024.1/tps/lnx64/cmake-3.24.2/libs/Ubuntu/20:/home/jam/xilinx/Vitis/2024.1/tps/lnx64/cmake-3.24.2/libs/Ubuntu:/home/jam/xilinx/Vitis/2024.1/tps/lnx64/cmake-3.24.2/libs:/home/jam/xilinx/Vitis/2024.1/lib/lnx64.o:/home/jam/xilinx/Vitis/2024.1/lib/lnx64.o/Ubuntu/20:/home/jam/xilinx/Vitis/2024.1/lib/lnx64.o/Ubuntu:/home/jam/xilinx/Vitis/2024.1/lib/lnx64.o:/home/jam/xilinx/Vitis/2024.1/tps/lnx64/python-3.8.3/lib:/home/jam/xilinx/Vitis/2024.1/aietools/lib/lnx64.o:/home/jam/xilinx/Vitis_HLS/2024.1/lib/lnx64.o/Ubuntu/20:/home/jam/xilinx/Vitis_HLS/2024.1/lib/lnx64.o/Ubuntu:/home/jam/xilinx/Vitis_HLS/2024.1/lib/lnx64.o:/home/jam/xilinx/Vitis_HLS/2024.1/lib/lnx64.o:/home/jam/xilinx/Vitis/2024.1/bin/../lnx64/tools/dot/lib
XDG_RUNTIME_DIR=/run/user/1000
COMPIZ_CONFIG_PROFILE=mate
TCMALLOC_LARGE_ALLOC_REPORT_THRESHOLD=4294967296
LC_TIME=ur_PK
TCL_LIBRARY=/home/jam/xilinx/Vitis/2024.1/tps/tcl/tcl8.6
LC_ALL=en_US.UTF-8
QT_AUTO_SCREEN_SCALE_FACTOR=0
XDG_DATA_DIRS=/usr/share/mate:/usr/local/share:/usr/share:/var/lib/snapd/desktop
PATH=/home/jam/xilinx/Vivado/2024.1/tps/lnx64/binutils-2.26/bin:/home/jam/xilinx/Vitis/2024.1/bin/../gnu/aarch64/lin/aarch64-linux/bin:/home/jam/xilinx/Vitis/2024.1/bin/../gnu/ppc64le/4.9.3/lnx64/bin:/home/jam/xilinx/Vitis/2024.1/bin/../gnu/aarch32/lin/gcc-arm-linux-gnueabi/bin:/home/jam/xilinx/Vivado/2024.1/tps/lnx64/gcc-8.3.0/bin:/home/jam/xilinx/Vivado/2024.1/gnu/microblaze/lin/bin:/home/jam/xilinx/Vitis/2024.1/bin:/home/jam/xilinx/Vitis/2024.1/tps/lnx64/jre11.0.16_1/bin:/home/jam/xilinx/Vitis/2024.1/gnu/microblaze/lin/bin:/home/jam/xilinx/Vitis/2024.1/gnu/arm/lin/bin:/home/jam/xilinx/Vitis/2024.1/gnu/microblaze/linux_toolchain/nt64_be/bin:/home/jam/xilinx/Vitis/2024.1/gnu/microblaze/linux_toolchain/nt64_le/bin:/home/jam/xilinx/Vitis/2024.1/gnu/aarch32/lin/gcc-arm-linux-gnueabi/bin:/home/jam/xilinx/Vitis/2024.1/gnu/aarch32/lin/gcc-arm-none-eabi/bin:/home/jam/xilinx/Vitis/2024.1/gnu/aarch64/lin/aarch64-linux/bin:/home/jam/xilinx/Vitis/2024.1/gnu/aarch64/lin/aarch64-none/bin:/home/jam/xilinx/Vitis/2024.1/gnu/armr5/lin/gcc-arm-none-eabi/bin:/home/jam/xilinx/Vitis/2024.1/tps/lnx64/cmake-3.24.2/bin:/home/jam/xilinx/Vitis/2024.1/lnx64/tools/clang/bin:/home/jam/xilinx/Vitis/2024.1/tps/lnx64/python-3.8.3//bin:/home/jam/xilinx/Vitis/2024.1/tps/lnx64/jre11.0.16_1//bin:/home/jam/xilinx/Vitis/2024.1/aietools/bin:/home/jam/xilinx/Vivado/2024.1/bin:/home/jam/xilinx/Vitis/2024.1/tps/lnx64/git-2.16.2/bin:/home/jam/xilinx/Vitis/2024.1/gnu/riscv/lin/riscv64-unknown-elf/bin:/home/jam/xilinx/Vitis_HLS/2024.1/bin:/usr/local/sbin:/usr/local/bin:/usr/sbin:/usr/bin:/sbin:/bin:/usr/games:/usr/local/games:/snap/bin
RT_LIBPATH=/home/jam/xilinx/Vitis/2024.1/scripts/rt/data
GDMSESSION=mate
INSIDE_CAJA_PYTHON=
ORIGINAL_XDG_CURRENT_DESKTOP=MATE
HDI_APPROOT=/home/jam/xilinx/Vitis/2024.1
DBUS_SESSION_BUS_ADDRESS=unix:path=/run/user/1000/bus
RDI_PLATFORM=lnx64
THEIA_APP_PROJECT_PATH=/home/jam/xilinx/Vitis/2024.1/ide/electron-app/lnx64/resources/app
MYVIVADO=
BUILDINFO=SW Build 5074859 on 2024-05-20-23:21:20
ISL_IOSTREAMS_RSA=/home/jam/xilinx/Vitis/2024.1/tps/isl
QT_SCALE_FACTOR=1
GIO_LAUNCHED_DESKTOP_FILE_PID=227220
GIO_LAUNCHED_DESKTOP_FILE=/home/jam/Desktop/Vitis 2024.1.desktop
LC_NUMERIC=C
XILINX_VITIS=/home/jam/xilinx/Vitis/2024.1
OLDPWD=/home/jam/xilinx/Vitis/2024.1/bin
_=/home/jam/xilinx/Vitis/2024.1/bin/unwrapped/lnx64.o/vitis-run
XILINX_CD_CONNECT_ID=40155
XILINX_CD_SESSION=e7f3f3f3-af29-43c7-97b0-a64065413dda


VITIS-RUN command line:
------------------------------------------
/home/jam/xilinx/Vitis/2024.1/bin/unwrapped/lnx64.o/vitis-run --mode hls --csim --config /home/jam/Downloads/HLS_Erosion_dilation/vitis_workspace/v1_MM_no_opt/hls_config.cfg --work_dir matrixmul 

FINAL PROGRAM OPTIONS
--config /home/jam/Downloads/HLS_Erosion_dilation/vitis_workspace/v1_MM_no_opt/hls_config.cfg
--csim
--hls.clock 10
--hls.csim.code_analyzer 1
--hls.flow_target vivado
--hls.package.output.format ip_catalog
--hls.package.output.syn false
--hls.syn.file /home/jam/Downloads/HLS_Erosion_dilation/vitis_workspace/files/matrixmul.cpp
--hls.syn.top matrixmul
--hls.tb.file /home/jam/Downloads/HLS_Erosion_dilation/vitis_workspace/files/matrixmul_test.cpp
--hls.tb.file_cflags /home/jam/Downloads/HLS_Erosion_dilation/vitis_workspace/files/matrixmul_test.cpp,-DHW_COSIM
--mode hls
--part xczu7ev-ffvc1156-2-e
--work_dir matrixmul

PARSED COMMAND LINE OPTIONS
--mode hls 
--csim 
--config /home/jam/Downloads/HLS_Erosion_dilation/vitis_workspace/v1_MM_no_opt/hls_config.cfg 
--work_dir matrixmul 

PARSED CONFIG FILE (1) OPTIONS
file: /home/jam/Downloads/HLS_Erosion_dilation/vitis_workspace/v1_MM_no_opt/hls_config.cfg
part xczu7ev-ffvc1156-2-e 
hls.flow_target vivado 
hls.package.output.format ip_catalog 
hls.package.output.syn false 
hls.syn.top matrixmul 
hls.syn.file /home/jam/Downloads/HLS_Erosion_dilation/vitis_workspace/files/matrixmul.cpp 
hls.tb.file /home/jam/Downloads/HLS_Erosion_dilation/vitis_workspace/files/matrixmul_test.cpp 
hls.tb.file_cflags /home/jam/Downloads/HLS_Erosion_dilation/vitis_workspace/files/matrixmul_test.cpp,-DHW_COSIM 
hls.clock 10 
hls.csim.code_analyzer 1 


==========================================
new:  steps log generated by v++ for new launch 
timestamp: 19 Jul 2025 15:38:26
------------------------------------------
VITIS-RUN internal step: writing a config file for vitis_hls: /home/jam/Downloads/HLS_Erosion_dilation/vitis_workspace/v1_MM_no_opt/matrixmul/hls/config.cmdline
timestamp: 19 Jul 2025 15:38:26
VITIS-RUN internal step status: success
------------------------------------------
VITIS-RUN internal step: running vitis_hls
timestamp: 19 Jul 2025 15:38:26
working dir: /home/jam/Downloads/HLS_Erosion_dilation/vitis_workspace/v1_MM_no_opt
cmd: vitis_hls -nolog -run csim -work_dir /home/jam/Downloads/HLS_Erosion_dilation/vitis_workspace/v1_MM_no_opt/matrixmul -config /home/jam/Downloads/HLS_Erosion_dilation/vitis_workspace/v1_MM_no_opt/hls_config.cfg -cmdlineconfig /home/jam/Downloads/HLS_Erosion_dilation/vitis_workspace/v1_MM_no_opt/matrixmul/hls/config.cmdline
VITIS-RUN internal step status: success

------------------------------------------
VITIS-RUN command line :
------------------------------------------
/home/jam/xilinx/Vitis/2024.1/bin/unwrapped/lnx64.o/vitis-run --mode hls --csim --config /home/jam/Downloads/HLS_Erosion_dilation/vitis_workspace/v1_MM_no_opt/hls_config.cfg --work_dir matrixmul 
  Options from -O    : 
  Options from *.ini : 
  Options from Hw Platform : 

==========================================
new:  steps log generated by v++ for new launch 
timestamp: 19 Jul 2025 15:43:11
------------------------------------------
VITIS-RUN internal step: writing a config file for vitis_hls: /home/jam/Downloads/HLS_Erosion_dilation/vitis_workspace/v1_MM_no_opt/matrixmul/hls/config.cmdline
timestamp: 19 Jul 2025 15:43:11
VITIS-RUN internal step status: success
------------------------------------------
VITIS-RUN internal step: running vitis_hls
timestamp: 19 Jul 2025 15:43:11
working dir: /home/jam/Downloads/HLS_Erosion_dilation/vitis_workspace/v1_MM_no_opt
cmd: vitis_hls -nolog -run csim -work_dir /home/jam/Downloads/HLS_Erosion_dilation/vitis_workspace/v1_MM_no_opt/matrixmul -config /home/jam/Downloads/HLS_Erosion_dilation/vitis_workspace/v1_MM_no_opt/hls_config.cfg -cmdlineconfig /home/jam/Downloads/HLS_Erosion_dilation/vitis_workspace/v1_MM_no_opt/matrixmul/hls/config.cmdline
VITIS-RUN internal step status: success

------------------------------------------
V++ command line :
------------------------------------------
/home/jam/xilinx/Vitis/2024.1/bin/unwrapped/lnx64.o/v++ -c --mode hls --config /home/jam/Downloads/HLS_Erosion_dilation/vitis_workspace/v1_MM_no_opt/hls_config.cfg --work_dir matrixmul 
  Options from -O    : 
  Options from *.ini : 
  Options from Hw Platform : 

==========================================
new:  steps log generated by v++ for new launch 
timestamp: 19 Jul 2025 16:15:51
------------------------------------------
V++ internal step: writing a config file for vitis_hls: /home/jam/Downloads/HLS_Erosion_dilation/vitis_workspace/v1_MM_no_opt/matrixmul/hls/config.cmdline
timestamp: 19 Jul 2025 16:15:51
V++ internal step status: success
------------------------------------------
V++ internal step: running vitis_hls
timestamp: 19 Jul 2025 16:15:51
working dir: /home/jam/Downloads/HLS_Erosion_dilation/vitis_workspace/v1_MM_no_opt
cmd: vitis_hls -nolog -run csynth -work_dir /home/jam/Downloads/HLS_Erosion_dilation/vitis_workspace/v1_MM_no_opt/matrixmul -config /home/jam/Downloads/HLS_Erosion_dilation/vitis_workspace/v1_MM_no_opt/hls_config.cfg -cmdlineconfig /home/jam/Downloads/HLS_Erosion_dilation/vitis_workspace/v1_MM_no_opt/matrixmul/hls/config.cmdline
V++ internal step status: success

------------------------------------------
VITIS-RUN command line :
------------------------------------------
/home/jam/xilinx/Vitis/2024.1/bin/unwrapped/lnx64.o/vitis-run --mode hls --csim --config /home/jam/Downloads/HLS_Erosion_dilation/vitis_workspace/v1_MM_no_opt/hls_config.cfg --work_dir matrixmul 
  Options from -O    : 
  Options from *.ini : 
  Options from Hw Platform : 

==========================================
new:  steps log generated by v++ for new launch 
timestamp: 19 Jul 2025 16:22:23
------------------------------------------
VITIS-RUN internal step: writing a config file for vitis_hls: /home/jam/Downloads/HLS_Erosion_dilation/vitis_workspace/v1_MM_no_opt/matrixmul/hls/config.cmdline
timestamp: 19 Jul 2025 16:22:23
VITIS-RUN internal step status: success
------------------------------------------
VITIS-RUN internal step: running vitis_hls
timestamp: 19 Jul 2025 16:22:23
working dir: /home/jam/Downloads/HLS_Erosion_dilation/vitis_workspace/v1_MM_no_opt
cmd: vitis_hls -nolog -run csim -work_dir /home/jam/Downloads/HLS_Erosion_dilation/vitis_workspace/v1_MM_no_opt/matrixmul -config /home/jam/Downloads/HLS_Erosion_dilation/vitis_workspace/v1_MM_no_opt/hls_config.cfg -cmdlineconfig /home/jam/Downloads/HLS_Erosion_dilation/vitis_workspace/v1_MM_no_opt/matrixmul/hls/config.cmdline
VITIS-RUN internal step status: success

------------------------------------------
V++ command line :
------------------------------------------
/home/jam/xilinx/Vitis/2024.1/bin/unwrapped/lnx64.o/v++ -c --mode hls --config /home/jam/Downloads/HLS_Erosion_dilation/vitis_workspace/v1_MM_no_opt/hls_config.cfg --work_dir matrixmul 
  Options from -O    : 
  Options from *.ini : 
  Options from Hw Platform : 

==========================================
new:  steps log generated by v++ for new launch 
timestamp: 19 Jul 2025 16:22:46
------------------------------------------
V++ internal step: writing a config file for vitis_hls: /home/jam/Downloads/HLS_Erosion_dilation/vitis_workspace/v1_MM_no_opt/matrixmul/hls/config.cmdline
timestamp: 19 Jul 2025 16:22:46
V++ internal step status: success
------------------------------------------
V++ internal step: running vitis_hls
timestamp: 19 Jul 2025 16:22:46
working dir: /home/jam/Downloads/HLS_Erosion_dilation/vitis_workspace/v1_MM_no_opt
cmd: vitis_hls -nolog -run csynth -work_dir /home/jam/Downloads/HLS_Erosion_dilation/vitis_workspace/v1_MM_no_opt/matrixmul -config /home/jam/Downloads/HLS_Erosion_dilation/vitis_workspace/v1_MM_no_opt/hls_config.cfg -cmdlineconfig /home/jam/Downloads/HLS_Erosion_dilation/vitis_workspace/v1_MM_no_opt/matrixmul/hls/config.cmdline
V++ internal step status: success

------------------------------------------
VITIS-RUN command line :
------------------------------------------
/home/jam/xilinx/Vitis/2024.1/bin/unwrapped/lnx64.o/vitis-run --mode hls --cosim --config /home/jam/Downloads/HLS_Erosion_dilation/vitis_workspace/v1_MM_no_opt/hls_config.cfg --work_dir matrixmul 
  Options from -O    : 
  Options from *.ini : 
  Options from Hw Platform : 

==========================================
new:  steps log generated by v++ for new launch 
timestamp: 19 Jul 2025 16:34:40
------------------------------------------
VITIS-RUN internal step: writing a config file for vitis_hls: /home/jam/Downloads/HLS_Erosion_dilation/vitis_workspace/v1_MM_no_opt/matrixmul/hls/config.cmdline
timestamp: 19 Jul 2025 16:34:40
VITIS-RUN internal step status: success
------------------------------------------
VITIS-RUN internal step: running vitis_hls
timestamp: 19 Jul 2025 16:34:40
working dir: /home/jam/Downloads/HLS_Erosion_dilation/vitis_workspace/v1_MM_no_opt
cmd: vitis_hls -nolog -run cosim -work_dir /home/jam/Downloads/HLS_Erosion_dilation/vitis_workspace/v1_MM_no_opt/matrixmul -config /home/jam/Downloads/HLS_Erosion_dilation/vitis_workspace/v1_MM_no_opt/hls_config.cfg -cmdlineconfig /home/jam/Downloads/HLS_Erosion_dilation/vitis_workspace/v1_MM_no_opt/matrixmul/hls/config.cmdline
VITIS-RUN internal step status: success

------------------------------------------
VITIS-RUN command line :
------------------------------------------
/home/jam/xilinx/Vitis/2024.1/bin/unwrapped/lnx64.o/vitis-run --mode hls --cosim --config /home/jam/Downloads/HLS_Erosion_dilation/vitis_workspace/v1_MM_no_opt/hls_config.cfg --work_dir matrixmul 
  Options from -O    : 
  Options from *.ini : 
  Options from Hw Platform : 

==========================================
new:  steps log generated by v++ for new launch 
timestamp: 19 Jul 2025 16:43:27
------------------------------------------
VITIS-RUN internal step: writing a config file for vitis_hls: /home/jam/Downloads/HLS_Erosion_dilation/vitis_workspace/v1_MM_no_opt/matrixmul/hls/config.cmdline
timestamp: 19 Jul 2025 16:43:27
VITIS-RUN internal step status: success
------------------------------------------
VITIS-RUN internal step: running vitis_hls
timestamp: 19 Jul 2025 16:43:27
working dir: /home/jam/Downloads/HLS_Erosion_dilation/vitis_workspace/v1_MM_no_opt
cmd: vitis_hls -nolog -run cosim -work_dir /home/jam/Downloads/HLS_Erosion_dilation/vitis_workspace/v1_MM_no_opt/matrixmul -config /home/jam/Downloads/HLS_Erosion_dilation/vitis_workspace/v1_MM_no_opt/hls_config.cfg -cmdlineconfig /home/jam/Downloads/HLS_Erosion_dilation/vitis_workspace/v1_MM_no_opt/matrixmul/hls/config.cmdline
VITIS-RUN internal step status: success

------------------------------------------
VITIS-RUN command line :
------------------------------------------
/home/jam/xilinx/Vitis/2024.1/bin/unwrapped/lnx64.o/vitis-run --mode hls --package --config /home/jam/Downloads/HLS_Erosion_dilation/vitis_workspace/v1_MM_no_opt/hls_config.cfg --work_dir matrixmul 
  Options from -O    : 
  Options from *.ini : 
  Options from Hw Platform : 

==========================================
new:  steps log generated by v++ for new launch 
timestamp: 19 Jul 2025 16:45:59
------------------------------------------
VITIS-RUN internal step: writing a config file for vitis_hls: /home/jam/Downloads/HLS_Erosion_dilation/vitis_workspace/v1_MM_no_opt/matrixmul/hls/config.cmdline
timestamp: 19 Jul 2025 16:45:59
VITIS-RUN internal step status: success
------------------------------------------
VITIS-RUN internal step: running vitis_hls
timestamp: 19 Jul 2025 16:45:59
working dir: /home/jam/Downloads/HLS_Erosion_dilation/vitis_workspace/v1_MM_no_opt
cmd: vitis_hls -nolog -run package -work_dir /home/jam/Downloads/HLS_Erosion_dilation/vitis_workspace/v1_MM_no_opt/matrixmul -config /home/jam/Downloads/HLS_Erosion_dilation/vitis_workspace/v1_MM_no_opt/hls_config.cfg -cmdlineconfig /home/jam/Downloads/HLS_Erosion_dilation/vitis_workspace/v1_MM_no_opt/matrixmul/hls/config.cmdline
VITIS-RUN internal step status: success

------------------------------------------
VITIS-RUN command line :
------------------------------------------
/home/jam/xilinx/Vitis/2024.1/bin/unwrapped/lnx64.o/vitis-run --mode hls --impl --config /home/jam/Downloads/HLS_Erosion_dilation/vitis_workspace/v1_MM_no_opt/hls_config.cfg --work_dir matrixmul 
  Options from -O    : 
  Options from *.ini : 
  Options from Hw Platform : 

==========================================
new:  steps log generated by v++ for new launch 
timestamp: 19 Jul 2025 16:47:44
------------------------------------------
VITIS-RUN internal step: writing a config file for vitis_hls: /home/jam/Downloads/HLS_Erosion_dilation/vitis_workspace/v1_MM_no_opt/matrixmul/hls/config.cmdline
timestamp: 19 Jul 2025 16:47:44
VITIS-RUN internal step status: success
------------------------------------------
VITIS-RUN internal step: running vitis_hls
timestamp: 19 Jul 2025 16:47:44
working dir: /home/jam/Downloads/HLS_Erosion_dilation/vitis_workspace/v1_MM_no_opt
cmd: vitis_hls -nolog -run vivado -work_dir /home/jam/Downloads/HLS_Erosion_dilation/vitis_workspace/v1_MM_no_opt/matrixmul -config /home/jam/Downloads/HLS_Erosion_dilation/vitis_workspace/v1_MM_no_opt/hls_config.cfg -cmdlineconfig /home/jam/Downloads/HLS_Erosion_dilation/vitis_workspace/v1_MM_no_opt/matrixmul/hls/config.cmdline
VITIS-RUN internal step status: success
