Sat Jul 19 15:38:25 2025: Running xcd server. This server was built by gradle.
Sat Jul 19 15:38:25 2025: Server was asked to start on port: '40155'
Sat Jul 19 15:38:25 2025: Server is using token UUID: '68e3201d-4adb-41e0-889b-de4fc3c95919'
Sat Jul 19 15:38:25 2025: SESSION_MGR: creating session with session uuid: '6d04a3e9-ade5-4ab9-8d63-1f78fcd2ec76' and name 'default'
Sat Jul 19 15:38:25 2025: Attempting to start server on port '40155'
Sat Jul 19 15:38:25 2025: XCD main fifo: created main fifo '/tmp/xcdmain68e3201d-4adb-41e0-889b-de4fc3c95919', fd read = 13
Sat Jul 19 15:38:25 2025: Running Dispatch Server
Sat Jul 19 15:38:25 2025: Version 2.2.0
Sat Jul 19 15:38:26 2025: Dispatch Server: Accepted socket connection from client
Sat Jul 19 15:38:26 2025: Starting Socket connection
Sat Jul 19 15:38:26 2025: EXCHANGE_TOKEN received, server token: 68e3201d-4adb-41e0-889b-de4fc3c95919, passed token: 68e3201d-4adb-41e0-889b-de4fc3c95919
Sat Jul 19 15:38:26 2025: DISPATCH_HANDLER: Adding handler from function makeHandler in library libxv_system_diagram
Sat Jul 19 15:38:26 2025: SESSION_MGR: creating session with session uuid: 'e7f3f3f3-af29-43c7-97b0-a64065413dda' and name 'vitis-run_compile_matrixmul'
Sat Jul 19 15:38:26 2025: KERNEL_SVC: creating session with uuid: 'e7f3f3f3-af29-43c7-97b0-a64065413dda' and name 'vitis-run_compile_matrixmul'
Sat Jul 19 15:38:26 2025: GUIDANCE_SMGR: creating guidance session with uuid: 'e7f3f3f3-af29-43c7-97b0-a64065413dda' and name 'vitis-run_compile_matrixmul'
Sat Jul 19 15:38:26 2025: SYSTEM_DIAGRAM: creating session with uuid: 'e7f3f3f3-af29-43c7-97b0-a64065413dda' and name 'vitis-run_compile_matrixmul'
Sat Jul 19 15:38:31 2025: Dispatch Server: Accepted socket connection from client
Sat Jul 19 15:38:31 2025: Starting Socket connection
Sat Jul 19 15:38:36 2025: SESSION_MGR: closing session for UUID 'e7f3f3f3-af29-43c7-97b0-a64065413dda' with name 'vitis-run_compile_matrixmul'
Sat Jul 19 15:38:36 2025: KERNEL_SVC: closing session for UUID 'e7f3f3f3-af29-43c7-97b0-a64065413dda' with name 'vitis-run_compile_matrixmul'
Sat Jul 19 15:38:36 2025: GUIDANCE_SMGR: closing session for UUID 'e7f3f3f3-af29-43c7-97b0-a64065413dda' with name 'vitis-run_compile_matrixmul'
Sat Jul 19 15:38:36 2025: SYSTEM_DIAGRAM: closing session for UUID 'e7f3f3f3-af29-43c7-97b0-a64065413dda' with name 'vitis-run_compile_matrixmul'
Sat Jul 19 15:38:36 2025: STOP_SERVER received, server token: 68e3201d-4adb-41e0-889b-de4fc3c95919, passed token: 68e3201d-4adb-41e0-889b-de4fc3c95919
Sat Jul 19 15:38:36 2025: Socket received request to stop server.
Sat Jul 19 15:38:36 2025: Dispatch Server: do_await_stop
Sat Jul 19 15:38:36 2025: Dispatch Server: stopping mainFifo_
Sat Jul 19 15:38:36 2025: XCD main fifo: Stopping
Sat Jul 19 15:38:36 2025: XCD main fifo: do_read error code: Operation canceled
Sat Jul 19 15:38:36 2025: XCD main fifo: bytes_transferred: 0
Sat Jul 19 15:38:36 2025: SERVER: destructor for server bound to port 40155
Sat Jul 19 15:38:36 2025: XCD main fifo: Good unlink of /tmp/xcdmain68e3201d-4adb-41e0-889b-de4fc3c95919
Sat Jul 19 15:38:36 2025: Server exiting with status 0.
Sat Jul 19 15:38:36 2025: Closing log file.
Sat Jul 19 15:43:09 2025: Running xcd server. This server was built by gradle.
Sat Jul 19 15:43:09 2025: Server was asked to start on port: '46853'
Sat Jul 19 15:43:09 2025: Server is using token UUID: '3dd06765-d429-4a62-91d3-b9e5a434d8b3'
Sat Jul 19 15:43:09 2025: SESSION_MGR: creating session with session uuid: '6d04a3e9-ade5-4ab9-8d63-1f78fcd2ec76' and name 'default'
Sat Jul 19 15:43:09 2025: Attempting to start server on port '46853'
Sat Jul 19 15:43:09 2025: XCD main fifo: created main fifo '/tmp/xcdmain3dd06765-d429-4a62-91d3-b9e5a434d8b3', fd read = 13
Sat Jul 19 15:43:09 2025: Running Dispatch Server
Sat Jul 19 15:43:09 2025: Version 2.2.0
Sat Jul 19 15:43:10 2025: Dispatch Server: Accepted socket connection from client
Sat Jul 19 15:43:10 2025: Starting Socket connection
Sat Jul 19 15:43:10 2025: EXCHANGE_TOKEN received, server token: 3dd06765-d429-4a62-91d3-b9e5a434d8b3, passed token: 3dd06765-d429-4a62-91d3-b9e5a434d8b3
Sat Jul 19 15:43:11 2025: DISPATCH_HANDLER: Adding handler from function makeHandler in library libxv_system_diagram
Sat Jul 19 15:43:11 2025: SESSION_MGR: creating session with session uuid: '744022fb-f82e-4b9b-b408-f75f851851ae' and name 'vitis-run_compile_matrixmul'
Sat Jul 19 15:43:11 2025: KERNEL_SVC: creating session with uuid: '744022fb-f82e-4b9b-b408-f75f851851ae' and name 'vitis-run_compile_matrixmul'
Sat Jul 19 15:43:11 2025: GUIDANCE_SMGR: creating guidance session with uuid: '744022fb-f82e-4b9b-b408-f75f851851ae' and name 'vitis-run_compile_matrixmul'
Sat Jul 19 15:43:11 2025: SYSTEM_DIAGRAM: creating session with uuid: '744022fb-f82e-4b9b-b408-f75f851851ae' and name 'vitis-run_compile_matrixmul'
Sat Jul 19 15:43:17 2025: Dispatch Server: Accepted socket connection from client
Sat Jul 19 15:43:17 2025: Starting Socket connection
Sat Jul 19 15:43:21 2025: SESSION_MGR: closing session for UUID '744022fb-f82e-4b9b-b408-f75f851851ae' with name 'vitis-run_compile_matrixmul'
Sat Jul 19 15:43:21 2025: KERNEL_SVC: closing session for UUID '744022fb-f82e-4b9b-b408-f75f851851ae' with name 'vitis-run_compile_matrixmul'
Sat Jul 19 15:43:21 2025: GUIDANCE_SMGR: closing session for UUID '744022fb-f82e-4b9b-b408-f75f851851ae' with name 'vitis-run_compile_matrixmul'
Sat Jul 19 15:43:21 2025: SYSTEM_DIAGRAM: closing session for UUID '744022fb-f82e-4b9b-b408-f75f851851ae' with name 'vitis-run_compile_matrixmul'
Sat Jul 19 15:43:21 2025: STOP_SERVER received, server token: 3dd06765-d429-4a62-91d3-b9e5a434d8b3, passed token: 3dd06765-d429-4a62-91d3-b9e5a434d8b3
Sat Jul 19 15:43:21 2025: Socket received request to stop server.
Sat Jul 19 15:43:21 2025: Dispatch Server: do_await_stop
Sat Jul 19 15:43:21 2025: Dispatch Server: stopping mainFifo_
Sat Jul 19 15:43:21 2025: XCD main fifo: Stopping
Sat Jul 19 15:43:21 2025: XCD main fifo: do_read error code: Operation canceled
Sat Jul 19 15:43:21 2025: XCD main fifo: bytes_transferred: 0
Sat Jul 19 15:43:21 2025: SERVER: destructor for server bound to port 46853
Sat Jul 19 15:43:21 2025: XCD main fifo: Good unlink of /tmp/xcdmain3dd06765-d429-4a62-91d3-b9e5a434d8b3
Sat Jul 19 15:43:21 2025: Server exiting with status 0.
Sat Jul 19 15:43:21 2025: Closing log file.
Sat Jul 19 16:15:50 2025: Running xcd server. This server was built by gradle.
Sat Jul 19 16:15:50 2025: Server was asked to start on port: '33463'
Sat Jul 19 16:15:50 2025: Server is using token UUID: '0a72f892-e451-4162-89bf-678f31282097'
Sat Jul 19 16:15:50 2025: SESSION_MGR: creating session with session uuid: '6d04a3e9-ade5-4ab9-8d63-1f78fcd2ec76' and name 'default'
Sat Jul 19 16:15:50 2025: Attempting to start server on port '33463'
Sat Jul 19 16:15:50 2025: XCD main fifo: created main fifo '/tmp/xcdmain0a72f892-e451-4162-89bf-678f31282097', fd read = 13
Sat Jul 19 16:15:50 2025: Running Dispatch Server
Sat Jul 19 16:15:50 2025: Version 2.2.0
Sat Jul 19 16:15:51 2025: Dispatch Server: Accepted socket connection from client
Sat Jul 19 16:15:51 2025: Starting Socket connection
Sat Jul 19 16:15:51 2025: EXCHANGE_TOKEN received, server token: 0a72f892-e451-4162-89bf-678f31282097, passed token: 0a72f892-e451-4162-89bf-678f31282097
Sat Jul 19 16:15:51 2025: DISPATCH_HANDLER: Adding handler from function makeHandler in library libxv_system_diagram
Sat Jul 19 16:15:51 2025: SESSION_MGR: creating session with session uuid: '784fdd6e-b04f-434f-a9cd-dd2997744df2' and name 'v++_compile_matrixmul'
Sat Jul 19 16:15:51 2025: KERNEL_SVC: creating session with uuid: '784fdd6e-b04f-434f-a9cd-dd2997744df2' and name 'v++_compile_matrixmul'
Sat Jul 19 16:15:51 2025: GUIDANCE_SMGR: creating guidance session with uuid: '784fdd6e-b04f-434f-a9cd-dd2997744df2' and name 'v++_compile_matrixmul'
Sat Jul 19 16:15:51 2025: SYSTEM_DIAGRAM: creating session with uuid: '784fdd6e-b04f-434f-a9cd-dd2997744df2' and name 'v++_compile_matrixmul'
Sat Jul 19 16:15:57 2025: Dispatch Server: Accepted socket connection from client
Sat Jul 19 16:15:57 2025: Starting Socket connection
Sat Jul 19 16:16:08 2025: SESSION_MGR: closing session for UUID '784fdd6e-b04f-434f-a9cd-dd2997744df2' with name 'v++_compile_matrixmul'
Sat Jul 19 16:16:08 2025: KERNEL_SVC: closing session for UUID '784fdd6e-b04f-434f-a9cd-dd2997744df2' with name 'v++_compile_matrixmul'
Sat Jul 19 16:16:08 2025: GUIDANCE_SMGR: closing session for UUID '784fdd6e-b04f-434f-a9cd-dd2997744df2' with name 'v++_compile_matrixmul'
Sat Jul 19 16:16:08 2025: SYSTEM_DIAGRAM: closing session for UUID '784fdd6e-b04f-434f-a9cd-dd2997744df2' with name 'v++_compile_matrixmul'
Sat Jul 19 16:16:08 2025: STOP_SERVER received, server token: 0a72f892-e451-4162-89bf-678f31282097, passed token: 0a72f892-e451-4162-89bf-678f31282097
Sat Jul 19 16:16:08 2025: Socket received request to stop server.
Sat Jul 19 16:16:08 2025: Dispatch Server: do_await_stop
Sat Jul 19 16:16:08 2025: Dispatch Server: stopping mainFifo_
Sat Jul 19 16:16:08 2025: XCD main fifo: Stopping
Sat Jul 19 16:16:08 2025: XCD main fifo: do_read error code: Operation canceled
Sat Jul 19 16:16:08 2025: XCD main fifo: bytes_transferred: 0
Sat Jul 19 16:16:08 2025: SERVER: destructor for server bound to port 33463
Sat Jul 19 16:16:08 2025: XCD main fifo: Good unlink of /tmp/xcdmain0a72f892-e451-4162-89bf-678f31282097
Sat Jul 19 16:16:08 2025: Server exiting with status 0.
Sat Jul 19 16:16:08 2025: Closing log file.
Sat Jul 19 16:22:22 2025: Running xcd server. This server was built by gradle.
Sat Jul 19 16:22:22 2025: Server was asked to start on port: '34541'
Sat Jul 19 16:22:22 2025: Server is using token UUID: 'af485384-58ac-404d-b2a7-ef4cc026f224'
Sat Jul 19 16:22:22 2025: SESSION_MGR: creating session with session uuid: '6d04a3e9-ade5-4ab9-8d63-1f78fcd2ec76' and name 'default'
Sat Jul 19 16:22:22 2025: Attempting to start server on port '34541'
Sat Jul 19 16:22:22 2025: XCD main fifo: created main fifo '/tmp/xcdmainaf485384-58ac-404d-b2a7-ef4cc026f224', fd read = 13
Sat Jul 19 16:22:22 2025: Running Dispatch Server
Sat Jul 19 16:22:22 2025: Version 2.2.0
Sat Jul 19 16:22:23 2025: Dispatch Server: Accepted socket connection from client
Sat Jul 19 16:22:23 2025: Starting Socket connection
Sat Jul 19 16:22:23 2025: EXCHANGE_TOKEN received, server token: af485384-58ac-404d-b2a7-ef4cc026f224, passed token: af485384-58ac-404d-b2a7-ef4cc026f224
Sat Jul 19 16:22:23 2025: DISPATCH_HANDLER: Adding handler from function makeHandler in library libxv_system_diagram
Sat Jul 19 16:22:23 2025: SESSION_MGR: creating session with session uuid: '9869e2a9-bb4e-4496-b6fc-9f8bca805c54' and name 'vitis-run_compile_matrixmul'
Sat Jul 19 16:22:23 2025: KERNEL_SVC: creating session with uuid: '9869e2a9-bb4e-4496-b6fc-9f8bca805c54' and name 'vitis-run_compile_matrixmul'
Sat Jul 19 16:22:23 2025: GUIDANCE_SMGR: creating guidance session with uuid: '9869e2a9-bb4e-4496-b6fc-9f8bca805c54' and name 'vitis-run_compile_matrixmul'
Sat Jul 19 16:22:23 2025: SYSTEM_DIAGRAM: creating session with uuid: '9869e2a9-bb4e-4496-b6fc-9f8bca805c54' and name 'vitis-run_compile_matrixmul'
Sat Jul 19 16:22:29 2025: Dispatch Server: Accepted socket connection from client
Sat Jul 19 16:22:29 2025: Starting Socket connection
Sat Jul 19 16:22:34 2025: SESSION_MGR: closing session for UUID '9869e2a9-bb4e-4496-b6fc-9f8bca805c54' with name 'vitis-run_compile_matrixmul'
Sat Jul 19 16:22:34 2025: KERNEL_SVC: closing session for UUID '9869e2a9-bb4e-4496-b6fc-9f8bca805c54' with name 'vitis-run_compile_matrixmul'
Sat Jul 19 16:22:34 2025: GUIDANCE_SMGR: closing session for UUID '9869e2a9-bb4e-4496-b6fc-9f8bca805c54' with name 'vitis-run_compile_matrixmul'
Sat Jul 19 16:22:34 2025: SYSTEM_DIAGRAM: closing session for UUID '9869e2a9-bb4e-4496-b6fc-9f8bca805c54' with name 'vitis-run_compile_matrixmul'
Sat Jul 19 16:22:34 2025: STOP_SERVER received, server token: af485384-58ac-404d-b2a7-ef4cc026f224, passed token: af485384-58ac-404d-b2a7-ef4cc026f224
Sat Jul 19 16:22:34 2025: Socket received request to stop server.
Sat Jul 19 16:22:34 2025: Dispatch Server: do_await_stop
Sat Jul 19 16:22:34 2025: Dispatch Server: stopping mainFifo_
Sat Jul 19 16:22:34 2025: XCD main fifo: Stopping
Sat Jul 19 16:22:34 2025: XCD main fifo: do_read error code: Operation canceled
Sat Jul 19 16:22:34 2025: XCD main fifo: bytes_transferred: 0
Sat Jul 19 16:22:34 2025: SERVER: destructor for server bound to port 34541
Sat Jul 19 16:22:34 2025: XCD main fifo: Good unlink of /tmp/xcdmainaf485384-58ac-404d-b2a7-ef4cc026f224
Sat Jul 19 16:22:34 2025: Server exiting with status 0.
Sat Jul 19 16:22:34 2025: Closing log file.
Sat Jul 19 16:22:45 2025: Running xcd server. This server was built by gradle.
Sat Jul 19 16:22:45 2025: Server was asked to start on port: '44425'
Sat Jul 19 16:22:45 2025: Server is using token UUID: '716b4d71-9381-4496-a7bc-2278093622f0'
Sat Jul 19 16:22:45 2025: SESSION_MGR: creating session with session uuid: '6d04a3e9-ade5-4ab9-8d63-1f78fcd2ec76' and name 'default'
Sat Jul 19 16:22:45 2025: Attempting to start server on port '44425'
Sat Jul 19 16:22:45 2025: XCD main fifo: created main fifo '/tmp/xcdmain716b4d71-9381-4496-a7bc-2278093622f0', fd read = 13
Sat Jul 19 16:22:45 2025: Running Dispatch Server
Sat Jul 19 16:22:45 2025: Version 2.2.0
Sat Jul 19 16:22:46 2025: Dispatch Server: Accepted socket connection from client
Sat Jul 19 16:22:46 2025: Starting Socket connection
Sat Jul 19 16:22:46 2025: EXCHANGE_TOKEN received, server token: 716b4d71-9381-4496-a7bc-2278093622f0, passed token: 716b4d71-9381-4496-a7bc-2278093622f0
Sat Jul 19 16:22:46 2025: DISPATCH_HANDLER: Adding handler from function makeHandler in library libxv_system_diagram
Sat Jul 19 16:22:46 2025: SESSION_MGR: creating session with session uuid: '1b74d6e9-9eb8-4f92-9530-643607544ded' and name 'v++_compile_matrixmul'
Sat Jul 19 16:22:46 2025: KERNEL_SVC: creating session with uuid: '1b74d6e9-9eb8-4f92-9530-643607544ded' and name 'v++_compile_matrixmul'
Sat Jul 19 16:22:46 2025: GUIDANCE_SMGR: creating guidance session with uuid: '1b74d6e9-9eb8-4f92-9530-643607544ded' and name 'v++_compile_matrixmul'
Sat Jul 19 16:22:46 2025: SYSTEM_DIAGRAM: creating session with uuid: '1b74d6e9-9eb8-4f92-9530-643607544ded' and name 'v++_compile_matrixmul'
Sat Jul 19 16:22:52 2025: Dispatch Server: Accepted socket connection from client
Sat Jul 19 16:22:52 2025: Starting Socket connection
Sat Jul 19 16:23:03 2025: SESSION_MGR: closing session for UUID '1b74d6e9-9eb8-4f92-9530-643607544ded' with name 'v++_compile_matrixmul'
Sat Jul 19 16:23:03 2025: KERNEL_SVC: closing session for UUID '1b74d6e9-9eb8-4f92-9530-643607544ded' with name 'v++_compile_matrixmul'
Sat Jul 19 16:23:03 2025: GUIDANCE_SMGR: closing session for UUID '1b74d6e9-9eb8-4f92-9530-643607544ded' with name 'v++_compile_matrixmul'
Sat Jul 19 16:23:03 2025: SYSTEM_DIAGRAM: closing session for UUID '1b74d6e9-9eb8-4f92-9530-643607544ded' with name 'v++_compile_matrixmul'
Sat Jul 19 16:23:03 2025: STOP_SERVER received, server token: 716b4d71-9381-4496-a7bc-2278093622f0, passed token: 716b4d71-9381-4496-a7bc-2278093622f0
Sat Jul 19 16:23:03 2025: Socket received request to stop server.
Sat Jul 19 16:23:03 2025: Dispatch Server: do_await_stop
Sat Jul 19 16:23:03 2025: Dispatch Server: stopping mainFifo_
Sat Jul 19 16:23:03 2025: XCD main fifo: Stopping
Sat Jul 19 16:23:03 2025: XCD main fifo: do_read error code: Operation canceled
Sat Jul 19 16:23:03 2025: XCD main fifo: bytes_transferred: 0
Sat Jul 19 16:23:03 2025: SERVER: destructor for server bound to port 44425
Sat Jul 19 16:23:03 2025: XCD main fifo: Good unlink of /tmp/xcdmain716b4d71-9381-4496-a7bc-2278093622f0
Sat Jul 19 16:23:03 2025: Server exiting with status 0.
Sat Jul 19 16:23:03 2025: Closing log file.
Sat Jul 19 16:34:39 2025: Running xcd server. This server was built by gradle.
Sat Jul 19 16:34:39 2025: Server was asked to start on port: '43677'
Sat Jul 19 16:34:39 2025: Server is using token UUID: 'fa4f54da-6a74-40e2-bedd-fc6727867ade'
Sat Jul 19 16:34:39 2025: SESSION_MGR: creating session with session uuid: '6d04a3e9-ade5-4ab9-8d63-1f78fcd2ec76' and name 'default'
Sat Jul 19 16:34:39 2025: Attempting to start server on port '43677'
Sat Jul 19 16:34:39 2025: XCD main fifo: created main fifo '/tmp/xcdmainfa4f54da-6a74-40e2-bedd-fc6727867ade', fd read = 13
Sat Jul 19 16:34:39 2025: Running Dispatch Server
Sat Jul 19 16:34:39 2025: Version 2.2.0
Sat Jul 19 16:34:40 2025: Dispatch Server: Accepted socket connection from client
Sat Jul 19 16:34:40 2025: Starting Socket connection
Sat Jul 19 16:34:40 2025: EXCHANGE_TOKEN received, server token: fa4f54da-6a74-40e2-bedd-fc6727867ade, passed token: fa4f54da-6a74-40e2-bedd-fc6727867ade
Sat Jul 19 16:34:40 2025: DISPATCH_HANDLER: Adding handler from function makeHandler in library libxv_system_diagram
Sat Jul 19 16:34:40 2025: SESSION_MGR: creating session with session uuid: '3f8e6fc7-7c8b-4970-89e5-60d087b0d677' and name 'vitis-run_compile_matrixmul'
Sat Jul 19 16:34:40 2025: KERNEL_SVC: creating session with uuid: '3f8e6fc7-7c8b-4970-89e5-60d087b0d677' and name 'vitis-run_compile_matrixmul'
Sat Jul 19 16:34:40 2025: GUIDANCE_SMGR: creating guidance session with uuid: '3f8e6fc7-7c8b-4970-89e5-60d087b0d677' and name 'vitis-run_compile_matrixmul'
Sat Jul 19 16:34:40 2025: SYSTEM_DIAGRAM: creating session with uuid: '3f8e6fc7-7c8b-4970-89e5-60d087b0d677' and name 'vitis-run_compile_matrixmul'
Sat Jul 19 16:34:47 2025: Dispatch Server: Accepted socket connection from client
Sat Jul 19 16:34:47 2025: Starting Socket connection
Sat Jul 19 16:35:04 2025: SESSION_MGR: closing session for UUID '3f8e6fc7-7c8b-4970-89e5-60d087b0d677' with name 'vitis-run_compile_matrixmul'
Sat Jul 19 16:35:04 2025: KERNEL_SVC: closing session for UUID '3f8e6fc7-7c8b-4970-89e5-60d087b0d677' with name 'vitis-run_compile_matrixmul'
Sat Jul 19 16:35:04 2025: GUIDANCE_SMGR: closing session for UUID '3f8e6fc7-7c8b-4970-89e5-60d087b0d677' with name 'vitis-run_compile_matrixmul'
Sat Jul 19 16:35:04 2025: SYSTEM_DIAGRAM: closing session for UUID '3f8e6fc7-7c8b-4970-89e5-60d087b0d677' with name 'vitis-run_compile_matrixmul'
Sat Jul 19 16:35:04 2025: STOP_SERVER received, server token: fa4f54da-6a74-40e2-bedd-fc6727867ade, passed token: fa4f54da-6a74-40e2-bedd-fc6727867ade
Sat Jul 19 16:35:04 2025: Socket received request to stop server.
Sat Jul 19 16:35:04 2025: Dispatch Server: do_await_stop
Sat Jul 19 16:35:04 2025: Dispatch Server: stopping mainFifo_
Sat Jul 19 16:35:04 2025: XCD main fifo: Stopping
Sat Jul 19 16:35:04 2025: XCD main fifo: do_read error code: Operation canceled
Sat Jul 19 16:35:04 2025: XCD main fifo: bytes_transferred: 0
Sat Jul 19 16:35:04 2025: SERVER: destructor for server bound to port 43677
Sat Jul 19 16:35:04 2025: XCD main fifo: Good unlink of /tmp/xcdmainfa4f54da-6a74-40e2-bedd-fc6727867ade
Sat Jul 19 16:35:04 2025: Server exiting with status 0.
Sat Jul 19 16:35:04 2025: Closing log file.
Sat Jul 19 16:43:26 2025: Running xcd server. This server was built by gradle.
Sat Jul 19 16:43:26 2025: Server was asked to start on port: '37597'
Sat Jul 19 16:43:26 2025: Server is using token UUID: '9919c97b-2607-4f9b-9255-350c3ed1f692'
Sat Jul 19 16:43:26 2025: SESSION_MGR: creating session with session uuid: '6d04a3e9-ade5-4ab9-8d63-1f78fcd2ec76' and name 'default'
Sat Jul 19 16:43:26 2025: Attempting to start server on port '37597'
Sat Jul 19 16:43:26 2025: XCD main fifo: created main fifo '/tmp/xcdmain9919c97b-2607-4f9b-9255-350c3ed1f692', fd read = 13
Sat Jul 19 16:43:26 2025: Running Dispatch Server
Sat Jul 19 16:43:26 2025: Version 2.2.0
Sat Jul 19 16:43:27 2025: Dispatch Server: Accepted socket connection from client
Sat Jul 19 16:43:27 2025: Starting Socket connection
Sat Jul 19 16:43:27 2025: EXCHANGE_TOKEN received, server token: 9919c97b-2607-4f9b-9255-350c3ed1f692, passed token: 9919c97b-2607-4f9b-9255-350c3ed1f692
Sat Jul 19 16:43:27 2025: DISPATCH_HANDLER: Adding handler from function makeHandler in library libxv_system_diagram
Sat Jul 19 16:43:27 2025: SESSION_MGR: creating session with session uuid: '4504346f-fdf1-4270-9d43-5accacb058f6' and name 'vitis-run_compile_matrixmul'
Sat Jul 19 16:43:27 2025: KERNEL_SVC: creating session with uuid: '4504346f-fdf1-4270-9d43-5accacb058f6' and name 'vitis-run_compile_matrixmul'
Sat Jul 19 16:43:27 2025: GUIDANCE_SMGR: creating guidance session with uuid: '4504346f-fdf1-4270-9d43-5accacb058f6' and name 'vitis-run_compile_matrixmul'
Sat Jul 19 16:43:27 2025: SYSTEM_DIAGRAM: creating session with uuid: '4504346f-fdf1-4270-9d43-5accacb058f6' and name 'vitis-run_compile_matrixmul'
Sat Jul 19 16:43:33 2025: Dispatch Server: Accepted socket connection from client
Sat Jul 19 16:43:33 2025: Starting Socket connection
Sat Jul 19 16:43:51 2025: SESSION_MGR: closing session for UUID '4504346f-fdf1-4270-9d43-5accacb058f6' with name 'vitis-run_compile_matrixmul'
Sat Jul 19 16:43:51 2025: KERNEL_SVC: closing session for UUID '4504346f-fdf1-4270-9d43-5accacb058f6' with name 'vitis-run_compile_matrixmul'
Sat Jul 19 16:43:51 2025: GUIDANCE_SMGR: closing session for UUID '4504346f-fdf1-4270-9d43-5accacb058f6' with name 'vitis-run_compile_matrixmul'
Sat Jul 19 16:43:51 2025: SYSTEM_DIAGRAM: closing session for UUID '4504346f-fdf1-4270-9d43-5accacb058f6' with name 'vitis-run_compile_matrixmul'
Sat Jul 19 16:43:51 2025: STOP_SERVER received, server token: 9919c97b-2607-4f9b-9255-350c3ed1f692, passed token: 9919c97b-2607-4f9b-9255-350c3ed1f692
Sat Jul 19 16:43:51 2025: Socket received request to stop server.
Sat Jul 19 16:43:51 2025: Dispatch Server: do_await_stop
Sat Jul 19 16:43:51 2025: Dispatch Server: stopping mainFifo_
Sat Jul 19 16:43:51 2025: XCD main fifo: Stopping
Sat Jul 19 16:43:51 2025: XCD main fifo: do_read error code: Operation canceled
Sat Jul 19 16:43:51 2025: XCD main fifo: bytes_transferred: 0
Sat Jul 19 16:43:51 2025: SERVER: destructor for server bound to port 37597
Sat Jul 19 16:43:51 2025: XCD main fifo: Good unlink of /tmp/xcdmain9919c97b-2607-4f9b-9255-350c3ed1f692
Sat Jul 19 16:43:51 2025: Server exiting with status 0.
Sat Jul 19 16:43:51 2025: Closing log file.
Sat Jul 19 16:45:58 2025: Running xcd server. This server was built by gradle.
Sat Jul 19 16:45:58 2025: Server was asked to start on port: '45043'
Sat Jul 19 16:45:58 2025: Server is using token UUID: '36edb4e2-18ea-486b-b063-58f722d04344'
Sat Jul 19 16:45:58 2025: SESSION_MGR: creating session with session uuid: '6d04a3e9-ade5-4ab9-8d63-1f78fcd2ec76' and name 'default'
Sat Jul 19 16:45:58 2025: Attempting to start server on port '45043'
Sat Jul 19 16:45:58 2025: XCD main fifo: created main fifo '/tmp/xcdmain36edb4e2-18ea-486b-b063-58f722d04344', fd read = 13
Sat Jul 19 16:45:58 2025: Running Dispatch Server
Sat Jul 19 16:45:58 2025: Version 2.2.0
Sat Jul 19 16:45:59 2025: Dispatch Server: Accepted socket connection from client
Sat Jul 19 16:45:59 2025: Starting Socket connection
Sat Jul 19 16:45:59 2025: EXCHANGE_TOKEN received, server token: 36edb4e2-18ea-486b-b063-58f722d04344, passed token: 36edb4e2-18ea-486b-b063-58f722d04344
Sat Jul 19 16:45:59 2025: DISPATCH_HANDLER: Adding handler from function makeHandler in library libxv_system_diagram
Sat Jul 19 16:45:59 2025: SESSION_MGR: creating session with session uuid: 'ba965edc-229e-4cf1-96d8-9a913f2d506c' and name 'vitis-run_compile_matrixmul'
Sat Jul 19 16:45:59 2025: KERNEL_SVC: creating session with uuid: 'ba965edc-229e-4cf1-96d8-9a913f2d506c' and name 'vitis-run_compile_matrixmul'
Sat Jul 19 16:45:59 2025: GUIDANCE_SMGR: creating guidance session with uuid: 'ba965edc-229e-4cf1-96d8-9a913f2d506c' and name 'vitis-run_compile_matrixmul'
Sat Jul 19 16:45:59 2025: SYSTEM_DIAGRAM: creating session with uuid: 'ba965edc-229e-4cf1-96d8-9a913f2d506c' and name 'vitis-run_compile_matrixmul'
Sat Jul 19 16:46:06 2025: Dispatch Server: Accepted socket connection from client
Sat Jul 19 16:46:06 2025: Starting Socket connection
Sat Jul 19 16:46:32 2025: SESSION_MGR: closing session for UUID 'ba965edc-229e-4cf1-96d8-9a913f2d506c' with name 'vitis-run_compile_matrixmul'
Sat Jul 19 16:46:32 2025: KERNEL_SVC: closing session for UUID 'ba965edc-229e-4cf1-96d8-9a913f2d506c' with name 'vitis-run_compile_matrixmul'
Sat Jul 19 16:46:32 2025: GUIDANCE_SMGR: closing session for UUID 'ba965edc-229e-4cf1-96d8-9a913f2d506c' with name 'vitis-run_compile_matrixmul'
Sat Jul 19 16:46:32 2025: SYSTEM_DIAGRAM: closing session for UUID 'ba965edc-229e-4cf1-96d8-9a913f2d506c' with name 'vitis-run_compile_matrixmul'
Sat Jul 19 16:46:32 2025: STOP_SERVER received, server token: 36edb4e2-18ea-486b-b063-58f722d04344, passed token: 36edb4e2-18ea-486b-b063-58f722d04344
Sat Jul 19 16:46:32 2025: Socket received request to stop server.
Sat Jul 19 16:46:32 2025: Dispatch Server: do_await_stop
Sat Jul 19 16:46:32 2025: Dispatch Server: stopping mainFifo_
Sat Jul 19 16:46:32 2025: XCD main fifo: Stopping
Sat Jul 19 16:46:32 2025: XCD main fifo: do_read error code: Operation canceled
Sat Jul 19 16:46:32 2025: XCD main fifo: bytes_transferred: 0
Sat Jul 19 16:46:32 2025: SERVER: destructor for server bound to port 45043
Sat Jul 19 16:46:32 2025: XCD main fifo: Good unlink of /tmp/xcdmain36edb4e2-18ea-486b-b063-58f722d04344
Sat Jul 19 16:46:32 2025: Server exiting with status 0.
Sat Jul 19 16:46:32 2025: Closing log file.
Sat Jul 19 16:47:43 2025: Running xcd server. This server was built by gradle.
Sat Jul 19 16:47:43 2025: Server was asked to start on port: '39169'
Sat Jul 19 16:47:43 2025: Server is using token UUID: 'cc86a177-f698-4d06-ad78-05fb2c53a1aa'
Sat Jul 19 16:47:43 2025: SESSION_MGR: creating session with session uuid: '6d04a3e9-ade5-4ab9-8d63-1f78fcd2ec76' and name 'default'
Sat Jul 19 16:47:43 2025: Attempting to start server on port '39169'
Sat Jul 19 16:47:43 2025: XCD main fifo: created main fifo '/tmp/xcdmaincc86a177-f698-4d06-ad78-05fb2c53a1aa', fd read = 13
Sat Jul 19 16:47:43 2025: Running Dispatch Server
Sat Jul 19 16:47:43 2025: Version 2.2.0
Sat Jul 19 16:47:44 2025: Dispatch Server: Accepted socket connection from client
Sat Jul 19 16:47:44 2025: Starting Socket connection
Sat Jul 19 16:47:44 2025: EXCHANGE_TOKEN received, server token: cc86a177-f698-4d06-ad78-05fb2c53a1aa, passed token: cc86a177-f698-4d06-ad78-05fb2c53a1aa
Sat Jul 19 16:47:44 2025: DISPATCH_HANDLER: Adding handler from function makeHandler in library libxv_system_diagram
Sat Jul 19 16:47:44 2025: SESSION_MGR: creating session with session uuid: '3acddb00-3ff1-472a-a88a-efc7d72ef238' and name 'vitis-run_compile_matrixmul'
Sat Jul 19 16:47:44 2025: KERNEL_SVC: creating session with uuid: '3acddb00-3ff1-472a-a88a-efc7d72ef238' and name 'vitis-run_compile_matrixmul'
Sat Jul 19 16:47:44 2025: GUIDANCE_SMGR: creating guidance session with uuid: '3acddb00-3ff1-472a-a88a-efc7d72ef238' and name 'vitis-run_compile_matrixmul'
Sat Jul 19 16:47:44 2025: SYSTEM_DIAGRAM: creating session with uuid: '3acddb00-3ff1-472a-a88a-efc7d72ef238' and name 'vitis-run_compile_matrixmul'
Sat Jul 19 16:47:50 2025: Dispatch Server: Accepted socket connection from client
Sat Jul 19 16:47:50 2025: Starting Socket connection
Sat Jul 19 16:48:50 2025: Dispatch Server: Accepted socket connection from client
Sat Jul 19 16:48:50 2025: Starting Socket connection
Sat Jul 19 16:50:07 2025: Dispatch Server: Accepted socket connection from client
Sat Jul 19 16:50:07 2025: Starting Socket connection
Sat Jul 19 16:52:09 2025: Dispatch Server: Accepted socket connection from client
Sat Jul 19 16:52:09 2025: Starting Socket connection
Sat Jul 19 16:54:50 2025: SESSION_MGR: closing session for UUID '3acddb00-3ff1-472a-a88a-efc7d72ef238' with name 'vitis-run_compile_matrixmul'
Sat Jul 19 16:54:50 2025: KERNEL_SVC: closing session for UUID '3acddb00-3ff1-472a-a88a-efc7d72ef238' with name 'vitis-run_compile_matrixmul'
Sat Jul 19 16:54:50 2025: GUIDANCE_SMGR: closing session for UUID '3acddb00-3ff1-472a-a88a-efc7d72ef238' with name 'vitis-run_compile_matrixmul'
Sat Jul 19 16:54:50 2025: SYSTEM_DIAGRAM: closing session for UUID '3acddb00-3ff1-472a-a88a-efc7d72ef238' with name 'vitis-run_compile_matrixmul'
Sat Jul 19 16:54:50 2025: STOP_SERVER received, server token: cc86a177-f698-4d06-ad78-05fb2c53a1aa, passed token: cc86a177-f698-4d06-ad78-05fb2c53a1aa
Sat Jul 19 16:54:50 2025: Socket received request to stop server.
Sat Jul 19 16:54:50 2025: Dispatch Server: do_await_stop
Sat Jul 19 16:54:50 2025: Dispatch Server: stopping mainFifo_
Sat Jul 19 16:54:50 2025: XCD main fifo: Stopping
Sat Jul 19 16:54:50 2025: XCD main fifo: do_read error code: Operation canceled
Sat Jul 19 16:54:50 2025: XCD main fifo: bytes_transferred: 0
Sat Jul 19 16:54:50 2025: SERVER: destructor for server bound to port 39169
Sat Jul 19 16:54:50 2025: XCD main fifo: Good unlink of /tmp/xcdmaincc86a177-f698-4d06-ad78-05fb2c53a1aa
Sat Jul 19 16:54:50 2025: Server exiting with status 0.
Sat Jul 19 16:54:50 2025: Closing log file.
