INFO-FLOW: Workspace /home/jam/Downloads/HLS_Erosion_dilation/vitis_workspace/MM_FifoInterface/MM_FifoInterface/hls opened at Sat Jul 19 17:49:43 PKT 2025
Execute     send_msg_by_id INFO @200-1505@%s%s default  vivado 
INFO: [HLS 200-1505] Using default flow_target 'vivado'
Execute   apply_ini /home/jam/Downloads/HLS_Erosion_dilation/vitis_workspace/MM_FifoInterface/hls_config.cfg 
Execute     send_msg_by_id INFO @200-1465@%s 'syn.file=/home/jam/Downloads/HLS_Erosion_dilation/vitis_workspace/files/matrixmul.cpp' from /home/jam/Downloads/HLS_Erosion_dilation/vitis_workspace/MM_FifoInterface/hls_config.cfg(8) 
INFO: [HLS 200-1465] Applying ini 'syn.file=/home/jam/Downloads/HLS_Erosion_dilation/vitis_workspace/files/matrixmul.cpp' from /home/jam/Downloads/HLS_Erosion_dilation/vitis_workspace/MM_FifoInterface/hls_config.cfg(8)
Execute     add_files /home/jam/Downloads/HLS_Erosion_dilation/vitis_workspace/files/matrixmul.cpp 
INFO: [HLS 200-10] Adding design file '/home/jam/Downloads/HLS_Erosion_dilation/vitis_workspace/files/matrixmul.cpp' to the project
Execute     send_msg_by_id INFO @200-1465@%s 'tb.file=/home/jam/Downloads/HLS_Erosion_dilation/vitis_workspace/files/matrixmul_test.cpp' from /home/jam/Downloads/HLS_Erosion_dilation/vitis_workspace/MM_FifoInterface/hls_config.cfg(9) 
INFO: [HLS 200-1465] Applying ini 'tb.file=/home/jam/Downloads/HLS_Erosion_dilation/vitis_workspace/files/matrixmul_test.cpp' from /home/jam/Downloads/HLS_Erosion_dilation/vitis_workspace/MM_FifoInterface/hls_config.cfg(9)
Execute     add_files -tb /home/jam/Downloads/HLS_Erosion_dilation/vitis_workspace/files/matrixmul_test.cpp 
INFO: [HLS 200-10] Adding test bench file '/home/jam/Downloads/HLS_Erosion_dilation/vitis_workspace/files/matrixmul_test.cpp' to the project
Execute     send_msg_by_id INFO @200-1465@%s 'tb.file_cflags=/home/jam/Downloads/HLS_Erosion_dilation/vitis_workspace/files/matrixmul_test.cpp,-DHW_COSIM' from /home/jam/Downloads/HLS_Erosion_dilation/vitis_workspace/MM_FifoInterface/hls_config.cfg(10) 
INFO: [HLS 200-1465] Applying ini 'tb.file_cflags=/home/jam/Downloads/HLS_Erosion_dilation/vitis_workspace/files/matrixmul_test.cpp,-DHW_COSIM' from /home/jam/Downloads/HLS_Erosion_dilation/vitis_workspace/MM_FifoInterface/hls_config.cfg(10)
Execute     add_files -tb /home/jam/Downloads/HLS_Erosion_dilation/vitis_workspace/files/matrixmul_test.cpp -appendflags -cflags -DHW_COSIM 
Execute     send_msg_by_id INFO @200-1465@%s 'syn.top=matrixmul' from /home/jam/Downloads/HLS_Erosion_dilation/vitis_workspace/MM_FifoInterface/hls_config.cfg(7) 
INFO: [HLS 200-1465] Applying ini 'syn.top=matrixmul' from /home/jam/Downloads/HLS_Erosion_dilation/vitis_workspace/MM_FifoInterface/hls_config.cfg(7)
Execute     set_top matrixmul 
Execute     send_msg_by_id INFO @200-1465@%s 'flow_target=vivado' from /home/jam/Downloads/HLS_Erosion_dilation/vitis_workspace/MM_FifoInterface/hls_config.cfg(4) 
INFO: [HLS 200-1465] Applying ini 'flow_target=vivado' from /home/jam/Downloads/HLS_Erosion_dilation/vitis_workspace/MM_FifoInterface/hls_config.cfg(4)
Execute     send_msg_by_id INFO @200-1505@%s%s  vivado 
INFO: [HLS 200-1505] Using flow_target 'vivado'
Execute     send_msg_by_id INFO @200-1465@%s 'part=xczu7ev-ffvc1156-2-e' from /home/jam/Downloads/HLS_Erosion_dilation/vitis_workspace/MM_FifoInterface/hls_config.cfg(1) 
INFO: [HLS 200-1465] Applying ini 'part=xczu7ev-ffvc1156-2-e' from /home/jam/Downloads/HLS_Erosion_dilation/vitis_workspace/MM_FifoInterface/hls_config.cfg(1)
Execute     set_part xczu7ev-ffvc1156-2-e 
Execute       create_platform xczu7ev-ffvc1156-2-e -board  
DBG:HLSDevice: Trying to load device library: /home/jam/xilinx/Vitis_HLS/2024.1/lib/lnx64.o/libxv_hlsvwrap.so
DBG:HLSDevice: first parts/arch.xml in RDI_DATADIR: /home/jam/xilinx/Vivado/2024.1/data/parts/arch.xml
DBG:HLSDevice: init success
INFO: [HLS 200-1611] Setting target device to 'xczu7ev-ffvc1156-2-e'
Command       create_platform done; 1.63 sec.
Execute       source /home/jam/xilinx/Vitis_HLS/2024.1/common/technology/xilinx/common/xilinx.gen 
Execute         source /home/jam/xilinx/Vitis_HLS/2024.1/common/technology/xilinx/interface/plb46.gen 
Execute         source /home/jam/xilinx/Vitis_HLS/2024.1/common/technology/xilinx/interface/axi4.gen 
Execute         source /home/jam/xilinx/Vitis_HLS/2024.1/common/technology/xilinx/interface/nativeAXI4.gen 
Execute           source /home/jam/xilinx/Vitis_HLS/2024.1/common/technology/xilinx/interface/saxilite.gen 
Execute         source /home/jam/xilinx/Vitis_HLS/2024.1/common/technology/xilinx/scripts/xilinxcoregen.gen 
Execute         source /home/jam/xilinx/Vitis_HLS/2024.1/common/technology/xilinx/interface/XilEDKCoreGen.gen 
Execute         source /home/jam/xilinx/Vitis_HLS/2024.1/common/technology/xilinx/ip/xfft.gen 
Execute         source /home/jam/xilinx/Vitis_HLS/2024.1/common/technology/xilinx/ip/xfir.gen 
Execute         source /home/jam/xilinx/Vitis_HLS/2024.1/common/technology/xilinx/ip/util.gen 
Execute         source /home/jam/xilinx/Vitis_HLS/2024.1/common/technology/xilinx/ip/dds_compiler.gen 
Execute         source /home/jam/xilinx/Vitis_HLS/2024.1/common/technology/xilinx/DSP48/dsp48.gen 
Execute       ap_part_info -name xczu7ev-ffvc1156-2-e -data info 
Execute       config_compile -quiet -complex-mul-dsp=0 
Command     set_part done; 1.79 sec.
Execute     send_msg_by_id INFO @200-1465@%s 'clock=10' from /home/jam/Downloads/HLS_Erosion_dilation/vitis_workspace/MM_FifoInterface/hls_config.cfg(11) 
INFO: [HLS 200-1465] Applying ini 'clock=10' from /home/jam/Downloads/HLS_Erosion_dilation/vitis_workspace/MM_FifoInterface/hls_config.cfg(11)
Execute     create_clock -period 10 
Execute       ap_set_clock -name default -period 10 -unit ns -default=false 
INFO: [SYN 201-201] Setting up clock 'default' with a period of 10ns.
Execute     send_msg_by_id INFO @200-1465@%s 'cosim.rtl=vhdl' from /home/jam/Downloads/HLS_Erosion_dilation/vitis_workspace/MM_FifoInterface/hls_config.cfg(13) 
INFO: [HLS 200-1465] Applying ini 'cosim.rtl=vhdl' from /home/jam/Downloads/HLS_Erosion_dilation/vitis_workspace/MM_FifoInterface/hls_config.cfg(13)
Execute     config_cosim -rtl=vhdl 
Execute     send_msg_by_id INFO @200-1465@%s 'cosim.trace_level=all' from /home/jam/Downloads/HLS_Erosion_dilation/vitis_workspace/MM_FifoInterface/hls_config.cfg(14) 
INFO: [HLS 200-1465] Applying ini 'cosim.trace_level=all' from /home/jam/Downloads/HLS_Erosion_dilation/vitis_workspace/MM_FifoInterface/hls_config.cfg(14)
Execute     config_cosim -trace_level=all 
Execute     send_msg_by_id INFO @200-1465@%s 'csim.code_analyzer=1' from /home/jam/Downloads/HLS_Erosion_dilation/vitis_workspace/MM_FifoInterface/hls_config.cfg(12) 
INFO: [HLS 200-1465] Applying ini 'csim.code_analyzer=1' from /home/jam/Downloads/HLS_Erosion_dilation/vitis_workspace/MM_FifoInterface/hls_config.cfg(12)
Execute     config_csim -code_analyzer=1 
Execute     send_msg_by_id INFO @200-1465@%s 'package.output.format=ip_catalog' from /home/jam/Downloads/HLS_Erosion_dilation/vitis_workspace/MM_FifoInterface/hls_config.cfg(5) 
INFO: [HLS 200-1465] Applying ini 'package.output.format=ip_catalog' from /home/jam/Downloads/HLS_Erosion_dilation/vitis_workspace/MM_FifoInterface/hls_config.cfg(5)
Execute     config_export -format=ip_catalog 
Execute     send_msg_by_id INFO @200-1465@%s 'syn.compile.enable_auto_rewind=1' from /home/jam/Downloads/HLS_Erosion_dilation/vitis_workspace/MM_FifoInterface/hls_config.cfg(22) 
INFO: [HLS 200-1465] Applying ini 'syn.compile.enable_auto_rewind=1' from /home/jam/Downloads/HLS_Erosion_dilation/vitis_workspace/MM_FifoInterface/hls_config.cfg(22)
Execute     config_compile -enable_auto_rewind=1 
Execute     send_msg_by_id INFO @200-1465@%s 'syn.directive.array_partition=matrixmul b dim=2 type=complete' from /home/jam/Downloads/HLS_Erosion_dilation/vitis_workspace/MM_FifoInterface/hls_config.cfg(20) 
INFO: [HLS 200-1465] Applying ini 'syn.directive.array_partition=matrixmul b dim=2 type=complete' from /home/jam/Downloads/HLS_Erosion_dilation/vitis_workspace/MM_FifoInterface/hls_config.cfg(20)
Execute     set_directive_array_partition matrixmul b -dim=2 -type=complete 
Execute     send_msg_by_id INFO @200-1465@%s 'syn.directive.array_partition=matrixmul a dim=2 type=complete' from /home/jam/Downloads/HLS_Erosion_dilation/vitis_workspace/MM_FifoInterface/hls_config.cfg(21) 
INFO: [HLS 200-1465] Applying ini 'syn.directive.array_partition=matrixmul a dim=2 type=complete' from /home/jam/Downloads/HLS_Erosion_dilation/vitis_workspace/MM_FifoInterface/hls_config.cfg(21)
Execute     set_directive_array_partition matrixmul a -dim=2 -type=complete 
Execute     send_msg_by_id INFO @200-1465@%s 'syn.directive.interface=matrixmul a mode=ap_fifo' from /home/jam/Downloads/HLS_Erosion_dilation/vitis_workspace/MM_FifoInterface/hls_config.cfg(17) 
INFO: [HLS 200-1465] Applying ini 'syn.directive.interface=matrixmul a mode=ap_fifo' from /home/jam/Downloads/HLS_Erosion_dilation/vitis_workspace/MM_FifoInterface/hls_config.cfg(17)
Execute     set_directive_interface matrixmul a -mode=ap_fifo 
Execute     send_msg_by_id INFO @200-1465@%s 'syn.directive.interface=matrixmul b mode=ap_fifo' from /home/jam/Downloads/HLS_Erosion_dilation/vitis_workspace/MM_FifoInterface/hls_config.cfg(18) 
INFO: [HLS 200-1465] Applying ini 'syn.directive.interface=matrixmul b mode=ap_fifo' from /home/jam/Downloads/HLS_Erosion_dilation/vitis_workspace/MM_FifoInterface/hls_config.cfg(18)
Execute     set_directive_interface matrixmul b -mode=ap_fifo 
Execute     send_msg_by_id INFO @200-1465@%s 'syn.directive.interface=matrixmul res mode=ap_fifo' from /home/jam/Downloads/HLS_Erosion_dilation/vitis_workspace/MM_FifoInterface/hls_config.cfg(19) 
INFO: [HLS 200-1465] Applying ini 'syn.directive.interface=matrixmul res mode=ap_fifo' from /home/jam/Downloads/HLS_Erosion_dilation/vitis_workspace/MM_FifoInterface/hls_config.cfg(19)
Execute     set_directive_interface matrixmul res -mode=ap_fifo 
Execute     send_msg_by_id INFO @200-1465@%s 'syn.directive.pipeline=matrixmul/Col' from /home/jam/Downloads/HLS_Erosion_dilation/vitis_workspace/MM_FifoInterface/hls_config.cfg(15) 
INFO: [HLS 200-1465] Applying ini 'syn.directive.pipeline=matrixmul/Col' from /home/jam/Downloads/HLS_Erosion_dilation/vitis_workspace/MM_FifoInterface/hls_config.cfg(15)
Execute     set_directive_pipeline matrixmul/Col 
Execute     send_msg_by_id INFO @200-1465@%s 'syn.directive.pipeline=matrixmul/Row off' from /home/jam/Downloads/HLS_Erosion_dilation/vitis_workspace/MM_FifoInterface/hls_config.cfg(16) 
INFO: [HLS 200-1465] Applying ini 'syn.directive.pipeline=matrixmul/Row off' from /home/jam/Downloads/HLS_Erosion_dilation/vitis_workspace/MM_FifoInterface/hls_config.cfg(16)
Execute     set_directive_pipeline matrixmul/Row -off 
Command   apply_ini done; 1.88 sec.
Execute   apply_ini /home/jam/Downloads/HLS_Erosion_dilation/vitis_workspace/MM_FifoInterface/MM_FifoInterface/hls/config.cmdline 
Execute   csynth_design 
Execute     AP::app_get_file_relativeroot [AP::app_get_root] {}
Execute     AP::app_get_file_relativeroot [AP::app_get_root] {}
Execute     AP::app_get_file_relativeroot [AP::app_get_root] {}
INFO-FLOW: Running SLX 'csynth' proc: ::SLX::run_csynth
Execute     elaborate -effort=medium -skip_syncheck=0 -keep_printf=0 -skip_cdt=0 -skip_transform=0 -ng=0 -g=0 -opt_fp=0 -from_csynth_design=1 
INFO: [HLS 200-111] Finished File checks and directory preparation: CPU user time: 4.4 seconds. CPU system time: 0.41 seconds. Elapsed time: 4.61 seconds; current allocated memory: 340.000 MB.
Execute       set_directive_top matrixmul -name=matrixmul 
Execute       source /home/jam/xilinx/Vitis_HLS/2024.1/tps/tcl/tcllib1.11.1/yaml/huddle.tcl 
Execute       source /home/jam/xilinx/Vitis_HLS/2024.1/tps/tcl/tcllib1.11.1/yaml/json2huddle.tcl 
INFO: [HLS 200-10] Analyzing design file '../files/matrixmul.cpp' ... 
INFO-FLOW: Compiling one TU...
INFO-FLOW: Handling ../files/matrixmul.cpp as C++
Execute       ap_part_info -name xczu7ev-ffvc1156-2-e -data info 
INFO-FLOW: Running: GCC PP 39
INFO-FLOW: Source preprocessing
INFO-FLOW: run_clang exec: /home/jam/xilinx/Vitis_HLS/2024.1/lnx64/tools/clang-3.9-csynth/bin/clang ../files/matrixmul.cpp -foptimization-record-file=/home/jam/Downloads/HLS_Erosion_dilation/vitis_workspace/MM_FifoInterface/MM_FifoInterface/hls/.autopilot/db/matrixmul.cpp.clang.diag.yml -mllvm -pass-remarks-missed=reflow|pasta|unroll -mllvm -pass-remarks=reflow|pasta|unroll|inline -fno-limit-debug-info -gcc-toolchain /home/jam/xilinx/Vitis_HLS/2024.1/tps/lnx64/gcc-8.3.0 -fhls -fno-exceptions -insert-hls-directive=/home/jam/Downloads/HLS_Erosion_dilation/vitis_workspace/MM_FifoInterface/MM_FifoInterface/hls/.autopilot/db/all.directive.json -E -fno-math-errno -c -emit-llvm -mllvm -disable-llvm-optzns -Werror=implicit-function-declaration -Werror=implicit-hls-streams -Werror=return-type -Wpragmas -Wunused-parameter -Wdump-hls-pragmas -Wno-error=dump-hls-pragmas -hls-clock-period=10 -fno-threadsafe-statics -fno-use-cxa-atexit -std=gnu++14 -target fpga64-xilinx-linux-gnu -fno-threadsafe-statics -fno-use-cxa-atexit -D__VITIS_HLS__ -DAESL_SYN -D__SYNTHESIS__ -D__HLS_SYN__ -I /home/jam/xilinx/Vitis_HLS/2024.1/common/technology/autopilot -I /home/jam/xilinx/Vitis_HLS/2024.1/common/technology/autopilot/ap_sysc -include etc/autopilot_ssdm_op.h -D__DSP48E2__ -I /usr/include/x86_64-linux-gnu -o /home/jam/Downloads/HLS_Erosion_dilation/vitis_workspace/MM_FifoInterface/MM_FifoInterface/hls/.autopilot/db/matrixmul.pp.0.cpp -hls-platform-db-name=/home/jam/xilinx/Vitis_HLS/2024.1/common/technology/xilinx/common/platform.db -hls-platform-name=zynquplus_medium -device-resource-info=BRAM_624.000000_DSP_1728.000000_FF_460800.000000_LUT_230400.000000_SLICE_28800.000000_URAM_96.000000 -device-name-info=xczu7ev-ffvc1156-2-e > /home/jam/Downloads/HLS_Erosion_dilation/vitis_workspace/MM_FifoInterface/MM_FifoInterface/hls/.autopilot/db/matrixmul.cpp.clang.out.log 2> /home/jam/Downloads/HLS_Erosion_dilation/vitis_workspace/MM_FifoInterface/MM_FifoInterface/hls/.autopilot/db/matrixmul.cpp.clang.err.log
INFO-FLOW: Done: GCC PP 39 time: 0.4 seconds per iteration
INFO-FLOW: Source syntax check for synthesis
INFO-FLOW: run_clang exec: /home/jam/xilinx/Vitis_HLS/2024.1/lnx64/tools/clang-3.9-csynth/bin/clang -foptimization-record-file=/home/jam/Downloads/HLS_Erosion_dilation/vitis_workspace/MM_FifoInterface/MM_FifoInterface/hls/.autopilot/db/clang.diag.yml -mllvm -pass-remarks-missed=reflow|pasta|unroll -mllvm -pass-remarks=reflow|pasta|unroll|inline -fsyntax-only -fhls -target fpga64-xilinx-linux-gnu /home/jam/Downloads/HLS_Erosion_dilation/vitis_workspace/MM_FifoInterface/MM_FifoInterface/hls/.autopilot/db/matrixmul.pp.0.cpp -hls-platform-db-name=/home/jam/xilinx/Vitis_HLS/2024.1/common/technology/xilinx/common/platform.db -hls-platform-name=zynquplus_medium -device-resource-info=BRAM_624.000000_DSP_1728.000000_FF_460800.000000_LUT_230400.000000_SLICE_28800.000000_URAM_96.000000 -device-name-info=xczu7ev-ffvc1156-2-e > /home/jam/Downloads/HLS_Erosion_dilation/vitis_workspace/MM_FifoInterface/MM_FifoInterface/hls/.autopilot/db/clang.out.log 2> /home/jam/Downloads/HLS_Erosion_dilation/vitis_workspace/MM_FifoInterface/MM_FifoInterface/hls/.autopilot/db/clang.err.log
Execute       clang_tidy xilinx-systemc-detector -desc systemc-detector /home/jam/Downloads/HLS_Erosion_dilation/vitis_workspace/MM_FifoInterface/MM_FifoInterface/hls/.autopilot/db/matrixmul.pp.0.cpp std=gnu++14 -target fpga  -directive=/home/jam/Downloads/HLS_Erosion_dilation/vitis_workspace/MM_FifoInterface/MM_FifoInterface/hls/.autopilot/db/.systemc_flag 
INFO-FLOW: exec /home/jam/xilinx/Vitis_HLS/2024.1/lnx64/tools/clang-3.9-csynth/bin/clang-tidy -header-filter=.* --checks=-*,xilinx-systemc-detector -import-directive=/home/jam/Downloads/HLS_Erosion_dilation/vitis_workspace/MM_FifoInterface/MM_FifoInterface/hls/.autopilot/db/.systemc_flag -fix-errors /home/jam/Downloads/HLS_Erosion_dilation/vitis_workspace/MM_FifoInterface/MM_FifoInterface/hls/.autopilot/db/matrixmul.pp.0.cpp -- -std=gnu++14 -target fpga -fhls -ferror-limit=0
INFO-FLOW: Running: clang-tidy CDT preprocess 39
Execute       clang_tidy xilinx-directive2pragma -desc directive2pragma /home/jam/Downloads/HLS_Erosion_dilation/vitis_workspace/MM_FifoInterface/MM_FifoInterface/hls/.autopilot/db/matrixmul.pp.0.cpp std=gnu++14 -target fpga  -directive=/home/jam/Downloads/HLS_Erosion_dilation/vitis_workspace/MM_FifoInterface/MM_FifoInterface/hls/.autopilot/db/all.directive.json 
INFO-FLOW: exec /home/jam/xilinx/Vitis_HLS/2024.1/lnx64/tools/clang-3.9-csynth/bin/clang-tidy -header-filter=.* --checks=-*,xilinx-directive2pragma -import-directive=/home/jam/Downloads/HLS_Erosion_dilation/vitis_workspace/MM_FifoInterface/MM_FifoInterface/hls/.autopilot/db/all.directive.json -fix-errors /home/jam/Downloads/HLS_Erosion_dilation/vitis_workspace/MM_FifoInterface/MM_FifoInterface/hls/.autopilot/db/matrixmul.pp.0.cpp -- -std=gnu++14 -target fpga -fhls -ferror-limit=0
INFO-FLOW: Done: clang-tidy CDT preprocess 39 time: 0.1 seconds per iteration
INFO-FLOW: Calling xilinx-label-all-loops ... 
INFO-FLOW: Calling xilinx-aggregate-on-hls-vector ... 
Execute       clang_tidy -errorcheck -desc loop-label xilinx-label-all-loops,xilinx-aggregate-on-hls-vector,,xilinx-warn-mayneed-no-ctor-attribute /home/jam/Downloads/HLS_Erosion_dilation/vitis_workspace/MM_FifoInterface/MM_FifoInterface/hls/.autopilot/db/matrixmul.pp.0.cpp std=gnu++14 -target fpga  
INFO-FLOW: run_clang exec: /home/jam/xilinx/Vitis_HLS/2024.1/lnx64/tools/clang-3.9-csynth/bin/clang-tidy -export-fixes=/home/jam/Downloads/HLS_Erosion_dilation/vitis_workspace/MM_FifoInterface/MM_FifoInterface/hls/.autopilot/db/matrixmul.pp.0.cpp.clang-tidy.loop-label.diag.yml -header-filter=.* --checks=-*,xilinx-label-all-loops,xilinx-aggregate-on-hls-vector,,xilinx-warn-mayneed-no-ctor-attribute -fix-errors /home/jam/Downloads/HLS_Erosion_dilation/vitis_workspace/MM_FifoInterface/MM_FifoInterface/hls/.autopilot/db/matrixmul.pp.0.cpp -- -std=gnu++14 -target fpga -fhls -ferror-limit=0 > /home/jam/Downloads/HLS_Erosion_dilation/vitis_workspace/MM_FifoInterface/MM_FifoInterface/hls/.autopilot/db/matrixmul.pp.0.cpp.clang-tidy.loop-label.out.log 2> /home/jam/Downloads/HLS_Erosion_dilation/vitis_workspace/MM_FifoInterface/MM_FifoInterface/hls/.autopilot/db/matrixmul.pp.0.cpp.clang-tidy.loop-label.err.log
INFO-FLOW: run_clang exec: /home/jam/xilinx/Vitis_HLS/2024.1/lnx64/tools/clang-3.9-csynth/bin/xilinx-dataflow-lawyer -export-fixes=/home/jam/Downloads/HLS_Erosion_dilation/vitis_workspace/MM_FifoInterface/MM_FifoInterface/hls/.autopilot/db/matrixmul.pp.0.cpp.xilinx-dataflow-lawyer.diag.yml /home/jam/Downloads/HLS_Erosion_dilation/vitis_workspace/MM_FifoInterface/MM_FifoInterface/hls/.autopilot/db/matrixmul.pp.0.cpp -- -std=gnu++14 -target fpga -fhls -ferror-limit=0 -fstrict-dataflow > /home/jam/Downloads/HLS_Erosion_dilation/vitis_workspace/MM_FifoInterface/MM_FifoInterface/hls/.autopilot/db/matrixmul.pp.0.cpp.xilinx-dataflow-lawyer.out.log 2> /home/jam/Downloads/HLS_Erosion_dilation/vitis_workspace/MM_FifoInterface/MM_FifoInterface/hls/.autopilot/db/matrixmul.pp.0.cpp.xilinx-dataflow-lawyer.err.log
Execute       ap_part_info -name xczu7ev-ffvc1156-2-e -data info 
INFO-FLOW: compiling source code to llvm bc
INFO-FLOW: run_clang exec: /home/jam/xilinx/Vitis_HLS/2024.1/lnx64/tools/clang-3.9-csynth/bin/clang -foptimization-record-file=/home/jam/Downloads/HLS_Erosion_dilation/vitis_workspace/MM_FifoInterface/MM_FifoInterface/hls/.autopilot/db/matrixmul.pp.0.cpp.clang.diag.yml -mllvm -pass-remarks-missed=reflow|pasta|unroll -mllvm -pass-remarks=reflow|pasta|unroll|inline -fno-limit-debug-info -fhls -flto -fno-exceptions -Wno-error=c++11-narrowing -hls-emit-hint-scope /home/jam/Downloads/HLS_Erosion_dilation/vitis_workspace/MM_FifoInterface/MM_FifoInterface/hls/.autopilot/db/matrixmul.pp.0.cpp -fno-math-errno -c -emit-llvm -mllvm -disable-llvm-optzns -Werror=implicit-function-declaration -Werror=implicit-hls-streams -Werror=return-type -Wpragmas -Wunused-parameter -Wdump-hls-pragmas -Wno-error=dump-hls-pragmas -hls-clock-period=10 -fno-threadsafe-statics -fno-use-cxa-atexit -std=gnu++14 -target fpga64-xilinx-linux-gnu -D__VITIS_HLS__ -DAESL_SYN -D__SYNTHESIS__ -D__HLS_SYN__ -I /home/jam/xilinx/Vitis_HLS/2024.1/common/technology/autopilot -I /home/jam/xilinx/Vitis_HLS/2024.1/common/technology/autopilot/ap_sysc -include etc/autopilot_ssdm_op.h -D__DSP48E2__ -g -o /home/jam/Downloads/HLS_Erosion_dilation/vitis_workspace/MM_FifoInterface/MM_FifoInterface/hls/.autopilot/db/matrixmul.bc -hls-platform-db-name=/home/jam/xilinx/Vitis_HLS/2024.1/common/technology/xilinx/common/platform.db -hls-platform-name=zynquplus_medium -device-resource-info=BRAM_624.000000_DSP_1728.000000_FF_460800.000000_LUT_230400.000000_SLICE_28800.000000_URAM_96.000000 -device-name-info=xczu7ev-ffvc1156-2-e > /home/jam/Downloads/HLS_Erosion_dilation/vitis_workspace/MM_FifoInterface/MM_FifoInterface/hls/.autopilot/db/matrixmul.pp.0.cpp.clang.out.log 2> /home/jam/Downloads/HLS_Erosion_dilation/vitis_workspace/MM_FifoInterface/MM_FifoInterface/hls/.autopilot/db/matrixmul.pp.0.cpp.clang.err.log
INFO: [HLS 200-111] Finished Source Code Analysis and Preprocessing: CPU user time: 0.89 seconds. CPU system time: 0.72 seconds. Elapsed time: 1.61 seconds; current allocated memory: 341.852 MB.
INFO-FLOW: Linking Debug ...
INFO-FLOW: Linking dut bc code.
Execute       run_link_or_opt -out /home/jam/Downloads/HLS_Erosion_dilation/vitis_workspace/MM_FifoInterface/MM_FifoInterface/hls/.autopilot/db/a.g.ld.0.bc -args  "/home/jam/Downloads/HLS_Erosion_dilation/vitis_workspace/MM_FifoInterface/MM_FifoInterface/hls/.autopilot/db/matrixmul.g.bc"  
INFO-FLOW: run_clang exec: /home/jam/xilinx/Vitis_HLS/2024.1/lnx64/tools/clang-3.9-csynth/bin/llvm-link /home/jam/Downloads/HLS_Erosion_dilation/vitis_workspace/MM_FifoInterface/MM_FifoInterface/hls/.autopilot/db/matrixmul.g.bc -o /home/jam/Downloads/HLS_Erosion_dilation/vitis_workspace/MM_FifoInterface/MM_FifoInterface/hls/.autopilot/db/a.g.ld.0.bc > /home/jam/Downloads/HLS_Erosion_dilation/vitis_workspace/MM_FifoInterface/MM_FifoInterface/hls/.autopilot/db/a.g.ld.0.bc.llvm-link.out.log 2> /home/jam/Downloads/HLS_Erosion_dilation/vitis_workspace/MM_FifoInterface/MM_FifoInterface/hls/.autopilot/db/a.g.ld.0.bc.llvm-link.err.log
INFO-FLOW: 
Execute       run_link_or_opt -opt -out /home/jam/Downloads/HLS_Erosion_dilation/vitis_workspace/MM_FifoInterface/MM_FifoInterface/hls/.autopilot/db/a.g.ld.1.lower.bc -args /home/jam/Downloads/HLS_Erosion_dilation/vitis_workspace/MM_FifoInterface/MM_FifoInterface/hls/.autopilot/db/a.g.ld.0.bc -reflow-lower-math-intrinsics 
INFO-FLOW: run_clang exec: /home/jam/xilinx/Vitis_HLS/2024.1/lnx64/tools/clang-3.9-csynth/bin/opt -pass-remarks-missed=reflow|pasta|unroll -pass-remarks=reflow|pasta|unroll|inline -pass-remarks-output=/home/jam/Downloads/HLS_Erosion_dilation/vitis_workspace/MM_FifoInterface/MM_FifoInterface/hls/.autopilot/db/a.g.ld.1.lower.bc.opt.diag.yml /home/jam/Downloads/HLS_Erosion_dilation/vitis_workspace/MM_FifoInterface/MM_FifoInterface/hls/.autopilot/db/a.g.ld.0.bc -reflow-lower-math-intrinsics -o /home/jam/Downloads/HLS_Erosion_dilation/vitis_workspace/MM_FifoInterface/MM_FifoInterface/hls/.autopilot/db/a.g.ld.1.lower.bc > /home/jam/Downloads/HLS_Erosion_dilation/vitis_workspace/MM_FifoInterface/MM_FifoInterface/hls/.autopilot/db/a.g.ld.1.lower.bc.opt.out.log 2> /home/jam/Downloads/HLS_Erosion_dilation/vitis_workspace/MM_FifoInterface/MM_FifoInterface/hls/.autopilot/db/a.g.ld.1.lower.bc.opt.err.log
INFO-FLOW: 
INFO-FLOW: Running: gen_design_size_report post-opt
INFO-FLOW: Done: gen_design_size_report post-opt time: 0 seconds per iteration
INFO-FLOW: Linking math bc lib
Execute       run_link_or_opt -out /home/jam/Downloads/HLS_Erosion_dilation/vitis_workspace/MM_FifoInterface/MM_FifoInterface/hls/.autopilot/db/a.g.ld.2.m1.bc -args /home/jam/Downloads/HLS_Erosion_dilation/vitis_workspace/MM_FifoInterface/MM_FifoInterface/hls/.autopilot/db/a.g.ld.1.lower.bc -only-needed /home/jam/xilinx/Vitis_HLS/2024.1/lnx64/lib/libhlsm_39.bc /home/jam/xilinx/Vitis_HLS/2024.1/lnx64/lib/libhlsmc++_39.bc 
INFO-FLOW: run_clang exec: /home/jam/xilinx/Vitis_HLS/2024.1/lnx64/tools/clang-3.9-csynth/bin/llvm-link /home/jam/Downloads/HLS_Erosion_dilation/vitis_workspace/MM_FifoInterface/MM_FifoInterface/hls/.autopilot/db/a.g.ld.1.lower.bc -only-needed /home/jam/xilinx/Vitis_HLS/2024.1/lnx64/lib/libhlsm_39.bc /home/jam/xilinx/Vitis_HLS/2024.1/lnx64/lib/libhlsmc++_39.bc -o /home/jam/Downloads/HLS_Erosion_dilation/vitis_workspace/MM_FifoInterface/MM_FifoInterface/hls/.autopilot/db/a.g.ld.2.m1.bc > /home/jam/Downloads/HLS_Erosion_dilation/vitis_workspace/MM_FifoInterface/MM_FifoInterface/hls/.autopilot/db/a.g.ld.2.m1.bc.llvm-link.out.log 2> /home/jam/Downloads/HLS_Erosion_dilation/vitis_workspace/MM_FifoInterface/MM_FifoInterface/hls/.autopilot/db/a.g.ld.2.m1.bc.llvm-link.err.log
INFO-FLOW: 
Command       run_link_or_opt done; 1.82 sec.
Execute       run_link_or_opt -opt -out /home/jam/Downloads/HLS_Erosion_dilation/vitis_workspace/MM_FifoInterface/MM_FifoInterface/hls/.autopilot/db/a.g.ld.3.fpc.bc -args /home/jam/Downloads/HLS_Erosion_dilation/vitis_workspace/MM_FifoInterface/MM_FifoInterface/hls/.autopilot/db/a.g.ld.2.m1.bc -reflow-globaldce -hls-top-function-name=matrixmul -reflow-float-conversion 
INFO-FLOW: run_clang exec: /home/jam/xilinx/Vitis_HLS/2024.1/lnx64/tools/clang-3.9-csynth/bin/opt -pass-remarks-missed=reflow|pasta|unroll -pass-remarks=reflow|pasta|unroll|inline -pass-remarks-output=/home/jam/Downloads/HLS_Erosion_dilation/vitis_workspace/MM_FifoInterface/MM_FifoInterface/hls/.autopilot/db/a.g.ld.3.fpc.bc.opt.diag.yml /home/jam/Downloads/HLS_Erosion_dilation/vitis_workspace/MM_FifoInterface/MM_FifoInterface/hls/.autopilot/db/a.g.ld.2.m1.bc -reflow-globaldce -hls-top-function-name=matrixmul -reflow-float-conversion -o /home/jam/Downloads/HLS_Erosion_dilation/vitis_workspace/MM_FifoInterface/MM_FifoInterface/hls/.autopilot/db/a.g.ld.3.fpc.bc > /home/jam/Downloads/HLS_Erosion_dilation/vitis_workspace/MM_FifoInterface/MM_FifoInterface/hls/.autopilot/db/a.g.ld.3.fpc.bc.opt.out.log 2> /home/jam/Downloads/HLS_Erosion_dilation/vitis_workspace/MM_FifoInterface/MM_FifoInterface/hls/.autopilot/db/a.g.ld.3.fpc.bc.opt.err.log
INFO-FLOW: 
INFO-FLOW: Running: gen_design_size_report post-opt
INFO-FLOW: Done: gen_design_size_report post-opt time: 0 seconds per iteration
Command       run_link_or_opt done; 0.74 sec.
Execute       run_link_or_opt -out /home/jam/Downloads/HLS_Erosion_dilation/vitis_workspace/MM_FifoInterface/MM_FifoInterface/hls/.autopilot/db/a.g.ld.4.m2.bc -args /home/jam/Downloads/HLS_Erosion_dilation/vitis_workspace/MM_FifoInterface/MM_FifoInterface/hls/.autopilot/db/a.g.ld.3.fpc.bc -only-needed /home/jam/xilinx/Vitis_HLS/2024.1/lnx64/lib/libfloatconversion_39.bc 
INFO-FLOW: run_clang exec: /home/jam/xilinx/Vitis_HLS/2024.1/lnx64/tools/clang-3.9-csynth/bin/llvm-link /home/jam/Downloads/HLS_Erosion_dilation/vitis_workspace/MM_FifoInterface/MM_FifoInterface/hls/.autopilot/db/a.g.ld.3.fpc.bc -only-needed /home/jam/xilinx/Vitis_HLS/2024.1/lnx64/lib/libfloatconversion_39.bc -o /home/jam/Downloads/HLS_Erosion_dilation/vitis_workspace/MM_FifoInterface/MM_FifoInterface/hls/.autopilot/db/a.g.ld.4.m2.bc > /home/jam/Downloads/HLS_Erosion_dilation/vitis_workspace/MM_FifoInterface/MM_FifoInterface/hls/.autopilot/db/a.g.ld.4.m2.bc.llvm-link.out.log 2> /home/jam/Downloads/HLS_Erosion_dilation/vitis_workspace/MM_FifoInterface/MM_FifoInterface/hls/.autopilot/db/a.g.ld.4.m2.bc.llvm-link.err.log
INFO-FLOW: 
Execute       run_link_or_opt -opt -out /home/jam/Downloads/HLS_Erosion_dilation/vitis_workspace/MM_FifoInterface/MM_FifoInterface/hls/.autopilot/db/a.g.ld.5.gdce.bc -args /home/jam/Downloads/HLS_Erosion_dilation/vitis_workspace/MM_FifoInterface/MM_FifoInterface/hls/.autopilot/db/a.g.ld.4.m2.bc -reflow-globaldce -hls-top-function-name=matrixmul 
INFO-FLOW: run_clang exec: /home/jam/xilinx/Vitis_HLS/2024.1/lnx64/tools/clang-3.9-csynth/bin/opt -pass-remarks-missed=reflow|pasta|unroll -pass-remarks=reflow|pasta|unroll|inline -pass-remarks-output=/home/jam/Downloads/HLS_Erosion_dilation/vitis_workspace/MM_FifoInterface/MM_FifoInterface/hls/.autopilot/db/a.g.ld.5.gdce.bc.opt.diag.yml /home/jam/Downloads/HLS_Erosion_dilation/vitis_workspace/MM_FifoInterface/MM_FifoInterface/hls/.autopilot/db/a.g.ld.4.m2.bc -reflow-globaldce -hls-top-function-name=matrixmul -o /home/jam/Downloads/HLS_Erosion_dilation/vitis_workspace/MM_FifoInterface/MM_FifoInterface/hls/.autopilot/db/a.g.ld.5.gdce.bc > /home/jam/Downloads/HLS_Erosion_dilation/vitis_workspace/MM_FifoInterface/MM_FifoInterface/hls/.autopilot/db/a.g.ld.5.gdce.bc.opt.out.log 2> /home/jam/Downloads/HLS_Erosion_dilation/vitis_workspace/MM_FifoInterface/MM_FifoInterface/hls/.autopilot/db/a.g.ld.5.gdce.bc.opt.err.log
INFO-FLOW: 
INFO-FLOW: Running: gen_design_size_report post-opt
INFO-FLOW: Done: gen_design_size_report post-opt time: 0 seconds per iteration
Execute       send_msg_by_id INFO @200-777@%s Vivado 
INFO: [HLS 200-777] Using interface defaults for 'Vivado' flow target.
Execute       is_m_axi_addr64 
INFO-FLOW: Doing LTO.
INFO-FLOW: run_clang (background poll_ms 5000) exec: /home/jam/xilinx/Vitis_HLS/2024.1/lnx64/tools/clang-3.9-csynth/bin/clang -foptimization-record-file=/home/jam/Downloads/HLS_Erosion_dilation/vitis_workspace/MM_FifoInterface/MM_FifoInterface/hls/.autopilot/db/a.g.ld.0.bc.clang.reflow.diag.yml -mllvm -pass-remarks-missed=reflow|pasta|unroll -mllvm -pass-remarks=reflow|pasta|unroll|inline -fhls -mllvm -hls-top-function-name=matrixmul -mllvm -hls-db-dir -mllvm /home/jam/Downloads/HLS_Erosion_dilation/vitis_workspace/MM_FifoInterface/MM_FifoInterface/hls/.autopilot/db -emit-llvm -c -target fpga64-xilinx-none -mllvm -xcl-xmlinfo=/home/jam/Downloads/HLS_Erosion_dilation/vitis_workspace/MM_FifoInterface/MM_FifoInterface/hls/.autopilot/db/kernel.internal.xml -mllvm -top-io-mapping-info=/home/jam/Downloads/HLS_Erosion_dilation/vitis_workspace/MM_FifoInterface/MM_FifoInterface/hls/.autopilot/db/top-io-fe.xml -mllvm -hls-bitcode-version=3.1 -mllvm -reflow-enable-slave-interface-default-setting=true -mllvm -gen-kernel-xml=false -mllvm -default-maxi-offset=slave -mllvm -maxi-latency=0 -mllvm -hls-maxi-data-size-in-bits=8 -mllvm -hls-maxi-max-data-size-in-bits=1024 -mllvm -hls-max-widen-size-in-bits=0 -mllvm -xcl-kernel-max-mem-ports=0 -mllvm -maxi-read-trans=16 -mllvm -maxi-write-trans=16 -mllvm -maxi-read-burst-len=16 -mllvm -maxi-write-burst-len=16 -mllvm -reflow-enable-saxi-64bits=0 -mllvm -reflow-basic-block-instr-threshold=200000 -mllvm -reflow-auto-pipeline-threshold=64 -mllvm -reflow-enable-maxi-auto-id-channel=0 -mllvm -enable-fp-thr=0 -mllvm -reflow-bdd-simplify-threshold=1048576 -mllvm -reflow-fanout-threshold=16 -mllvm -reflow-complete-threshold=4 -mllvm -reflow-array-promotion-threshold=64 -mllvm -assume-maxi-align=1 -mllvm -reflow-enable-dataflow-strict-mode-checking=1 -ftime-report -mllvm -time-passes -mllvm -reflow-auto-array-partition-mode=default -mllvm -reflow-enable-auto-small-array-partition=true -mllvm -reflow-enable-auto-array-partition-for-flatten=true -mllvm -reflow-enable-auto-parallel-performance-driven=true -mllvm -reflow-enable-partition-for-automation=true -mllvm -reflow-aggregate-bitwidth-threshold=4096 -mllvm -reflow-reserved-saxilite-registers=0 -mllvm -enable-reflow-auto-loop-pipeline -mllvm -reflow-max-unroll-threshold=409600 -mllvm -auto-unroll-tripcount-threshold=0 -mllvm -reflow-assume-no-address-wrap=true -mllvm -reflow-enable-occurrence-inference=true -mllvm -reflow-emit-hint-scope=true -mllvm -reflow-enable-codegen-with-if=true -mllvm -hls -mllvm -disable-inlined-alloca-merging=true -mllvm -default-clock-period=10 -mllvm -use_read_first_ram_in_loop=1 -mllvm -default-clock-uncertainty=2.7 -x ir /home/jam/Downloads/HLS_Erosion_dilation/vitis_workspace/MM_FifoInterface/MM_FifoInterface/hls/.autopilot/db/a.g.ld.5.gdce.bc -o /home/jam/Downloads/HLS_Erosion_dilation/vitis_workspace/MM_FifoInterface/MM_FifoInterface/hls/.autopilot/db/a.g.lto.bc -hls-platform-db-name=/home/jam/xilinx/Vitis_HLS/2024.1/common/technology/xilinx/common/platform.db -hls-platform-name=zynquplus_medium -device-resource-info=BRAM_624.000000_DSP_1728.000000_FF_460800.000000_LUT_230400.000000_SLICE_28800.000000_URAM_96.000000 -device-name-info=xczu7ev-ffvc1156-2-e 2> /home/jam/Downloads/HLS_Erosion_dilation/vitis_workspace/MM_FifoInterface/MM_FifoInterface/hls/.autopilot/db/a.g.ld.0.bc.clang.reflow.err.log bg_poll_cmd: ::AP::poll_clang_39_closed_source
Execute       send_msg_by_id INFO @200-1995@%s%s%s 55 Compile/Link /home/jam/Downloads/HLS_Erosion_dilation/vitis_workspace/MM_FifoInterface/MM_FifoInterface/hls/syn/report/csynth_design_size.rpt 
INFO: [HLS 200-1995] There were 55 instructions in the design after the 'Compile/Link' phase of compilation. See the Design Size Report for more details: /home/jam/Downloads/HLS_Erosion_dilation/vitis_workspace/MM_FifoInterface/MM_FifoInterface/hls/syn/report/csynth_design_size.rpt
Execute       send_msg_by_id INFO @200-1995@%s%s%s 46 Unroll/Inline (step 1) /home/jam/Downloads/HLS_Erosion_dilation/vitis_workspace/MM_FifoInterface/MM_FifoInterface/hls/syn/report/csynth_design_size.rpt 
INFO: [HLS 200-1995] There were 46 instructions in the design after the 'Unroll/Inline (step 1)' phase of compilation. See the Design Size Report for more details: /home/jam/Downloads/HLS_Erosion_dilation/vitis_workspace/MM_FifoInterface/MM_FifoInterface/hls/syn/report/csynth_design_size.rpt
Execute       send_msg_by_id INFO @200-1995@%s%s%s 41 Unroll/Inline (step 2) /home/jam/Downloads/HLS_Erosion_dilation/vitis_workspace/MM_FifoInterface/MM_FifoInterface/hls/syn/report/csynth_design_size.rpt 
INFO: [HLS 200-1995] There were 41 instructions in the design after the 'Unroll/Inline (step 2)' phase of compilation. See the Design Size Report for more details: /home/jam/Downloads/HLS_Erosion_dilation/vitis_workspace/MM_FifoInterface/MM_FifoInterface/hls/syn/report/csynth_design_size.rpt
Execute       send_msg_by_id INFO @200-1995@%s%s%s 39 Unroll/Inline (step 3) /home/jam/Downloads/HLS_Erosion_dilation/vitis_workspace/MM_FifoInterface/MM_FifoInterface/hls/syn/report/csynth_design_size.rpt 
INFO: [HLS 200-1995] There were 39 instructions in the design after the 'Unroll/Inline (step 3)' phase of compilation. See the Design Size Report for more details: /home/jam/Downloads/HLS_Erosion_dilation/vitis_workspace/MM_FifoInterface/MM_FifoInterface/hls/syn/report/csynth_design_size.rpt
Execute       send_msg_by_id INFO @200-1995@%s%s%s 39 Unroll/Inline (step 4) /home/jam/Downloads/HLS_Erosion_dilation/vitis_workspace/MM_FifoInterface/MM_FifoInterface/hls/syn/report/csynth_design_size.rpt 
INFO: [HLS 200-1995] There were 39 instructions in the design after the 'Unroll/Inline (step 4)' phase of compilation. See the Design Size Report for more details: /home/jam/Downloads/HLS_Erosion_dilation/vitis_workspace/MM_FifoInterface/MM_FifoInterface/hls/syn/report/csynth_design_size.rpt
Execute       send_msg_by_id INFO @200-1995@%s%s%s 89 Array/Struct (step 1) /home/jam/Downloads/HLS_Erosion_dilation/vitis_workspace/MM_FifoInterface/MM_FifoInterface/hls/syn/report/csynth_design_size.rpt 
INFO: [HLS 200-1995] There were 89 instructions in the design after the 'Array/Struct (step 1)' phase of compilation. See the Design Size Report for more details: /home/jam/Downloads/HLS_Erosion_dilation/vitis_workspace/MM_FifoInterface/MM_FifoInterface/hls/syn/report/csynth_design_size.rpt
Execute       send_msg_by_id INFO @200-1995@%s%s%s 65 Array/Struct (step 2) /home/jam/Downloads/HLS_Erosion_dilation/vitis_workspace/MM_FifoInterface/MM_FifoInterface/hls/syn/report/csynth_design_size.rpt 
INFO: [HLS 200-1995] There were 65 instructions in the design after the 'Array/Struct (step 2)' phase of compilation. See the Design Size Report for more details: /home/jam/Downloads/HLS_Erosion_dilation/vitis_workspace/MM_FifoInterface/MM_FifoInterface/hls/syn/report/csynth_design_size.rpt
Execute       send_msg_by_id INFO @200-1995@%s%s%s 77 Array/Struct (step 3) /home/jam/Downloads/HLS_Erosion_dilation/vitis_workspace/MM_FifoInterface/MM_FifoInterface/hls/syn/report/csynth_design_size.rpt 
INFO: [HLS 200-1995] There were 77 instructions in the design after the 'Array/Struct (step 3)' phase of compilation. See the Design Size Report for more details: /home/jam/Downloads/HLS_Erosion_dilation/vitis_workspace/MM_FifoInterface/MM_FifoInterface/hls/syn/report/csynth_design_size.rpt
Execute       send_msg_by_id INFO @200-1995@%s%s%s 77 Array/Struct (step 4) /home/jam/Downloads/HLS_Erosion_dilation/vitis_workspace/MM_FifoInterface/MM_FifoInterface/hls/syn/report/csynth_design_size.rpt 
INFO: [HLS 200-1995] There were 77 instructions in the design after the 'Array/Struct (step 4)' phase of compilation. See the Design Size Report for more details: /home/jam/Downloads/HLS_Erosion_dilation/vitis_workspace/MM_FifoInterface/MM_FifoInterface/hls/syn/report/csynth_design_size.rpt
Execute       send_msg_by_id INFO @200-1995@%s%s%s 65 Array/Struct (step 5) /home/jam/Downloads/HLS_Erosion_dilation/vitis_workspace/MM_FifoInterface/MM_FifoInterface/hls/syn/report/csynth_design_size.rpt 
INFO: [HLS 200-1995] There were 65 instructions in the design after the 'Array/Struct (step 5)' phase of compilation. See the Design Size Report for more details: /home/jam/Downloads/HLS_Erosion_dilation/vitis_workspace/MM_FifoInterface/MM_FifoInterface/hls/syn/report/csynth_design_size.rpt
Execute       send_msg_by_id INFO @200-1995@%s%s%s 65 Performance (step 1) /home/jam/Downloads/HLS_Erosion_dilation/vitis_workspace/MM_FifoInterface/MM_FifoInterface/hls/syn/report/csynth_design_size.rpt 
INFO: [HLS 200-1995] There were 65 instructions in the design after the 'Performance (step 1)' phase of compilation. See the Design Size Report for more details: /home/jam/Downloads/HLS_Erosion_dilation/vitis_workspace/MM_FifoInterface/MM_FifoInterface/hls/syn/report/csynth_design_size.rpt
Execute       send_msg_by_id INFO @200-1995@%s%s%s 65 Performance (step 2) /home/jam/Downloads/HLS_Erosion_dilation/vitis_workspace/MM_FifoInterface/MM_FifoInterface/hls/syn/report/csynth_design_size.rpt 
INFO: [HLS 200-1995] There were 65 instructions in the design after the 'Performance (step 2)' phase of compilation. See the Design Size Report for more details: /home/jam/Downloads/HLS_Erosion_dilation/vitis_workspace/MM_FifoInterface/MM_FifoInterface/hls/syn/report/csynth_design_size.rpt
Execute       send_msg_by_id INFO @200-1995@%s%s%s 65 Performance (step 3) /home/jam/Downloads/HLS_Erosion_dilation/vitis_workspace/MM_FifoInterface/MM_FifoInterface/hls/syn/report/csynth_design_size.rpt 
INFO: [HLS 200-1995] There were 65 instructions in the design after the 'Performance (step 3)' phase of compilation. See the Design Size Report for more details: /home/jam/Downloads/HLS_Erosion_dilation/vitis_workspace/MM_FifoInterface/MM_FifoInterface/hls/syn/report/csynth_design_size.rpt
Execute       send_msg_by_id INFO @200-1995@%s%s%s 65 Performance (step 4) /home/jam/Downloads/HLS_Erosion_dilation/vitis_workspace/MM_FifoInterface/MM_FifoInterface/hls/syn/report/csynth_design_size.rpt 
INFO: [HLS 200-1995] There were 65 instructions in the design after the 'Performance (step 4)' phase of compilation. See the Design Size Report for more details: /home/jam/Downloads/HLS_Erosion_dilation/vitis_workspace/MM_FifoInterface/MM_FifoInterface/hls/syn/report/csynth_design_size.rpt
Execute       send_msg_by_id INFO @200-1995@%s%s%s 65 HW Transforms (step 1) /home/jam/Downloads/HLS_Erosion_dilation/vitis_workspace/MM_FifoInterface/MM_FifoInterface/hls/syn/report/csynth_design_size.rpt 
INFO: [HLS 200-1995] There were 65 instructions in the design after the 'HW Transforms (step 1)' phase of compilation. See the Design Size Report for more details: /home/jam/Downloads/HLS_Erosion_dilation/vitis_workspace/MM_FifoInterface/MM_FifoInterface/hls/syn/report/csynth_design_size.rpt
Execute       send_msg_by_id INFO @200-1995@%s%s%s 100 HW Transforms (step 2) /home/jam/Downloads/HLS_Erosion_dilation/vitis_workspace/MM_FifoInterface/MM_FifoInterface/hls/syn/report/csynth_design_size.rpt 
INFO: [HLS 200-1995] There were 100 instructions in the design after the 'HW Transforms (step 2)' phase of compilation. See the Design Size Report for more details: /home/jam/Downloads/HLS_Erosion_dilation/vitis_workspace/MM_FifoInterface/MM_FifoInterface/hls/syn/report/csynth_design_size.rpt
Execute       source /home/jam/xilinx/Vitis_HLS/2024.1/tps/tcl/tcllib1.11.1/yaml/yaml.tcl 
INFO: [HLS 214-291] Loop 'Product' is marked as complete unroll implied by the pipeline pragma (../files/matrixmul.cpp:24:16)
INFO: [HLS 214-186] Unrolling loop 'Product' (../files/matrixmul.cpp:24:16) in function 'matrixmul' completely with a factor of 3 (../files/matrixmul.cpp:8:0)
INFO: [HLS 214-248] Applying array_partition to 'a': Complete partitioning on dimension 2. (../files/matrixmul.cpp:8:0)
INFO: [HLS 214-248] Applying array_partition to 'b': Complete partitioning on dimension 2. (../files/matrixmul.cpp:8:0)
WARNING: [HLS 214-142] Implementing stream: may cause mismatch if read and write accesses are not in sequential order on port 'a_0' (../files/matrixmul.cpp:8:0)
WARNING: [HLS 214-142] Implementing stream: may cause mismatch if read and write accesses are not in sequential order on port 'a_1' (../files/matrixmul.cpp:8:0)
WARNING: [HLS 214-142] Implementing stream: may cause mismatch if read and write accesses are not in sequential order on port 'a_2' (../files/matrixmul.cpp:8:0)
WARNING: [HLS 214-142] Implementing stream: may cause mismatch if read and write accesses are not in sequential order on port 'b_0' (../files/matrixmul.cpp:8:0)
WARNING: [HLS 214-142] Implementing stream: may cause mismatch if read and write accesses are not in sequential order on port 'b_1' (../files/matrixmul.cpp:8:0)
WARNING: [HLS 214-142] Implementing stream: may cause mismatch if read and write accesses are not in sequential order on port 'b_2' (../files/matrixmul.cpp:8:0)
WARNING: [HLS 214-142] Implementing stream: may cause mismatch if read and write accesses are not in sequential order on port 'res' (../files/matrixmul.cpp:8:0)
INFO-FLOW: DBG:PUTS: copy_raw_kernel_xml ap_link_39: kernel.xml not generated: /home/jam/Downloads/HLS_Erosion_dilation/vitis_workspace/MM_FifoInterface/MM_FifoInterface/hls/.autopilot/db/kernel.internal.xml
INFO: [HLS 200-111] Finished Compiling Optimization and Transform: CPU user time: 3.04 seconds. CPU system time: 0.59 seconds. Elapsed time: 7.87 seconds; current allocated memory: 343.750 MB.
INFO: [HLS 200-111] Finished Checking Pragmas: CPU user time: 0 seconds. CPU system time: 0 seconds. Elapsed time: 0 seconds; current allocated memory: 343.750 MB.
Execute       opt_and_import_c a -opt_level=2 -skip_syncheck=0 -ng=0 -keep_printf=0 
Execute         cleanup_all_models 
INFO: [HLS 200-10] Starting code transformations ...
INFO-FLOW: Running Standard Transforms...
Execute         transform -hls -share-std-xform -demangle-name -inline-byval-memcpy -always-inline -promote-dbg-pointer -interface-preproc -mem2reg -scalarrepl -mem2reg -keep-read-access -instcombine -dce -promote-dbg-pointer -bitop-raise -loop-simplify -indvarspre -indvars -loop-simplify -constprop -instcombine -simplifycfg -indvars -simplifycfg -dce -globaldce -basicaa -simplifycfg -mem2reg -globalopt -global-constprop -deadargelim -instcombine -simplifycfg -scalarrepl -instcombine -reassociate -licm -simplifycfg -loop-simplify -indvars -instcombine -simplifycfg -mem2reg -loop-simplify -indvars -instcombine -gvn -gvn -instcombine -adce -break-crit-edges -simplifycfg -loop-delete -global-array-opt -dce -dse -adce -find-syn-modules -top matrixmul -deadargelim -mem2reg -instcombine -dce -presyn-prepare -interface-preproc -syn-check -check-rec-only -find-region -simplifycfg -func-extr -function-inline -globaldce -mem2reg -instcombine -dce -gvn -globaldce -adce -adse -constprop -instcombine -bit-constprop -instcombine -dce -simplifycfg -bitop-raise -simplifycfg -dce -loop-delete -reassociate -globalopt -global-privatize -mem2reg -dce -global-constprop -pointer-simplify -constprop -dce -promote-dbg-pointer -norm-name /home/jam/Downloads/HLS_Erosion_dilation/vitis_workspace/MM_FifoInterface/MM_FifoInterface/hls/.autopilot/db/a.g.0.bc -o /home/jam/Downloads/HLS_Erosion_dilation/vitis_workspace/MM_FifoInterface/MM_FifoInterface/hls/.autopilot/db/a.g.1.bc -f -phase std-opt 
INFO: [HLS 200-111] Finished Standard Transforms: CPU user time: 0.01 seconds. CPU system time: 0.01 seconds. Elapsed time: 0.01 seconds; current allocated memory: 343.887 MB.
INFO: [HLS 200-10] Checking synthesizability ...
INFO-FLOW: Checking Synthesizability 1/2..
Execute         transform -hls -syn-check -check-rec-only -scalarrepl -norm-name -dce -mem2reg -instcombine -directive-preproc -mem2reg -dse -dce -dce -pag -array-normalize -instcombine -dce -array-seg-normalize -instcombine -dce -data-pack -instcombine -dce -inst-simplify -array-flatten -instcombine -dce -array-burst -dce -deadargelim -promote-global-argument -simplifycfg -mem2reg -globaldce -dce -deadargelim -dce -instcombine -function-inline -globaldce -dce -doublePtrSimplify -doublePtrElim -dce -doublePtrSimplify -promote-dbg-pointer -dce -scalarrepl -dse -adse -instcombine -ptrLegalization -simplifycfg -dce -instcombine -pointer-simplify -ptrArgReplace -dce -instcombine -resolve-double-ptr -scalarrepl -norm-name -dce -mem2reg -instcombine -ptrLegalization -simplifycfg -deadargelim -instcombine -dce -inst-simplify -directive-preproc -mem2reg -dse -dce -globaldce /home/jam/Downloads/HLS_Erosion_dilation/vitis_workspace/MM_FifoInterface/MM_FifoInterface/hls/.autopilot/db/a.g.1.bc -o /home/jam/Downloads/HLS_Erosion_dilation/vitis_workspace/MM_FifoInterface/MM_FifoInterface/hls/.autopilot/db/a.g.2.prechk.bc -f 
INFO-FLOW: Checking Synthesizability 2/2..
Execute         transform -syn-check /home/jam/Downloads/HLS_Erosion_dilation/vitis_workspace/MM_FifoInterface/MM_FifoInterface/hls/.autopilot/db/a.g.2.prechk.bc -o /home/jam/Downloads/HLS_Erosion_dilation/vitis_workspace/MM_FifoInterface/MM_FifoInterface/hls/.autopilot/db/a.g.2.bc -f -phase syn-check 
INFO: [HLS 200-111] Finished Checking Synthesizability: CPU user time: 0.02 seconds. CPU system time: 0 seconds. Elapsed time: 0.02 seconds; current allocated memory: 343.887 MB.
INFO-FLOW: Compiler optimizing ...
INFO-FLOW: Share syncheck's 1.bc for syn flow: copy /home/jam/Downloads/HLS_Erosion_dilation/vitis_workspace/MM_FifoInterface/MM_FifoInterface/hls/.autopilot/db/a.g.1.bc to /home/jam/Downloads/HLS_Erosion_dilation/vitis_workspace/MM_FifoInterface/MM_FifoInterface/hls/.autopilot/db/a.o.1.bc
INFO-FLOW: Presyn 1...
Execute         transform -hls -tmp /home/jam/Downloads/HLS_Erosion_dilation/vitis_workspace/MM_FifoInterface/MM_FifoInterface/hls/.autopilot/db -interface-port-rename -directive-preproc -mem2reg -dse -dce -scalarrepl -norm-name -deadargelim -mem2reg -instcombine -dce -simplifycfg -dce -resource-proc -clib-intrinsic-prepare -dce -func-buffer -dce -pag -array-normalize -func-legal -instcombine -gvn -constprop -dce -simplifycfg -mem2reg -globaldce -resolve-double-ptr -dce -deadargelim -dce -instcombine -ptrArgReplace -mem2reg -dce -array-seg-normalize -deadargelim -instcombine -dce -directive-preproc -mem2reg -dse -dce -pointer-simplify -dce -port-alignment -dce -interface-preproc -data-pack -instcombine -dce -basicaa -aggr-aa -aggrmodref-aa -aggr-aa -gvn -gvn -basicaa -aggr-aa -aggrmodref-aa -aggr-aa -dse -adse -adce -loop-simplify -indvars -instcombine -gvn -loop-simplify -mem2reg -dce -find-region -instcombine -inst-simplify -interface-preproc -cfgopt -instcombine -indvars -loop-simplify -loop-bound -constprop -instcombine -simplifycfg -indvars -simplifycfg -dce -globaldce -clean-region -attach-range -gvn -inst-simplify -constprop -simplifycfg -dce -pointer-simplify -dce -globalopt -constprop -dce -array-promote -constprop -dce -ptrArgReplace -mem2reg -simplifycfg -dce -instcombine -dce -array-transform-check -array-reshape -instcombine -simplifycfg -dce -ptrArgReplace -deadargelim -mem2reg -instcombine -simplifycfg -dce -indvars -loop-simplify -loop-bound -constprop -instcombine -simplifycfg -indvars -simplifycfg -dce -globaldce -basicaa -aggr-aa -aggrmodref-aa -aggr-aa -dse -duplicate-dataflow-processes -globaldce -instcombine -array-partition -prepare-dynamic-array-partition -instcombine -simplifycfg -dce -ptrArgReplace -global-constprop -deadargelim -mem2reg -func-legal -dce -global-constprop -deadargelim -mem2reg -simplifycfg -dce -merge-param -deadargelim -globalopt -constprop -dce -array-promote -constprop -dce -ptrArgReplace -mem2reg -simplifycfg -dce -mem-intrinsic-preproc -dce -global-internalize -global-privatize -mem2reg -globaldce -lcssa -loop-simplify -phi-select-elim -promote-global-argument -ptrArgReplace -mem2reg -dce -globalopt -mergereturn -simplify-global-access -mem2reg -dce -pointer-simplify -dce -basicaa -aggr-aa -aggrmodref-aa -aggr-aa -functionattrs -basicaa -aggr-aa -aggrmodref-aa -aggr-aa -gvn -gvn -basicaa -aggr-aa -aggrmodref-aa -aggr-aa -dse -adse -adce -dce -norm-name -basicaa -aggr-aa -aggrmodref-aa -aggr-aa -accesses-merge -function-inline -complex-op-raise -inst-simplify -globaldce -func-legal -dce -loop-bound -arraycheck -bitwidthmin2 -bitwidthmin2 -on-by-dataflow -loop-delete -instcombine -simplifycfg -globaldce -dce -gvn -deadargelim -dce -loop-simplify -clean-region -simplifycfg -propagate-stable-arguments -loop-stream -instcombine -simplifycfg -dce -globaldce -duplicate-dataflow-processes -stream-intrinsic-preproc -dce -check-ap-stream -loop-simplify -eliminate-keepreads -extract-dataflow-in-loop -loop-simplify -dce -gvn -deadargelim -dse -duplicate-dataflow-processes -check-dataflow-syntax -legalize-stream-variable -globaldce -legalize-global -extract-subproc -dce -dead-channel-elimination -canonicalize-gep -globaldce -dce -gvn -hls-dead-arg-elim -deadargelim -directive-preproc -canonicalize-dataflow -dce -globaldce -scalar-preprocessing -scalar-propagation2 -scalar-stream -deadargelim -globaldce -mem2reg -check-dataflow-channels -function-stream -dce -globaldce -prop-fifo-spec -internal-stream-gen -canonicalize-gep -globaldce -dce -gvn -deadargelim -mergereturn -indvars -loop-simplify -instcombine -array-stream -array-seg-normalize -array-partition -clean-array-spec -func-legal -instcombine -simplifycfg -dce -bundle-memfifo-ops -deadargelim -directive-preproc -mem2reg -dse -dce -group-axi-access -licm -simplifycfg -dce -loop-delete -hls-display -norm-name /home/jam/Downloads/HLS_Erosion_dilation/vitis_workspace/MM_FifoInterface/MM_FifoInterface/hls/.autopilot/db/a.o.1.bc -o /home/jam/Downloads/HLS_Erosion_dilation/vitis_workspace/MM_FifoInterface/MM_FifoInterface/hls/.autopilot/db/a.o.1.tmp.bc -f 
INFO-FLOW: Presyn 2...
Execute         transform -hls -keep-callgraph -scalarrepl -mem2reg -port-alignment -attach-range -dce -pipe-mux-gen -indvars -loop-bound -inst-simplify -instcombine -dce -merge-array-access -mem2reg -dce -clean-region -mergereturn -if-conv -instcombine -dce -constprop -basicaa -aggr-aa -aggrmodref-aa -aggr-aa -gvn -gvn -basicaa -aggr-aa -aggrmodref-aa -aggr-aa -dse -adse -adce -scalarrepl -mem2reg -global-constprop -deadargelim -deadargelim -instcombine -dce -simplifycfg -ptrArgReplace -mem2reg -function-inline -globaldce -mem2reg -instcombine -dce -expr-balance -instcombine -dce -bitwidthmin2 -bitwidthmin2 -interface-preproc -directive-preproc -inst-rectify -instcombine -dce -basicaa -aggr-aa -aggrmodref-aa -aggr-aa -functionattrs -constprop -instcombine -bit-constprop -simplify-global-access -globalopt -globaldce -inst-simplify -instcombine -elimdeaddata -dce -loop-delete -simplifycfg -loop-simplify -barrier -norm-name /home/jam/Downloads/HLS_Erosion_dilation/vitis_workspace/MM_FifoInterface/MM_FifoInterface/hls/.autopilot/db/a.o.1.tmp.bc -o /home/jam/Downloads/HLS_Erosion_dilation/vitis_workspace/MM_FifoInterface/MM_FifoInterface/hls/.autopilot/db/a.o.2.bc -f -phase presyn 
INFO: [HLS 200-111] Finished Loop, function and other optimizations: CPU user time: 0.05 seconds. CPU system time: 0 seconds. Elapsed time: 0.05 seconds; current allocated memory: 365.258 MB.
Execute         transform -hls -auto-function-inline -globaldce -ptrArgReplace -mem2reg -dce -reset-lda -loop-simplify -indvars -aggr-aa -licm -loop-dep -loop-bound -licm -loop-simplify -loop-sink-hoist -flattenloopnest -array-flatten -gvn -instcombine -dce -array-map -dce -func-legal -gvn -adce -instcombine -cfgopt -simplifycfg-lite -loop-simplify -array-burst -promote-global-argument -dce -array-seg-normalize -basicaa -aggrmodref-aa -globalsmodref-aa -aggr-aa -gvn -gvn -basicaa -aggrmodref-aa -globalsmodref-aa -aggr-aa -dse -adse -adce -licm -inst-simplify -dce -globaldce -instcombine -array-stream -eliminate-keepreads -instcombine -dce -deadargelim -doublePtrSimplify -doublePtrElim -dce -doublePtrSimplify -promote-dbg-pointer -dce -scalarrepl -mem2reg -norm-name -mem2reg -instcombine -dse -adse -adce -ptrLegalization -dce -array-flatten -dce -instcombine -check-doubleptr -loop-rot -constprop -inst-simplify -cfgopt -simplifycfg-lite -loop-simplify -indvars -pointer-simplify -dce -loop-bound -loop-simplify -loop-preproc -constprop -global-constprop -gvn -mem2reg -instcombine -dce -loop-bound -loop-merge -dce -deadargelim -dce -canonicalize-dataflow -dce -deadargelim -globaldce -mem2reg -bram-byte-enable -inst-simplify -inst-rectify -instcombine -adce -deadargelim -load-elim -read-loop-dep -loop-simplify -loop-extract-inner -directive-preproc -bitwidthmin2 -bitwidthmin2 -read-loop-dep -interface-preproc -directive-preproc -interface-gen -bram-byte-enable-spec-prop -mul2addshift -deadargelim -inst-simplify -dce -mem2reg -instcombine -gvn -dce -adse -loop-bound -instcombine -cfgopt -simplifycfg-lite -loop-simplify -clean-region -io-protocol -find-region -mem2reg -bitop-raise -complex-op-raise -inst-simplify -inst-rectify -instcombine -adce -deadargelim -float-op-raise -loop-simplify -phi-opt -bitop-raise -cfgopt -simplifycfg-lite -strip-dead-prototypes -interface-lower -bitop-lower -intrinsic-lower -auto-function-inline -basicaa -aggrmodref-aa -globalsmodref-aa -aggr-aa -inst-simplify -simplifycfg-lite -loop-simplify -mergereturn -inst-simplify -inst-rectify -globaldce -dce -load-elim -bitop-lower -float-op-raise -fma-raise -loop-rewind -pointer-simplify -dce -cfgopt -dce -loop-bound -loop-dep -read-loop-dep -dce -dyn-mem-reuse -dce -recurrence-min -dce -share-scalar-alloca -deadargelim -dce -check-stream -norm-name -legalize -inst-clarity -bitwidth -dce -validate-dataflow -dump-loop-dep-to-ir -check-all-ssdm -dump-complexity-metric /home/jam/Downloads/HLS_Erosion_dilation/vitis_workspace/MM_FifoInterface/MM_FifoInterface/hls/.autopilot/db/a.o.2.bc -o /home/jam/Downloads/HLS_Erosion_dilation/vitis_workspace/MM_FifoInterface/MM_FifoInterface/hls/.autopilot/db/a.o.3.bc -f -phase build-ssdm 
INFO: [XFORM 203-541] Flattening a loop nest 'Row' (../files/matrixmul.cpp:19:8) in function 'matrixmul'.
Execute           auto_get_db
INFO-FLOW: Building ssdm...
Execute         transform -hls -cdfg-build /home/jam/Downloads/HLS_Erosion_dilation/vitis_workspace/MM_FifoInterface/MM_FifoInterface/hls/.autopilot/db/a.o.3.bc -o /home/jam/Downloads/HLS_Erosion_dilation/vitis_workspace/MM_FifoInterface/MM_FifoInterface/hls/.autopilot/db/a.o.3.bc -f -phase build-ssdm 
INFO: [HLS 200-111] Finished Architecture Synthesis: CPU user time: 0.03 seconds. CPU system time: 0 seconds. Elapsed time: 0.04 seconds; current allocated memory: 365.258 MB.
INFO-FLOW: Finish building internal data model.
Command       opt_and_import_c done; 0.12 sec.
Command     elaborate done; 9.61 sec.
Execute     ap_eval exec zip -j /home/jam/Downloads/HLS_Erosion_dilation/vitis_workspace/MM_FifoInterface/MM_FifoInterface/hls/.autopilot/db/dut.hcp $dbDir/a.o.3.bc $dbDir/${topname}.rtl_wrap.cfg.tcl $dbDir/apatb_${topname}.cpp $dbDir/apatb_${topname}_util.cpp $dbDir/apatb_${topname}_ir.ll $dbDir/mapper_${topname}.cpp $dbDir/top-io-fe.xml $dbDir/kernel.internal.xml $workdir/../hls.app 
Execute     autosyn -from_csynth_design=1 
INFO: [HLS 200-10] Starting hardware synthesis ...
INFO-FLOW: Synthesizing C/C++ design ...
INFO: [HLS 200-10] Synthesizing 'matrixmul' ...
Execute       ap_set_top_model matrixmul 
Execute       get_model_list matrixmul -filter all-wo-channel -topdown 
Execute       preproc_iomode -model matrixmul 
Execute       get_model_list matrixmul -filter all-wo-channel 
INFO-FLOW: Model list for configure: matrixmul
INFO-FLOW: Configuring Module : matrixmul ...
Execute       set_default_model matrixmul 
Execute       apply_spec_resource_limit matrixmul 
INFO-FLOW: Model list for preprocess: matrixmul
INFO-FLOW: Preprocessing Module: matrixmul ...
Execute       set_default_model matrixmul 
Execute       cdfg_preprocess -model matrixmul 
Execute       rtl_gen_preprocess matrixmul 
INFO-FLOW: Model list for synthesis: matrixmul
INFO: [HLS 200-10] ----------------------------------------------------------------
INFO: [HLS 200-42] -- Implementing module 'matrixmul' 
INFO: [HLS 200-10] ----------------------------------------------------------------
Execute       set_default_model matrixmul 
Execute       schedule -model matrixmul 
INFO: [SCHED 204-11] Starting scheduling ...
INFO: [HLS 200-486] Changing DSP latency (root=tmp) to 3 in order to utilize available DSP registers.
INFO: [HLS 200-486] Changing DSP latency (root=add_ln26) to 3 in order to utilize available DSP registers.
INFO: [SCHED 204-61] Pipelining loop 'Row_Col'.
WARNING: [HLS 200-880] The II Violation in module 'matrixmul' (loop 'Row_Col'): Unable to enforce a carried dependence constraint (II = 1, distance = 1, offset = 1) between fifo read operation ('b_1_read_1', ../files/matrixmul.cpp:26) on port 'b_1' (../files/matrixmul.cpp:26) and fifo read operation ('b_1_read', ../files/matrixmul.cpp:26) on port 'b_1' (../files/matrixmul.cpp:26).
WARNING: [HLS 200-880] The II Violation in module 'matrixmul' (loop 'Row_Col'): Unable to enforce a carried dependence constraint (II = 2, distance = 1, offset = 1) between fifo read operation ('b_1_read_2', ../files/matrixmul.cpp:26) on port 'b_1' (../files/matrixmul.cpp:26) and fifo read operation ('b_1_read', ../files/matrixmul.cpp:26) on port 'b_1' (../files/matrixmul.cpp:26).
INFO: [HLS 200-1470] Pipelining result : Target II = NA, Final II = 3, Depth = 8, loop 'Row_Col'
INFO: [SCHED 204-11] Finished scheduling.
INFO: [HLS 200-111] Finished Scheduling: CPU user time: 0.1 seconds. CPU system time: 0.01 seconds. Elapsed time: 0.11 seconds; current allocated memory: 365.258 MB.
Execute       syn_report -verbosereport -o /home/jam/Downloads/HLS_Erosion_dilation/vitis_workspace/MM_FifoInterface/MM_FifoInterface/hls/.autopilot/db/matrixmul.verbose.sched.rpt 
Execute         list_part -family xczu7ev-ffvc1156-2-e 
Execute           ap_family_info -name xczu7ev-ffvc1156-2-e -data names 
Execute           ap_part_info -quiet -name xczu7ev-ffvc1156-2-e -data family 
Execute       db_write -o /home/jam/Downloads/HLS_Erosion_dilation/vitis_workspace/MM_FifoInterface/MM_FifoInterface/hls/.autopilot/db/matrixmul.sched.adb -f 
INFO-FLOW: Finish scheduling matrixmul.
Execute       set_default_model matrixmul 
Execute       bind -model matrixmul 
INFO: [BIND 205-100] Starting micro-architecture generation ...
INFO: [BIND 205-101] Performing variable lifetime analysis.
INFO: [BIND 205-101] Exploring resource sharing.
INFO: [BIND 205-101] Binding ...
INFO: [BIND 205-100] Finished micro-architecture generation.
INFO: [HLS 200-111] Finished Binding: CPU user time: 0.02 seconds. CPU system time: 0 seconds. Elapsed time: 0.03 seconds; current allocated memory: 365.258 MB.
Execute       syn_report -verbosereport -o /home/jam/Downloads/HLS_Erosion_dilation/vitis_workspace/MM_FifoInterface/MM_FifoInterface/hls/.autopilot/db/matrixmul.verbose.bind.rpt 
Execute         list_part -family xczu7ev-ffvc1156-2-e 
Execute           ap_family_info -name xczu7ev-ffvc1156-2-e -data names 
Execute           ap_part_info -quiet -name xczu7ev-ffvc1156-2-e -data family 
Execute       db_write -o /home/jam/Downloads/HLS_Erosion_dilation/vitis_workspace/MM_FifoInterface/MM_FifoInterface/hls/.autopilot/db/matrixmul.bind.adb -f 
INFO-FLOW: Finish binding matrixmul.
Execute       get_model_list matrixmul -filter all-wo-channel 
INFO-FLOW: Preprocessing for RTLGen ...
Execute       rtl_gen_preprocess matrixmul 
INFO-FLOW: Model list for RTL generation: matrixmul
INFO: [HLS 200-10] ----------------------------------------------------------------
INFO: [HLS 200-10] -- Generating RTL for module 'matrixmul' 
INFO: [HLS 200-10] ----------------------------------------------------------------
Execute       create_rtl_model matrixmul -top_prefix  -sub_prefix matrixmul_ -mg_file /home/jam/Downloads/HLS_Erosion_dilation/vitis_workspace/MM_FifoInterface/MM_FifoInterface/hls/.autopilot/db/matrixmul.compgen.tcl 
INFO: [RTGEN 206-500] Setting interface mode on port 'matrixmul/a_0' to 'ap_fifo'.
INFO: [RTGEN 206-500] Setting interface mode on port 'matrixmul/a_1' to 'ap_fifo'.
INFO: [RTGEN 206-500] Setting interface mode on port 'matrixmul/a_2' to 'ap_fifo'.
INFO: [RTGEN 206-500] Setting interface mode on port 'matrixmul/b_0' to 'ap_fifo'.
INFO: [RTGEN 206-500] Setting interface mode on port 'matrixmul/b_1' to 'ap_fifo'.
INFO: [RTGEN 206-500] Setting interface mode on port 'matrixmul/b_2' to 'ap_fifo'.
INFO: [RTGEN 206-500] Setting interface mode on port 'matrixmul/res' to 'ap_fifo'.
INFO: [RTGEN 206-500] Setting interface mode on function 'matrixmul' to 'ap_ctrl_hs'.
INFO: [HLS 200-1030] Apply Unified Pipeline Control on module 'matrixmul' pipeline 'Row_Col' pipeline type 'loop pipeline'
INFO: [RTGEN 206-100] Generating core module 'mac_muladd_8s_8s_16ns_16_4_1': 1 instance(s).
INFO: [RTGEN 206-100] Generating core module 'mac_muladd_8s_8s_16s_16_4_1': 1 instance(s).
INFO: [RTGEN 206-100] Generating core module 'mul_8s_8s_16_1_1': 1 instance(s).
INFO: [RTGEN 206-100] Finished creating RTL model for 'matrixmul'.
INFO: [HLS 200-111] Finished Creating RTL model: CPU user time: 0.07 seconds. CPU system time: 0 seconds. Elapsed time: 0.07 seconds; current allocated memory: 365.258 MB.
Execute       source /home/jam/Downloads/HLS_Erosion_dilation/vitis_workspace/MM_FifoInterface/MM_FifoInterface/hls/.autopilot/db/matrixmul.rtl_wrap.cfg.tcl 
Execute       gen_rtl matrixmul -istop -style xilinx -f -lang vhdl -o /home/jam/Downloads/HLS_Erosion_dilation/vitis_workspace/MM_FifoInterface/MM_FifoInterface/hls/syn/vhdl/matrixmul 
Execute       gen_rtl matrixmul -istop -style xilinx -f -lang vlog -o /home/jam/Downloads/HLS_Erosion_dilation/vitis_workspace/MM_FifoInterface/MM_FifoInterface/hls/syn/verilog/matrixmul 
Execute       syn_report -csynth -model matrixmul -o /home/jam/Downloads/HLS_Erosion_dilation/vitis_workspace/MM_FifoInterface/MM_FifoInterface/hls/syn/report/matrixmul_csynth.rpt 
Execute         list_part -family xczu7ev-ffvc1156-2-e 
Execute           ap_family_info -name xczu7ev-ffvc1156-2-e -data names 
Execute           ap_part_info -quiet -name xczu7ev-ffvc1156-2-e -data family 
Execute       syn_report -rtlxml -model matrixmul -o /home/jam/Downloads/HLS_Erosion_dilation/vitis_workspace/MM_FifoInterface/MM_FifoInterface/hls/syn/report/matrixmul_csynth.xml 
Execute         list_part -family xczu7ev-ffvc1156-2-e 
Execute           ap_family_info -name xczu7ev-ffvc1156-2-e -data names 
Execute           ap_part_info -quiet -name xczu7ev-ffvc1156-2-e -data family 
Execute       syn_report -verbosereport -model matrixmul -o /home/jam/Downloads/HLS_Erosion_dilation/vitis_workspace/MM_FifoInterface/MM_FifoInterface/hls/.autopilot/db/matrixmul.verbose.rpt 
Execute         list_part -family xczu7ev-ffvc1156-2-e 
Execute           ap_family_info -name xczu7ev-ffvc1156-2-e -data names 
Execute           ap_part_info -quiet -name xczu7ev-ffvc1156-2-e -data family 
Execute       db_write -model matrixmul -f -o /home/jam/Downloads/HLS_Erosion_dilation/vitis_workspace/MM_FifoInterface/MM_FifoInterface/hls/.autopilot/db/matrixmul.adb 
Execute       db_write -model matrixmul -bindview -o /home/jam/Downloads/HLS_Erosion_dilation/vitis_workspace/MM_FifoInterface/MM_FifoInterface/hls/.autopilot/db/design.bindinfo.xml 
Execute       gen_tb_info matrixmul -p /home/jam/Downloads/HLS_Erosion_dilation/vitis_workspace/MM_FifoInterface/MM_FifoInterface/hls/.autopilot/db -o /home/jam/Downloads/HLS_Erosion_dilation/vitis_workspace/MM_FifoInterface/MM_FifoInterface/hls/.autopilot/db/matrixmul 
Execute       export_constraint_db -f -tool general -o /home/jam/Downloads/HLS_Erosion_dilation/vitis_workspace/MM_FifoInterface/MM_FifoInterface/hls/.autopilot/db/matrixmul.constraint.tcl 
Execute       syn_report -designview -model matrixmul -o /home/jam/Downloads/HLS_Erosion_dilation/vitis_workspace/MM_FifoInterface/MM_FifoInterface/hls/.autopilot/db/matrixmul.design.xml 
Execute       syn_report -csynthDesign -model matrixmul -o /home/jam/Downloads/HLS_Erosion_dilation/vitis_workspace/MM_FifoInterface/MM_FifoInterface/hls/syn/report/csynth.rpt -MHOut /home/jam/Downloads/HLS_Erosion_dilation/vitis_workspace/MM_FifoInterface/MM_FifoInterface/hls/.autopilot/db/kernel_module_hierarchy.tcl 
Execute         list_part -family xczu7ev-ffvc1156-2-e 
Execute           ap_family_info -name xczu7ev-ffvc1156-2-e -data names 
Execute           ap_part_info -quiet -name xczu7ev-ffvc1156-2-e -data family 
Execute       syn_report -wcfg -model matrixmul -o /home/jam/Downloads/HLS_Erosion_dilation/vitis_workspace/MM_FifoInterface/MM_FifoInterface/hls/.autopilot/db/matrixmul_dataflow_ana.wcfg 
Execute       syn_report -protoinst -model matrixmul -o /home/jam/Downloads/HLS_Erosion_dilation/vitis_workspace/MM_FifoInterface/MM_FifoInterface/hls/.autopilot/db/matrixmul.protoinst 
Execute       sc_get_clocks matrixmul 
Execute       sc_get_portdomain matrixmul 
INFO-FLOW: Model list for RTL component generation: matrixmul
INFO-FLOW: Handling components in module [matrixmul] ... 
Execute       source /home/jam/Downloads/HLS_Erosion_dilation/vitis_workspace/MM_FifoInterface/MM_FifoInterface/hls/.autopilot/db/matrixmul.compgen.tcl 
INFO-FLOW: Found component matrixmul_mul_8s_8s_16_1_1.
INFO-FLOW: Append model matrixmul_mul_8s_8s_16_1_1
INFO-FLOW: Found component matrixmul_mac_muladd_8s_8s_16s_16_4_1.
INFO-FLOW: Append model matrixmul_mac_muladd_8s_8s_16s_16_4_1
INFO-FLOW: Found component matrixmul_mac_muladd_8s_8s_16ns_16_4_1.
INFO-FLOW: Append model matrixmul_mac_muladd_8s_8s_16ns_16_4_1
INFO-FLOW: Found component matrixmul_flow_control_loop_pipe.
INFO-FLOW: Append model matrixmul_flow_control_loop_pipe
INFO-FLOW: Append model matrixmul
INFO-FLOW: Generating RTL model list ...
INFO-FLOW: All models in this session: matrixmul_mul_8s_8s_16_1_1 matrixmul_mac_muladd_8s_8s_16s_16_4_1 matrixmul_mac_muladd_8s_8s_16ns_16_4_1 matrixmul_flow_control_loop_pipe matrixmul
INFO-FLOW: Generating /home/jam/Downloads/HLS_Erosion_dilation/vitis_workspace/MM_FifoInterface/MM_FifoInterface/hls/.autopilot/db/autopilot.rtl.models.txt file...
INFO-FLOW: To file: write model matrixmul_mul_8s_8s_16_1_1
INFO-FLOW: To file: write model matrixmul_mac_muladd_8s_8s_16s_16_4_1
INFO-FLOW: To file: write model matrixmul_mac_muladd_8s_8s_16ns_16_4_1
INFO-FLOW: To file: write model matrixmul_flow_control_loop_pipe
INFO-FLOW: To file: write model matrixmul
INFO-FLOW: Generating /home/jam/Downloads/HLS_Erosion_dilation/vitis_workspace/MM_FifoInterface/MM_FifoInterface/hls/.autopilot/db/autopilot.rtl.models.tcl file...
INFO-FLOW: Finished generating RTL model list.


INFO-FLOW: RTL Generation done.
INFO-FLOW: CAS Generation done.
INFO-FLOW: CBC Generation done.
INFO-FLOW: DBG:PROC: ::AESL_AUTOMG::auto_generate_csynth_design
INFO-FLOW: DBG:PUTS: read_platform_lib /home/jam/Downloads/HLS_Erosion_dilation/vitis_workspace/MM_FifoInterface/MM_FifoInterface/hls/.autopilot/db/global.setting.tcl
Execute       source /home/jam/xilinx/Vitis_HLS/2024.1/common/technology/generic/autopilot/common.gen 
Execute         source /home/jam/xilinx/Vitis_HLS/2024.1/common/technology/generic/autopilot/APCoreGen.gen 
Execute       source /home/jam/xilinx/Vitis_HLS/2024.1/common/technology/generic/autopilot/op.gen 
Execute       source /home/jam/xilinx/Vitis_HLS/2024.1/common/technology/generic/autopilot/op_simcore.gen 
Execute       source /home/jam/xilinx/Vitis_HLS/2024.1/common/technology/generic/autopilot/interface.gen 
Execute       source /home/jam/Downloads/HLS_Erosion_dilation/vitis_workspace/MM_FifoInterface/MM_FifoInterface/hls/.autopilot/db/global.setting.tcl 
Execute       source /home/jam/xilinx/Vitis_HLS/2024.1/common/technology/xilinx/common/xilinx.gen 
Execute         source /home/jam/xilinx/Vitis_HLS/2024.1/common/technology/xilinx/interface/plb46.gen 
Execute         source /home/jam/xilinx/Vitis_HLS/2024.1/common/technology/xilinx/interface/axi4.gen 
Execute         source /home/jam/xilinx/Vitis_HLS/2024.1/common/technology/xilinx/interface/nativeAXI4.gen 
Execute           source /home/jam/xilinx/Vitis_HLS/2024.1/common/technology/xilinx/interface/saxilite.gen 
Execute         source /home/jam/xilinx/Vitis_HLS/2024.1/common/technology/xilinx/scripts/xilinxcoregen.gen 
Execute         source /home/jam/xilinx/Vitis_HLS/2024.1/common/technology/xilinx/interface/XilEDKCoreGen.gen 
Execute         source /home/jam/xilinx/Vitis_HLS/2024.1/common/technology/xilinx/ip/xfft.gen 
Execute         source /home/jam/xilinx/Vitis_HLS/2024.1/common/technology/xilinx/ip/xfir.gen 
Execute         source /home/jam/xilinx/Vitis_HLS/2024.1/common/technology/xilinx/ip/util.gen 
Execute         source /home/jam/xilinx/Vitis_HLS/2024.1/common/technology/xilinx/ip/dds_compiler.gen 
Execute         source /home/jam/xilinx/Vitis_HLS/2024.1/common/technology/xilinx/DSP48/dsp48.gen 
INFO-FLOW: DBG:PUTS:   using AESL_AUTOCG::g_clock_period=10.000 (was NA)
INFO-FLOW: DBG:PROC: ::AESL_AUTOMG::generate_ip_cores gen_sim_model='1' gen_fp_models='0' gen_for_export='0' dstSCDir='' dstVhdlDir='/home/jam/Downloads/HLS_Erosion_dilation/vitis_workspace/MM_FifoInterface/MM_FifoInterface/hls/.autopilot/db/vhdl' dstVlogDir='/home/jam/Downloads/HLS_Erosion_dilation/vitis_workspace/MM_FifoInterface/MM_FifoInterface/hls/.autopilot/db/vlog' tclDir='/home/jam/Downloads/HLS_Erosion_dilation/vitis_workspace/MM_FifoInterface/MM_FifoInterface/hls/.autopilot/db' modelList='matrixmul_mul_8s_8s_16_1_1
matrixmul_mac_muladd_8s_8s_16s_16_4_1
matrixmul_mac_muladd_8s_8s_16ns_16_4_1
matrixmul_flow_control_loop_pipe
matrixmul
' expOnly='0'
Execute       source /home/jam/Downloads/HLS_Erosion_dilation/vitis_workspace/MM_FifoInterface/MM_FifoInterface/hls/.autopilot/db/global.setting.tcl 
Execute       ap_part_info -name xczu7ev-ffvc1156-2-e -data names -quiet 
Execute       ap_part_info -name xczu7ev-ffvc1156-2-e -data info -quiet 
Execute       source /home/jam/Downloads/HLS_Erosion_dilation/vitis_workspace/MM_FifoInterface/MM_FifoInterface/hls/.autopilot/db/global.setting.tcl 
Execute       source /home/jam/Downloads/HLS_Erosion_dilation/vitis_workspace/MM_FifoInterface/MM_FifoInterface/hls/.autopilot/db/global.setting.tcl 
Execute       source /home/jam/Downloads/HLS_Erosion_dilation/vitis_workspace/MM_FifoInterface/MM_FifoInterface/hls/.autopilot/db/matrixmul.compgen.tcl 
INFO: [HLS 200-111] Finished Generating all RTL models: CPU user time: 0.24 seconds. CPU system time: 0.01 seconds. Elapsed time: 0.26 seconds; current allocated memory: 365.258 MB.
INFO-FLOW: DBG:PROC: ::HLSREPORTS::create_csynth_xml bind_info_var='bind_info' RtlSubPrefix='matrixmul_' outfile=''
INFO-FLOW: Running: create_csynth_xml read xml data
INFO-FLOW: Done: create_csynth_xml read xml data time: 0 seconds per iteration
INFO-FLOW: Running: create_csynth_xml bind info
INFO-FLOW: Done: create_csynth_xml bind info time: 0 seconds per iteration
INFO-FLOW: Running: create_csynth_xml config info
INFO-FLOW: Done: create_csynth_xml config info time: 0.1 seconds per iteration
INFO-FLOW: Running: create_csynth_xml write xml
INFO-FLOW: Done: create_csynth_xml write xml time: 0 seconds per iteration
INFO-FLOW: DBG:PUTS:      create_csynth_xml wrote csynth_xml=/home/jam/Downloads/HLS_Erosion_dilation/vitis_workspace/MM_FifoInterface/MM_FifoInterface/hls/syn/report/csynth.xml
INFO-FLOW: DBG:PROC: ::AP::DESIGN_DATA::generate_json generate_bd_files='0' generate_xo_files='0' modelList='matrixmul_mul_8s_8s_16_1_1
matrixmul_mac_muladd_8s_8s_16s_16_4_1
matrixmul_mac_muladd_8s_8s_16ns_16_4_1
matrixmul_flow_control_loop_pipe
matrixmul
' rtl_lang='both' bootstrap_tcl='false' outdir='' outfilename=''
Execute       source /home/jam/Downloads/HLS_Erosion_dilation/vitis_workspace/MM_FifoInterface/MM_FifoInterface/hls/.autopilot/db/global.setting.tcl 
Execute       source /home/jam/Downloads/HLS_Erosion_dilation/vitis_workspace/MM_FifoInterface/MM_FifoInterface/hls/.autopilot/db/global.setting.tcl 
Execute       source /home/jam/Downloads/HLS_Erosion_dilation/vitis_workspace/MM_FifoInterface/MM_FifoInterface/hls/.autopilot/db/top-io-be.tcl 
Execute       source /home/jam/Downloads/HLS_Erosion_dilation/vitis_workspace/MM_FifoInterface/MM_FifoInterface/hls/.autopilot/db/matrixmul.tbgen.tcl 
Execute       source /home/jam/Downloads/HLS_Erosion_dilation/vitis_workspace/MM_FifoInterface/MM_FifoInterface/hls/.autopilot/db/matrixmul.rtl_wrap.cfg.tcl 
Execute       source /home/jam/Downloads/HLS_Erosion_dilation/vitis_workspace/MM_FifoInterface/MM_FifoInterface/hls/.autopilot/db/matrixmul.compgen.dataonly.tcl 
Execute       source /home/jam/Downloads/HLS_Erosion_dilation/vitis_workspace/MM_FifoInterface/MM_FifoInterface/hls/.autopilot/db/matrixmul.tbgen.tcl 
Execute       source /home/jam/Downloads/HLS_Erosion_dilation/vitis_workspace/MM_FifoInterface/MM_FifoInterface/hls/.autopilot/db/global.setting.tcl 
Execute       ap_part_info -name xczu7ev-ffvc1156-2-e -data names -quiet 
Execute       ap_part_info -name xczu7ev-ffvc1156-2-e -data info -quiet 
Execute       source /home/jam/Downloads/HLS_Erosion_dilation/vitis_workspace/MM_FifoInterface/MM_FifoInterface/hls/.autopilot/db/matrixmul.constraint.tcl 
Execute       sc_get_clocks matrixmul 
Execute       source /home/jam/Downloads/HLS_Erosion_dilation/vitis_workspace/MM_FifoInterface/MM_FifoInterface/hls/.autopilot/db/global.setting.tcl 
INFO-FLOW: DBG:PROC: ::HLSREPORTS::add_csynth_report_sections bind_info_dict='adapter_nodes {} cache_nodes {} report_dict {TOPINST matrixmul MODULE2INSTS {matrixmul matrixmul} INST2MODULE {matrixmul matrixmul} INSTDATA {matrixmul {DEPTH 1 CHILDREN {}}} MODULEDATA {matrixmul {BINDINFO {{BINDTYPE op ID {} IMPL auto_sel LATENCY 0 OPTYPE select PRAGMA {} RTLNAME select_ln16_fu_170_p3 SOURCE /home/jam/Downloads/HLS_Erosion_dilation/vitis_workspace/MM_FifoInterface/hls_config.cfg:16 VARIABLE select_ln16 LOOP Row_Col BUNDLEDNAME {} DSP 0 BRAM 0 URAM 0 STORAGESUBTYPE {} DISPNAME {bind_op select} VISIBLE false} {BINDTYPE op ID {} IMPL fabric LATENCY 0 OPTYPE add PRAGMA {} RTLNAME add_ln19_fu_198_p2 SOURCE ../files/matrixmul.cpp:19 VARIABLE add_ln19 LOOP Row_Col BUNDLEDNAME {} DSP 0 BRAM 0 URAM 0 STORAGESUBTYPE {} DISPNAME {bind_op add} VISIBLE true} {BINDTYPE op ID {} IMPL dsp_slice LATENCY 3 OPTYPE mul PRAGMA {} RTLNAME mac_muladd_8s_8s_16ns_16_4_1_U3 SOURCE ../files/matrixmul.cpp:26 VARIABLE mul_ln26 LOOP Row_Col BUNDLEDNAME {} DSP 1 BRAM 0 URAM 0 STORAGESUBTYPE {} DISPNAME {bind_op mul} VISIBLE true} {BINDTYPE op ID {} IMPL auto LATENCY 0 OPTYPE mul PRAGMA {} RTLNAME mul_8s_8s_16_1_1_U1 SOURCE ../files/matrixmul.cpp:26 VARIABLE mul_ln26_1 LOOP Row_Col BUNDLEDNAME {} DSP 0 BRAM 0 URAM 0 STORAGESUBTYPE {} DISPNAME {bind_op mul} VISIBLE true} {BINDTYPE op ID {} IMPL dsp_slice LATENCY 3 OPTYPE mul PRAGMA {} RTLNAME mac_muladd_8s_8s_16s_16_4_1_U2 SOURCE ../files/matrixmul.cpp:26 VARIABLE mul_ln26_2 LOOP Row_Col BUNDLEDNAME {} DSP 1 BRAM 0 URAM 0 STORAGESUBTYPE {} DISPNAME {bind_op mul} VISIBLE true} {BINDTYPE op ID {} IMPL dsp_slice LATENCY 3 OPTYPE add PRAGMA {} RTLNAME mac_muladd_8s_8s_16s_16_4_1_U2 SOURCE ../files/matrixmul.cpp:26 VARIABLE add_ln26 LOOP Row_Col BUNDLEDNAME {} DSP 1 BRAM 0 URAM 0 STORAGESUBTYPE {} DISPNAME {bind_op add} VISIBLE true} {BINDTYPE op ID {} IMPL dsp_slice LATENCY 3 OPTYPE add PRAGMA {} RTLNAME mac_muladd_8s_8s_16ns_16_4_1_U3 SOURCE ../files/matrixmul.cpp:26 VARIABLE tmp LOOP Row_Col BUNDLEDNAME {} DSP 1 BRAM 0 URAM 0 STORAGESUBTYPE {} DISPNAME {bind_op add} VISIBLE true} {BINDTYPE op ID {} IMPL fabric LATENCY 0 OPTYPE add PRAGMA {} RTLNAME j_fu_178_p2 SOURCE ../files/matrixmul.cpp:21 VARIABLE j LOOP Row_Col BUNDLEDNAME {} DSP 0 BRAM 0 URAM 0 STORAGESUBTYPE {} DISPNAME {bind_op add} VISIBLE true} {BINDTYPE op ID {} IMPL auto LATENCY 0 OPTYPE seteq PRAGMA {} RTLNAME icmp_ln21_fu_184_p2 SOURCE ../files/matrixmul.cpp:21 VARIABLE icmp_ln21 LOOP Row_Col BUNDLEDNAME {} DSP 0 BRAM 0 URAM 0 STORAGESUBTYPE {} DISPNAME {bind_op seteq} VISIBLE false} {BINDTYPE op ID {} IMPL auto LATENCY 0 OPTYPE seteq PRAGMA {} RTLNAME icmp_ln19_fu_204_p2 SOURCE ../files/matrixmul.cpp:19 VARIABLE icmp_ln19 LOOP Row_Col BUNDLEDNAME {} DSP 0 BRAM 0 URAM 0 STORAGESUBTYPE {} DISPNAME {bind_op seteq} VISIBLE false}} AREA {DSP 2 BRAM 0 URAM 0}}}}'
INFO-FLOW: DBG:PUTS:      update_csynth_reports json2rpt_hw_sw_interfaces
INFO-FLOW: Running: gen_csynth_sec_pragma
INFO-FLOW: Done: gen_csynth_sec_pragma time: 0 seconds per iteration
INFO-FLOW: DBG:PUTS:      update_csynth_reports wrote xml
INFO-FLOW: DBG:PUTS:      update_csynth_reports appended to csynth rpt file
INFO: [HLS 200-111] Finished Updating report files: CPU user time: 0.38 seconds. CPU system time: 0.03 seconds. Elapsed time: 0.4 seconds; current allocated memory: 365.258 MB.
INFO: [VHDL 208-304] Generating VHDL RTL for matrixmul.
INFO: [VLOG 209-307] Generating Verilog RTL for matrixmul.
Execute       syn_report -model matrixmul -printsummary 
INFO: [HLS 200-790] **** Loop Constraint Status: All loop constraints were NOT satisfied.
INFO: [HLS 200-789] **** Estimated Fmax: 321.75 MHz
Command     autosyn done; 0.87 sec.
Command   csynth_design done; 10.62 sec.
Execute   close_project 
Execute     close_solution 
Execute       cleanup_all 
Execute       cleanup_all 
