INFO: [v++ 60-1548] Creating build summary session with primary output /home/jam/Downloads/HLS_Erosion_dilation/vitis_workspace/MM_ProductPipeline/MM_ProductPipeline/MM_ProductPipeline.hlscompile_summary, at Sat Jul 19 17:12:13 2025
INFO: [v++ 82-31] Launching vitis_hls: vitis_hls -nolog -run csynth -work_dir /home/jam/Downloads/HLS_Erosion_dilation/vitis_workspace/MM_ProductPipeline/MM_ProductPipeline -config /home/jam/Downloads/HLS_Erosion_dilation/vitis_workspace/MM_ProductPipeline/hls_config.cfg -cmdlineconfig /home/jam/Downloads/HLS_Erosion_dilation/vitis_workspace/MM_ProductPipeline/MM_ProductPipeline/hls/config.cmdline

****** Vitis HLS - High-Level Synthesis from C, C++ and OpenCL v2024.1 (64-bit)
  **** SW Build 5069499 on May 21 2024
  **** IP Build 5075265 on Wed May 22 21:45:21 MDT 2024
  **** SharedData Build 5076995 on Wed May 22 18:29:18 MDT 2024
  **** Start of session at: Sat Jul 19 17:12:15 2025
    ** Copyright 1986-2022 Xilinx, Inc. All Rights Reserved.
    ** Copyright 2022-2024 Advanced Micro Devices, Inc. All Rights Reserved.

source /home/jam/xilinx/Vitis_HLS/2024.1/scripts/vitis_hls/hls.tcl -notrace
INFO: [HLS 200-10] For user 'jam' on host 'jam-Precision-5510' (Linux_x86_64 version 5.15.0-139-generic) on Sat Jul 19 17:12:17 PKT 2025
INFO: [HLS 200-10] On os Ubuntu 20.04.6 LTS
INFO: [HLS 200-10] In directory '/home/jam/Downloads/HLS_Erosion_dilation/vitis_workspace/MM_ProductPipeline'
INFO: [HLS 200-2005] Using work_dir /home/jam/Downloads/HLS_Erosion_dilation/vitis_workspace/MM_ProductPipeline/MM_ProductPipeline 
INFO: [HLS 200-1505] Using default flow_target 'vivado'
Resolution: For help on HLS 200-1505 see docs.xilinx.com/access/sources/dita/topic?Doc_Version=2024.1%20English&url=ug1448-hls-guidance&resourceid=200-1505.html
INFO: [HLS 200-1465] Applying ini 'syn.file=/home/jam/Downloads/HLS_Erosion_dilation/vitis_workspace/files/matrixmul.cpp' from /home/jam/Downloads/HLS_Erosion_dilation/vitis_workspace/MM_ProductPipeline/hls_config.cfg(8)
INFO: [HLS 200-10] Adding design file '/home/jam/Downloads/HLS_Erosion_dilation/vitis_workspace/files/matrixmul.cpp' to the project
INFO: [HLS 200-1465] Applying ini 'tb.file=/home/jam/Downloads/HLS_Erosion_dilation/vitis_workspace/files/matrixmul_test.cpp' from /home/jam/Downloads/HLS_Erosion_dilation/vitis_workspace/MM_ProductPipeline/hls_config.cfg(9)
INFO: [HLS 200-10] Adding test bench file '/home/jam/Downloads/HLS_Erosion_dilation/vitis_workspace/files/matrixmul_test.cpp' to the project
INFO: [HLS 200-1465] Applying ini 'tb.file_cflags=/home/jam/Downloads/HLS_Erosion_dilation/vitis_workspace/files/matrixmul_test.cpp,-DHW_COSIM' from /home/jam/Downloads/HLS_Erosion_dilation/vitis_workspace/MM_ProductPipeline/hls_config.cfg(10)
INFO: [HLS 200-1465] Applying ini 'syn.top=matrixmul' from /home/jam/Downloads/HLS_Erosion_dilation/vitis_workspace/MM_ProductPipeline/hls_config.cfg(7)
INFO: [HLS 200-1465] Applying ini 'flow_target=vivado' from /home/jam/Downloads/HLS_Erosion_dilation/vitis_workspace/MM_ProductPipeline/hls_config.cfg(4)
INFO: [HLS 200-1505] Using flow_target 'vivado'
Resolution: For help on HLS 200-1505 see docs.xilinx.com/access/sources/dita/topic?Doc_Version=2024.1%20English&url=ug1448-hls-guidance&resourceid=200-1505.html
INFO: [HLS 200-1465] Applying ini 'part=xczu7ev-ffvc1156-2-e' from /home/jam/Downloads/HLS_Erosion_dilation/vitis_workspace/MM_ProductPipeline/hls_config.cfg(1)
INFO: [HLS 200-1611] Setting target device to 'xczu7ev-ffvc1156-2-e'
INFO: [HLS 200-1465] Applying ini 'clock=10' from /home/jam/Downloads/HLS_Erosion_dilation/vitis_workspace/MM_ProductPipeline/hls_config.cfg(11)
INFO: [SYN 201-201] Setting up clock 'default' with a period of 10ns.
INFO: [HLS 200-1465] Applying ini 'cosim.rtl=vhdl' from /home/jam/Downloads/HLS_Erosion_dilation/vitis_workspace/MM_ProductPipeline/hls_config.cfg(13)
INFO: [HLS 200-1465] Applying ini 'cosim.trace_level=all' from /home/jam/Downloads/HLS_Erosion_dilation/vitis_workspace/MM_ProductPipeline/hls_config.cfg(14)
INFO: [HLS 200-1465] Applying ini 'csim.code_analyzer=1' from /home/jam/Downloads/HLS_Erosion_dilation/vitis_workspace/MM_ProductPipeline/hls_config.cfg(12)
INFO: [HLS 200-1465] Applying ini 'package.output.format=ip_catalog' from /home/jam/Downloads/HLS_Erosion_dilation/vitis_workspace/MM_ProductPipeline/hls_config.cfg(5)
INFO: [HLS 200-1465] Applying ini 'syn.directive.loop_flatten=matrixmul/Row' from /home/jam/Downloads/HLS_Erosion_dilation/vitis_workspace/MM_ProductPipeline/hls_config.cfg(16)
INFO: [HLS 200-1465] Applying ini 'syn.directive.loop_flatten=matrixmul/Col off' from /home/jam/Downloads/HLS_Erosion_dilation/vitis_workspace/MM_ProductPipeline/hls_config.cfg(17)
INFO: [HLS 200-1465] Applying ini 'syn.directive.pipeline=matrixmul/Product' from /home/jam/Downloads/HLS_Erosion_dilation/vitis_workspace/MM_ProductPipeline/hls_config.cfg(15)
INFO: [HLS 200-111] Finished File checks and directory preparation: CPU user time: 4.44 seconds. CPU system time: 0.41 seconds. Elapsed time: 4.77 seconds; current allocated memory: 339.871 MB.
INFO: [HLS 200-10] Analyzing design file '../files/matrixmul.cpp' ... 
INFO: [HLS 200-111] Finished Source Code Analysis and Preprocessing: CPU user time: 0.84 seconds. CPU system time: 0.76 seconds. Elapsed time: 1.64 seconds; current allocated memory: 341.555 MB.
INFO: [HLS 200-777] Using interface defaults for 'Vivado' flow target.
INFO: [HLS 200-1995] There were 50 instructions in the design after the 'Compile/Link' phase of compilation. See the Design Size Report for more details: /home/jam/Downloads/HLS_Erosion_dilation/vitis_workspace/MM_ProductPipeline/MM_ProductPipeline/hls/syn/report/csynth_design_size.rpt
INFO: [HLS 200-1995] There were 36 instructions in the design after the 'Unroll/Inline (step 1)' phase of compilation. See the Design Size Report for more details: /home/jam/Downloads/HLS_Erosion_dilation/vitis_workspace/MM_ProductPipeline/MM_ProductPipeline/hls/syn/report/csynth_design_size.rpt
INFO: [HLS 200-1995] There were 30 instructions in the design after the 'Unroll/Inline (step 2)' phase of compilation. See the Design Size Report for more details: /home/jam/Downloads/HLS_Erosion_dilation/vitis_workspace/MM_ProductPipeline/MM_ProductPipeline/hls/syn/report/csynth_design_size.rpt
INFO: [HLS 200-1995] There were 27 instructions in the design after the 'Unroll/Inline (step 3)' phase of compilation. See the Design Size Report for more details: /home/jam/Downloads/HLS_Erosion_dilation/vitis_workspace/MM_ProductPipeline/MM_ProductPipeline/hls/syn/report/csynth_design_size.rpt
INFO: [HLS 200-1995] There were 27 instructions in the design after the 'Unroll/Inline (step 4)' phase of compilation. See the Design Size Report for more details: /home/jam/Downloads/HLS_Erosion_dilation/vitis_workspace/MM_ProductPipeline/MM_ProductPipeline/hls/syn/report/csynth_design_size.rpt
INFO: [HLS 200-1995] There were 27 instructions in the design after the 'Array/Struct (step 1)' phase of compilation. See the Design Size Report for more details: /home/jam/Downloads/HLS_Erosion_dilation/vitis_workspace/MM_ProductPipeline/MM_ProductPipeline/hls/syn/report/csynth_design_size.rpt
INFO: [HLS 200-1995] There were 27 instructions in the design after the 'Array/Struct (step 2)' phase of compilation. See the Design Size Report for more details: /home/jam/Downloads/HLS_Erosion_dilation/vitis_workspace/MM_ProductPipeline/MM_ProductPipeline/hls/syn/report/csynth_design_size.rpt
INFO: [HLS 200-1995] There were 27 instructions in the design after the 'Array/Struct (step 3)' phase of compilation. See the Design Size Report for more details: /home/jam/Downloads/HLS_Erosion_dilation/vitis_workspace/MM_ProductPipeline/MM_ProductPipeline/hls/syn/report/csynth_design_size.rpt
INFO: [HLS 200-1995] There were 27 instructions in the design after the 'Array/Struct (step 4)' phase of compilation. See the Design Size Report for more details: /home/jam/Downloads/HLS_Erosion_dilation/vitis_workspace/MM_ProductPipeline/MM_ProductPipeline/hls/syn/report/csynth_design_size.rpt
INFO: [HLS 200-1995] There were 28 instructions in the design after the 'Array/Struct (step 5)' phase of compilation. See the Design Size Report for more details: /home/jam/Downloads/HLS_Erosion_dilation/vitis_workspace/MM_ProductPipeline/MM_ProductPipeline/hls/syn/report/csynth_design_size.rpt
INFO: [HLS 200-1995] There were 28 instructions in the design after the 'Performance (step 1)' phase of compilation. See the Design Size Report for more details: /home/jam/Downloads/HLS_Erosion_dilation/vitis_workspace/MM_ProductPipeline/MM_ProductPipeline/hls/syn/report/csynth_design_size.rpt
INFO: [HLS 200-1995] There were 27 instructions in the design after the 'Performance (step 2)' phase of compilation. See the Design Size Report for more details: /home/jam/Downloads/HLS_Erosion_dilation/vitis_workspace/MM_ProductPipeline/MM_ProductPipeline/hls/syn/report/csynth_design_size.rpt
INFO: [HLS 200-1995] There were 27 instructions in the design after the 'Performance (step 3)' phase of compilation. See the Design Size Report for more details: /home/jam/Downloads/HLS_Erosion_dilation/vitis_workspace/MM_ProductPipeline/MM_ProductPipeline/hls/syn/report/csynth_design_size.rpt
INFO: [HLS 200-1995] There were 27 instructions in the design after the 'Performance (step 4)' phase of compilation. See the Design Size Report for more details: /home/jam/Downloads/HLS_Erosion_dilation/vitis_workspace/MM_ProductPipeline/MM_ProductPipeline/hls/syn/report/csynth_design_size.rpt
INFO: [HLS 200-1995] There were 33 instructions in the design after the 'HW Transforms (step 1)' phase of compilation. See the Design Size Report for more details: /home/jam/Downloads/HLS_Erosion_dilation/vitis_workspace/MM_ProductPipeline/MM_ProductPipeline/hls/syn/report/csynth_design_size.rpt
INFO: [HLS 200-1995] There were 46 instructions in the design after the 'HW Transforms (step 2)' phase of compilation. See the Design Size Report for more details: /home/jam/Downloads/HLS_Erosion_dilation/vitis_workspace/MM_ProductPipeline/MM_ProductPipeline/hls/syn/report/csynth_design_size.rpt
INFO: [HLS 200-111] Finished Compiling Optimization and Transform: CPU user time: 2.94 seconds. CPU system time: 0.61 seconds. Elapsed time: 7.88 seconds; current allocated memory: 343.133 MB.
INFO: [HLS 200-111] Finished Checking Pragmas: CPU user time: 0 seconds. CPU system time: 0 seconds. Elapsed time: 0 seconds; current allocated memory: 343.133 MB.
INFO: [HLS 200-10] Starting code transformations ...
INFO: [HLS 200-111] Finished Standard Transforms: CPU user time: 0.01 seconds. CPU system time: 0.01 seconds. Elapsed time: 0.02 seconds; current allocated memory: 343.133 MB.
INFO: [HLS 200-10] Checking synthesizability ...
INFO: [HLS 200-111] Finished Checking Synthesizability: CPU user time: 0.01 seconds. CPU system time: 0 seconds. Elapsed time: 0 seconds; current allocated memory: 343.133 MB.
INFO: [HLS 200-111] Finished Loop, function and other optimizations: CPU user time: 0.03 seconds. CPU system time: 0 seconds. Elapsed time: 0.04 seconds; current allocated memory: 364.734 MB.
INFO: [HLS 200-111] Finished Architecture Synthesis: CPU user time: 0.04 seconds. CPU system time: 0 seconds. Elapsed time: 0.03 seconds; current allocated memory: 364.762 MB.
INFO: [HLS 200-10] Starting hardware synthesis ...
INFO: [HLS 200-10] Synthesizing 'matrixmul' ...
INFO: [HLS 200-10] ----------------------------------------------------------------
INFO: [HLS 200-42] -- Implementing module 'matrixmul_Pipeline_Product' 
INFO: [HLS 200-10] ----------------------------------------------------------------
INFO: [SCHED 204-11] Starting scheduling ...
INFO: [HLS 200-486] Changing DSP latency (root=tmp_1) to 3 in order to utilize available DSP registers.
INFO: [SCHED 204-61] Pipelining loop 'Product'.
INFO: [HLS 200-1470] Pipelining result : Target II = NA, Final II = 1, Depth = 5, loop 'Product'
INFO: [SCHED 204-11] Finished scheduling.
INFO: [HLS 200-111] Finished Scheduling: CPU user time: 0.06 seconds. CPU system time: 0.02 seconds. Elapsed time: 0.08 seconds; current allocated memory: 365.797 MB.
INFO: [BIND 205-100] Starting micro-architecture generation ...
INFO: [BIND 205-101] Performing variable lifetime analysis.
INFO: [BIND 205-101] Exploring resource sharing.
INFO: [BIND 205-101] Binding ...
INFO: [BIND 205-100] Finished micro-architecture generation.
INFO: [HLS 200-111] Finished Binding: CPU user time: 0.03 seconds. CPU system time: 0 seconds. Elapsed time: 0.02 seconds; current allocated memory: 365.797 MB.
INFO: [HLS 200-10] ----------------------------------------------------------------
INFO: [HLS 200-42] -- Implementing module 'matrixmul' 
INFO: [HLS 200-10] ----------------------------------------------------------------
INFO: [SCHED 204-11] Starting scheduling ...
INFO: [SCHED 204-11] Finished scheduling.
INFO: [HLS 200-111] Finished Scheduling: CPU user time: 0.03 seconds. CPU system time: 0.01 seconds. Elapsed time: 0.04 seconds; current allocated memory: 365.797 MB.
INFO: [BIND 205-100] Starting micro-architecture generation ...
INFO: [BIND 205-101] Performing variable lifetime analysis.
INFO: [BIND 205-101] Exploring resource sharing.
INFO: [BIND 205-101] Binding ...
INFO: [BIND 205-100] Finished micro-architecture generation.
INFO: [HLS 200-111] Finished Binding: CPU user time: 0.02 seconds. CPU system time: 0 seconds. Elapsed time: 0.02 seconds; current allocated memory: 365.797 MB.
INFO: [HLS 200-10] ----------------------------------------------------------------
INFO: [HLS 200-10] -- Generating RTL for module 'matrixmul_Pipeline_Product' 
INFO: [HLS 200-10] ----------------------------------------------------------------
INFO: [HLS 200-1030] Apply Unified Pipeline Control on module 'matrixmul_Pipeline_Product' pipeline 'Product' pipeline type 'loop pipeline'
INFO: [RTGEN 206-100] Generating core module 'mac_muladd_8s_8s_16ns_16_4_1': 1 instance(s).
INFO: [RTGEN 206-100] Finished creating RTL model for 'matrixmul_Pipeline_Product'.
INFO: [HLS 200-111] Finished Creating RTL model: CPU user time: 0.03 seconds. CPU system time: 0 seconds. Elapsed time: 0.04 seconds; current allocated memory: 365.797 MB.
INFO: [HLS 200-10] ----------------------------------------------------------------
INFO: [HLS 200-10] -- Generating RTL for module 'matrixmul' 
INFO: [HLS 200-10] ----------------------------------------------------------------
INFO: [RTGEN 206-500] Setting interface mode on port 'matrixmul/a' to 'ap_memory'.
INFO: [RTGEN 206-500] Setting interface mode on port 'matrixmul/b' to 'ap_memory'.
INFO: [RTGEN 206-500] Setting interface mode on port 'matrixmul/res' to 'ap_memory'.
INFO: [RTGEN 206-500] Setting interface mode on function 'matrixmul' to 'ap_ctrl_hs'.
INFO: [RTGEN 206-100] Finished creating RTL model for 'matrixmul'.
INFO: [HLS 200-111] Finished Creating RTL model: CPU user time: 0.07 seconds. CPU system time: 0.02 seconds. Elapsed time: 0.08 seconds; current allocated memory: 365.797 MB.
INFO: [HLS 200-111] Finished Generating all RTL models: CPU user time: 0.22 seconds. CPU system time: 0.01 seconds. Elapsed time: 0.24 seconds; current allocated memory: 367.996 MB.
INFO: [HLS 200-111] Finished Updating report files: CPU user time: 0.34 seconds. CPU system time: 0.02 seconds. Elapsed time: 0.38 seconds; current allocated memory: 370.625 MB.
INFO: [VHDL 208-304] Generating VHDL RTL for matrixmul.
INFO: [VLOG 209-307] Generating Verilog RTL for matrixmul.
INFO: [HLS 200-790] **** Loop Constraint Status: All loop constraints were satisfied.
INFO: [HLS 200-789] **** Estimated Fmax: 494.56 MHz
INFO: [HLS 200-112] Total CPU user time: 9.13 seconds. Total CPU system time: 1.87 seconds. Total elapsed time: 15.3 seconds; peak allocated memory: 370.625 MB.
INFO: [v++ 60-791] Total elapsed time: 0h 0m 19s
