Sat Jul 19 17:12:12 2025: Running xcd server. This server was built by gradle.
Sat Jul 19 17:12:12 2025: Server was asked to start on port: '43849'
Sat Jul 19 17:12:12 2025: Server is using token UUID: '3c7a20fc-dd5d-494d-bbc0-95c47cbe1c85'
Sat Jul 19 17:12:12 2025: SESSION_MGR: creating session with session uuid: '6d04a3e9-ade5-4ab9-8d63-1f78fcd2ec76' and name 'default'
Sat Jul 19 17:12:12 2025: Attempting to start server on port '43849'
Sat Jul 19 17:12:12 2025: XCD main fifo: created main fifo '/tmp/xcdmain3c7a20fc-dd5d-494d-bbc0-95c47cbe1c85', fd read = 13
Sat Jul 19 17:12:12 2025: Running Dispatch Server
Sat Jul 19 17:12:12 2025: Version 2.2.0
Sat Jul 19 17:12:13 2025: Dispatch Server: Accepted socket connection from client
Sat Jul 19 17:12:13 2025: Starting Socket connection
Sat Jul 19 17:12:13 2025: EXCHANGE_TOKEN received, server token: 3c7a20fc-dd5d-494d-bbc0-95c47cbe1c85, passed token: 3c7a20fc-dd5d-494d-bbc0-95c47cbe1c85
Sat Jul 19 17:12:13 2025: DISPATCH_HANDLER: Adding handler from function makeHandler in library libxv_system_diagram
Sat Jul 19 17:12:13 2025: SESSION_MGR: creating session with session uuid: 'ffac899f-0bd8-4770-92e5-59acbd94e048' and name 'v++_compile_MM_ProductPipeline'
Sat Jul 19 17:12:13 2025: KERNEL_SVC: creating session with uuid: 'ffac899f-0bd8-4770-92e5-59acbd94e048' and name 'v++_compile_MM_ProductPipeline'
Sat Jul 19 17:12:13 2025: GUIDANCE_SMGR: creating guidance session with uuid: 'ffac899f-0bd8-4770-92e5-59acbd94e048' and name 'v++_compile_MM_ProductPipeline'
Sat Jul 19 17:12:13 2025: SYSTEM_DIAGRAM: creating session with uuid: 'ffac899f-0bd8-4770-92e5-59acbd94e048' and name 'v++_compile_MM_ProductPipeline'
Sat Jul 19 17:12:19 2025: Dispatch Server: Accepted socket connection from client
Sat Jul 19 17:12:19 2025: Starting Socket connection
Sat Jul 19 17:12:30 2025: SESSION_MGR: closing session for UUID 'ffac899f-0bd8-4770-92e5-59acbd94e048' with name 'v++_compile_MM_ProductPipeline'
Sat Jul 19 17:12:30 2025: KERNEL_SVC: closing session for UUID 'ffac899f-0bd8-4770-92e5-59acbd94e048' with name 'v++_compile_MM_ProductPipeline'
Sat Jul 19 17:12:30 2025: GUIDANCE_SMGR: closing session for UUID 'ffac899f-0bd8-4770-92e5-59acbd94e048' with name 'v++_compile_MM_ProductPipeline'
Sat Jul 19 17:12:30 2025: SYSTEM_DIAGRAM: closing session for UUID 'ffac899f-0bd8-4770-92e5-59acbd94e048' with name 'v++_compile_MM_ProductPipeline'
Sat Jul 19 17:12:30 2025: STOP_SERVER received, server token: 3c7a20fc-dd5d-494d-bbc0-95c47cbe1c85, passed token: 3c7a20fc-dd5d-494d-bbc0-95c47cbe1c85
Sat Jul 19 17:12:30 2025: Socket received request to stop server.
Sat Jul 19 17:12:30 2025: Dispatch Server: do_await_stop
Sat Jul 19 17:12:30 2025: Dispatch Server: stopping mainFifo_
Sat Jul 19 17:12:30 2025: XCD main fifo: Stopping
Sat Jul 19 17:12:30 2025: XCD main fifo: do_read error code: Operation canceled
Sat Jul 19 17:12:30 2025: XCD main fifo: bytes_transferred: 0
Sat Jul 19 17:12:30 2025: SERVER: destructor for server bound to port 43849
Sat Jul 19 17:12:30 2025: XCD main fifo: Good unlink of /tmp/xcdmain3c7a20fc-dd5d-494d-bbc0-95c47cbe1c85
Sat Jul 19 17:12:30 2025: Server exiting with status 0.
Sat Jul 19 17:12:30 2025: Closing log file.
