

================================================================
== Vitis HLS Report for 'matrixmul'
================================================================
* Date:           Sat Jul 19 17:21:14 2025

* Version:        2024.1 (Build 5069499 on May 21 2024)
* Project:        MM_ColPipeline
* Solution:       hls (Vivado IP Flow Target)
* Product family: zynquplus
* Target device:  xczu7ev-ffvc1156-2-e


================================================================
== Performance Estimates
================================================================
+ Timing: 
    * Summary: 
    +--------+----------+----------+------------+
    |  Clock |  Target  | Estimated| Uncertainty|
    +--------+----------+----------+------------+
    |ap_clk  |  10.00 ns|  3.425 ns|     2.70 ns|
    +--------+----------+----------+------------+

+ Latency: 
    * Summary: 
    +---------+---------+----------+----------+-----+-----+-----------------------------------------------+
    |  Latency (cycles) |  Latency (absolute) |  Interval |                    Pipeline                   |
    |   min   |   max   |    min   |    max   | min | max |                      Type                     |
    +---------+---------+----------+----------+-----+-----+-----------------------------------------------+
    |       31|       31|  0.310 us|  0.310 us|   27|   27|  loop auto-rewind stp(delay=0 clock cycles(s))|
    +---------+---------+----------+----------+-----+-----+-----------------------------------------------+

    + Detail: 
        * Instance: 
        N/A

        * Loop: 
        +-----------+---------+---------+----------+-----------+-----------+------+----------+
        |           |  Latency (cycles) | Iteration|  Initiation Interval  | Trip |          |
        | Loop Name |   min   |   max   |  Latency |  achieved |   target  | Count| Pipelined|
        +-----------+---------+---------+----------+-----------+-----------+------+----------+
        |- Row_Col  |       29|       29|         6|          3|          1|     9|       yes|
        +-----------+---------+---------+----------+-----------+-----------+------+----------+

============================================================
+ Verbose Summary: Synthesis Manager
============================================================
InlineROM: 1
ExposeGlobal: 0
============================================================
+ Verbose Summary: CDFG Model
============================================================
IsTopModel: 1
ResetActiveHigh: 1
IsCombinational: 0
IsDatapathOnly: 0
HasWiredReturn: 1
HasMFsm: 2
HasVarLatency: 1
IsPipeline: 0
IsRtlPipelined: 0
IsInstanceOverlapped: 0
IsDontTouch: 0
HasImplIP: 0
IsGatedGlobalClock: 0

+ Individual pipeline summary: 
  * Pipeline-0: initiation interval (II) = 3, depth = 6


============================================================
+ Verbose Summary: Schedule
============================================================
* Number of FSM states : 6
* Pipeline : 1
  Pipeline-0 : II = 3, D = 6, States = { 1 2 3 4 5 6 }
* Dataflow Pipeline: 0

* FSM state transitions: 
1 --> 2 
2 --> 3 
3 --> 4 
4 --> 5 
5 --> 6 
6 --> 

* FSM state operations: 

State 1 <SV = 0> <Delay = 3.42>
ST_1 : Operation 9 [1/1] (0.00ns)   --->   "%indvar_flatten1 = alloca i32 1"   --->   Operation 9 'alloca' 'indvar_flatten1' <Predicate = true> <Delay = 0.00>
ST_1 : Operation 10 [1/1] (0.00ns)   --->   "%i2 = alloca i32 1"   --->   Operation 10 'alloca' 'i2' <Predicate = true> <Delay = 0.00>
ST_1 : Operation 11 [1/1] (0.00ns)   --->   "%j3 = alloca i32 1"   --->   Operation 11 'alloca' 'j3' <Predicate = true> <Delay = 0.00>
ST_1 : Operation 12 [1/1] (0.00ns)   --->   "%spectopmodule_ln4 = spectopmodule void @_ssdm_op_SpecTopModule, void @empty_2" [../files/matrixmul.cpp:4]   --->   Operation 12 'spectopmodule' 'spectopmodule_ln4' <Predicate = true> <Delay = 0.00>
ST_1 : Operation 13 [1/1] (0.00ns)   --->   "%specinterface_ln0 = specinterface void @_ssdm_op_SpecInterface, i8 %a, void @empty, i32 0, i32 0, void @empty_0, i32 4294967295, i32 0, void @empty_0, void @empty_0, void @empty_0, i32 0, i32 0, i32 0, i32 0, void @empty_0, void @empty_0, i32 4294967295, i32 0, i32 0"   --->   Operation 13 'specinterface' 'specinterface_ln0' <Predicate = true> <Delay = 0.00>
ST_1 : Operation 14 [1/1] (0.00ns)   --->   "%specmemcore_ln0 = specmemcore void @_ssdm_op_SpecMemCore, i8 %a, i64 666, i64 207, i64 4294967295"   --->   Operation 14 'specmemcore' 'specmemcore_ln0' <Predicate = true> <Delay = 0.00>
ST_1 : Operation 15 [1/1] (0.00ns)   --->   "%specbitsmap_ln0 = specbitsmap void @_ssdm_op_SpecBitsMap, i8 %a"   --->   Operation 15 'specbitsmap' 'specbitsmap_ln0' <Predicate = true> <Delay = 0.00>
ST_1 : Operation 16 [1/1] (0.00ns)   --->   "%specinterface_ln0 = specinterface void @_ssdm_op_SpecInterface, i8 %b, void @empty, i32 0, i32 0, void @empty_0, i32 4294967295, i32 0, void @empty_0, void @empty_0, void @empty_0, i32 0, i32 0, i32 0, i32 0, void @empty_0, void @empty_0, i32 4294967295, i32 0, i32 0"   --->   Operation 16 'specinterface' 'specinterface_ln0' <Predicate = true> <Delay = 0.00>
ST_1 : Operation 17 [1/1] (0.00ns)   --->   "%specmemcore_ln0 = specmemcore void @_ssdm_op_SpecMemCore, i8 %b, i64 666, i64 207, i64 4294967295"   --->   Operation 17 'specmemcore' 'specmemcore_ln0' <Predicate = true> <Delay = 0.00>
ST_1 : Operation 18 [1/1] (0.00ns)   --->   "%specbitsmap_ln0 = specbitsmap void @_ssdm_op_SpecBitsMap, i8 %b"   --->   Operation 18 'specbitsmap' 'specbitsmap_ln0' <Predicate = true> <Delay = 0.00>
ST_1 : Operation 19 [1/1] (0.00ns)   --->   "%specinterface_ln0 = specinterface void @_ssdm_op_SpecInterface, i16 %res, void @empty_1, i32 0, i32 0, void @empty_0, i32 4294967295, i32 0, void @empty_0, void @empty_0, void @empty_0, i32 0, i32 0, i32 0, i32 0, void @empty_0, void @empty_0, i32 4294967295, i32 0, i32 0"   --->   Operation 19 'specinterface' 'specinterface_ln0' <Predicate = true> <Delay = 0.00>
ST_1 : Operation 20 [1/1] (0.00ns)   --->   "%specbitsmap_ln0 = specbitsmap void @_ssdm_op_SpecBitsMap, i16 %res"   --->   Operation 20 'specbitsmap' 'specbitsmap_ln0' <Predicate = true> <Delay = 0.00>
ST_1 : Operation 21 [1/1] (0.42ns)   --->   "%store_ln0 = store i2 0, i2 %j3"   --->   Operation 21 'store' 'store_ln0' <Predicate = true> <Delay = 0.42>
ST_1 : Operation 22 [1/1] (0.42ns)   --->   "%store_ln0 = store i2 0, i2 %i2"   --->   Operation 22 'store' 'store_ln0' <Predicate = true> <Delay = 0.42>
ST_1 : Operation 23 [1/1] (0.42ns)   --->   "%store_ln0 = store i4 0, i4 %indvar_flatten1"   --->   Operation 23 'store' 'store_ln0' <Predicate = true> <Delay = 0.42>
ST_1 : Operation 24 [1/1] (0.42ns)   --->   "%br_ln0 = br void %for.inc25"   --->   Operation 24 'br' 'br_ln0' <Predicate = true> <Delay = 0.42>
ST_1 : Operation 25 [1/1] (0.00ns)   --->   "%icmp_ln214 = phi i1 0, void %entry, i1 %icmp_ln21, void %for.inc25" [../files/matrixmul.cpp:21]   --->   Operation 25 'phi' 'icmp_ln214' <Predicate = true> <Delay = 0.00>
ST_1 : Operation 26 [1/1] (0.00ns)   --->   "%i2_load = load i2 %i2" [../files/matrixmul.cpp:19]   --->   Operation 26 'load' 'i2_load' <Predicate = true> <Delay = 0.00>
ST_1 : Operation 27 [1/1] (0.00ns)   --->   "%j3_load = load i2 %j3" [../files/matrixmul.cpp:19]   --->   Operation 27 'load' 'j3_load' <Predicate = true> <Delay = 0.00>
ST_1 : Operation 28 [1/1] (0.54ns)   --->   "%add_ln19 = add i2 %i2_load, i2 1" [../files/matrixmul.cpp:19]   --->   Operation 28 'add' 'add_ln19' <Predicate = true> <Delay = 0.54> <CoreInst = "Adder">   --->   Core 1 'Adder' <Latency = 0> <II = 1> <Delay = 0.54> <FuncUnit> <Opcode : 'add' 'sub'> <InPorts = 2> <OutPorts = 1>
ST_1 : Operation 29 [1/1] (0.17ns)   --->   "%select_ln19 = select i1 %icmp_ln214, i2 0, i2 %j3_load" [../files/matrixmul.cpp:19]   --->   Operation 29 'select' 'select_ln19' <Predicate = true> <Delay = 0.17> <CoreInst = "Sel">   --->   Core 73 'Sel' <Latency = 0> <II = 1> <Delay = 0.17> <FuncUnit> <Opcode : 'select'> <InPorts = 3> <OutPorts = 1>
ST_1 : Operation 30 [1/1] (0.17ns)   --->   "%i = select i1 %icmp_ln214, i2 %add_ln19, i2 %i2_load" [../files/matrixmul.cpp:19]   --->   Operation 30 'select' 'i' <Predicate = true> <Delay = 0.17> <CoreInst = "Sel">   --->   Core 73 'Sel' <Latency = 0> <II = 1> <Delay = 0.17> <FuncUnit> <Opcode : 'select'> <InPorts = 3> <OutPorts = 1>
ST_1 : Operation 31 [1/1] (0.00ns)   --->   "%select_ln19_1_cast = zext i2 %i" [../files/matrixmul.cpp:19]   --->   Operation 31 'zext' 'select_ln19_1_cast' <Predicate = true> <Delay = 0.00>
ST_1 : Operation 32 [1/1] (0.00ns)   --->   "%p_shl = bitconcatenate i4 @_ssdm_op_BitConcatenate.i4.i2.i2, i2 %i, i2 0" [../files/matrixmul.cpp:19]   --->   Operation 32 'bitconcatenate' 'p_shl' <Predicate = true> <Delay = 0.00>
ST_1 : Operation 33 [1/1] (0.79ns)   --->   "%empty = sub i4 %p_shl, i4 %select_ln19_1_cast" [../files/matrixmul.cpp:19]   --->   Operation 33 'sub' 'empty' <Predicate = true> <Delay = 0.79> <CoreInst = "Adder">   --->   Core 1 'Adder' <Latency = 0> <II = 1> <Delay = 0.79> <FuncUnit> <Opcode : 'add' 'sub'> <InPorts = 2> <OutPorts = 1>
ST_1 : Operation 34 [1/1] (0.79ns)   --->   "%empty_6 = add i4 %empty, i4 2" [../files/matrixmul.cpp:19]   --->   Operation 34 'add' 'empty_6' <Predicate = true> <Delay = 0.79> <CoreInst = "Adder">   --->   Core 1 'Adder' <Latency = 0> <II = 1> <Delay = 0.79> <FuncUnit> <Opcode : 'add' 'sub'> <InPorts = 2> <OutPorts = 1>
ST_1 : Operation 35 [1/1] (0.00ns)   --->   "%p_cast7 = zext i4 %empty_6" [../files/matrixmul.cpp:19]   --->   Operation 35 'zext' 'p_cast7' <Predicate = true> <Delay = 0.00>
ST_1 : Operation 36 [1/1] (0.00ns)   --->   "%a_addr_2 = getelementptr i8 %a, i64 0, i64 %p_cast7" [../files/matrixmul.cpp:19]   --->   Operation 36 'getelementptr' 'a_addr_2' <Predicate = true> <Delay = 0.00>
ST_1 : Operation 37 [2/2] (0.67ns)   --->   "%a_load_2 = load i4 %a_addr_2" [../files/matrixmul.cpp:19]   --->   Operation 37 'load' 'a_load_2' <Predicate = true> <Delay = 0.67> <CoreInst = "RAM_1P">   --->   Core 87 'RAM_1P' <Latency = 1> <II = 1> <Delay = 0.67> <Storage> <Opcode : 'load' 'store'> <Ports = 1> <Width = 8> <Depth = 9> <RAM>
ST_1 : Operation 38 [1/1] (0.00ns)   --->   "%zext_ln26 = zext i2 %select_ln19" [../files/matrixmul.cpp:26]   --->   Operation 38 'zext' 'zext_ln26' <Predicate = true> <Delay = 0.00>
ST_1 : Operation 39 [1/1] (0.79ns)   --->   "%add_ln26_2 = add i4 %zext_ln26, i4 6" [../files/matrixmul.cpp:26]   --->   Operation 39 'add' 'add_ln26_2' <Predicate = true> <Delay = 0.79> <CoreInst = "Adder">   --->   Core 1 'Adder' <Latency = 0> <II = 1> <Delay = 0.79> <FuncUnit> <Opcode : 'add' 'sub'> <InPorts = 2> <OutPorts = 1>
ST_1 : Operation 40 [1/1] (0.00ns)   --->   "%zext_ln26_3 = zext i4 %add_ln26_2" [../files/matrixmul.cpp:26]   --->   Operation 40 'zext' 'zext_ln26_3' <Predicate = true> <Delay = 0.00>
ST_1 : Operation 41 [1/1] (0.00ns)   --->   "%b_addr_2 = getelementptr i8 %b, i64 0, i64 %zext_ln26_3" [../files/matrixmul.cpp:26]   --->   Operation 41 'getelementptr' 'b_addr_2' <Predicate = true> <Delay = 0.00>
ST_1 : Operation 42 [2/2] (0.67ns)   --->   "%b_load_2 = load i4 %b_addr_2" [../files/matrixmul.cpp:26]   --->   Operation 42 'load' 'b_load_2' <Predicate = true> <Delay = 0.67> <CoreInst = "RAM_1P">   --->   Core 87 'RAM_1P' <Latency = 1> <II = 1> <Delay = 0.67> <Storage> <Opcode : 'load' 'store'> <Ports = 1> <Width = 8> <Depth = 9> <RAM>
ST_1 : Operation 43 [1/1] (0.42ns)   --->   "%store_ln19 = store i2 %i, i2 %i2" [../files/matrixmul.cpp:19]   --->   Operation 43 'store' 'store_ln19' <Predicate = true> <Delay = 0.42>

State 2 <SV = 1> <Delay = 1.67>
ST_2 : Operation 44 [1/1] (0.79ns)   --->   "%empty_5 = add i4 %empty, i4 1" [../files/matrixmul.cpp:19]   --->   Operation 44 'add' 'empty_5' <Predicate = true> <Delay = 0.79> <CoreInst = "Adder">   --->   Core 1 'Adder' <Latency = 0> <II = 1> <Delay = 0.79> <FuncUnit> <Opcode : 'add' 'sub'> <InPorts = 2> <OutPorts = 1>
ST_2 : Operation 45 [1/1] (0.00ns)   --->   "%p_cast6 = zext i4 %empty_5" [../files/matrixmul.cpp:19]   --->   Operation 45 'zext' 'p_cast6' <Predicate = true> <Delay = 0.00>
ST_2 : Operation 46 [1/1] (0.00ns)   --->   "%a_addr_1 = getelementptr i8 %a, i64 0, i64 %p_cast6" [../files/matrixmul.cpp:19]   --->   Operation 46 'getelementptr' 'a_addr_1' <Predicate = true> <Delay = 0.00>
ST_2 : Operation 47 [2/2] (0.67ns)   --->   "%a_load_1 = load i4 %a_addr_1" [../files/matrixmul.cpp:19]   --->   Operation 47 'load' 'a_load_1' <Predicate = true> <Delay = 0.67> <CoreInst = "RAM_1P">   --->   Core 87 'RAM_1P' <Latency = 1> <II = 1> <Delay = 0.67> <Storage> <Opcode : 'load' 'store'> <Ports = 1> <Width = 8> <Depth = 9> <RAM>
ST_2 : Operation 48 [1/2] (0.67ns)   --->   "%a_load_2 = load i4 %a_addr_2" [../files/matrixmul.cpp:19]   --->   Operation 48 'load' 'a_load_2' <Predicate = true> <Delay = 0.67> <CoreInst = "RAM_1P">   --->   Core 87 'RAM_1P' <Latency = 1> <II = 1> <Delay = 0.67> <Storage> <Opcode : 'load' 'store'> <Ports = 1> <Width = 8> <Depth = 9> <RAM>
ST_2 : Operation 49 [1/1] (0.00ns)   --->   "%conv_2 = sext i8 %a_load_2" [../files/matrixmul.cpp:19]   --->   Operation 49 'sext' 'conv_2' <Predicate = true> <Delay = 0.00>
ST_2 : Operation 50 [1/1] (0.00ns)   --->   "%zext_ln26_1 = zext i2 %select_ln19" [../files/matrixmul.cpp:26]   --->   Operation 50 'zext' 'zext_ln26_1' <Predicate = true> <Delay = 0.00>
ST_2 : Operation 51 [1/1] (0.67ns)   --->   "%add_ln26_1 = add i3 %zext_ln26_1, i3 3" [../files/matrixmul.cpp:26]   --->   Operation 51 'add' 'add_ln26_1' <Predicate = true> <Delay = 0.67> <CoreInst = "Adder">   --->   Core 1 'Adder' <Latency = 0> <II = 1> <Delay = 0.67> <FuncUnit> <Opcode : 'add' 'sub'> <InPorts = 2> <OutPorts = 1>
ST_2 : Operation 52 [1/1] (0.00ns)   --->   "%zext_ln26_2 = zext i3 %add_ln26_1" [../files/matrixmul.cpp:26]   --->   Operation 52 'zext' 'zext_ln26_2' <Predicate = true> <Delay = 0.00>
ST_2 : Operation 53 [1/1] (0.00ns)   --->   "%b_addr_1 = getelementptr i8 %b, i64 0, i64 %zext_ln26_2" [../files/matrixmul.cpp:26]   --->   Operation 53 'getelementptr' 'b_addr_1' <Predicate = true> <Delay = 0.00>
ST_2 : Operation 54 [2/2] (0.67ns)   --->   "%b_load_1 = load i4 %b_addr_1" [../files/matrixmul.cpp:26]   --->   Operation 54 'load' 'b_load_1' <Predicate = true> <Delay = 0.67> <CoreInst = "RAM_1P">   --->   Core 87 'RAM_1P' <Latency = 1> <II = 1> <Delay = 0.67> <Storage> <Opcode : 'load' 'store'> <Ports = 1> <Width = 8> <Depth = 9> <RAM>
ST_2 : Operation 55 [1/2] (0.67ns)   --->   "%b_load_2 = load i4 %b_addr_2" [../files/matrixmul.cpp:26]   --->   Operation 55 'load' 'b_load_2' <Predicate = true> <Delay = 0.67> <CoreInst = "RAM_1P">   --->   Core 87 'RAM_1P' <Latency = 1> <II = 1> <Delay = 0.67> <Storage> <Opcode : 'load' 'store'> <Ports = 1> <Width = 8> <Depth = 9> <RAM>
ST_2 : Operation 56 [1/1] (0.00ns)   --->   "%sext_ln26_2 = sext i8 %b_load_2" [../files/matrixmul.cpp:26]   --->   Operation 56 'sext' 'sext_ln26_2' <Predicate = true> <Delay = 0.00>
ST_2 : Operation 57 [3/3] (0.99ns) (grouped into DSP with root node add_ln26)   --->   "%mul_ln26_2 = mul i16 %sext_ln26_2, i16 %conv_2" [../files/matrixmul.cpp:26]   --->   Operation 57 'mul' 'mul_ln26_2' <Predicate = true> <Delay = 0.99> <CoreInst = "DSP48">   --->   Core 124 'DSP48' <Latency = 3> <II = 1> <Delay = 0.53> <IPBlock> <Opcode : '' 'add' 'sub' 'mul' 'select'> <InPorts = 0> <OutPorts = 1> <Sync> <CReg>

State 3 <SV = 2> <Delay = 1.67>
ST_3 : Operation 58 [1/1] (0.00ns)   --->   "%indvar_flatten1_load = load i4 %indvar_flatten1" [../files/matrixmul.cpp:19]   --->   Operation 58 'load' 'indvar_flatten1_load' <Predicate = true> <Delay = 0.00>
ST_3 : Operation 59 [1/1] (0.00ns)   --->   "%p_cast = zext i4 %empty" [../files/matrixmul.cpp:19]   --->   Operation 59 'zext' 'p_cast' <Predicate = true> <Delay = 0.00>
ST_3 : Operation 60 [1/1] (0.00ns)   --->   "%a_addr = getelementptr i8 %a, i64 0, i64 %p_cast" [../files/matrixmul.cpp:19]   --->   Operation 60 'getelementptr' 'a_addr' <Predicate = true> <Delay = 0.00>
ST_3 : Operation 61 [2/2] (0.67ns)   --->   "%a_load = load i4 %a_addr" [../files/matrixmul.cpp:19]   --->   Operation 61 'load' 'a_load' <Predicate = true> <Delay = 0.67> <CoreInst = "RAM_1P">   --->   Core 87 'RAM_1P' <Latency = 1> <II = 1> <Delay = 0.67> <Storage> <Opcode : 'load' 'store'> <Ports = 1> <Width = 8> <Depth = 9> <RAM>
ST_3 : Operation 62 [1/2] (0.67ns)   --->   "%a_load_1 = load i4 %a_addr_1" [../files/matrixmul.cpp:19]   --->   Operation 62 'load' 'a_load_1' <Predicate = true> <Delay = 0.67> <CoreInst = "RAM_1P">   --->   Core 87 'RAM_1P' <Latency = 1> <II = 1> <Delay = 0.67> <Storage> <Opcode : 'load' 'store'> <Ports = 1> <Width = 8> <Depth = 9> <RAM>
ST_3 : Operation 63 [1/1] (0.00ns)   --->   "%conv_1 = sext i8 %a_load_1" [../files/matrixmul.cpp:19]   --->   Operation 63 'sext' 'conv_1' <Predicate = true> <Delay = 0.00>
ST_3 : Operation 64 [1/1] (0.00ns)   --->   "%zext_ln21 = zext i2 %select_ln19" [../files/matrixmul.cpp:21]   --->   Operation 64 'zext' 'zext_ln21' <Predicate = true> <Delay = 0.00>
ST_3 : Operation 65 [1/1] (0.00ns)   --->   "%b_addr = getelementptr i8 %b, i64 0, i64 %zext_ln21" [../files/matrixmul.cpp:26]   --->   Operation 65 'getelementptr' 'b_addr' <Predicate = true> <Delay = 0.00>
ST_3 : Operation 66 [1/1] (0.79ns)   --->   "%add_ln28 = add i4 %empty, i4 %zext_ln26" [../files/matrixmul.cpp:28]   --->   Operation 66 'add' 'add_ln28' <Predicate = true> <Delay = 0.79> <CoreInst = "Adder">   --->   Core 1 'Adder' <Latency = 0> <II = 1> <Delay = 0.79> <FuncUnit> <Opcode : 'add' 'sub'> <InPorts = 2> <OutPorts = 1>
ST_3 : Operation 67 [2/2] (0.67ns)   --->   "%b_load = load i4 %b_addr" [../files/matrixmul.cpp:26]   --->   Operation 67 'load' 'b_load' <Predicate = true> <Delay = 0.67> <CoreInst = "RAM_1P">   --->   Core 87 'RAM_1P' <Latency = 1> <II = 1> <Delay = 0.67> <Storage> <Opcode : 'load' 'store'> <Ports = 1> <Width = 8> <Depth = 9> <RAM>
ST_3 : Operation 68 [1/2] (0.67ns)   --->   "%b_load_1 = load i4 %b_addr_1" [../files/matrixmul.cpp:26]   --->   Operation 68 'load' 'b_load_1' <Predicate = true> <Delay = 0.67> <CoreInst = "RAM_1P">   --->   Core 87 'RAM_1P' <Latency = 1> <II = 1> <Delay = 0.67> <Storage> <Opcode : 'load' 'store'> <Ports = 1> <Width = 8> <Depth = 9> <RAM>
ST_3 : Operation 69 [1/1] (0.00ns)   --->   "%sext_ln26_1 = sext i8 %b_load_1" [../files/matrixmul.cpp:26]   --->   Operation 69 'sext' 'sext_ln26_1' <Predicate = true> <Delay = 0.00>
ST_3 : Operation 70 [3/3] (0.99ns) (grouped into DSP with root node tmp)   --->   "%mul_ln26_1 = mul i16 %sext_ln26_1, i16 %conv_1" [../files/matrixmul.cpp:26]   --->   Operation 70 'mul' 'mul_ln26_1' <Predicate = true> <Delay = 0.99> <CoreInst = "DSP48">   --->   Core 124 'DSP48' <Latency = 3> <II = 1> <Delay = 0.53> <IPBlock> <Opcode : '' 'add' 'sub' 'mul' 'select'> <InPorts = 0> <OutPorts = 1> <Sync> <CReg>
ST_3 : Operation 71 [2/3] (0.99ns) (grouped into DSP with root node add_ln26)   --->   "%mul_ln26_2 = mul i16 %sext_ln26_2, i16 %conv_2" [../files/matrixmul.cpp:26]   --->   Operation 71 'mul' 'mul_ln26_2' <Predicate = true> <Delay = 0.99> <CoreInst = "DSP48">   --->   Core 124 'DSP48' <Latency = 3> <II = 1> <Delay = 0.53> <IPBlock> <Opcode : '' 'add' 'sub' 'mul' 'select'> <InPorts = 0> <OutPorts = 1> <Sync> <CReg>
ST_3 : Operation 72 [1/1] (0.54ns)   --->   "%j = add i2 %select_ln19, i2 1" [../files/matrixmul.cpp:21]   --->   Operation 72 'add' 'j' <Predicate = true> <Delay = 0.54> <CoreInst = "Adder">   --->   Core 1 'Adder' <Latency = 0> <II = 1> <Delay = 0.54> <FuncUnit> <Opcode : 'add' 'sub'> <InPorts = 2> <OutPorts = 1>
ST_3 : Operation 73 [1/1] (0.79ns)   --->   "%add_ln19_1 = add i4 %indvar_flatten1_load, i4 1" [../files/matrixmul.cpp:19]   --->   Operation 73 'add' 'add_ln19_1' <Predicate = true> <Delay = 0.79> <CoreInst = "Adder">   --->   Core 1 'Adder' <Latency = 0> <II = 1> <Delay = 0.79> <FuncUnit> <Opcode : 'add' 'sub'> <InPorts = 2> <OutPorts = 1>
ST_3 : Operation 74 [1/1] (0.54ns)   --->   "%icmp_ln21 = icmp_eq  i2 %j, i2 3" [../files/matrixmul.cpp:21]   --->   Operation 74 'icmp' 'icmp_ln21' <Predicate = true> <Delay = 0.54> <CoreInst = "Cmp">   --->   Core 9 'Cmp' <Latency = 0> <II = 1> <Delay = 0.54> <FuncUnit> <Opcode : 'seteq' 'setne' 'setle' 'setge' 'setlt' 'setgt'> <InPorts = 2> <OutPorts = 1>
ST_3 : Operation 75 [1/1] (0.79ns)   --->   "%icmp_ln19 = icmp_eq  i4 %indvar_flatten1_load, i4 8" [../files/matrixmul.cpp:19]   --->   Operation 75 'icmp' 'icmp_ln19' <Predicate = true> <Delay = 0.79> <CoreInst = "Cmp">   --->   Core 9 'Cmp' <Latency = 0> <II = 1> <Delay = 0.79> <FuncUnit> <Opcode : 'seteq' 'setne' 'setle' 'setge' 'setlt' 'setgt'> <InPorts = 2> <OutPorts = 1>
ST_3 : Operation 76 [1/1] (0.42ns)   --->   "%store_ln21 = store i2 %j, i2 %j3" [../files/matrixmul.cpp:21]   --->   Operation 76 'store' 'store_ln21' <Predicate = true> <Delay = 0.42>
ST_3 : Operation 77 [1/1] (0.42ns)   --->   "%store_ln19 = store i4 %add_ln19_1, i4 %indvar_flatten1" [../files/matrixmul.cpp:19]   --->   Operation 77 'store' 'store_ln19' <Predicate = true> <Delay = 0.42>
ST_3 : Operation 78 [1/1] (0.00ns)   --->   "%br_ln19 = br i1 %icmp_ln19, void %for.inc25, void %for.end27" [../files/matrixmul.cpp:19]   --->   Operation 78 'br' 'br_ln19' <Predicate = true> <Delay = 0.00>

State 4 <SV = 3> <Delay = 2.97>
ST_4 : Operation 79 [1/2] (0.67ns)   --->   "%a_load = load i4 %a_addr" [../files/matrixmul.cpp:19]   --->   Operation 79 'load' 'a_load' <Predicate = true> <Delay = 0.67> <CoreInst = "RAM_1P">   --->   Core 87 'RAM_1P' <Latency = 1> <II = 1> <Delay = 0.67> <Storage> <Opcode : 'load' 'store'> <Ports = 1> <Width = 8> <Depth = 9> <RAM>
ST_4 : Operation 80 [1/1] (0.00ns)   --->   "%conv = sext i8 %a_load" [../files/matrixmul.cpp:19]   --->   Operation 80 'sext' 'conv' <Predicate = true> <Delay = 0.00>
ST_4 : Operation 81 [1/2] (0.67ns)   --->   "%b_load = load i4 %b_addr" [../files/matrixmul.cpp:26]   --->   Operation 81 'load' 'b_load' <Predicate = true> <Delay = 0.67> <CoreInst = "RAM_1P">   --->   Core 87 'RAM_1P' <Latency = 1> <II = 1> <Delay = 0.67> <Storage> <Opcode : 'load' 'store'> <Ports = 1> <Width = 8> <Depth = 9> <RAM>
ST_4 : Operation 82 [1/1] (0.00ns)   --->   "%sext_ln26 = sext i8 %b_load" [../files/matrixmul.cpp:26]   --->   Operation 82 'sext' 'sext_ln26' <Predicate = true> <Delay = 0.00>
ST_4 : Operation 83 [1/1] (1.65ns)   --->   "%mul_ln26 = mul i16 %sext_ln26, i16 %conv" [../files/matrixmul.cpp:26]   --->   Operation 83 'mul' 'mul_ln26' <Predicate = true> <Delay = 1.65> <CoreInst = "Multiplier">   --->   Core 3 'Multiplier' <Latency = 0> <II = 1> <Delay = 1.65> <FuncUnit> <Opcode : 'mul'> <InPorts = 2> <OutPorts = 1>
ST_4 : Operation 84 [2/3] (0.99ns) (grouped into DSP with root node tmp)   --->   "%mul_ln26_1 = mul i16 %sext_ln26_1, i16 %conv_1" [../files/matrixmul.cpp:26]   --->   Operation 84 'mul' 'mul_ln26_1' <Predicate = true> <Delay = 0.99> <CoreInst = "DSP48">   --->   Core 124 'DSP48' <Latency = 3> <II = 1> <Delay = 0.53> <IPBlock> <Opcode : '' 'add' 'sub' 'mul' 'select'> <InPorts = 0> <OutPorts = 1> <Sync> <CReg>
ST_4 : Operation 85 [1/3] (0.00ns) (grouped into DSP with root node add_ln26)   --->   "%mul_ln26_2 = mul i16 %sext_ln26_2, i16 %conv_2" [../files/matrixmul.cpp:26]   --->   Operation 85 'mul' 'mul_ln26_2' <Predicate = true> <Delay = 0.00> <CoreInst = "DSP48">   --->   Core 124 'DSP48' <Latency = 3> <II = 1> <Delay = 0.53> <IPBlock> <Opcode : '' 'add' 'sub' 'mul' 'select'> <InPorts = 0> <OutPorts = 1> <Sync> <CReg>
ST_4 : Operation 86 [2/2] (0.64ns) (root node of the DSP)   --->   "%add_ln26 = add i16 %mul_ln26, i16 %mul_ln26_2" [../files/matrixmul.cpp:26]   --->   Operation 86 'add' 'add_ln26' <Predicate = true> <Delay = 0.64> <CoreInst = "DSP48">   --->   Core 124 'DSP48' <Latency = 3> <II = 1> <Delay = 0.53> <IPBlock> <Opcode : '' 'add' 'sub' 'mul' 'select'> <InPorts = 0> <OutPorts = 1> <Sync> <CReg>

State 5 <SV = 4> <Delay = 1.29>
ST_5 : Operation 87 [1/3] (0.00ns) (grouped into DSP with root node tmp)   --->   "%mul_ln26_1 = mul i16 %sext_ln26_1, i16 %conv_1" [../files/matrixmul.cpp:26]   --->   Operation 87 'mul' 'mul_ln26_1' <Predicate = true> <Delay = 0.00> <CoreInst = "DSP48">   --->   Core 124 'DSP48' <Latency = 3> <II = 1> <Delay = 0.53> <IPBlock> <Opcode : '' 'add' 'sub' 'mul' 'select'> <InPorts = 0> <OutPorts = 1> <Sync> <CReg>
ST_5 : Operation 88 [1/2] (0.64ns) (root node of the DSP)   --->   "%add_ln26 = add i16 %mul_ln26, i16 %mul_ln26_2" [../files/matrixmul.cpp:26]   --->   Operation 88 'add' 'add_ln26' <Predicate = true> <Delay = 0.64> <CoreInst = "DSP48">   --->   Core 124 'DSP48' <Latency = 3> <II = 1> <Delay = 0.53> <IPBlock> <Opcode : '' 'add' 'sub' 'mul' 'select'> <InPorts = 0> <OutPorts = 1> <Sync> <CReg>
ST_5 : Operation 89 [2/2] (0.64ns) (root node of the DSP)   --->   "%tmp = add i16 %add_ln26, i16 %mul_ln26_1" [../files/matrixmul.cpp:26]   --->   Operation 89 'add' 'tmp' <Predicate = true> <Delay = 0.64> <CoreInst = "DSP48">   --->   Core 124 'DSP48' <Latency = 3> <II = 1> <Delay = 0.53> <IPBlock> <Opcode : '' 'add' 'sub' 'mul' 'select'> <InPorts = 0> <OutPorts = 1> <Sync> <CReg>

State 6 <SV = 5> <Delay = 1.32>
ST_6 : Operation 90 [1/1] (0.00ns)   --->   "%specloopname_ln0 = specloopname void @_ssdm_op_SpecLoopName, void @Row_Col_str"   --->   Operation 90 'specloopname' 'specloopname_ln0' <Predicate = true> <Delay = 0.00>
ST_6 : Operation 91 [1/1] (0.00ns)   --->   "%speclooptripcount_ln0 = speclooptripcount void @_ssdm_op_SpecLoopTripCount, i64 9, i64 9, i64 9"   --->   Operation 91 'speclooptripcount' 'speclooptripcount_ln0' <Predicate = true> <Delay = 0.00>
ST_6 : Operation 92 [1/1] (0.00ns)   --->   "%zext_ln28 = zext i4 %add_ln28" [../files/matrixmul.cpp:28]   --->   Operation 92 'zext' 'zext_ln28' <Predicate = true> <Delay = 0.00>
ST_6 : Operation 93 [1/1] (0.00ns)   --->   "%res_addr = getelementptr i16 %res, i64 0, i64 %zext_ln28" [../files/matrixmul.cpp:28]   --->   Operation 93 'getelementptr' 'res_addr' <Predicate = true> <Delay = 0.00>
ST_6 : Operation 94 [1/1] (0.00ns)   --->   "%specpipeline_ln15 = specpipeline void @_ssdm_op_SpecPipeline, i32 4294967295, i32 0, i32 0, i32 0, void @empty_0" [/home/jam/Downloads/HLS_Erosion_dilation/vitis_workspace/MM_ColPipeline/hls_config.cfg:15]   --->   Operation 94 'specpipeline' 'specpipeline_ln15' <Predicate = true> <Delay = 0.00>
ST_6 : Operation 95 [1/2] (0.64ns) (root node of the DSP)   --->   "%tmp = add i16 %add_ln26, i16 %mul_ln26_1" [../files/matrixmul.cpp:26]   --->   Operation 95 'add' 'tmp' <Predicate = true> <Delay = 0.64> <CoreInst = "DSP48">   --->   Core 124 'DSP48' <Latency = 3> <II = 1> <Delay = 0.53> <IPBlock> <Opcode : '' 'add' 'sub' 'mul' 'select'> <InPorts = 0> <OutPorts = 1> <Sync> <CReg>
ST_6 : Operation 96 [1/1] (0.67ns)   --->   "%store_ln28 = store i16 %tmp, i4 %res_addr" [../files/matrixmul.cpp:28]   --->   Operation 96 'store' 'store_ln28' <Predicate = true> <Delay = 0.67> <CoreInst = "RAM">   --->   Core 82 'RAM' <Latency = 1> <II = 1> <Delay = 0.67> <Storage> <Opcode : 'load' 'store'> <Ports = 2> <Width = 16> <Depth = 9> <RAM>
ST_6 : Operation 97 [1/1] (0.42ns)   --->   "%ret_ln31 = ret" [../files/matrixmul.cpp:31]   --->   Operation 97 'ret' 'ret_ln31' <Predicate = (icmp_ln19)> <Delay = 0.42>


============================================================
+ Verbose Summary: Timing violations
============================================================
Target clock period: 10.000ns, clock uncertainty: 2.700ns.

 <State 1>: 3.425ns
The critical path consists of the following:
	'store' operation 0 bit ('store_ln0') of constant 0 on local variable 'i2' [17]  (0.427 ns)
	'load' operation 2 bit ('i2_load', ../files/matrixmul.cpp:19) on local variable 'i2' [23]  (0.000 ns)
	'add' operation 2 bit ('add_ln19', ../files/matrixmul.cpp:19) [25]  (0.548 ns)
	'select' operation 2 bit ('i', ../files/matrixmul.cpp:19) [29]  (0.179 ns)
	'sub' operation 4 bit ('empty', ../files/matrixmul.cpp:19) [32]  (0.797 ns)
	'add' operation 4 bit ('empty_6', ../files/matrixmul.cpp:19) [38]  (0.797 ns)
	'getelementptr' operation 4 bit ('a_addr_2', ../files/matrixmul.cpp:19) [40]  (0.000 ns)
	'load' operation 8 bit ('a_load_2', ../files/matrixmul.cpp:19) on array 'a' [45]  (0.677 ns)

 <State 2>: 1.673ns
The critical path consists of the following:
	'load' operation 8 bit ('a_load_2', ../files/matrixmul.cpp:19) on array 'a' [45]  (0.677 ns)
	'mul' operation 16 bit of DSP[70] ('mul_ln26_2', ../files/matrixmul.cpp:26) [69]  (0.996 ns)

 <State 3>: 1.673ns
The critical path consists of the following:
	'load' operation 8 bit ('a_load_1', ../files/matrixmul.cpp:19) on array 'a' [43]  (0.677 ns)
	'mul' operation 16 bit of DSP[71] ('mul_ln26_1', ../files/matrixmul.cpp:26) [68]  (0.996 ns)

 <State 4>: 2.972ns
The critical path consists of the following:
	'load' operation 8 bit ('a_load', ../files/matrixmul.cpp:19) on array 'a' [41]  (0.677 ns)
	'mul' operation 16 bit ('mul_ln26', ../files/matrixmul.cpp:26) [67]  (1.650 ns)
	'add' operation 16 bit of DSP[70] ('add_ln26', ../files/matrixmul.cpp:26) [70]  (0.645 ns)

 <State 5>: 1.290ns
The critical path consists of the following:
	'add' operation 16 bit of DSP[70] ('add_ln26', ../files/matrixmul.cpp:26) [70]  (0.645 ns)
	'add' operation 16 bit of DSP[71] ('tmp', ../files/matrixmul.cpp:26) [71]  (0.645 ns)

 <State 6>: 1.322ns
The critical path consists of the following:
	'add' operation 16 bit of DSP[71] ('tmp', ../files/matrixmul.cpp:26) [71]  (0.645 ns)
	'store' operation 0 bit ('store_ln28', ../files/matrixmul.cpp:28) of variable 'tmp', ../files/matrixmul.cpp:26 on array 'res' [72]  (0.677 ns)


============================================================
+ Verbose Summary: Binding
============================================================
N/A
* FSMD analyzer results:
  - Output states:
 - Input state : 
  - Chain level:
	State 1
	State 2
	State 3
	State 4
	State 5
	State 6


============================================================
+ Verbose Summary: Datapath Resource usage 
============================================================
N/A
