Sat Jul 19 17:20:57 2025: Running xcd server. This server was built by gradle.
Sat Jul 19 17:20:57 2025: Server was asked to start on port: '35067'
Sat Jul 19 17:20:57 2025: Server is using token UUID: '97f9a3f2-f0aa-4385-8c7b-6be59ff4061b'
Sat Jul 19 17:20:57 2025: SESSION_MGR: creating session with session uuid: '6d04a3e9-ade5-4ab9-8d63-1f78fcd2ec76' and name 'default'
Sat Jul 19 17:20:57 2025: Attempting to start server on port '35067'
Sat Jul 19 17:20:57 2025: XCD main fifo: created main fifo '/tmp/xcdmain97f9a3f2-f0aa-4385-8c7b-6be59ff4061b', fd read = 13
Sat Jul 19 17:20:57 2025: Running Dispatch Server
Sat Jul 19 17:20:57 2025: Version 2.2.0
Sat Jul 19 17:20:58 2025: Dispatch Server: Accepted socket connection from client
Sat Jul 19 17:20:58 2025: Starting Socket connection
Sat Jul 19 17:20:58 2025: EXCHANGE_TOKEN received, server token: 97f9a3f2-f0aa-4385-8c7b-6be59ff4061b, passed token: 97f9a3f2-f0aa-4385-8c7b-6be59ff4061b
Sat Jul 19 17:20:58 2025: DISPATCH_HANDLER: Adding handler from function makeHandler in library libxv_system_diagram
Sat Jul 19 17:20:58 2025: SESSION_MGR: creating session with session uuid: '4166ddff-ef73-4e1a-95b5-6efe1cc47b97' and name 'v++_compile_MM_ColPipeline'
Sat Jul 19 17:20:58 2025: KERNEL_SVC: creating session with uuid: '4166ddff-ef73-4e1a-95b5-6efe1cc47b97' and name 'v++_compile_MM_ColPipeline'
Sat Jul 19 17:20:58 2025: GUIDANCE_SMGR: creating guidance session with uuid: '4166ddff-ef73-4e1a-95b5-6efe1cc47b97' and name 'v++_compile_MM_ColPipeline'
Sat Jul 19 17:20:58 2025: SYSTEM_DIAGRAM: creating session with uuid: '4166ddff-ef73-4e1a-95b5-6efe1cc47b97' and name 'v++_compile_MM_ColPipeline'
Sat Jul 19 17:21:04 2025: Dispatch Server: Accepted socket connection from client
Sat Jul 19 17:21:04 2025: Starting Socket connection
Sat Jul 19 17:21:15 2025: SESSION_MGR: closing session for UUID '4166ddff-ef73-4e1a-95b5-6efe1cc47b97' with name 'v++_compile_MM_ColPipeline'
Sat Jul 19 17:21:15 2025: KERNEL_SVC: closing session for UUID '4166ddff-ef73-4e1a-95b5-6efe1cc47b97' with name 'v++_compile_MM_ColPipeline'
Sat Jul 19 17:21:15 2025: GUIDANCE_SMGR: closing session for UUID '4166ddff-ef73-4e1a-95b5-6efe1cc47b97' with name 'v++_compile_MM_ColPipeline'
Sat Jul 19 17:21:15 2025: SYSTEM_DIAGRAM: closing session for UUID '4166ddff-ef73-4e1a-95b5-6efe1cc47b97' with name 'v++_compile_MM_ColPipeline'
Sat Jul 19 17:21:15 2025: STOP_SERVER received, server token: 97f9a3f2-f0aa-4385-8c7b-6be59ff4061b, passed token: 97f9a3f2-f0aa-4385-8c7b-6be59ff4061b
Sat Jul 19 17:21:15 2025: Socket received request to stop server.
Sat Jul 19 17:21:15 2025: Dispatch Server: do_await_stop
Sat Jul 19 17:21:15 2025: Dispatch Server: stopping mainFifo_
Sat Jul 19 17:21:15 2025: XCD main fifo: Stopping
Sat Jul 19 17:21:15 2025: XCD main fifo: do_read error code: Operation canceled
Sat Jul 19 17:21:15 2025: XCD main fifo: bytes_transferred: 0
Sat Jul 19 17:21:15 2025: SERVER: destructor for server bound to port 35067
Sat Jul 19 17:21:15 2025: XCD main fifo: Good unlink of /tmp/xcdmain97f9a3f2-f0aa-4385-8c7b-6be59ff4061b
Sat Jul 19 17:21:15 2025: Server exiting with status 0.
Sat Jul 19 17:21:15 2025: Closing log file.
