parallelismSelector::VERBO: Summary of inputs: 
parallelismSelector::VERBO: Output directory: "/home/jam/Downloads/HLS_Erosion_dilation/vitis_workspace/v1_MM_no_opt/matrixmul/hls/csim/code_analyzer/output"
parallelismSelector::VERBO: spec:0:0: info: Will use basepath at location /home/jam/Downloads/HLS_Erosion_dilation/vitis_workspace/v1_MM_no_opt
parallelismSelector::VERBO: FPGA clock frequency is set to 100 MHz
parallelismSelector::VERBO: Will use user-driven complete partitioning settings
parallelismSelector::VERBO: Arrays with less than or equal to 4 elements that appear in the codegen directives will be completely partitioned
parallelismSelector::VERBO: spec:0:0: info: Will use IR Module file at location /home/jam/Downloads/HLS_Erosion_dilation/vitis_workspace/v1_MM_no_opt/matrixmul/hls/csim/code_analyzer/.internal/instrument/app_0/project.symbols.bc
parallelismSelector::VERBO: FPGA frequency: 100000000 Hz
parallelismSelector::VERBO: Using FPGA frequency for HLS estimations: 100000000 Hz
parallelismSelector::VERBO: [Model Builder] Extracting logic model object from: /home/jam/xilinx/Vitis_HLS/2024.1/vcxx/data/platform/logic/zynquplus.logic
parallelismSelector::VERBO: Using Program Model file: /home/jam/Downloads/HLS_Erosion_dilation/vitis_workspace/v1_MM_no_opt/matrixmul/hls/csim/code_analyzer/output/reduced_programmodel.app
parallelismSelector::VERBO: Device characteristics: Area -- (LUTs: 230400, FFs: 460800, DSPs: 1728, BRAMs: 624, URAMs: 96)
parallelismSelector::VERBO: Maximum area for the hardware functions: AreaConstraint -- (LUTs: 230400, FFs: 460800, DSPs: 1728, BRAMs: 624, URAMs: 96)
parallelismSelector::VERBO: Code Analyzer Id: 0
parallelismSelector::VERBO: Dataflow Hardware Function: _Z9matrixmulPA3_cS0_PA3_s
parallelismSelector::VERBO: Adding outline as primary transformation
parallelismSelector::VERBO: RecipeFile: "/home/jam/Downloads/HLS_Erosion_dilation/vitis_workspace/v1_MM_no_opt/matrixmul/hls/csim/code_analyzer/.internal/dataflow/0/recipe.json"
parallelismSelector::VERBO: Applying transformation: (region_outline)
parallelismSelector::VERBO: Applying transformation: (outline)
parallelismSelector::VERBO: Alias Equivalence: (Var <- { Pointees })
                              17 <- {17}
                              18 <- {18}
                              19 <- {19}
                              20 <- {19}
                              21 <- {17}
                              22 <- {18}
                            
parallelismSelector::VERBO: Variable Infos:
parallelismSelector::VERBO:     'a' /home/jam/Downloads/HLS_Erosion_dilation/vitis_workspace/v1_MM_no_opt/../files/matrixmul.cpp:5:0 VariableId 17
                                  ElementBitsize=8
                                  IsHlsStream=no
                                  FunctionId= 210
                                  IsArray=yes
                                  IsValidArray=yes
                                  IsArgument=yes
                                  Elements=[ 3,  3 ]
                                  HlsStream=--
                                  HasInsertionLoc=yes
                                  IsFromSystemFunction=no
parallelismSelector::VERBO:     'b' /home/jam/Downloads/HLS_Erosion_dilation/vitis_workspace/v1_MM_no_opt/../files/matrixmul.cpp:6:0 VariableId 18
                                  ElementBitsize=8
                                  IsHlsStream=no
                                  FunctionId= 210
                                  IsArray=yes
                                  IsValidArray=yes
                                  IsArgument=yes
                                  Elements=[ 3,  3 ]
                                  HlsStream=--
                                  HasInsertionLoc=yes
                                  IsFromSystemFunction=no
parallelismSelector::VERBO:     'res' /home/jam/Downloads/HLS_Erosion_dilation/vitis_workspace/v1_MM_no_opt/../files/matrixmul.cpp:7:0 VariableId 19
                                  ElementBitsize=16
                                  IsHlsStream=no
                                  FunctionId= 210
                                  IsArray=yes
                                  IsValidArray=yes
                                  IsArgument=yes
                                  Elements=[ 3,  3 ]
                                  HlsStream=--
                                  HasInsertionLoc=yes
                                  IsFromSystemFunction=no
parallelismSelector::VERBO:     'res' /home/jam/Downloads/HLS_Erosion_dilation/vitis_workspace/v1_MM_no_opt/../files/matrixmul.cpp:7:0 VariableId 20
                                  ElementBitsize=16
                                  IsHlsStream=no
                                  FunctionId= 211
                                  IsArray=yes
                                  IsValidArray=yes
                                  IsArgument=yes
                                  Elements=[ 3,  3 ]
                                  HlsStream=--
                                  HasInsertionLoc=yes
                                  IsFromSystemFunction=no
parallelismSelector::VERBO:     'a' /home/jam/Downloads/HLS_Erosion_dilation/vitis_workspace/v1_MM_no_opt/../files/matrixmul.cpp:5:0 VariableId 21
                                  ElementBitsize=8
                                  IsHlsStream=no
                                  FunctionId= 211
                                  IsArray=yes
                                  IsValidArray=yes
                                  IsArgument=yes
                                  Elements=[ 3,  3 ]
                                  HlsStream=--
                                  HasInsertionLoc=yes
                                  IsFromSystemFunction=no
parallelismSelector::VERBO:     'b' /home/jam/Downloads/HLS_Erosion_dilation/vitis_workspace/v1_MM_no_opt/../files/matrixmul.cpp:6:0 VariableId 22
                                  ElementBitsize=8
                                  IsHlsStream=no
                                  FunctionId= 211
                                  IsArray=yes
                                  IsValidArray=yes
                                  IsArgument=yes
                                  Elements=[ 3,  3 ]
                                  HlsStream=--
                                  HasInsertionLoc=yes
                                  IsFromSystemFunction=no
parallelismSelector::VERBO: Equivalence table
                             Object with value: 17 is mapped to the object with value: 17
                             Object with value: 18 is mapped to the object with value: 18
                             Object with value: 19 is mapped to the object with value: 19
                             Object with value: 20 is mapped to the object with value: 19
                             Object with value: 21 is mapped to the object with value: 17
                             Object with value: 22 is mapped to the object with value: 18
                            
parallelismSelector::VERBO: Creating MAs for _GLOBAL__sub_I_matrixmul_test.cpp
parallelismSelector::VERBO: Creating MAs for __cxx_global_var_init
parallelismSelector::VERBO: Creating MAs for _Z9matrixmulPA3_cS0_PA3_s
parallelismSelector::VERBO: Creating MAs for Outline_T3_F210_R2_Loop
parallelismSelector::VERBO:     HMA (VariableId 20)  store i16 %add.lcssa, i16* %arrayidx19, align 2, !dbg !1326, !tbaa !1327 Scev: {{%res,+,6}<nw><%for.body>,+,2}<nw><%for.body3>: IndexFunction: 0 1 3
parallelismSelector::VERBO:     HMA (VariableId 21)  %i7 = load i8, i8* %arrayidx8, align 1, !dbg !1341, !tbaa !1342 Scev: {{%a,+,3}<nw><%for.body>,+,1}<nuw><%for.body6>: IndexFunction: 0 1 0 3
parallelismSelector::VERBO:     HMA (VariableId 22)  %i11 = load i8, i8* %arrayidx12, align 1, !dbg !1343, !tbaa !1342 Scev: {{%b,+,1}<nuw><%for.body3>,+,3}<nuw><%for.body6>: IndexFunction: 0 3 1 0
parallelismSelector::VERBO: Nesting structure:
                            +- Loop with id 6, Label=Row, HasPerfectlyNestedSubLoop=1, HasComputableTotalTC=1, TripCount= 3, StaticTripCountUpperBound= 3, MaxDynamicTripCount= 3, MinDynamicTripCount= 3, IsCompilerGenerated=0, HasInsertionLoc=1, HasUserInputPragma=0, hasRAW=0, Loc=/home/jam/Downloads/HLS_Erosion_dilation/vitis_workspace/v1_MM_no_opt/../files/matrixmul.cpp:19:8
                               +- Loop with id 7, Label=Col, HasPerfectlyNestedSubLoop=0, HasComputableTotalTC=1, TripCount= 3, StaticTripCountUpperBound= 3, MaxDynamicTripCount= 3, MinDynamicTripCount= 3, IsCompilerGenerated=0, HasInsertionLoc=1, HasUserInputPragma=0, hasRAW=0, Loc=/home/jam/Downloads/HLS_Erosion_dilation/vitis_workspace/v1_MM_no_opt/../files/matrixmul.cpp:21:10, Vars=19,
                                  +- Loop with id 8, Label=Product, HasPerfectlyNestedSubLoop=0, HasComputableTotalTC=1, TripCount= 3, StaticTripCountUpperBound= 3, MaxDynamicTripCount= 3, MinDynamicTripCount= 3, IsCompilerGenerated=0, HasInsertionLoc=1, HasUserInputPragma=0, hasRAW=0, Loc=/home/jam/Downloads/HLS_Erosion_dilation/vitis_workspace/v1_MM_no_opt/../files/matrixmul.cpp:24:16, Vars=17,18,
                            
parallelismSelector::VERBO: Nesting structure after dynamic trip count update:
                            +- Loop with id 6, Label=Row, HasPerfectlyNestedSubLoop=1, HasComputableTotalTC=1, TripCount= 3, StaticTripCountUpperBound= 3, MaxDynamicTripCount= 3, MinDynamicTripCount= 3, IsCompilerGenerated=0, HasInsertionLoc=1, HasUserInputPragma=0, hasRAW=0, Loc=/home/jam/Downloads/HLS_Erosion_dilation/vitis_workspace/v1_MM_no_opt/../files/matrixmul.cpp:19:8
                               +- Loop with id 7, Label=Col, HasPerfectlyNestedSubLoop=0, HasComputableTotalTC=1, TripCount= 3, StaticTripCountUpperBound= 3, MaxDynamicTripCount= 3, MinDynamicTripCount= 3, IsCompilerGenerated=0, HasInsertionLoc=1, HasUserInputPragma=0, hasRAW=0, Loc=/home/jam/Downloads/HLS_Erosion_dilation/vitis_workspace/v1_MM_no_opt/../files/matrixmul.cpp:21:10, Vars=19,
                                  +- Loop with id 8, Label=Product, HasPerfectlyNestedSubLoop=0, HasComputableTotalTC=1, TripCount= 3, StaticTripCountUpperBound= 3, MaxDynamicTripCount= 3, MinDynamicTripCount= 3, IsCompilerGenerated=0, HasInsertionLoc=1, HasUserInputPragma=0, hasRAW=0, Loc=/home/jam/Downloads/HLS_Erosion_dilation/vitis_workspace/v1_MM_no_opt/../files/matrixmul.cpp:24:16, Vars=17,18,
                            
parallelismSelector::VERBO: Function 'matrixmul' not inlined as per top-levels
parallelismSelector::VERBO: Function 'Outline_T3_F210_R2_Loop' not inlined as per dataflow task
parallelismSelector::VERBO: Nesting structure after static trip count upper bound calculation for symbolically bounded loops:
                            +- Loop with id 6, Label=Row, HasPerfectlyNestedSubLoop=1, HasComputableTotalTC=1, TripCount= 3, StaticTripCountUpperBound= 3, MaxDynamicTripCount= 3, MinDynamicTripCount= 3, IsCompilerGenerated=0, HasInsertionLoc=1, HasUserInputPragma=0, hasRAW=0, Loc=/home/jam/Downloads/HLS_Erosion_dilation/vitis_workspace/v1_MM_no_opt/../files/matrixmul.cpp:19:8
                               +- Loop with id 7, Label=Col, HasPerfectlyNestedSubLoop=0, HasComputableTotalTC=1, TripCount= 3, StaticTripCountUpperBound= 3, MaxDynamicTripCount= 3, MinDynamicTripCount= 3, IsCompilerGenerated=0, HasInsertionLoc=1, HasUserInputPragma=0, hasRAW=0, Loc=/home/jam/Downloads/HLS_Erosion_dilation/vitis_workspace/v1_MM_no_opt/../files/matrixmul.cpp:21:10, Vars=19,
                                  +- Loop with id 8, Label=Product, HasPerfectlyNestedSubLoop=0, HasComputableTotalTC=1, TripCount= 3, StaticTripCountUpperBound= 3, MaxDynamicTripCount= 3, MinDynamicTripCount= 3, IsCompilerGenerated=0, HasInsertionLoc=1, HasUserInputPragma=0, hasRAW=0, Loc=/home/jam/Downloads/HLS_Erosion_dilation/vitis_workspace/v1_MM_no_opt/../files/matrixmul.cpp:24:16, Vars=17,18,
                            
parallelismSelector::VERBO: LCDs collected in function '_GLOBAL__sub_I_matrixmul_test':
parallelismSelector::VERBO: LCDs collected in function '__cxx_global_var_init':
parallelismSelector::VERBO: LCDs collected in function 'matrixmul':
parallelismSelector::VERBO: LCDs collected in function 'Outline_T3_F210_R2_Loop':
parallelismSelector::VERBO:     LoopId 6 with label ' Row', hasRAW: 0
parallelismSelector::VERBO:     LoopId 7 with label ' Col', hasRAW: 0
parallelismSelector::VERBO:     LoopId 8 with label ' Product', hasRAW: 0
parallelismSelector::VERBO: Max iterations for loop 6 are 3
parallelismSelector::VERBO:  - loop 6 is  /home/jam/Downloads/HLS_Erosion_dilation/vitis_workspace/v1_MM_no_opt/../files/matrixmul.cpp:19:8
parallelismSelector::VERBO: Max iterations for loop 7 are 3
parallelismSelector::VERBO:  - loop 7 is  /home/jam/Downloads/HLS_Erosion_dilation/vitis_workspace/v1_MM_no_opt/../files/matrixmul.cpp:21:10
parallelismSelector::VERBO: Max iterations for loop 8 are 3
parallelismSelector::VERBO:  - loop 8 is  /home/jam/Downloads/HLS_Erosion_dilation/vitis_workspace/v1_MM_no_opt/../files/matrixmul.cpp:24:16
parallelismSelector::VERBO: Partitioning variable 'a' /home/jam/Downloads/HLS_Erosion_dilation/vitis_workspace/v1_MM_no_opt/../files/matrixmul.cpp:5:0 VariableId 17
parallelismSelector::VERBO: Partitioning variable 'b' /home/jam/Downloads/HLS_Erosion_dilation/vitis_workspace/v1_MM_no_opt/../files/matrixmul.cpp:6:0 VariableId 18
parallelismSelector::VERBO: Partitioning variable 'res' /home/jam/Downloads/HLS_Erosion_dilation/vitis_workspace/v1_MM_no_opt/../files/matrixmul.cpp:7:0 VariableId 19
parallelismSelector::VERBO: Initial branch:
                            FunctionPipelineTopLevel: Maybe
                            Reshape {dim 0: cyclic 1 complete, dim 1: cyclic 1 complete} (VariableName a) (VariableId 17)
                            Reshape {dim 0: cyclic 1 complete, dim 1: cyclic 1 complete} (VariableName b) (VariableId 18)
                            Reshape {dim 0: cyclic 1 complete, dim 1: cyclic 1 complete} (VariableName res) (VariableId 19)
                            +- pipeline, unroll with factors 1, 3 (Label Row) (LoopId 6)
                               +- pipeline, unroll with factors 1, 3 (Label Col) (LoopId 7)
                                  +- pipeline, unroll with factors 1, 3 (Label Product) (LoopId 8)
                            
parallelismSelector::VERBO: Initial branch after first round of constraints:
                            FunctionPipelineTopLevel: Maybe
                            Reshape {dim 0: cyclic 1 complete, dim 1: cyclic 1 complete} (VariableName a) (VariableId 17)
                            Reshape {dim 0: cyclic 1 complete, dim 1: cyclic 1 complete} (VariableName b) (VariableId 18)
                            Reshape {dim 0: cyclic 1 complete, dim 1: cyclic 1 complete} (VariableName res) (VariableId 19)
                            +- pipeline, unroll with factors 1, 3 (Label Row) (LoopId 6)
                               +- pipeline, unroll with factors 1, 3 (Label Col) (LoopId 7)
                                  +- pipeline, unroll with factors 1, 3 (Label Product) (LoopId 8)
                            
parallelismSelector::VERBO: Nesting structure after user pragma constraints:
                            +- Loop with id 6, Label=Row, HasPerfectlyNestedSubLoop=1, HasComputableTotalTC=1, TripCount= 3, StaticTripCountUpperBound= 3, MaxDynamicTripCount= 3, MinDynamicTripCount= 3, IsCompilerGenerated=0, HasInsertionLoc=1, HasUserInputPragma=0, hasRAW=0, Loc=/home/jam/Downloads/HLS_Erosion_dilation/vitis_workspace/v1_MM_no_opt/../files/matrixmul.cpp:19:8
                               +- Loop with id 7, Label=Col, HasPerfectlyNestedSubLoop=0, HasComputableTotalTC=1, TripCount= 3, StaticTripCountUpperBound= 3, MaxDynamicTripCount= 3, MinDynamicTripCount= 3, IsCompilerGenerated=0, HasInsertionLoc=1, HasUserInputPragma=0, hasRAW=0, Loc=/home/jam/Downloads/HLS_Erosion_dilation/vitis_workspace/v1_MM_no_opt/../files/matrixmul.cpp:21:10, Vars=19,
                                  +- Loop with id 8, Label=Product, HasPerfectlyNestedSubLoop=0, HasComputableTotalTC=1, TripCount= 3, StaticTripCountUpperBound= 3, MaxDynamicTripCount= 3, MinDynamicTripCount= 3, IsCompilerGenerated=0, HasInsertionLoc=1, HasUserInputPragma=0, hasRAW=0, Loc=/home/jam/Downloads/HLS_Erosion_dilation/vitis_workspace/v1_MM_no_opt/../files/matrixmul.cpp:24:16, Vars=17,18,
                            
parallelismSelector::VERBO: Initial branch after applying user pragma constraints:
                            FunctionPipelineTopLevel: Maybe
                            Reshape {dim 0: cyclic 1 complete, dim 1: cyclic 1 complete} (VariableName a) (VariableId 17)
                            Reshape {dim 0: cyclic 1 complete, dim 1: cyclic 1 complete} (VariableName b) (VariableId 18)
                            Reshape {dim 0: cyclic 1 complete, dim 1: cyclic 1 complete} (VariableName res) (VariableId 19)
                            +- pipeline, unroll with factors 1, 3 (Label Row) (LoopId 6)
                               +- pipeline, unroll with factors 1, 3 (Label Col) (LoopId 7)
                                  +- pipeline, unroll with factors 1, 3 (Label Product) (LoopId 8)
                            
parallelismSelector::VERBO: Initial branch after applying Xilinx constraints:
                            FunctionPipelineTopLevel: Maybe
                            Reshape {dim 0: cyclic 1 complete, dim 1: cyclic 1 complete} (VariableName a) (VariableId 17)
                            Reshape {dim 0: cyclic 1 complete, dim 1: cyclic 1 complete} (VariableName b) (VariableId 18)
                            Reshape {dim 0: cyclic 1 complete, dim 1: cyclic 1 complete} (VariableName res) (VariableId 19)
                            +- pipeline, unroll with factors 1, 3 (Label Row) (LoopId 6)
                               +- pipeline, unroll with factors 1, 3 (Label Col) (LoopId 7)
                                  +- pipeline, unroll with factors 1, 3 (Label Product) (LoopId 8)
                            
parallelismSelector::VERBO: DataflowConstrainer: Constraining Func/Loop with Id 210
parallelismSelector::VERBO: DataflowConstrainer: Constrained: VarId=17
parallelismSelector::VERBO: DataflowConstrainer: Constrained: VarId=18
parallelismSelector::VERBO: DataflowConstrainer: Constrained: VarId=19
parallelismSelector::VERBO: Initial branch after applying dataflow constraints:
                            FunctionPipelineTopLevel: No
                            Reshape {dim 0: cyclic 1, dim 1: cyclic 1} (VariableName a) (VariableId 17)
                            Reshape {dim 0: cyclic 1, dim 1: cyclic 1} (VariableName b) (VariableId 18)
                            Reshape {dim 0: cyclic 1, dim 1: cyclic 1} (VariableName res) (VariableId 19)
                            +- pipeline, unroll with factors 1, 3 (Label Row) (LoopId 6)
                               +- pipeline, unroll with factors 1, 3 (Label Col) (LoopId 7)
                                  +- pipeline, unroll with factors 1, 3 (Label Product) (LoopId 8)
                            
parallelismSelector::VERBO: Removing reshape options from the design space because optimizing reshape is disabled
                            
parallelismSelector::VERBO: Initial branch after applying heuristic constraints:
                            FunctionPipelineTopLevel: No
                            Reshape {dim 0: cyclic 1, dim 1: cyclic 1} (VariableName a) (VariableId 17)
                            Reshape {dim 0: cyclic 1, dim 1: cyclic 1} (VariableName b) (VariableId 18)
                            Reshape {dim 0: cyclic 1, dim 1: cyclic 1} (VariableName res) (VariableId 19)
                            +- pipeline, unroll with factors 1, 3 (Label Row) (LoopId 6)
                               +- pipeline, unroll with factors 1, 3 (Label Col) (LoopId 7)
                                  +- pipeline, unroll with factors 1, 3 (Label Product) (LoopId 8)
                            
parallelismSelector::VERBO: Initial branch after applying second round of Xilinx constraints:
                            FunctionPipelineTopLevel: No
                            Reshape {dim 0: cyclic 1, dim 1: cyclic 1} (VariableName a) (VariableId 17)
                            Reshape {dim 0: cyclic 1, dim 1: cyclic 1} (VariableName b) (VariableId 18)
                            Reshape {dim 0: cyclic 1, dim 1: cyclic 1} (VariableName res) (VariableId 19)
                            +- pipeline, unroll with factors 1, 3 (Label Row) (LoopId 6)
                               +- pipeline, unroll with factors 1, 3 (Label Col) (LoopId 7)
                                  +- pipeline, unroll with factors 1, 3 (Label Product) (LoopId 8)
                            
parallelismSelector::VERBO: Initial branch after PerfEst evaluation constraints:
                            FunctionPipelineTopLevel: No
                            Reshape {dim 0: cyclic 1, dim 1: cyclic 1} (VariableName a) (VariableId 17)
                            Reshape {dim 0: cyclic 1, dim 1: cyclic 1} (VariableName b) (VariableId 18)
                            Reshape {dim 0: cyclic 1, dim 1: cyclic 1} (VariableName res) (VariableId 19)
                            +- unroll with factors 1 (Label Row) (LoopId 6)
                               +- unroll with factors 1 (Label Col) (LoopId 7)
                                  +- unroll with factors 1 (Label Product) (LoopId 8)
                            
parallelismSelector::VERBO: Initial constrained branch:
                            FunctionPipelineTopLevel: No
                            Reshape {dim 0: cyclic 1, dim 1: cyclic 1} (VariableName a) (VariableId 17)
                            Reshape {dim 0: cyclic 1, dim 1: cyclic 1} (VariableName b) (VariableId 18)
                            Reshape {dim 0: cyclic 1, dim 1: cyclic 1} (VariableName res) (VariableId 19)
                            +- unroll with factors 1 (Label Row) (LoopId 6)
                               +- unroll with factors 1 (Label Col) (LoopId 7)
                                  +- unroll with factors 1 (Label Product) (LoopId 8)
                            
parallelismSelector::VERBO: HPE - Calculating latency and area for design space...
                            Setting Space: FunctionPipelineTopLevel: No
                            Reshape {dim 0: cyclic 1, dim 1: cyclic 1} (VariableId 17)
                            Reshape {dim 0: cyclic 1, dim 1: cyclic 1} (VariableId 18)
                            Reshape {dim 0: cyclic 1, dim 1: cyclic 1} (VariableId 19)
                            +- unroll with factors 1 (Label Row) (LoopId 6)
                               +- unroll with factors 1 (Label Col) (LoopId 7)
                                  +- unroll with factors 1 (Label Product) (LoopId 8)
                            
parallelismSelector::VERBO: Calculating latency for top level hw function: matrixmul
parallelismSelector::VERBO: [LatencyEstimationVisitor] CallSite: CS(1 F=211) (20->19)(21->17)(22->18)
parallelismSelector::VERBO: [LatencyEstimationVisitor] Equivalence table
                             Object with value: 20 is mapped to the object with value: 19
                             Object with value: 21 is mapped to the object with value: 17
                             Object with value: 22 is mapped to the object with value: 18
                            
parallelismSelector::VERBO: Analyzing Loop "Product" (LoopId 8):
parallelismSelector::VERBO:     MARegionScheduler::finalize():
parallelismSelector::VERBO:        - LoopId: 8 Label: Product
parallelismSelector::VERBO:          - EndCycles: for.body6 -> {1: 2}
parallelismSelector::VERBO:        - MaxEndCycle: {1: 2}
parallelismSelector::VERBO:        - Critical path: for.body6
parallelismSelector::VERBO:     hasRAW: 0
parallelismSelector::VERBO:     Recurrence: Circuit=6:1 -> 6:18 -> 6:1
parallelismSelector::VERBO:       distance=1
parallelismSelector::VERBO:        - IIMem: {1: 0.5}, OwnedIIMem: {1: 0.5}, NestedIIMem: {1: 0}
parallelismSelector::VERBO:     Collected Var penalties
parallelismSelector::VERBO:       L:8 V:17{1: 0}
parallelismSelector::VERBO:       L:8 V:18{1: 0}
parallelismSelector::VERBO:     Collected latencies
parallelismSelector::VERBO:       L:8{1: 2}
parallelismSelector::VERBO:     Collected Interval ranges
parallelismSelector::VERBO:       L:81
parallelismSelector::VERBO: 
parallelismSelector::VERBO: Analyzing Loop "Col" (LoopId 7):
parallelismSelector::VERBO:         LoopId: 8, Label: Product, TC: 3, IL: {1: 2}, IIMem: {1: 0.5}, IIDep 1
parallelismSelector::VERBO:         	unroll 1 Cycles: 6
parallelismSelector::VERBO:         Overall latency for nested loop (LoopId 8): 6
parallelismSelector::VERBO:     MARegionScheduler::finalize():
parallelismSelector::VERBO:        - LoopId: 7 Label: Col
parallelismSelector::VERBO:          - EndCycles: for.body6 -> {1: 6}
parallelismSelector::VERBO:          - EndCycles: for.body3 -> {1: 1}
parallelismSelector::VERBO:          - EndCycles: for.end -> {1: 6}
parallelismSelector::VERBO:        - MaxEndCycle: {1: 6}
parallelismSelector::VERBO:        - Critical path: for.body6, for.body3, for.end
parallelismSelector::VERBO:     hasRAW: 0
parallelismSelector::VERBO:        - IIMem: {1: 0.5}, OwnedIIMem: {1: 0.5}, NestedIIMem: {1: 0}
parallelismSelector::VERBO:     Collected Var penalties
parallelismSelector::VERBO:       L:7 V:17{1: 0}
parallelismSelector::VERBO:       L:7 V:18{1: 0}
parallelismSelector::VERBO:       L:7 V:19{1: 0}
parallelismSelector::VERBO:       L:8 V:17{1: 0}
parallelismSelector::VERBO:       L:8 V:18{1: 0}
parallelismSelector::VERBO:     Collected latencies
parallelismSelector::VERBO:       L:7{1: 6}
parallelismSelector::VERBO:       L:8{1: 2}
parallelismSelector::VERBO:     Collected Interval ranges
parallelismSelector::VERBO:       L:70
parallelismSelector::VERBO:       L:81
parallelismSelector::VERBO: 
parallelismSelector::VERBO: Analyzing Loop "Row" (LoopId 6):
parallelismSelector::VERBO:         LoopId: 7, Label: Col, TC: 3, IL: {1: 6}, IIMem: {1: 0.5}, IIDep 0
parallelismSelector::VERBO:         	unroll 1 Cycles: 18
parallelismSelector::VERBO:         Overall latency for nested loop (LoopId 7): 18
parallelismSelector::VERBO:     MARegionScheduler::finalize():
parallelismSelector::VERBO:        - LoopId: 6 Label: Row
parallelismSelector::VERBO:          - EndCycles: for.body -> {1: 1}
parallelismSelector::VERBO:          - EndCycles: for.end -> {1: 18}
parallelismSelector::VERBO:          - EndCycles: for.end22 -> {1: 18}
parallelismSelector::VERBO:        - MaxEndCycle: {1: 18}
parallelismSelector::VERBO:        - Critical path: for.body3, for.body, for.end, for.end22
parallelismSelector::VERBO:     hasRAW: 0
parallelismSelector::VERBO:        - IIMem: {1: 0}, OwnedIIMem: {1: 0}, NestedIIMem: {1: 0}
parallelismSelector::VERBO:     Collected Var penalties
parallelismSelector::VERBO:       L:6 V:17{1: 0}
parallelismSelector::VERBO:       L:6 V:18{1: 0}
parallelismSelector::VERBO:       L:6 V:19{1: 0}
parallelismSelector::VERBO:       L:7 V:17{1: 0}
parallelismSelector::VERBO:       L:7 V:18{1: 0}
parallelismSelector::VERBO:       L:7 V:19{1: 0}
parallelismSelector::VERBO:       L:8 V:17{1: 0}
parallelismSelector::VERBO:       L:8 V:18{1: 0}
parallelismSelector::VERBO:     Collected latencies
parallelismSelector::VERBO:       L:6{1: 18}
parallelismSelector::VERBO:       L:7{1: 6}
parallelismSelector::VERBO:       L:8{1: 2}
parallelismSelector::VERBO:     Collected Interval ranges
parallelismSelector::VERBO:       L:60
parallelismSelector::VERBO:       L:70
parallelismSelector::VERBO:       L:81
parallelismSelector::VERBO: 
parallelismSelector::VERBO: Analyzing Function "Outline_T3_F210_R2_Loop" (FunctionId 211):
parallelismSelector::VERBO:         LoopId: 6, Label: Row, TC: 3, IL: {1: 18}, IIMem: {1: 0}, IIDep 0
parallelismSelector::VERBO:         	unroll 1 Cycles: 54
parallelismSelector::VERBO:         Overall latency for nested loop (LoopId 6): 54
parallelismSelector::VERBO:     MARegionScheduler::finalize():
parallelismSelector::VERBO:        - Function: Outline_T3_F210_R2_Loop
parallelismSelector::VERBO:          - EndCycles: for.end22 -> {1: 55}
parallelismSelector::VERBO:          - EndCycles: for.end25 -> {1: 55}
parallelismSelector::VERBO:          - EndCycles: newFuncRoot -> {1: 1}
parallelismSelector::VERBO:        - MaxEndCycle: {1: 55}
parallelismSelector::VERBO:        - Critical path: for.body, for.end22, for.end25, newFuncRoot
parallelismSelector::VERBO:     Collected Var penalties
parallelismSelector::VERBO:       L:6 V:17{1: 0}
parallelismSelector::VERBO:       L:6 V:18{1: 0}
parallelismSelector::VERBO:       L:6 V:19{1: 0}
parallelismSelector::VERBO:       L:7 V:17{1: 0}
parallelismSelector::VERBO:       L:7 V:18{1: 0}
parallelismSelector::VERBO:       L:7 V:19{1: 0}
parallelismSelector::VERBO:       L:8 V:17{1: 0}
parallelismSelector::VERBO:       L:8 V:18{1: 0}
parallelismSelector::VERBO:     Collected latencies
parallelismSelector::VERBO:       L:6{1: 18}
parallelismSelector::VERBO:       L:7{1: 6}
parallelismSelector::VERBO:       L:8{1: 2}
parallelismSelector::VERBO:     Collected Interval ranges
parallelismSelector::VERBO:       L:60
parallelismSelector::VERBO:       L:70
parallelismSelector::VERBO:       L:81
parallelismSelector::VERBO: 
parallelismSelector::VERBO: Analyzing Function "matrixmul" (FunctionId 210):
parallelismSelector::VERBO:     MARegionScheduler::finalize():
parallelismSelector::VERBO:        - Function: _Z9matrixmulPA3_cS0_PA3_s
parallelismSelector::VERBO:          - EndCycles: entry -> {1: 1}
parallelismSelector::VERBO:          - EndCycles: codeRepl -> {1: 57}
parallelismSelector::VERBO:          - EndCycles: for.end25_iso6 -> {1: 57}
parallelismSelector::VERBO:        - MaxEndCycle: {1: 57}
parallelismSelector::VERBO:        - Critical path: entry, codeRepl, for.end25_iso6
parallelismSelector::VERBO:     Collected Var penalties
parallelismSelector::VERBO:       L:6 V:17{1: 0}
parallelismSelector::VERBO:       L:6 V:18{1: 0}
parallelismSelector::VERBO:       L:6 V:19{1: 0}
parallelismSelector::VERBO:       L:7 V:17{1: 0}
parallelismSelector::VERBO:       L:7 V:18{1: 0}
parallelismSelector::VERBO:       L:7 V:19{1: 0}
parallelismSelector::VERBO:       L:8 V:17{1: 0}
parallelismSelector::VERBO:       L:8 V:18{1: 0}
parallelismSelector::VERBO:     Collected latencies
parallelismSelector::VERBO:       L:6{1: 18}
parallelismSelector::VERBO:       L:7{1: 6}
parallelismSelector::VERBO:       L:8{1: 2}
parallelismSelector::VERBO:     Collected Interval ranges
parallelismSelector::VERBO:       L:60
parallelismSelector::VERBO:       L:70
parallelismSelector::VERBO:       L:81
parallelismSelector::VERBO: 
parallelismSelector::VERBO: Filling in latencies and intervals per loop...
parallelismSelector::VERBO:     Interval:
parallelismSelector::VERBO:     LoopId: 8, Label: Product, TC: 3, IL: {1: 2}, IIMem: {1: 0.5}, IIDep 1
parallelismSelector::VERBO:     	unroll 1 Cycles: 2
parallelismSelector::VERBO:     Latency:
parallelismSelector::VERBO:     LoopId: 8, Label: Product, TC: 3, IL: {1: 2}, IIMem: {1: 0.5}, IIDep 1
parallelismSelector::VERBO:     	unroll 1 Cycles: 6
parallelismSelector::VERBO:     Mem Interval:
parallelismSelector::VERBO:     Interval:
parallelismSelector::VERBO:     LoopId: 7, Label: Col, TC: 3, IL: {1: 6}, IIMem: {1: 0.5}, IIDep 0
parallelismSelector::VERBO:     	unroll 1 Cycles: 6
parallelismSelector::VERBO:     Latency:
parallelismSelector::VERBO:     LoopId: 7, Label: Col, TC: 3, IL: {1: 6}, IIMem: {1: 0.5}, IIDep 0
parallelismSelector::VERBO:     	unroll 1 Cycles: 18
parallelismSelector::VERBO:     Mem Interval:
parallelismSelector::VERBO:     Interval:
parallelismSelector::VERBO:     LoopId: 6, Label: Row, TC: 3, IL: {1: 18}, IIMem: {1: 0}, IIDep 0
parallelismSelector::VERBO:     	unroll 1 Cycles: 18
parallelismSelector::VERBO:     Latency:
parallelismSelector::VERBO:     LoopId: 6, Label: Row, TC: 3, IL: {1: 18}, IIMem: {1: 0}, IIDep 0
parallelismSelector::VERBO:     	unroll 1 Cycles: 54
parallelismSelector::VERBO:     Mem Interval:
parallelismSelector::VERBO: [AreaEstimationVisitor] Func: _Z9matrixmulPA3_cS0_PA3_s : 210
parallelismSelector::VERBO: [AreaEstimationVisitor] CallSite: CS(1 F=211) (20->19)(21->17)(22->18)
parallelismSelector::VERBO:   New Equivalence table
                             Object with value: 20 is mapped to the object with value: 19
                             Object with value: 21 is mapped to the object with value: 17
                             Object with value: 22 is mapped to the object with value: 18
                            
parallelismSelector::VERBO: [AreaEstimationVisitor] Func: Outline_T3_F210_R2_Loop : 211
parallelismSelector::VERBO: [AreaEstimationVisitor] Loop: 6
parallelismSelector::VERBO: [AreaEstimationVisitor] Loop: 7
parallelismSelector::VERBO: [AreaEstimationVisitor] Loop: 8
parallelismSelector::VERBO: [Finalize] Self shareable area: LUTs: 0 FFs: 0 DSPs: 0 BRAMs: 0
parallelismSelector::VERBO: [Finalize] ParallelOperationNumPerLoop: {8: 1}
parallelismSelector::VERBO: [Finalize] Contribution of this loop to shareable area: LUTs: 0 FFs: 0 DSPs: 0 BRAMs: 0
parallelismSelector::VERBO: [AreaEstimationVisitor] Total shareable area: LUTs: 0 FFs: 0 DSPs: 0 BRAMs: 0 Total unshareable area: LUTs: 132 FFs: 0 DSPs: 0 BRAMs: 0
parallelismSelector::VERBO: [AreaEstimationVisitor] Self shareable area: LUTs: 0 FFs: 0 DSPs: 0 BRAMs: 0 Self unshareable area: LUTs: 76 FFs: 0 DSPs: 0 BRAMs: 0
parallelismSelector::VERBO: [visitNestedHeader] Adding nested shareable area from loop(id) 8 LUTs: 0 FFs: 0 DSPs: 0 BRAMs: 0
parallelismSelector::VERBO: [Finalize] Self shareable area: LUTs: 0 FFs: 0 DSPs: 0 BRAMs: 0
parallelismSelector::VERBO: [Finalize] ParallelOperationNumPerLoop: {7: 1}
parallelismSelector::VERBO: [Finalize] Contribution of this loop to shareable area: LUTs: 0 FFs: 0 DSPs: 0 BRAMs: 0
parallelismSelector::VERBO: [AreaEstimationVisitor] Total shareable area: LUTs: 0 FFs: 0 DSPs: 0 BRAMs: 0 Total unshareable area: LUTs: 180 FFs: 0 DSPs: 0 BRAMs: 0
parallelismSelector::VERBO: [AreaEstimationVisitor] Self shareable area: LUTs: 0 FFs: 0 DSPs: 0 BRAMs: 0 Self unshareable area: LUTs: 20 FFs: 0 DSPs: 0 BRAMs: 0
parallelismSelector::VERBO: [visitNestedHeader] Adding nested shareable area from loop(id) 7 LUTs: 0 FFs: 0 DSPs: 0 BRAMs: 0
parallelismSelector::VERBO: [Finalize] Self shareable area: LUTs: 0 FFs: 0 DSPs: 0 BRAMs: 0
parallelismSelector::VERBO: [Finalize] ParallelOperationNumPerLoop: {}
parallelismSelector::VERBO: [Finalize] Contribution of this loop to shareable area: LUTs: 0 FFs: 0 DSPs: 0 BRAMs: 0
parallelismSelector::VERBO: [AreaEstimationVisitor] Total shareable area: LUTs: 0 FFs: 0 DSPs: 0 BRAMs: 0 Total unshareable area: LUTs: 200 FFs: 0 DSPs: 0 BRAMs: 0
parallelismSelector::VERBO: [AreaEstimationVisitor] Self shareable area: LUTs: 0 FFs: 0 DSPs: 0 BRAMs: 0 Self unshareable area: LUTs: 20 FFs: 0 DSPs: 0 BRAMs: 0
parallelismSelector::VERBO: [Finalize] Self shareable area: LUTs: 0 FFs: 0 DSPs: 0 BRAMs: 0
parallelismSelector::VERBO: [AreaEstimationVisitor] Total shareable area: LUTs: 0 FFs: 0 DSPs: 0 BRAMs: 0 Total unshareable area: LUTs: 200 FFs: 0 DSPs: 0 BRAMs: 0
parallelismSelector::VERBO: [AreaEstimationVisitor] Self shareable area: LUTs: 0 FFs: 0 DSPs: 0 BRAMs: 0 Self unshareable area: LUTs: 0 FFs: 0 DSPs: 0 BRAMs: 0
parallelismSelector::VERBO: [Finalize] Self shareable area: LUTs: 0 FFs: 0 DSPs: 0 BRAMs: 0
parallelismSelector::VERBO: [AreaEstimationVisitor] Total shareable area: LUTs: 0 FFs: 0 DSPs: 0 BRAMs: 0 Total unshareable area: LUTs: 0 FFs: 0 DSPs: 0 BRAMs: 0
parallelismSelector::VERBO: [AreaEstimationVisitor] Self shareable area: LUTs: 0 FFs: 0 DSPs: 0 BRAMs: 0 Self unshareable area: LUTs: 0 FFs: 0 DSPs: 0 BRAMs: 0
parallelismSelector::VERBO: Initial constrained branch with estimates:
                            FunctionPipelineTopLevel: No
                            Reshape {dim 0: cyclic 1, dim 1: cyclic 1} (VariableId 17)
                               +- Penalty on LoopId 6: {1: lat/intv 0} (unroll: latency/interval)
                               +- Penalty on LoopId 7: {1: lat/intv 0} (unroll: latency/interval)
                               +- Penalty on LoopId 8: {1: lat/intv 0} (unroll: latency/interval)
                            Reshape {dim 0: cyclic 1, dim 1: cyclic 1} (VariableId 18)
                               +- Penalty on LoopId 6: {1: lat/intv 0} (unroll: latency/interval)
                               +- Penalty on LoopId 7: {1: lat/intv 0} (unroll: latency/interval)
                               +- Penalty on LoopId 8: {1: lat/intv 0} (unroll: latency/interval)
                            Reshape {dim 0: cyclic 1, dim 1: cyclic 1} (VariableId 19)
                               +- Penalty on LoopId 6: {1: lat/intv 0} (unroll: latency/interval)
                               +- Penalty on LoopId 7: {1: lat/intv 0} (unroll: latency/interval)
                            +- unroll with factors 1 (LoopId 6 [Row]), min-max latency/interval: {unroll 1: lat/intv 54}
                               +- Access to VariableId 17: {1: lat/intv 0} (unroll: latency/interval)
                               +- Access to VariableId 18: {1: lat/intv 0} (unroll: latency/interval)
                               +- Access to VariableId 19: {1: lat/intv 0} (unroll: latency/interval)
                               +- unroll with factors 1 (LoopId 7 [Col]), min-max latency/interval: {unroll 1: lat/intv 18}
                                  +- Access to VariableId 17: {1: lat/intv 0} (unroll: latency/interval)
                                  +- Access to VariableId 18: {1: lat/intv 0} (unroll: latency/interval)
                                  +- Access to VariableId 19: {1: lat/intv 0} (unroll: latency/interval)
                                  +- unroll with factors 1 (LoopId 8 [Product]), min-max latency/interval: {unroll 1: lat/intv 6}
                                     +- Access to VariableId 17: {1: lat/intv 0} (unroll: latency/interval)
                                     +- Access to VariableId 18: {1: lat/intv 0} (unroll: latency/interval)
                            Id:  0 contains valid solution: maybe, min-max latency/interval: lat 57 intv 58, min-max area: LUTs: 200 FFs: 0 DSPs: 0 BRAMs: 0
parallelismSelector::VERBO: Initial FPGA area occupied (min): Area -- (LUTs: 200, FFs: 0, DSPs: 0, BRAMs: 0, URAMs: 0)
parallelismSelector::VERBO: Initial FPGA area occupied (max): Area -- (LUTs: 200, FFs: 0, DSPs: 0, BRAMs: 0, URAMs: 0)
parallelismSelector::VERBO: HPE - Calculating latency and area for design space...
                            Setting Space: FunctionPipelineTopLevel: No
                            Reshape {dim 0: cyclic 1, dim 1: cyclic 1} (VariableId 17)
                            Reshape {dim 0: cyclic 1, dim 1: cyclic 1} (VariableId 18)
                            Reshape {dim 0: cyclic 1, dim 1: cyclic 1} (VariableId 19)
                            +- unroll with factors 1 (Label Row) (LoopId 6)
                               +- unroll with factors 1 (Label Col) (LoopId 7)
                                  +- unroll with factors 1 (Label Product) (LoopId 8)
                            
parallelismSelector::VERBO: Calculating latency for top level hw function: matrixmul
parallelismSelector::VERBO: [LatencyEstimationVisitor] CallSite: CS(1 F=211) (20->19)(21->17)(22->18)
parallelismSelector::VERBO: [LatencyEstimationVisitor] Equivalence table
                             Object with value: 20 is mapped to the object with value: 19
                             Object with value: 21 is mapped to the object with value: 17
                             Object with value: 22 is mapped to the object with value: 18
                            
parallelismSelector::VERBO: Analyzing Loop "Product" (LoopId 8):
parallelismSelector::VERBO:     MARegionScheduler::finalize():
parallelismSelector::VERBO:        - LoopId: 8 Label: Product
parallelismSelector::VERBO:          - EndCycles: for.body6 -> {1: 2}
parallelismSelector::VERBO:        - MaxEndCycle: {1: 2}
parallelismSelector::VERBO:        - Critical path: for.body6
parallelismSelector::VERBO:     hasRAW: 0
parallelismSelector::VERBO:     Recurrence: Circuit=6:1 -> 6:18 -> 6:1
parallelismSelector::VERBO:       distance=1
parallelismSelector::VERBO:     Collect memory port metrics for LoopId: 8
                                
parallelismSelector::VERBO:     VarId: 21, number of direct accesses: 1, number of indirect accesses: 0, RequiredPorts: 1, Available ports: 2
                                
parallelismSelector::VERBO:     VarId: 22, number of direct accesses: 1, number of indirect accesses: 0, RequiredPorts: 1, Available ports: 2
                                
parallelismSelector::VERBO:        - IIMem: {1: 0.5}, OwnedIIMem: {1: 0.5}, NestedIIMem: {1: 0}
parallelismSelector::VERBO:     Collected Var penalties
parallelismSelector::VERBO:       L:8 V:17{1: 0}
parallelismSelector::VERBO:       L:8 V:18{1: 0}
parallelismSelector::VERBO:     Collected latencies
parallelismSelector::VERBO:       L:8{1: 2}
parallelismSelector::VERBO:     Collected Interval ranges
parallelismSelector::VERBO:       L:81
parallelismSelector::VERBO: 
parallelismSelector::VERBO: Analyzing Loop "Col" (LoopId 7):
parallelismSelector::VERBO:         LoopId: 8, Label: Product, TC: 3, IL: {1: 2}, IIMem: {1: 0.5}, IIDep 1
parallelismSelector::VERBO:         	unroll 1 Cycles: 6
parallelismSelector::VERBO:         Overall latency for nested loop (LoopId 8): 6
parallelismSelector::VERBO:     MARegionScheduler::finalize():
parallelismSelector::VERBO:        - LoopId: 7 Label: Col
parallelismSelector::VERBO:          - EndCycles: for.body6 -> {1: 6}
parallelismSelector::VERBO:          - EndCycles: for.body3 -> {1: 1}
parallelismSelector::VERBO:          - EndCycles: for.end -> {1: 6}
parallelismSelector::VERBO:        - MaxEndCycle: {1: 6}
parallelismSelector::VERBO:        - Critical path: for.body6, for.body3, for.end
parallelismSelector::VERBO:     hasRAW: 0
parallelismSelector::VERBO:     Collect memory port metrics for LoopId: 7
                                
parallelismSelector::VERBO:     VarId: 20, number of direct accesses: 1, number of indirect accesses: 0, RequiredPorts: 1, Available ports: 2
                                
parallelismSelector::VERBO:     VarId: 21, number of direct accesses: 0, number of indirect accesses: 1, RequiredPorts: 1, Available ports: 2
                                
parallelismSelector::VERBO:     VarId: 22, number of direct accesses: 0, number of indirect accesses: 1, RequiredPorts: 1, Available ports: 2
                                
parallelismSelector::VERBO:        - IIMem: {1: 0.5}, OwnedIIMem: {1: 0.5}, NestedIIMem: {1: 0}
parallelismSelector::VERBO:     Collected Var penalties
parallelismSelector::VERBO:       L:7 V:17{1: 0}
parallelismSelector::VERBO:       L:7 V:18{1: 0}
parallelismSelector::VERBO:       L:7 V:19{1: 0}
parallelismSelector::VERBO:       L:8 V:17{1: 0}
parallelismSelector::VERBO:       L:8 V:18{1: 0}
parallelismSelector::VERBO:     Collected latencies
parallelismSelector::VERBO:       L:7{1: 6}
parallelismSelector::VERBO:       L:8{1: 2}
parallelismSelector::VERBO:     Collected Interval ranges
parallelismSelector::VERBO:       L:70
parallelismSelector::VERBO:       L:81
parallelismSelector::VERBO: 
parallelismSelector::VERBO: Analyzing Loop "Row" (LoopId 6):
parallelismSelector::VERBO:         LoopId: 7, Label: Col, TC: 3, IL: {1: 6}, IIMem: {1: 0.5}, IIDep 0
parallelismSelector::VERBO:         	unroll 1 Cycles: 18
parallelismSelector::VERBO:         Overall latency for nested loop (LoopId 7): 18
parallelismSelector::VERBO:     MARegionScheduler::finalize():
parallelismSelector::VERBO:        - LoopId: 6 Label: Row
parallelismSelector::VERBO:          - EndCycles: for.body -> {1: 1}
parallelismSelector::VERBO:          - EndCycles: for.end -> {1: 18}
parallelismSelector::VERBO:          - EndCycles: for.end22 -> {1: 18}
parallelismSelector::VERBO:        - MaxEndCycle: {1: 18}
parallelismSelector::VERBO:        - Critical path: for.body3, for.body, for.end, for.end22
parallelismSelector::VERBO:     hasRAW: 0
parallelismSelector::VERBO:     Collect memory port metrics for LoopId: 6
                                
parallelismSelector::VERBO:     VarId: 20, number of direct accesses: 0, number of indirect accesses: 1, RequiredPorts: 1, Available ports: 2
                                
parallelismSelector::VERBO:     VarId: 21, number of direct accesses: 0, number of indirect accesses: 1, RequiredPorts: 1, Available ports: 2
                                
parallelismSelector::VERBO:     VarId: 22, number of direct accesses: 0, number of indirect accesses: 1, RequiredPorts: 1, Available ports: 2
                                
parallelismSelector::VERBO:        - IIMem: {1: 0}, OwnedIIMem: {1: 0}, NestedIIMem: {1: 0}
parallelismSelector::VERBO:     Collected Var penalties
parallelismSelector::VERBO:       L:6 V:17{1: 0}
parallelismSelector::VERBO:       L:6 V:18{1: 0}
parallelismSelector::VERBO:       L:6 V:19{1: 0}
parallelismSelector::VERBO:       L:7 V:17{1: 0}
parallelismSelector::VERBO:       L:7 V:18{1: 0}
parallelismSelector::VERBO:       L:7 V:19{1: 0}
parallelismSelector::VERBO:       L:8 V:17{1: 0}
parallelismSelector::VERBO:       L:8 V:18{1: 0}
parallelismSelector::VERBO:     Collected latencies
parallelismSelector::VERBO:       L:6{1: 18}
parallelismSelector::VERBO:       L:7{1: 6}
parallelismSelector::VERBO:       L:8{1: 2}
parallelismSelector::VERBO:     Collected Interval ranges
parallelismSelector::VERBO:       L:60
parallelismSelector::VERBO:       L:70
parallelismSelector::VERBO:       L:81
parallelismSelector::VERBO: 
parallelismSelector::VERBO: Analyzing Function "Outline_T3_F210_R2_Loop" (FunctionId 211):
parallelismSelector::VERBO:         LoopId: 6, Label: Row, TC: 3, IL: {1: 18}, IIMem: {1: 0}, IIDep 0
parallelismSelector::VERBO:         	unroll 1 Cycles: 54
parallelismSelector::VERBO:         Overall latency for nested loop (LoopId 6): 54
parallelismSelector::VERBO:     MARegionScheduler::finalize():
parallelismSelector::VERBO:        - Function: Outline_T3_F210_R2_Loop
parallelismSelector::VERBO:          - EndCycles: for.end22 -> {1: 55}
parallelismSelector::VERBO:          - EndCycles: for.end25 -> {1: 55}
parallelismSelector::VERBO:          - EndCycles: newFuncRoot -> {1: 1}
parallelismSelector::VERBO:        - MaxEndCycle: {1: 55}
parallelismSelector::VERBO:        - Critical path: for.body, for.end22, for.end25, newFuncRoot
parallelismSelector::VERBO:     Collected Var penalties
parallelismSelector::VERBO:       L:6 V:17{1: 0}
parallelismSelector::VERBO:       L:6 V:18{1: 0}
parallelismSelector::VERBO:       L:6 V:19{1: 0}
parallelismSelector::VERBO:       L:7 V:17{1: 0}
parallelismSelector::VERBO:       L:7 V:18{1: 0}
parallelismSelector::VERBO:       L:7 V:19{1: 0}
parallelismSelector::VERBO:       L:8 V:17{1: 0}
parallelismSelector::VERBO:       L:8 V:18{1: 0}
parallelismSelector::VERBO:     Collected latencies
parallelismSelector::VERBO:       L:6{1: 18}
parallelismSelector::VERBO:       L:7{1: 6}
parallelismSelector::VERBO:       L:8{1: 2}
parallelismSelector::VERBO:     Collected Interval ranges
parallelismSelector::VERBO:       L:60
parallelismSelector::VERBO:       L:70
parallelismSelector::VERBO:       L:81
parallelismSelector::VERBO: 
parallelismSelector::VERBO: Analyzing Function "matrixmul" (FunctionId 210):
parallelismSelector::VERBO:     MARegionScheduler::finalize():
parallelismSelector::VERBO:        - Function: _Z9matrixmulPA3_cS0_PA3_s
parallelismSelector::VERBO:          - EndCycles: entry -> {1: 1}
parallelismSelector::VERBO:          - EndCycles: codeRepl -> {1: 57}
parallelismSelector::VERBO:          - EndCycles: for.end25_iso6 -> {1: 57}
parallelismSelector::VERBO:        - MaxEndCycle: {1: 57}
parallelismSelector::VERBO:        - Critical path: entry, codeRepl, for.end25_iso6
parallelismSelector::VERBO:     Collected Var penalties
parallelismSelector::VERBO:       L:6 V:17{1: 0}
parallelismSelector::VERBO:       L:6 V:18{1: 0}
parallelismSelector::VERBO:       L:6 V:19{1: 0}
parallelismSelector::VERBO:       L:7 V:17{1: 0}
parallelismSelector::VERBO:       L:7 V:18{1: 0}
parallelismSelector::VERBO:       L:7 V:19{1: 0}
parallelismSelector::VERBO:       L:8 V:17{1: 0}
parallelismSelector::VERBO:       L:8 V:18{1: 0}
parallelismSelector::VERBO:     Collected latencies
parallelismSelector::VERBO:       L:6{1: 18}
parallelismSelector::VERBO:       L:7{1: 6}
parallelismSelector::VERBO:       L:8{1: 2}
parallelismSelector::VERBO:     Collected Interval ranges
parallelismSelector::VERBO:       L:60
parallelismSelector::VERBO:       L:70
parallelismSelector::VERBO:       L:81
parallelismSelector::VERBO: 
parallelismSelector::VERBO: Filling in latencies and intervals per loop...
parallelismSelector::VERBO:     Interval:
parallelismSelector::VERBO:     LoopId: 8, Label: Product, TC: 3, IL: {1: 2}, IIMem: {1: 0.5}, IIDep 1
parallelismSelector::VERBO:     	unroll 1 Cycles: 2
parallelismSelector::VERBO:     Latency:
parallelismSelector::VERBO:     LoopId: 8, Label: Product, TC: 3, IL: {1: 2}, IIMem: {1: 0.5}, IIDep 1
parallelismSelector::VERBO:     	unroll 1 Cycles: 6
parallelismSelector::VERBO:     Mem Interval:
parallelismSelector::VERBO:     Interval:
parallelismSelector::VERBO:     LoopId: 7, Label: Col, TC: 3, IL: {1: 6}, IIMem: {1: 0.5}, IIDep 0
parallelismSelector::VERBO:     	unroll 1 Cycles: 6
parallelismSelector::VERBO:     Latency:
parallelismSelector::VERBO:     LoopId: 7, Label: Col, TC: 3, IL: {1: 6}, IIMem: {1: 0.5}, IIDep 0
parallelismSelector::VERBO:     	unroll 1 Cycles: 18
parallelismSelector::VERBO:     Mem Interval:
parallelismSelector::VERBO:     Interval:
parallelismSelector::VERBO:     LoopId: 6, Label: Row, TC: 3, IL: {1: 18}, IIMem: {1: 0}, IIDep 0
parallelismSelector::VERBO:     	unroll 1 Cycles: 18
parallelismSelector::VERBO:     Latency:
parallelismSelector::VERBO:     LoopId: 6, Label: Row, TC: 3, IL: {1: 18}, IIMem: {1: 0}, IIDep 0
parallelismSelector::VERBO:     	unroll 1 Cycles: 54
parallelismSelector::VERBO:     Mem Interval:
parallelismSelector::VERBO: [AreaEstimationVisitor] Func: _Z9matrixmulPA3_cS0_PA3_s : 210
parallelismSelector::VERBO: [AreaEstimationVisitor] CallSite: CS(1 F=211) (20->19)(21->17)(22->18)
parallelismSelector::VERBO:   New Equivalence table
                             Object with value: 20 is mapped to the object with value: 19
                             Object with value: 21 is mapped to the object with value: 17
                             Object with value: 22 is mapped to the object with value: 18
                            
parallelismSelector::VERBO: [AreaEstimationVisitor] Func: Outline_T3_F210_R2_Loop : 211
parallelismSelector::VERBO: [AreaEstimationVisitor] Loop: 6
parallelismSelector::VERBO: [AreaEstimationVisitor] Loop: 7
parallelismSelector::VERBO: [AreaEstimationVisitor] Loop: 8
parallelismSelector::VERBO: [Finalize] Self shareable area: LUTs: 0 FFs: 0 DSPs: 0 BRAMs: 0
parallelismSelector::VERBO: [Finalize] ParallelOperationNumPerLoop: {8: 1}
parallelismSelector::VERBO: [Finalize] Contribution of this loop to shareable area: LUTs: 0 FFs: 0 DSPs: 0 BRAMs: 0
parallelismSelector::VERBO: [AreaEstimationVisitor] Total shareable area: LUTs: 0 FFs: 0 DSPs: 0 BRAMs: 0 Total unshareable area: LUTs: 132 FFs: 0 DSPs: 0 BRAMs: 0
parallelismSelector::VERBO: [AreaEstimationVisitor] Self shareable area: LUTs: 0 FFs: 0 DSPs: 0 BRAMs: 0 Self unshareable area: LUTs: 76 FFs: 0 DSPs: 0 BRAMs: 0
parallelismSelector::VERBO: [visitNestedHeader] Adding nested shareable area from loop(id) 8 LUTs: 0 FFs: 0 DSPs: 0 BRAMs: 0
parallelismSelector::VERBO: [Finalize] Self shareable area: LUTs: 0 FFs: 0 DSPs: 0 BRAMs: 0
parallelismSelector::VERBO: [Finalize] ParallelOperationNumPerLoop: {7: 1}
parallelismSelector::VERBO: [Finalize] Contribution of this loop to shareable area: LUTs: 0 FFs: 0 DSPs: 0 BRAMs: 0
parallelismSelector::VERBO: [AreaEstimationVisitor] Total shareable area: LUTs: 0 FFs: 0 DSPs: 0 BRAMs: 0 Total unshareable area: LUTs: 180 FFs: 0 DSPs: 0 BRAMs: 0
parallelismSelector::VERBO: [AreaEstimationVisitor] Self shareable area: LUTs: 0 FFs: 0 DSPs: 0 BRAMs: 0 Self unshareable area: LUTs: 20 FFs: 0 DSPs: 0 BRAMs: 0
parallelismSelector::VERBO: [visitNestedHeader] Adding nested shareable area from loop(id) 7 LUTs: 0 FFs: 0 DSPs: 0 BRAMs: 0
parallelismSelector::VERBO: [Finalize] Self shareable area: LUTs: 0 FFs: 0 DSPs: 0 BRAMs: 0
parallelismSelector::VERBO: [Finalize] ParallelOperationNumPerLoop: {}
parallelismSelector::VERBO: [Finalize] Contribution of this loop to shareable area: LUTs: 0 FFs: 0 DSPs: 0 BRAMs: 0
parallelismSelector::VERBO: [AreaEstimationVisitor] Total shareable area: LUTs: 0 FFs: 0 DSPs: 0 BRAMs: 0 Total unshareable area: LUTs: 200 FFs: 0 DSPs: 0 BRAMs: 0
parallelismSelector::VERBO: [AreaEstimationVisitor] Self shareable area: LUTs: 0 FFs: 0 DSPs: 0 BRAMs: 0 Self unshareable area: LUTs: 20 FFs: 0 DSPs: 0 BRAMs: 0
parallelismSelector::VERBO: [Finalize] Self shareable area: LUTs: 0 FFs: 0 DSPs: 0 BRAMs: 0
parallelismSelector::VERBO: [AreaEstimationVisitor] Total shareable area: LUTs: 0 FFs: 0 DSPs: 0 BRAMs: 0 Total unshareable area: LUTs: 200 FFs: 0 DSPs: 0 BRAMs: 0
parallelismSelector::VERBO: [AreaEstimationVisitor] Self shareable area: LUTs: 0 FFs: 0 DSPs: 0 BRAMs: 0 Self unshareable area: LUTs: 0 FFs: 0 DSPs: 0 BRAMs: 0
parallelismSelector::VERBO: [Finalize] Self shareable area: LUTs: 0 FFs: 0 DSPs: 0 BRAMs: 0
parallelismSelector::VERBO: [AreaEstimationVisitor] Total shareable area: LUTs: 0 FFs: 0 DSPs: 0 BRAMs: 0 Total unshareable area: LUTs: 0 FFs: 0 DSPs: 0 BRAMs: 0
parallelismSelector::VERBO: [AreaEstimationVisitor] Self shareable area: LUTs: 0 FFs: 0 DSPs: 0 BRAMs: 0 Self unshareable area: LUTs: 0 FFs: 0 DSPs: 0 BRAMs: 0
parallelismSelector::VERBO: Estimated metrics for the application:
parallelismSelector::VERBO: Loop with Id 6:
parallelismSelector::VERBO:     Variable with Id 20 (res):
parallelismSelector::VERBO:         II mem: None
                                    NumAvailMemPorts: 2 - 2
                                    NumRequiredMemPorts: 1 - 1
parallelismSelector::VERBO:     Variable with Id 21 (a):
parallelismSelector::VERBO:         II mem: None
                                    NumAvailMemPorts: 2 - 2
                                    NumRequiredMemPorts: 1 - 1
parallelismSelector::VERBO:     Variable with Id 22 (b):
parallelismSelector::VERBO:         II mem: None
                                    NumAvailMemPorts: 2 - 2
                                    NumRequiredMemPorts: 1 - 1
parallelismSelector::VERBO:     Trip count: 3 - 3
parallelismSelector::VERBO:     II: 18 - 18
parallelismSelector::VERBO:     
parallelismSelector::VERBO: Loop with Id 7:
parallelismSelector::VERBO:     Variable with Id 20 (res):
parallelismSelector::VERBO:         II mem: 1 - 1
                                    NumAvailMemPorts: 2 - 2
                                    NumRequiredMemPorts: 1 - 1
parallelismSelector::VERBO:     Variable with Id 21 (a):
parallelismSelector::VERBO:         II mem: None
                                    NumAvailMemPorts: 2 - 2
                                    NumRequiredMemPorts: 1 - 1
parallelismSelector::VERBO:     Variable with Id 22 (b):
parallelismSelector::VERBO:         II mem: None
                                    NumAvailMemPorts: 2 - 2
                                    NumRequiredMemPorts: 1 - 1
parallelismSelector::VERBO:     Trip count: 3 - 3
parallelismSelector::VERBO:     II: 6 - 6
parallelismSelector::VERBO:     
parallelismSelector::VERBO: Loop with Id 8:
parallelismSelector::VERBO:     Circuit: { tmp.01 add }, Cycles: 1
parallelismSelector::VERBO:     Variable with Id 21 (a):
parallelismSelector::VERBO:         II mem: 1 - 1
                                    NumAvailMemPorts: 2 - 2
                                    NumRequiredMemPorts: 1 - 1
parallelismSelector::VERBO:     Variable with Id 22 (b):
parallelismSelector::VERBO:         II mem: 1 - 1
                                    NumAvailMemPorts: 2 - 2
                                    NumRequiredMemPorts: 1 - 1
parallelismSelector::VERBO:     Trip count: 3 - 3
parallelismSelector::VERBO:     II: 2 - 2
parallelismSelector::VERBO:     
parallelismSelector::VERBO: Function with Id 210:
parallelismSelector::VERBO:     Interval: 58 - 58
                                Latency: 57 - 57
parallelismSelector::VERBO: Function with Id 211:
parallelismSelector::VERBO:     Interval: 56 - 56
                                Latency: 55 - 55
