Sat Jul 19 15:38:33 2025: Running xcd server. This server was built by gradle.
Sat Jul 19 15:38:33 2025: Server was asked to start on port: '59579'
Sat Jul 19 15:38:33 2025: Server is using token UUID: '841ac860-648c-11f0-b03c-ab86cda3d48d'
Sat Jul 19 15:38:33 2025: SESSION_MGR: creating session with session uuid: '6d04a3e9-ade5-4ab9-8d63-1f78fcd2ec76' and name 'default'
Sat Jul 19 15:38:33 2025: Attempting to start server on port '59579'
Sat Jul 19 15:38:33 2025: XCD main fifo: created main fifo '/tmp/xcdmain841ac860-648c-11f0-b03c-ab86cda3d48d', fd read = 11
Sat Jul 19 15:38:33 2025: Running Dispatch Server
Sat Jul 19 15:38:33 2025: Version 2.2.0
Sat Jul 19 15:38:33 2025: Dispatch Server: Accepted socket connection from client
Sat Jul 19 15:38:33 2025: Starting Socket connection
Sat Jul 19 15:38:33 2025: EXCHANGE_TOKEN received, server token: 841ac860-648c-11f0-b03c-ab86cda3d48d, passed token: 841ac860-648c-11f0-b03c-ab86cda3d48d
Sat Jul 19 15:38:33 2025: SESSION_MGR: creating session with session uuid: '80d7e7c5-4d7d-4dad-87e8-89f16943cc4e' and name 'Code Analyzer'
Sat Jul 19 15:38:33 2025: KERNEL_SVC: creating session with uuid: '80d7e7c5-4d7d-4dad-87e8-89f16943cc4e' and name 'Code Analyzer'
Sat Jul 19 15:38:33 2025: GUIDANCE_SMGR: creating guidance session with uuid: '80d7e7c5-4d7d-4dad-87e8-89f16943cc4e' and name 'Code Analyzer'
Sat Jul 19 15:38:35 2025: SESSION_MGR: closing session for UUID '80d7e7c5-4d7d-4dad-87e8-89f16943cc4e' with name ''
Sat Jul 19 15:38:35 2025: KERNEL_SVC: closing session for UUID '80d7e7c5-4d7d-4dad-87e8-89f16943cc4e' with name ''
Sat Jul 19 15:38:35 2025: GUIDANCE_SMGR: closing session for UUID '80d7e7c5-4d7d-4dad-87e8-89f16943cc4e' with name ''
Sat Jul 19 15:38:35 2025: STOP_SERVER received, server token: 841ac860-648c-11f0-b03c-ab86cda3d48d, passed token: 841ac860-648c-11f0-b03c-ab86cda3d48d
Sat Jul 19 15:38:35 2025: Socket received request to stop server.
Sat Jul 19 15:38:35 2025: Dispatch Server: do_await_stop
Sat Jul 19 15:38:35 2025: Dispatch Server: stopping mainFifo_
Sat Jul 19 15:38:35 2025: XCD main fifo: Stopping
Sat Jul 19 15:38:35 2025: XCD main fifo: do_read error code: Operation canceled
Sat Jul 19 15:38:35 2025: XCD main fifo: bytes_transferred: 0
Sat Jul 19 15:38:35 2025: SERVER: destructor for server bound to port 59579
Sat Jul 19 15:38:35 2025: XCD main fifo: Good unlink of /tmp/xcdmain841ac860-648c-11f0-b03c-ab86cda3d48d
Sat Jul 19 15:38:35 2025: Server exiting with status 0.
Sat Jul 19 15:38:35 2025: Closing log file.
Sat Jul 19 15:43:19 2025: Running xcd server. This server was built by gradle.
Sat Jul 19 15:43:19 2025: Server was asked to start on port: '46297'
Sat Jul 19 15:43:19 2025: Server is using token UUID: '2e2e5a10-648d-11f0-b03c-ab86cda3d48d'
Sat Jul 19 15:43:19 2025: SESSION_MGR: creating session with session uuid: '6d04a3e9-ade5-4ab9-8d63-1f78fcd2ec76' and name 'default'
Sat Jul 19 15:43:19 2025: Attempting to start server on port '46297'
Sat Jul 19 15:43:19 2025: XCD main fifo: created main fifo '/tmp/xcdmain2e2e5a10-648d-11f0-b03c-ab86cda3d48d', fd read = 11
Sat Jul 19 15:43:19 2025: Running Dispatch Server
Sat Jul 19 15:43:19 2025: Version 2.2.0
Sat Jul 19 15:43:20 2025: Dispatch Server: Accepted socket connection from client
Sat Jul 19 15:43:20 2025: Starting Socket connection
Sat Jul 19 15:43:20 2025: EXCHANGE_TOKEN received, server token: 2e2e5a10-648d-11f0-b03c-ab86cda3d48d, passed token: 2e2e5a10-648d-11f0-b03c-ab86cda3d48d
Sat Jul 19 15:43:20 2025: SESSION_MGR: creating session with session uuid: 'd4372724-7522-4c16-8af5-fd7c1ddda8a8' and name 'Code Analyzer'
Sat Jul 19 15:43:20 2025: KERNEL_SVC: creating session with uuid: 'd4372724-7522-4c16-8af5-fd7c1ddda8a8' and name 'Code Analyzer'
Sat Jul 19 15:43:20 2025: GUIDANCE_SMGR: creating guidance session with uuid: 'd4372724-7522-4c16-8af5-fd7c1ddda8a8' and name 'Code Analyzer'
Sat Jul 19 15:43:20 2025: SESSION_MGR: closing session for UUID 'd4372724-7522-4c16-8af5-fd7c1ddda8a8' with name ''
Sat Jul 19 15:43:20 2025: KERNEL_SVC: closing session for UUID 'd4372724-7522-4c16-8af5-fd7c1ddda8a8' with name ''
Sat Jul 19 15:43:20 2025: GUIDANCE_SMGR: closing session for UUID 'd4372724-7522-4c16-8af5-fd7c1ddda8a8' with name ''
Sat Jul 19 15:43:20 2025: STOP_SERVER received, server token: 2e2e5a10-648d-11f0-b03c-ab86cda3d48d, passed token: 2e2e5a10-648d-11f0-b03c-ab86cda3d48d
Sat Jul 19 15:43:20 2025: Socket received request to stop server.
Sat Jul 19 15:43:20 2025: Dispatch Server: do_await_stop
Sat Jul 19 15:43:20 2025: Dispatch Server: stopping mainFifo_
Sat Jul 19 15:43:20 2025: XCD main fifo: Stopping
Sat Jul 19 15:43:20 2025: XCD main fifo: do_read error code: Operation canceled
Sat Jul 19 15:43:20 2025: XCD main fifo: bytes_transferred: 0
Sat Jul 19 15:43:20 2025: SERVER: destructor for server bound to port 46297
Sat Jul 19 15:43:20 2025: XCD main fifo: Good unlink of /tmp/xcdmain2e2e5a10-648d-11f0-b03c-ab86cda3d48d
Sat Jul 19 15:43:20 2025: Server exiting with status 0.
Sat Jul 19 15:43:20 2025: Closing log file.
Sat Jul 19 16:22:31 2025: Running xcd server. This server was built by gradle.
Sat Jul 19 16:22:31 2025: Server was asked to start on port: '58381'
Sat Jul 19 16:22:31 2025: Server is using token UUID: 'a8525742-6492-11f0-b03c-ab86cda3d48d'
Sat Jul 19 16:22:31 2025: SESSION_MGR: creating session with session uuid: '6d04a3e9-ade5-4ab9-8d63-1f78fcd2ec76' and name 'default'
Sat Jul 19 16:22:31 2025: Attempting to start server on port '58381'
Sat Jul 19 16:22:31 2025: XCD main fifo: created main fifo '/tmp/xcdmaina8525742-6492-11f0-b03c-ab86cda3d48d', fd read = 11
Sat Jul 19 16:22:31 2025: Running Dispatch Server
Sat Jul 19 16:22:31 2025: Version 2.2.0
Sat Jul 19 16:22:33 2025: Dispatch Server: Accepted socket connection from client
Sat Jul 19 16:22:33 2025: Starting Socket connection
Sat Jul 19 16:22:33 2025: EXCHANGE_TOKEN received, server token: a8525742-6492-11f0-b03c-ab86cda3d48d, passed token: a8525742-6492-11f0-b03c-ab86cda3d48d
Sat Jul 19 16:22:33 2025: SESSION_MGR: creating session with session uuid: '843aa7cd-b399-426e-a7fe-034b577d7faa' and name 'Code Analyzer'
Sat Jul 19 16:22:33 2025: KERNEL_SVC: creating session with uuid: '843aa7cd-b399-426e-a7fe-034b577d7faa' and name 'Code Analyzer'
Sat Jul 19 16:22:33 2025: GUIDANCE_SMGR: creating guidance session with uuid: '843aa7cd-b399-426e-a7fe-034b577d7faa' and name 'Code Analyzer'
Sat Jul 19 16:22:34 2025: SESSION_MGR: closing session for UUID '843aa7cd-b399-426e-a7fe-034b577d7faa' with name ''
Sat Jul 19 16:22:34 2025: KERNEL_SVC: closing session for UUID '843aa7cd-b399-426e-a7fe-034b577d7faa' with name ''
Sat Jul 19 16:22:34 2025: GUIDANCE_SMGR: closing session for UUID '843aa7cd-b399-426e-a7fe-034b577d7faa' with name ''
Sat Jul 19 16:22:34 2025: STOP_SERVER received, server token: a8525742-6492-11f0-b03c-ab86cda3d48d, passed token: a8525742-6492-11f0-b03c-ab86cda3d48d
Sat Jul 19 16:22:34 2025: Socket received request to stop server.
Sat Jul 19 16:22:34 2025: Dispatch Server: do_await_stop
Sat Jul 19 16:22:34 2025: Dispatch Server: stopping mainFifo_
Sat Jul 19 16:22:34 2025: XCD main fifo: Stopping
Sat Jul 19 16:22:34 2025: XCD main fifo: do_read error code: Operation canceled
Sat Jul 19 16:22:34 2025: XCD main fifo: bytes_transferred: 0
Sat Jul 19 16:22:34 2025: SERVER: destructor for server bound to port 58381
Sat Jul 19 16:22:34 2025: XCD main fifo: Good unlink of /tmp/xcdmaina8525742-6492-11f0-b03c-ab86cda3d48d
Sat Jul 19 16:22:34 2025: Server exiting with status 0.
Sat Jul 19 16:22:34 2025: Closing log file.
