#-----------------------------------------------------------
# Vivado v2024.1 (64-bit)
# SW Build 5076996 on Wed May 22 18:36:09 MDT 2024
# IP Build 5075265 on Wed May 22 21:45:21 MDT 2024
# SharedData Build 5076995 on Wed May 22 18:29:18 MDT 2024
# Start of session at: Sat Jul 19 16:47:53 2025
# Process ID: 279038
# Current directory: /home/jam/Downloads/HLS_Erosion_dilation/vitis_workspace/v1_MM_no_opt/matrixmul/hls/impl/ip
# Command line: vivado -notrace -mode batch -source run_ippack.tcl
# Log file: /home/jam/Downloads/HLS_Erosion_dilation/vitis_workspace/v1_MM_no_opt/matrixmul/hls/impl/ip/vivado.log
# Journal file: /home/jam/Downloads/HLS_Erosion_dilation/vitis_workspace/v1_MM_no_opt/matrixmul/hls/impl/ip/vivado.jou
# Running On        :jam-Precision-5510
# Platform          :Ubuntu
# Operating System  :Ubuntu 20.04.6 LTS
# Processor Detail  :Intel(R) Core(TM) i7-6820HQ CPU @ 2.70GHz
# CPU Frequency     :2700.000 MHz
# CPU Physical cores:4
# CPU Logical cores :8
# Host memory       :16402 MB
# Swap memory       :2147 MB
# Total Virtual     :18549 MB
# Available Virtual :12363 MB
#-----------------------------------------------------------
source run_ippack.tcl -notrace
INFO: calling package_hls_ip ip_types=vitis sysgen json_file=/home/jam/Downloads/HLS_Erosion_dilation/vitis_workspace/v1_MM_no_opt/matrixmul/hls/hls_data.json outdir=/home/jam/Downloads/HLS_Erosion_dilation/vitis_workspace/v1_MM_no_opt/matrixmul/hls/impl/ip srcdir=/home/jam/Downloads/HLS_Erosion_dilation/vitis_workspace/v1_MM_no_opt/matrixmul/hls sort_interfaces_ports=false
INFO: Copied 1 ipmisc file(s) to /home/jam/Downloads/HLS_Erosion_dilation/vitis_workspace/v1_MM_no_opt/matrixmul/hls/impl/ip/misc
INFO: Copied 2 verilog file(s) to /home/jam/Downloads/HLS_Erosion_dilation/vitis_workspace/v1_MM_no_opt/matrixmul/hls/impl/ip/hdl/verilog
INFO: Copied 2 vhdl file(s) to /home/jam/Downloads/HLS_Erosion_dilation/vitis_workspace/v1_MM_no_opt/matrixmul/hls/impl/ip/hdl/vhdl
ipx::create_core: Time (s): cpu = 00:00:08 ; elapsed = 00:00:08 . Memory (MB): peak = 1489.277 ; gain = 22.836 ; free physical = 1671 ; free virtual = 11415
INFO: Import ports from HDL: /home/jam/Downloads/HLS_Erosion_dilation/vitis_workspace/v1_MM_no_opt/matrixmul/hls/impl/ip/hdl/vhdl/matrixmul.vhd (matrixmul)
INFO: Add clock interface ap_clk
INFO: Add reset interface ap_rst
INFO: Add ap_ctrl interface ap_ctrl
INFO: Add data interface a_address0
INFO: [IP_Flow 19-234] Refreshing IP repositories
INFO: [IP_Flow 19-1704] No user IP repositories specified
INFO: [IP_Flow 19-2313] Loaded Vivado IP repository '/home/jam/xilinx/Vivado/2024.1/data/ip'.
INFO: Add data interface a_q0
INFO: Add data interface b_address0
INFO: Add data interface b_q0
INFO: Add data interface res_address0
INFO: Add data interface res_d0
INFO: Calling post_process_vitis to specialize IP
INFO: Calling post_process_sysgen to specialize IP
Generating sysgen info xml from json file
INFO: Created IP /home/jam/Downloads/HLS_Erosion_dilation/vitis_workspace/v1_MM_no_opt/matrixmul/hls/impl/ip/component.xml
INFO: Created IP archive /home/jam/Downloads/HLS_Erosion_dilation/vitis_workspace/v1_MM_no_opt/matrixmul/hls/impl/ip/xilinx_com_hls_matrixmul_1_0.zip
INFO: [Common 17-206] Exiting Vivado at Sat Jul 19 16:48:05 2025...
