INFO: [v++ 60-1548] Creating build summary session with primary output /home/jam/Downloads/HLS_Erosion_dilation/vitis_workspace/MM_FunctionPipeline/MM_FunctionPipeline/MM_FunctionPipeline.hlscompile_summary, at Sat Jul 19 17:37:16 2025
INFO: [v++ 82-31] Launching vitis_hls: vitis_hls -nolog -run csynth -work_dir /home/jam/Downloads/HLS_Erosion_dilation/vitis_workspace/MM_FunctionPipeline/MM_FunctionPipeline -config /home/jam/Downloads/HLS_Erosion_dilation/vitis_workspace/MM_FunctionPipeline/hls_config.cfg -cmdlineconfig /home/jam/Downloads/HLS_Erosion_dilation/vitis_workspace/MM_FunctionPipeline/MM_FunctionPipeline/hls/config.cmdline

****** Vitis HLS - High-Level Synthesis from C, C++ and OpenCL v2024.1 (64-bit)
  **** SW Build 5069499 on May 21 2024
  **** IP Build 5075265 on Wed May 22 21:45:21 MDT 2024
  **** SharedData Build 5076995 on Wed May 22 18:29:18 MDT 2024
  **** Start of session at: Sat Jul 19 17:37:17 2025
    ** Copyright 1986-2022 Xilinx, Inc. All Rights Reserved.
    ** Copyright 2022-2024 Advanced Micro Devices, Inc. All Rights Reserved.

source /home/jam/xilinx/Vitis_HLS/2024.1/scripts/vitis_hls/hls.tcl -notrace
INFO: [HLS 200-10] For user 'jam' on host 'jam-Precision-5510' (Linux_x86_64 version 5.15.0-139-generic) on Sat Jul 19 17:37:20 PKT 2025
INFO: [HLS 200-10] On os Ubuntu 20.04.6 LTS
INFO: [HLS 200-10] In directory '/home/jam/Downloads/HLS_Erosion_dilation/vitis_workspace/MM_FunctionPipeline'
INFO: [HLS 200-2005] Using work_dir /home/jam/Downloads/HLS_Erosion_dilation/vitis_workspace/MM_FunctionPipeline/MM_FunctionPipeline 
INFO: [HLS 200-1505] Using default flow_target 'vivado'
Resolution: For help on HLS 200-1505 see docs.xilinx.com/access/sources/dita/topic?Doc_Version=2024.1%20English&url=ug1448-hls-guidance&resourceid=200-1505.html
INFO: [HLS 200-1465] Applying ini 'syn.file=/home/jam/Downloads/HLS_Erosion_dilation/vitis_workspace/files/matrixmul.cpp' from /home/jam/Downloads/HLS_Erosion_dilation/vitis_workspace/MM_FunctionPipeline/hls_config.cfg(8)
INFO: [HLS 200-10] Adding design file '/home/jam/Downloads/HLS_Erosion_dilation/vitis_workspace/files/matrixmul.cpp' to the project
INFO: [HLS 200-1465] Applying ini 'tb.file=/home/jam/Downloads/HLS_Erosion_dilation/vitis_workspace/files/matrixmul_test.cpp' from /home/jam/Downloads/HLS_Erosion_dilation/vitis_workspace/MM_FunctionPipeline/hls_config.cfg(9)
INFO: [HLS 200-10] Adding test bench file '/home/jam/Downloads/HLS_Erosion_dilation/vitis_workspace/files/matrixmul_test.cpp' to the project
INFO: [HLS 200-1465] Applying ini 'tb.file_cflags=/home/jam/Downloads/HLS_Erosion_dilation/vitis_workspace/files/matrixmul_test.cpp,-DHW_COSIM' from /home/jam/Downloads/HLS_Erosion_dilation/vitis_workspace/MM_FunctionPipeline/hls_config.cfg(10)
INFO: [HLS 200-1465] Applying ini 'syn.top=matrixmul' from /home/jam/Downloads/HLS_Erosion_dilation/vitis_workspace/MM_FunctionPipeline/hls_config.cfg(7)
INFO: [HLS 200-1465] Applying ini 'flow_target=vivado' from /home/jam/Downloads/HLS_Erosion_dilation/vitis_workspace/MM_FunctionPipeline/hls_config.cfg(4)
INFO: [HLS 200-1505] Using flow_target 'vivado'
Resolution: For help on HLS 200-1505 see docs.xilinx.com/access/sources/dita/topic?Doc_Version=2024.1%20English&url=ug1448-hls-guidance&resourceid=200-1505.html
INFO: [HLS 200-1465] Applying ini 'part=xczu7ev-ffvc1156-2-e' from /home/jam/Downloads/HLS_Erosion_dilation/vitis_workspace/MM_FunctionPipeline/hls_config.cfg(1)
INFO: [HLS 200-1611] Setting target device to 'xczu7ev-ffvc1156-2-e'
INFO: [HLS 200-1465] Applying ini 'clock=10' from /home/jam/Downloads/HLS_Erosion_dilation/vitis_workspace/MM_FunctionPipeline/hls_config.cfg(11)
INFO: [SYN 201-201] Setting up clock 'default' with a period of 10ns.
INFO: [HLS 200-1465] Applying ini 'cosim.rtl=vhdl' from /home/jam/Downloads/HLS_Erosion_dilation/vitis_workspace/MM_FunctionPipeline/hls_config.cfg(13)
INFO: [HLS 200-1465] Applying ini 'cosim.trace_level=all' from /home/jam/Downloads/HLS_Erosion_dilation/vitis_workspace/MM_FunctionPipeline/hls_config.cfg(14)
INFO: [HLS 200-1465] Applying ini 'csim.code_analyzer=1' from /home/jam/Downloads/HLS_Erosion_dilation/vitis_workspace/MM_FunctionPipeline/hls_config.cfg(12)
INFO: [HLS 200-1465] Applying ini 'package.output.format=ip_catalog' from /home/jam/Downloads/HLS_Erosion_dilation/vitis_workspace/MM_FunctionPipeline/hls_config.cfg(5)
INFO: [HLS 200-1465] Applying ini 'syn.compile.enable_auto_rewind=1' from /home/jam/Downloads/HLS_Erosion_dilation/vitis_workspace/MM_FunctionPipeline/hls_config.cfg(21)
INFO: [HLS 200-1465] Applying ini 'syn.directive.array_partition=matrixmul b dim=2 type=complete' from /home/jam/Downloads/HLS_Erosion_dilation/vitis_workspace/MM_FunctionPipeline/hls_config.cfg(19)
INFO: [HLS 200-1465] Applying ini 'syn.directive.array_partition=matrixmul a dim=2 type=complete' from /home/jam/Downloads/HLS_Erosion_dilation/vitis_workspace/MM_FunctionPipeline/hls_config.cfg(20)
INFO: [HLS 200-1465] Applying ini 'syn.directive.interface=matrixmul a mode=bram storage_type=ram_1p' from /home/jam/Downloads/HLS_Erosion_dilation/vitis_workspace/MM_FunctionPipeline/hls_config.cfg(17)
INFO: [HLS 200-1465] Applying ini 'syn.directive.interface=matrixmul b mode=bram storage_type=ram_1p' from /home/jam/Downloads/HLS_Erosion_dilation/vitis_workspace/MM_FunctionPipeline/hls_config.cfg(18)
INFO: [HLS 200-1465] Applying ini 'syn.directive.pipeline=matrixmul' from /home/jam/Downloads/HLS_Erosion_dilation/vitis_workspace/MM_FunctionPipeline/hls_config.cfg(15)
INFO: [HLS 200-1465] Applying ini 'syn.directive.pipeline=matrixmul/Row off' from /home/jam/Downloads/HLS_Erosion_dilation/vitis_workspace/MM_FunctionPipeline/hls_config.cfg(16)
INFO: [HLS 200-111] Finished File checks and directory preparation: CPU user time: 4.32 seconds. CPU system time: 0.45 seconds. Elapsed time: 4.58 seconds; current allocated memory: 340.004 MB.
INFO: [HLS 200-10] Analyzing design file '../files/matrixmul.cpp' ... 
INFO: [HLS 200-111] Finished Source Code Analysis and Preprocessing: CPU user time: 0.99 seconds. CPU system time: 0.63 seconds. Elapsed time: 1.62 seconds; current allocated memory: 342.055 MB.
INFO: [HLS 200-777] Using interface defaults for 'Vivado' flow target.
INFO: [HLS 200-1995] There were 54 instructions in the design after the 'Compile/Link' phase of compilation. See the Design Size Report for more details: /home/jam/Downloads/HLS_Erosion_dilation/vitis_workspace/MM_FunctionPipeline/MM_FunctionPipeline/hls/syn/report/csynth_design_size.rpt
INFO: [HLS 200-1995] There were 243 instructions in the design after the 'Unroll/Inline (step 1)' phase of compilation. See the Design Size Report for more details: /home/jam/Downloads/HLS_Erosion_dilation/vitis_workspace/MM_FunctionPipeline/MM_FunctionPipeline/hls/syn/report/csynth_design_size.rpt
INFO: [HLS 200-1995] There were 120 instructions in the design after the 'Unroll/Inline (step 2)' phase of compilation. See the Design Size Report for more details: /home/jam/Downloads/HLS_Erosion_dilation/vitis_workspace/MM_FunctionPipeline/MM_FunctionPipeline/hls/syn/report/csynth_design_size.rpt
INFO: [HLS 200-1995] There were 120 instructions in the design after the 'Unroll/Inline (step 3)' phase of compilation. See the Design Size Report for more details: /home/jam/Downloads/HLS_Erosion_dilation/vitis_workspace/MM_FunctionPipeline/MM_FunctionPipeline/hls/syn/report/csynth_design_size.rpt
INFO: [HLS 200-1995] There were 120 instructions in the design after the 'Unroll/Inline (step 4)' phase of compilation. See the Design Size Report for more details: /home/jam/Downloads/HLS_Erosion_dilation/vitis_workspace/MM_FunctionPipeline/MM_FunctionPipeline/hls/syn/report/csynth_design_size.rpt
INFO: [HLS 200-1995] There were 166 instructions in the design after the 'Array/Struct (step 1)' phase of compilation. See the Design Size Report for more details: /home/jam/Downloads/HLS_Erosion_dilation/vitis_workspace/MM_FunctionPipeline/MM_FunctionPipeline/hls/syn/report/csynth_design_size.rpt
INFO: [HLS 200-1995] There were 124 instructions in the design after the 'Array/Struct (step 2)' phase of compilation. See the Design Size Report for more details: /home/jam/Downloads/HLS_Erosion_dilation/vitis_workspace/MM_FunctionPipeline/MM_FunctionPipeline/hls/syn/report/csynth_design_size.rpt
INFO: [HLS 200-1995] There were 124 instructions in the design after the 'Array/Struct (step 3)' phase of compilation. See the Design Size Report for more details: /home/jam/Downloads/HLS_Erosion_dilation/vitis_workspace/MM_FunctionPipeline/MM_FunctionPipeline/hls/syn/report/csynth_design_size.rpt
INFO: [HLS 200-1995] There were 124 instructions in the design after the 'Array/Struct (step 4)' phase of compilation. See the Design Size Report for more details: /home/jam/Downloads/HLS_Erosion_dilation/vitis_workspace/MM_FunctionPipeline/MM_FunctionPipeline/hls/syn/report/csynth_design_size.rpt
INFO: [HLS 200-1995] There were 124 instructions in the design after the 'Array/Struct (step 5)' phase of compilation. See the Design Size Report for more details: /home/jam/Downloads/HLS_Erosion_dilation/vitis_workspace/MM_FunctionPipeline/MM_FunctionPipeline/hls/syn/report/csynth_design_size.rpt
INFO: [HLS 200-1995] There were 124 instructions in the design after the 'Performance (step 1)' phase of compilation. See the Design Size Report for more details: /home/jam/Downloads/HLS_Erosion_dilation/vitis_workspace/MM_FunctionPipeline/MM_FunctionPipeline/hls/syn/report/csynth_design_size.rpt
INFO: [HLS 200-1995] There were 124 instructions in the design after the 'Performance (step 2)' phase of compilation. See the Design Size Report for more details: /home/jam/Downloads/HLS_Erosion_dilation/vitis_workspace/MM_FunctionPipeline/MM_FunctionPipeline/hls/syn/report/csynth_design_size.rpt
INFO: [HLS 200-1995] There were 124 instructions in the design after the 'Performance (step 3)' phase of compilation. See the Design Size Report for more details: /home/jam/Downloads/HLS_Erosion_dilation/vitis_workspace/MM_FunctionPipeline/MM_FunctionPipeline/hls/syn/report/csynth_design_size.rpt
INFO: [HLS 200-1995] There were 124 instructions in the design after the 'Performance (step 4)' phase of compilation. See the Design Size Report for more details: /home/jam/Downloads/HLS_Erosion_dilation/vitis_workspace/MM_FunctionPipeline/MM_FunctionPipeline/hls/syn/report/csynth_design_size.rpt
INFO: [HLS 200-1995] There were 138 instructions in the design after the 'HW Transforms (step 1)' phase of compilation. See the Design Size Report for more details: /home/jam/Downloads/HLS_Erosion_dilation/vitis_workspace/MM_FunctionPipeline/MM_FunctionPipeline/hls/syn/report/csynth_design_size.rpt
INFO: [HLS 200-1995] There were 140 instructions in the design after the 'HW Transforms (step 2)' phase of compilation. See the Design Size Report for more details: /home/jam/Downloads/HLS_Erosion_dilation/vitis_workspace/MM_FunctionPipeline/MM_FunctionPipeline/hls/syn/report/csynth_design_size.rpt
INFO: [HLS 214-291] Loop 'Row' is marked as complete unroll implied by the pipeline pragma (../files/matrixmul.cpp:19:8)
INFO: [HLS 214-291] Loop 'Col' is marked as complete unroll implied by the pipeline pragma (../files/matrixmul.cpp:21:10)
INFO: [HLS 214-291] Loop 'Product' is marked as complete unroll implied by the pipeline pragma (../files/matrixmul.cpp:24:16)
INFO: [HLS 214-186] Unrolling loop 'Row' (../files/matrixmul.cpp:19:8) in function 'matrixmul' completely with a factor of 3 (../files/matrixmul.cpp:8:0)
INFO: [HLS 214-186] Unrolling loop 'Col' (../files/matrixmul.cpp:21:10) in function 'matrixmul' completely with a factor of 3 (../files/matrixmul.cpp:8:0)
INFO: [HLS 214-186] Unrolling loop 'Product' (../files/matrixmul.cpp:24:16) in function 'matrixmul' completely with a factor of 3 (../files/matrixmul.cpp:8:0)
INFO: [HLS 214-248] Applying array_partition to 'a': Complete partitioning on dimension 2. (../files/matrixmul.cpp:8:0)
INFO: [HLS 214-248] Applying array_partition to 'b': Complete partitioning on dimension 2. (../files/matrixmul.cpp:8:0)
INFO: [HLS 200-111] Finished Compiling Optimization and Transform: CPU user time: 3.08 seconds. CPU system time: 0.53 seconds. Elapsed time: 7.85 seconds; current allocated memory: 343.695 MB.
INFO: [HLS 200-111] Finished Checking Pragmas: CPU user time: 0 seconds. CPU system time: 0 seconds. Elapsed time: 0.01 seconds; current allocated memory: 343.695 MB.
INFO: [HLS 200-10] Starting code transformations ...
INFO: [HLS 200-111] Finished Standard Transforms: CPU user time: 0.02 seconds. CPU system time: 0.01 seconds. Elapsed time: 0.01 seconds; current allocated memory: 343.863 MB.
INFO: [HLS 200-10] Checking synthesizability ...
INFO: [HLS 200-111] Finished Checking Synthesizability: CPU user time: 0.01 seconds. CPU system time: 0 seconds. Elapsed time: 0.01 seconds; current allocated memory: 343.938 MB.
INFO: [HLS 200-111] Finished Loop, function and other optimizations: CPU user time: 0.03 seconds. CPU system time: 0.01 seconds. Elapsed time: 0.05 seconds; current allocated memory: 364.836 MB.
INFO: [HLS 200-111] Finished Architecture Synthesis: CPU user time: 0.02 seconds. CPU system time: 0 seconds. Elapsed time: 0.02 seconds; current allocated memory: 364.836 MB.
INFO: [HLS 200-10] Starting hardware synthesis ...
INFO: [HLS 200-10] Synthesizing 'matrixmul' ...
INFO: [HLS 200-10] ----------------------------------------------------------------
INFO: [HLS 200-42] -- Implementing module 'matrixmul' 
INFO: [HLS 200-10] ----------------------------------------------------------------
INFO: [SCHED 204-11] Starting scheduling ...
INFO: [HLS 200-486] Changing DSP latency (root=tmp_17) to 3 in order to utilize available DSP registers.
INFO: [HLS 200-486] Changing DSP latency (root=add_ln26_16) to 3 in order to utilize available DSP registers.
INFO: [HLS 200-486] Changing DSP latency (root=tmp_15) to 3 in order to utilize available DSP registers.
INFO: [HLS 200-486] Changing DSP latency (root=add_ln26_14) to 3 in order to utilize available DSP registers.
INFO: [HLS 200-486] Changing DSP latency (root=tmp_13) to 3 in order to utilize available DSP registers.
INFO: [HLS 200-486] Changing DSP latency (root=add_ln26_12) to 3 in order to utilize available DSP registers.
INFO: [HLS 200-486] Changing DSP latency (root=tmp_11) to 3 in order to utilize available DSP registers.
INFO: [HLS 200-486] Changing DSP latency (root=add_ln26_10) to 3 in order to utilize available DSP registers.
INFO: [HLS 200-486] Changing DSP latency (root=tmp_9) to 3 in order to utilize available DSP registers.
INFO: [HLS 200-486] Changing DSP latency (root=add_ln26_8) to 3 in order to utilize available DSP registers.
INFO: [HLS 200-486] Changing DSP latency (root=tmp_7) to 3 in order to utilize available DSP registers.
INFO: [HLS 200-486] Changing DSP latency (root=add_ln26_6) to 3 in order to utilize available DSP registers.
INFO: [HLS 200-486] Changing DSP latency (root=tmp_5) to 3 in order to utilize available DSP registers.
INFO: [HLS 200-486] Changing DSP latency (root=add_ln26_4) to 3 in order to utilize available DSP registers.
INFO: [HLS 200-486] Changing DSP latency (root=tmp_3) to 3 in order to utilize available DSP registers.
INFO: [HLS 200-486] Changing DSP latency (root=add_ln26_2) to 3 in order to utilize available DSP registers.
INFO: [HLS 200-486] Changing DSP latency (root=tmp_1) to 3 in order to utilize available DSP registers.
INFO: [HLS 200-486] Changing DSP latency (root=add_ln26) to 3 in order to utilize available DSP registers.
INFO: [SCHED 204-61] Pipelining function 'matrixmul'.
WARNING: [HLS 200-885] The II Violation in module 'matrixmul' (function 'matrixmul'): Unable to schedule 'load' operation 8 bit ('b_0_load', ../files/matrixmul.cpp:26) on array 'b_0' due to limited memory ports (II = 1). Please consider using a memory core with more ports or partitioning the array 'b_0'.
Resolution: For help on HLS 200-885 see docs.xilinx.com/access/sources/dita/topic?Doc_Version=2024.1%20English&url=ug1448-hls-guidance&resourceid=200-885.html
WARNING: [HLS 200-885] The II Violation in module 'matrixmul' (function 'matrixmul'): Unable to schedule 'load' operation 8 bit ('a_2_load_1', ../files/matrixmul.cpp:26) on array 'a_2' due to limited memory ports (II = 2). Please consider using a memory core with more ports or partitioning the array 'a_2'.
Resolution: For help on HLS 200-885 see docs.xilinx.com/access/sources/dita/topic?Doc_Version=2024.1%20English&url=ug1448-hls-guidance&resourceid=200-885.html
WARNING: [HLS 200-885] The II Violation in module 'matrixmul' (function 'matrixmul'): Unable to schedule 'store' operation 0 bit ('res_addr_5_write_ln28', ../files/matrixmul.cpp:28) of variable 'tmp', ../files/matrixmul.cpp:26 on array 'res' due to limited memory ports (II = 3). Please consider using a memory core with more ports or partitioning the array 'res'.
Resolution: For help on HLS 200-885 see docs.xilinx.com/access/sources/dita/topic?Doc_Version=2024.1%20English&url=ug1448-hls-guidance&resourceid=200-885.html
WARNING: [HLS 200-885] The II Violation in module 'matrixmul' (function 'matrixmul'): Unable to schedule 'store' operation 0 bit ('res_addr_7_write_ln28', ../files/matrixmul.cpp:28) of variable 'tmp', ../files/matrixmul.cpp:26 on array 'res' due to limited memory ports (II = 4). Please consider using a memory core with more ports or partitioning the array 'res'.
Resolution: For help on HLS 200-885 see docs.xilinx.com/access/sources/dita/topic?Doc_Version=2024.1%20English&url=ug1448-hls-guidance&resourceid=200-885.html
INFO: [HLS 200-1470] Pipelining result : Target II = NA, Final II = 5, Depth = 10, function 'matrixmul'
INFO: [SCHED 204-11] Finished scheduling.
INFO: [HLS 200-111] Finished Scheduling: CPU user time: 0.33 seconds. CPU system time: 0.02 seconds. Elapsed time: 0.35 seconds; current allocated memory: 364.836 MB.
INFO: [BIND 205-100] Starting micro-architecture generation ...
INFO: [BIND 205-101] Performing variable lifetime analysis.
INFO: [BIND 205-101] Exploring resource sharing.
INFO: [BIND 205-101] Binding ...
INFO: [BIND 205-100] Finished micro-architecture generation.
INFO: [HLS 200-111] Finished Binding: CPU user time: 0.04 seconds. CPU system time: 0 seconds. Elapsed time: 0.04 seconds; current allocated memory: 364.836 MB.
INFO: [HLS 200-10] ----------------------------------------------------------------
INFO: [HLS 200-10] -- Generating RTL for module 'matrixmul' 
INFO: [HLS 200-10] ----------------------------------------------------------------
INFO: [RTGEN 206-500] Setting interface mode on port 'matrixmul/a_0' to 'bram'.
INFO: [RTGEN 206-500] Setting interface mode on port 'matrixmul/a_1' to 'bram'.
INFO: [RTGEN 206-500] Setting interface mode on port 'matrixmul/a_2' to 'bram'.
INFO: [RTGEN 206-500] Setting interface mode on port 'matrixmul/b_0' to 'bram'.
INFO: [RTGEN 206-500] Setting interface mode on port 'matrixmul/b_1' to 'bram'.
INFO: [RTGEN 206-500] Setting interface mode on port 'matrixmul/b_2' to 'bram'.
INFO: [RTGEN 206-500] Setting interface mode on port 'matrixmul/res' to 'ap_memory'.
INFO: [RTGEN 206-500] Setting interface mode on function 'matrixmul' to 'ap_ctrl_hs'.
INFO: [HLS 200-1030] Apply Unified Pipeline Control on module 'matrixmul' pipeline 'matrixmul' pipeline type 'function pipeline'
WARNING: [RTGEN 206-101] Setting dangling out port 'matrixmul/a_0_WEN_A' to 0.
WARNING: [RTGEN 206-101] Setting dangling out port 'matrixmul/a_0_Din_A' to 0.
WARNING: [RTGEN 206-101] Setting dangling out port 'matrixmul/a_1_WEN_A' to 0.
WARNING: [RTGEN 206-101] Setting dangling out port 'matrixmul/a_1_Din_A' to 0.
WARNING: [RTGEN 206-101] Setting dangling out port 'matrixmul/a_2_WEN_A' to 0.
WARNING: [RTGEN 206-101] Setting dangling out port 'matrixmul/a_2_Din_A' to 0.
WARNING: [RTGEN 206-101] Setting dangling out port 'matrixmul/b_0_WEN_A' to 0.
WARNING: [RTGEN 206-101] Setting dangling out port 'matrixmul/b_0_Din_A' to 0.
WARNING: [RTGEN 206-101] Setting dangling out port 'matrixmul/b_1_WEN_A' to 0.
WARNING: [RTGEN 206-101] Setting dangling out port 'matrixmul/b_1_Din_A' to 0.
WARNING: [RTGEN 206-101] Setting dangling out port 'matrixmul/b_2_WEN_A' to 0.
WARNING: [RTGEN 206-101] Setting dangling out port 'matrixmul/b_2_Din_A' to 0.
INFO: [RTGEN 206-100] Generating core module 'mac_muladd_8s_8s_16ns_16_4_1': 9 instance(s).
INFO: [RTGEN 206-100] Generating core module 'mac_muladd_8s_8s_16s_16_4_1': 9 instance(s).
INFO: [RTGEN 206-100] Generating core module 'mul_8s_8s_16_1_1': 9 instance(s).
INFO: [RTGEN 206-100] Finished creating RTL model for 'matrixmul'.
INFO: [HLS 200-111] Finished Creating RTL model: CPU user time: 0.09 seconds. CPU system time: 0.01 seconds. Elapsed time: 0.1 seconds; current allocated memory: 364.836 MB.
INFO: [HLS 200-111] Finished Generating all RTL models: CPU user time: 0.28 seconds. CPU system time: 0.01 seconds. Elapsed time: 0.29 seconds; current allocated memory: 364.836 MB.
INFO: [HLS 200-111] Finished Updating report files: CPU user time: 0.53 seconds. CPU system time: 0.04 seconds. Elapsed time: 0.57 seconds; current allocated memory: 365.008 MB.
INFO: [VHDL 208-304] Generating VHDL RTL for matrixmul.
INFO: [VLOG 209-307] Generating Verilog RTL for matrixmul.
INFO: [HLS 200-789] **** Estimated Fmax: 336.47 MHz
INFO: [HLS 200-112] Total CPU user time: 9.77 seconds. Total CPU system time: 1.71 seconds. Total elapsed time: 15.52 seconds; peak allocated memory: 365.098 MB.
INFO: [v++ 60-791] Total elapsed time: 0h 0m 20s
