Sat Jul 19 17:36:24 2025: Running xcd server. This server was built by gradle.
Sat Jul 19 17:36:24 2025: Server was asked to start on port: '39211'
Sat Jul 19 17:36:24 2025: Server is using token UUID: '838df0b8-b84e-4c46-9779-3d495936d12f'
Sat Jul 19 17:36:24 2025: SESSION_MGR: creating session with session uuid: '6d04a3e9-ade5-4ab9-8d63-1f78fcd2ec76' and name 'default'
Sat Jul 19 17:36:24 2025: Attempting to start server on port '39211'
Sat Jul 19 17:36:24 2025: XCD main fifo: created main fifo '/tmp/xcdmain838df0b8-b84e-4c46-9779-3d495936d12f', fd read = 13
Sat Jul 19 17:36:24 2025: Running Dispatch Server
Sat Jul 19 17:36:24 2025: Version 2.2.0
Sat Jul 19 17:36:25 2025: Dispatch Server: Accepted socket connection from client
Sat Jul 19 17:36:25 2025: Starting Socket connection
Sat Jul 19 17:36:25 2025: EXCHANGE_TOKEN received, server token: 838df0b8-b84e-4c46-9779-3d495936d12f, passed token: 838df0b8-b84e-4c46-9779-3d495936d12f
Sat Jul 19 17:36:25 2025: DISPATCH_HANDLER: Adding handler from function makeHandler in library libxv_system_diagram
Sat Jul 19 17:36:25 2025: SESSION_MGR: creating session with session uuid: '56ce1591-2837-4afe-9b6f-3244bdc93775' and name 'v++_compile_MM_FunctionPipeline'
Sat Jul 19 17:36:25 2025: KERNEL_SVC: creating session with uuid: '56ce1591-2837-4afe-9b6f-3244bdc93775' and name 'v++_compile_MM_FunctionPipeline'
Sat Jul 19 17:36:25 2025: GUIDANCE_SMGR: creating guidance session with uuid: '56ce1591-2837-4afe-9b6f-3244bdc93775' and name 'v++_compile_MM_FunctionPipeline'
Sat Jul 19 17:36:25 2025: SYSTEM_DIAGRAM: creating session with uuid: '56ce1591-2837-4afe-9b6f-3244bdc93775' and name 'v++_compile_MM_FunctionPipeline'
Sat Jul 19 17:36:31 2025: Dispatch Server: Accepted socket connection from client
Sat Jul 19 17:36:31 2025: Starting Socket connection
Sat Jul 19 17:36:42 2025: SESSION_MGR: closing session for UUID '56ce1591-2837-4afe-9b6f-3244bdc93775' with name 'v++_compile_MM_FunctionPipeline'
Sat Jul 19 17:36:42 2025: KERNEL_SVC: closing session for UUID '56ce1591-2837-4afe-9b6f-3244bdc93775' with name 'v++_compile_MM_FunctionPipeline'
Sat Jul 19 17:36:42 2025: GUIDANCE_SMGR: closing session for UUID '56ce1591-2837-4afe-9b6f-3244bdc93775' with name 'v++_compile_MM_FunctionPipeline'
Sat Jul 19 17:36:42 2025: SYSTEM_DIAGRAM: closing session for UUID '56ce1591-2837-4afe-9b6f-3244bdc93775' with name 'v++_compile_MM_FunctionPipeline'
Sat Jul 19 17:36:42 2025: STOP_SERVER received, server token: 838df0b8-b84e-4c46-9779-3d495936d12f, passed token: 838df0b8-b84e-4c46-9779-3d495936d12f
Sat Jul 19 17:36:42 2025: Socket received request to stop server.
Sat Jul 19 17:36:42 2025: Dispatch Server: do_await_stop
Sat Jul 19 17:36:42 2025: Dispatch Server: stopping mainFifo_
Sat Jul 19 17:36:42 2025: XCD main fifo: Stopping
Sat Jul 19 17:36:42 2025: XCD main fifo: do_read error code: Operation canceled
Sat Jul 19 17:36:42 2025: XCD main fifo: bytes_transferred: 0
Sat Jul 19 17:36:42 2025: SERVER: destructor for server bound to port 39211
Sat Jul 19 17:36:42 2025: XCD main fifo: Good unlink of /tmp/xcdmain838df0b8-b84e-4c46-9779-3d495936d12f
Sat Jul 19 17:36:42 2025: Server exiting with status 0.
Sat Jul 19 17:36:42 2025: Closing log file.
Sat Jul 19 17:37:14 2025: Running xcd server. This server was built by gradle.
Sat Jul 19 17:37:14 2025: Server was asked to start on port: '33707'
Sat Jul 19 17:37:14 2025: Server is using token UUID: 'c7eb58b3-05a1-4a85-8cb1-b8bb67ab3ca1'
Sat Jul 19 17:37:14 2025: SESSION_MGR: creating session with session uuid: '6d04a3e9-ade5-4ab9-8d63-1f78fcd2ec76' and name 'default'
Sat Jul 19 17:37:14 2025: Attempting to start server on port '33707'
Sat Jul 19 17:37:14 2025: XCD main fifo: created main fifo '/tmp/xcdmainc7eb58b3-05a1-4a85-8cb1-b8bb67ab3ca1', fd read = 13
Sat Jul 19 17:37:14 2025: Running Dispatch Server
Sat Jul 19 17:37:14 2025: Version 2.2.0
Sat Jul 19 17:37:15 2025: Dispatch Server: Accepted socket connection from client
Sat Jul 19 17:37:15 2025: Starting Socket connection
Sat Jul 19 17:37:15 2025: EXCHANGE_TOKEN received, server token: c7eb58b3-05a1-4a85-8cb1-b8bb67ab3ca1, passed token: c7eb58b3-05a1-4a85-8cb1-b8bb67ab3ca1
Sat Jul 19 17:37:16 2025: DISPATCH_HANDLER: Adding handler from function makeHandler in library libxv_system_diagram
Sat Jul 19 17:37:16 2025: SESSION_MGR: creating session with session uuid: '614af34b-1591-4107-8cbf-e4b5203a35ea' and name 'v++_compile_MM_FunctionPipeline'
Sat Jul 19 17:37:16 2025: KERNEL_SVC: creating session with uuid: '614af34b-1591-4107-8cbf-e4b5203a35ea' and name 'v++_compile_MM_FunctionPipeline'
Sat Jul 19 17:37:16 2025: GUIDANCE_SMGR: creating guidance session with uuid: '614af34b-1591-4107-8cbf-e4b5203a35ea' and name 'v++_compile_MM_FunctionPipeline'
Sat Jul 19 17:37:16 2025: SYSTEM_DIAGRAM: creating session with uuid: '614af34b-1591-4107-8cbf-e4b5203a35ea' and name 'v++_compile_MM_FunctionPipeline'
Sat Jul 19 17:37:22 2025: Dispatch Server: Accepted socket connection from client
Sat Jul 19 17:37:22 2025: Starting Socket connection
Sat Jul 19 17:37:33 2025: SESSION_MGR: closing session for UUID '614af34b-1591-4107-8cbf-e4b5203a35ea' with name 'v++_compile_MM_FunctionPipeline'
Sat Jul 19 17:37:33 2025: KERNEL_SVC: closing session for UUID '614af34b-1591-4107-8cbf-e4b5203a35ea' with name 'v++_compile_MM_FunctionPipeline'
Sat Jul 19 17:37:33 2025: GUIDANCE_SMGR: closing session for UUID '614af34b-1591-4107-8cbf-e4b5203a35ea' with name 'v++_compile_MM_FunctionPipeline'
Sat Jul 19 17:37:33 2025: SYSTEM_DIAGRAM: closing session for UUID '614af34b-1591-4107-8cbf-e4b5203a35ea' with name 'v++_compile_MM_FunctionPipeline'
Sat Jul 19 17:37:33 2025: STOP_SERVER received, server token: c7eb58b3-05a1-4a85-8cb1-b8bb67ab3ca1, passed token: c7eb58b3-05a1-4a85-8cb1-b8bb67ab3ca1
Sat Jul 19 17:37:33 2025: Socket received request to stop server.
Sat Jul 19 17:37:33 2025: Dispatch Server: do_await_stop
Sat Jul 19 17:37:33 2025: Dispatch Server: stopping mainFifo_
Sat Jul 19 17:37:33 2025: XCD main fifo: Stopping
Sat Jul 19 17:37:33 2025: XCD main fifo: do_read error code: Operation canceled
Sat Jul 19 17:37:33 2025: XCD main fifo: bytes_transferred: 0
Sat Jul 19 17:37:33 2025: SERVER: destructor for server bound to port 33707
Sat Jul 19 17:37:33 2025: XCD main fifo: Good unlink of /tmp/xcdmainc7eb58b3-05a1-4a85-8cb1-b8bb67ab3ca1
Sat Jul 19 17:37:33 2025: Server exiting with status 0.
Sat Jul 19 17:37:33 2025: Closing log file.
